5545260
145950
35616
250800
405900
14628
18299820
86520
10062
340340
426420
198824010
340560
26748150
15216720
19575738
549780
109620
182160
2669940
72446
18142
2180
1887840
37304904
11241420
690690
3567300
38056200
13764
119621733
943080
14020380
73105032
158340
2269540
634032
8295
759948
688866686
4800
37069543
5712
5605110
810870
97367400
180180
59779230
241013472
29491800
41988570
229320
525096
88920
478020
354200
21534240
10649
26927940
104652
34960
600780
315127050
16564800
332010
124845
17108840
21985470
1113222
819000
6348888
115897320
6003458
6809880
671874796
38538360
10690680
910394100
743540
393296904
2181036
12960
858390
42456792
16607514
5627496
633880
10080
290786700
3654960
5918220
3168
157080
109908
882
573755884
46980
10854
2905
21162960
357048
693630
3169716
231115500
422688
2181780
655200
583128
9617850
9838920
1954940
2139930
545160
2030340
592410
427448
649350
15708
4007850
342624
1522248
9906744
7447170
874692
110880
2293200
19554678
2781240
875160
63098640
167040
204765
1422720
212114056
1560
267120
2356380
415591560
455
198558360
28428
781320
46906860
297990
23409510
6720
393603210
303151212
194843665
3774540
414960
1072266
7443720
218196
5352
1738926
17045280
972
408408
190740
925283784
1385685
266037913
2989540
2253672
27600
2126670
44460
750360234
3429
2134860
803963160
696696
30666636
132932520
455910
45629760
4065600
3653130
2280
10090080
1226700
361586940
371700
4813800
16146
396
6671280
47769960
40248
774180
332038980
3549780
560880
3171
869040
76415936
12111
12988560
16638
373450
5275494
27720
11220
5456934
17940
16354
59245
596904
20850
141360
47570
287280
447720
1015300
1812
47508
823536
37222950
35000280
9104550
71992368
27300
149691360
11857938
3295170
471475620
586853216
102120
45565140
1437282
287901989
4165560
29743560
571574520
1351350
316680
52908372
2502680
754472713
650160
107465936
822360
116688
10767492
1422288
3850980
22514800
80688660
78540
6600
1652112
349020
41412
8286960
6300
531719370
513062550
3885
28080
1586004
145954200
17846244
491200
5697120
99099000
5538
210630
32124876
46018728
31290
4409460
3440172
9989590
538020
249159123
269572380
156323160
88530
812497393
26180
19417060
20900040
1066030
662116
24211026
18120
24199560
875602
2565810
253344
9647484
391416480
176410080
9215640
796860
468
233730
501391440
609960
57976597
510204
231840
749462
39459420
94500
1409496
31809420
232440
130728
240466380
255304396
133690
1413
113784
7765260
1217160
9093240
52785
8082
28182
35598258
54390
128400
141930
8071770
764610
154778040
170016
28689
109667544
100940
38540
441738
71400
7650
1572
3446940
995148
295596
2954120
1716
79926120
184864680
3555
93886
144480
39900
36036
12628
479556
3943708
666988
61979190
7315644
973590
3772230
13778268
2337400
5684910
419220
657900
1647360
109800
17160
12629232
199500
759810
114114
2868
7136
58740
302585893
102571560
28871640
217854
613410
894894
525007646
175560
741501600
420672
3150
3360
33093060
183480
38678640
202527600
924000
3344418
293040
2186748
8348340
351120
294408
923470959
177660
6778200
207598560
63466848
7132944
489
270144
71370
1928
2800
1828
48290
71142
48398532
455988
686280
622440
279480
71754100
412896
4020456
6181560
270102
129812
432744
570570
242136
357420
148260
14054040
855442
5924160
67210
1863900
2520540
5147640
7110
30230760
5598600
115080
156073093
1153280
535969200
1980
3545760
6782490
1122000
8785770
569455293
7322280
990874176
14076
641120183
2816660
553193126
98868
17010
22721010
157320
925467986
948
742299096
49704
960
19216890
17054520
410550
796252261
255018456
790608
429780
183924
1188180
1194336
569640
44220
80385690
921060
985578
120120
56081844
398160
204960
392700
40997880
1177008
22176
12174820
1388955
1855464
8627976
777360
74760
56651565
548262
966000
219232
16692
81633780
56280
12516
31285980
824694
16369836
1206660
141702120
9936
2915550
300960
47460
7631580
13137
3336
1324
8550
274050
888552
2635810
4397820
1422288
562548
7718340
4907364
837393001
12283068
4020
1343544
12058578
166812228
5772
206485740
1812
308924
64948653
2334900
42457870
489636296
4205520
432
282360
2554860
1185240
526652055
6993840
732888
1596504
281400
2064972
17160990
463680
328986
676
142410510
110216610
319594
66519
3774540
9951930
4800
6315
8776404
48180
242970
22985820
835489316
15430800
2281140
2552550
1586880
34056
145594800
290294730
115920
8043672
4316130
1329012
36665640
3690180
725058238
26340
26591400
4820064
258300
526620
750682213
25178868
147420
641800792
19032
29388
8652600
42030
25872756
21672
550188
1740
1339800
1168160
11966
950040
734700
378840
39795
1866150
1213212
65520
456101160
22770
7215
18240
1177056
72649080
632599110
55338
194580
244644
3023280
62664
28020
5232
682722040
5725020
4343248
28980
410410
136110
31891860
4822272
112858746
1512252
4144140
600996
231420
3777180
1085620
953147360
2160
2731054
25684542
3478200
23734620
4104510
2441340
488290320
32760
53311830
378336445
113850
712911944
3215520
594653593
104760
789360
492
26052
421
351
1492260
397558260
16169
2993070
43409520
242490
9740160
506578380
1445136
49880754
6720
42097440
8614320
75753
1677720
30810
1343160
2372916
24090
21996
4884026
8821020
1419
882398924
476
27600
17529120
9945780
910064066
12320880
328944
15718890
2961720
2604
51992622
213093300
4284
22740
2271710
481572
21744
473550
4347630
3348456
769104
475956
181568520
354599
5253248
59410
139967880
77220
21722580
4512018
1279080
2050030
6118266
833850
64860
195360
2971815
209550
2024880
1265096
988962
2435
16081296
94116
130416
10521420
6266
35190
916
107100
191388
5023200
184140
566787936
839514
476217945
1898820
3559347
367360256
900600
76591200
72864
592663890
9025380
2556
104055342
18623250
408664088
158988960
140140
9533430
128288160
449820
285127920
1053864
105697900
189420
2549160
4392080
113094000
236964
5304
463722
173550
13223980
424270
2869608
205380
47196
3826632
253260
382872000
9455040
6240
141457680
6860520
1312080
15842640
8781780
51143820
97913472
99760
2106720
35450360
257964
1489410
734580
298926810
13877220
38192
108150
30857190
7728
477204
54479400
455
551754
917840
212790
3784200
62555220
29952
99330
569183076
3434340
56760
4170936
8250
3062202
8652
647114707
1567764
5274590
19942482
404165910
223693860
53990970
3780
6102360
319396
4782908
3703056
9966
352240
3300
1004640
120400
22802280
8550
153510
10310160
358110
49658700
39878472
193168453
2075994
76567050
4092088
37838640
2929080
980910
5460
796290
251940
6086850
8428420
893880
3762
176076
823020
357902160
102684
12326160
55272
39780
43517320
194013180
21677040
14338660
402970810
811440
337980
48048
583019775
202675392
48180
158342580
21889140
2135
260983872
144144
219187800
25175640
81420
8046
124392
832650
87993360
3684060
978120
177612
1113390
1681812
363463032
578508
300300
1316700
2665260
2275896
431
19482
6846840
196236
4293036
623480
396240
621444600
314640
336072
1368
265980
487204706
10435776
2886660
418911033
3551100
220248
208650
71400
291456
542520
1962480
93869295
130410
6650910
87360
10968
4476780
16020
10656
1020
27897282
624456
102368
34295520
4470510
22287000
1876392
1184040
12990
53154360
56420
141372
599393340
2396100
150864
8066058
2099864
423735
3558420
9379668
470
984170
737385
431706
4312924
126012600
43753710
4156170
989100
4767480
52260
20205
562836
255017532
91648284
97730220
8079864
1196580
448
113566824
2086920
556270
886008
10080
1449420
659211280
6300
10235680
2741640
100740
3120180
475551052
92820
8570100
1794780
29886
14987880
2772
216820
200038833
5571258
81900
153720
25080
469530
7664
6897
187026
33152
1695540
423150
25836804
33600
1332318
24035
51686460
71278320
1662192
29820
971039197
55018392
336870
