841663032
374321819
447305533
310761220
559187058
237487594
485827359
272554542
657690566
247568100
50865660
732404155
26426503
459136520
590365361
439112477
158225191
274411754
431988671
465675894
144264381
675912384
862449172
797162375
505217220
411381540
1271024
901790654
294596805
947359591
607702063
585377065
263572131
487558731
269939223
173786660
611375085
98360392
389717932
484309717
526687694
446672416
806679708
527624376
55598568
583809715
19813500
1846200
768034033
412790780
151977985
8690
867568
306994486
821356044
471451498
655742054
36710800
493243366
495489696
163034017
126701296
968275308
69506963
700622825
172620
964905159
483088320
56855701
829651902
477802434
847677600
625147922
655898401
222381677
41875680
39969693
176094837
961754673
55490148
37100490
807062340
209503440
820331261
901842613
275168596
542131019
12589434
161975635
680407719
731261180
665827790
857145659
848888321
881963657
195895482
573334923
674700581
421176723
507639228
