2 16 0 
4 6 8 
12 -4 10 
14 -45 31 
17 0 -17 
-31 45 -14 
9 43 2 
11 18 25 
34 -7 27 
9 15 12 
15 12 9 
12 9 15 
11 27 4 
7 14 21 
24 1 17 
19 11 21 
19 17 15 
13 23 15 
9 9 12 
13 10 7 
8 11 11 
19 -27 23 
9 5 1 
-13 37 -9 
17 -32 24 
10 3 -4 
-18 38 -11 
7 31 7 
15 15 15 
23 -1 23 
11 39 10 
19 20 21 
30 1 29 
11 14 5 
4 10 16 
15 6 9 
19 -14 22 
12 9 6 
-4 32 -1 
3 9 6 
9 6 3 
6 3 9 
2 31 -6 
1 9 17 
24 -13 16 
7 6 8 
8 7 6 
6 8 7 
1 52 -8 
6 15 24 
38 -22 29 
6 61 -10 
3 19 35 
48 -23 32 
6 60 -9 
4 19 34 
47 -22 32 
20 21 7 
3 16 29 
25 11 12 
6 -9 9 
5 2 -1 
-5 13 -2 
4 38 -6 
2 12 22 
30 -14 20 
3 3 6 
7 4 1 
2 5 5 
15 3 15 
11 11 11 
7 19 7 
7 -5 13 
11 5 -1 
-3 15 3 
13 -33 20 
7 0 -7 
-20 33 -13 
2 41 -1 
11 14 17 
29 -13 26 
13 -18 23 
16 6 -4 
-11 30 -1 
15 -9 24 
19 10 1 
-4 29 5 
2 69 -14 
3 19 35 
52 -31 36 
13 -31 24 
13 2 -9 
-20 35 -9 
3 14 1 
4 6 8 
11 -2 9 
15 20 13 
14 16 18 
19 12 17 
3 61 -7 
9 19 29 
45 -23 35 
9 14 10 
12 11 10 
12 8 13 
11 30 13 
20 18 16 
23 6 25 
4 54 2 
18 20 22 
38 -14 36 
18 -4 13 
4 9 14 
5 22 0 
5 26 -1 
4 10 16 
21 -6 15 
11 -14 24 
20 7 -6 
-10 28 3 
10 11 9 
9 10 11 
11 9 10 
5 57 -2 
13 20 27 
42 -17 35 
11 40 -3 
2 16 30 
35 -8 21 
11 -15 19 
13 5 -3 
-9 25 -1 
11 16 3 
2 10 18 
17 4 9 
19 7 13 
7 13 19 
13 19 7 
19 32 6 
6 19 32 
32 6 19 
13 -25 18 
7 2 -3 
-14 29 -9 
18 30 9 
10 19 28 
29 8 20 
9 1 5 
1 5 9 
5 9 1 
20 -20 30 
20 10 0 
-10 40 0 
20 -52 32 
12 0 -12 
-32 52 -20 
5 29 -1 
5 11 17 
23 -7 17 
13 45 -1 
5 19 33 
39 -7 25 
14 -30 28 
18 4 -10 
-20 38 -6 
7 -12 11 
6 2 -2 
-7 16 -3 
3 46 -7 
4 14 24 
35 -18 25 
8 28 3 
8 13 18 
23 -2 18 
12 55 -7 
1 20 39 
47 -15 28 
12 -10 16 
10 6 2 
-4 22 0 
12 2 16 
14 10 6 
4 18 8 
16 31 7 
9 18 27 
29 5 20 
19 15 17 
15 17 19 
17 19 15 
5 23 -1 
3 9 15 
19 -5 13 
4 -1 9 
9 4 -1 
-1 9 4 
15 -2 11 
4 8 12 
5 18 1 
5 14 11 
16 10 4 
9 6 15 
13 -38 28 
16 1 -14 
-26 40 -11 
16 -28 30 
20 6 -8 
-18 40 -4 
0 73 -13 
7 20 33 
53 -33 40 
2 56 -13 
0 15 30 
43 -26 28 
12 2 19 
18 11 4 
3 20 10 
3 2 13 
16 6 -4 
-1 10 9 
16 -21 26 
17 7 -3 
-12 35 -2 
20 26 14 
14 20 26 
26 14 20 
9 11 4 
3 8 13 
12 5 7 
3 19 11 
19 11 3 
11 3 19 
14 -20 27 
20 7 -6 
-13 34 0 
2 32 -1 
8 11 14 
23 -10 20 
8 -13 8 
1 1 1 
-6 15 -6 
0 25 -1 
7 8 9 
17 -9 16 
2 52 3 
20 19 18 
35 -14 36 
6 27 0 
5 11 17 
22 -5 16 
1 73 -14 
5 20 35 
54 -33 39 
7 3 8 
7 6 5 
4 9 5 
19 25 7 
5 17 29 
27 9 15 
12 36 9 
16 19 22 
29 2 26 
0 30 -6 
2 8 14 
22 -14 16 
9 16 8 
10 11 12 
14 6 13 
14 20 2 
0 12 24 
22 4 10 
18 23 7 
5 16 27 
25 9 14 
3 -18 15 
12 0 -12 
-15 18 -3 
4 54 -10 
2 16 30 
42 -22 28 
19 2 9 
0 10 20 
11 18 1 
5 38 -7 
0 12 24 
31 -14 19 
5 26 -4 
0 9 18 
22 -8 13 
17 28 9 
10 18 26 
27 8 19 
2 16 3 
8 7 6 
11 -2 12 
5 -21 22 
19 2 -15 
-18 25 -1 
19 -5 25 
19 13 7 
1 31 7 
12 -22 25 
18 5 -8 
-15 32 -2 
14 -16 20 
12 6 0 
-8 28 -2 
7 52 -2 
10 19 28 
40 -14 31 
14 37 9 
15 20 25 
31 3 26 
19 30 11 
12 20 28 
29 10 21 
0 13 8 
15 7 -1 
6 1 14 
4 31 1 
9 12 15 
23 -7 20 
1 31 -2 
7 10 13 
22 -11 19 
16 8 15 
12 13 14 
11 18 10 
12 29 13 
19 18 17 
23 7 24 
15 27 12 
15 18 21 
24 9 21 
9 47 4 
15 20 25 
36 -7 31 
6 4 14 
16 8 0 
2 12 10 
7 16 4 
6 9 12 
14 2 11 
13 1 7 
1 7 13 
7 13 1 
20 -48 37 
20 3 -14 
-31 54 -14 
0 69 -12 
7 19 31 
50 -31 38 
17 -10 14 
4 7 10 
0 24 -3 
19 -33 20 
3 2 1 
-16 37 -15 
13 21 11 
13 15 17 
19 9 17 
12 27 0 
1 13 25 
26 -1 14 
12 -27 21 
11 2 -7 
-17 31 -8 
5 21 1 
5 9 13 
17 -3 13 
20 27 13 
13 20 27 
27 13 20 
1 54 -1 
16 18 20 
37 -18 35 
10 19 10 
13 13 13 
16 7 16 
1 13 4 
9 6 3 
8 -1 11 
1 52 -2 
14 17 20 
36 -18 33 
11 -17 12 
3 2 1 
-8 21 -7 
9 0 9 
6 6 6 
3 12 3 
1 -3 5 
5 1 -3 
-3 5 1 
7 43 -2 
7 16 25 
34 -11 25 
15 16 17 
18 16 14 
15 16 17 
4 -15 11 
7 0 -7 
-11 15 -4 
20 -57 37 
17 0 -17 
-37 57 -20 
3 18 0 
4 7 10 
14 -4 11 
4 -6 8 
6 2 -2 
-4 10 0 
20 34 3 
2 19 36 
35 4 18 
17 30 7 
8 18 28 
29 6 19 
14 44 -1 
4 19 34 
39 -6 24 
11 22 15 
20 16 12 
17 10 21 
15 -27 21 
9 3 -3 
-15 33 -9 
5 21 1 
5 9 13 
17 -3 13 
8 -13 20 
17 5 -7 
-10 23 2 
0 17 10 
19 9 -1 
8 1 18 
18 24 15 
16 19 22 
23 14 20 
15 35 1 
3 17 31 
33 -1 19 
15 -29 23 
11 3 -5 
-17 35 -9 
11 48 -2 
6 19 32 
40 -10 27 
10 26 9 
14 15 16 
21 4 20 
2 31 -3 
5 10 15 
23 -11 18 
17 -12 13 
2 6 10 
-1 24 -5 
14 10 12 
10 12 14 
12 14 10 
4 -5 10 
9 3 -3 
-4 11 2 
1 42 -7 
4 12 20 
31 -18 23 
9 26 10 
16 15 14 
20 4 21 
5 39 -2 
7 14 21 
30 -11 23 
2 24 7 
16 11 6 
15 -2 20 
10 10 13 
14 11 8 
9 12 12 
2 61 -12 
3 17 31 
46 -27 32 
7 51 -1 
11 19 27 
39 -13 31 
15 -33 18 
3 0 -3 
-18 33 -15 
7 54 -1 
12 20 28 
41 -14 33 
10 3 11 
9 8 7 
5 13 6 
15 -29 29 
19 5 -9 
-19 39 -5 
4 52 -2 
12 18 24 
38 -16 32 
7 -27 20 
13 0 -13 
-20 27 -7 
10 -6 8 
2 4 6 
0 14 -2 
5 55 -3 
11 19 27 
41 -17 33 
7 53 0 
13 20 27 
40 -13 33 
8 -10 17 
14 5 -4 
-7 20 2 
0 57 -3 
15 18 21 
39 -21 36 
5 53 -4 
9 18 27 
40 -17 31 
19 -49 33 
15 1 -13 
-31 51 -17 
14 -34 23 
10 1 -8 
-21 36 -12 
20 -43 35 
19 4 -11 
-27 51 -12 
1 9 5 
9 5 1 
5 1 9 
17 -53 36 
19 0 -19 
-36 53 -17 
10 -3 17 
15 8 1 
-1 19 6 
13 10 4 
0 9 18 
14 8 5 
19 -18 29 
20 10 0 
-9 38 1 
20 -48 28 
8 0 -8 
-28 48 -20 
16 -17 16 
5 5 5 
-6 27 -6 
18 -9 15 
5 8 11 
1 25 -2 
1 59 -12 
3 16 29 
44 -27 31 
16 -26 19 
6 3 0 
-13 32 -10 
11 46 -3 
4 18 32 
39 -10 25 
13 7 10 
7 10 13 
10 13 7 
5 51 4 
19 20 21 
36 -11 35 
2 12 10 
16 8 0 
6 4 14 
12 23 4 
5 13 21 
22 3 14 
2 15 10 
17 9 1 
8 3 16 
2 21 4 
11 9 7 
14 -3 16 
14 -12 19 
12 7 2 
-5 26 0 
2 14 -1 
2 5 8 
11 -4 8 
0 67 -13 
5 18 31 
49 -31 36 
2 11 8 
13 7 1 
6 3 12 
3 1 11 
13 5 -3 
-1 9 7 
18 -29 26 
13 5 -3 
-16 39 -8 
18 33 9 
11 20 29 
31 7 22 
0 60 0 
20 20 20 
40 -20 40 
13 8 18 
18 13 8 
8 18 13 
8 41 8 
19 19 19 
30 -3 30 
4 8 15 
20 9 -2 
3 10 14 
12 19 2 
1 11 21 
20 3 10 
9 -29 23 
15 1 -13 
-21 31 -7 
13 30 8 
12 17 22 
26 4 21 
16 32 9 
12 19 26 
29 6 22 
13 -9 14 
7 6 5 
-2 21 -1 
4 55 -5 
9 18 27 
41 -19 32 
0 43 -10 
1 11 21 
32 -21 22 
6 -19 13 
7 0 -7 
-13 19 -6 
11 50 -4 
4 19 34 
42 -12 27 
3 60 -6 
10 19 28 
44 -22 35 
20 -1 20 
13 13 13 
6 27 6 
13 40 4 
10 19 28 
34 -2 25 
13 51 -4 
3 20 37 
44 -11 27 
6 31 5 
13 14 15 
23 -3 22 
9 24 6 
10 13 16 
20 2 17 
4 45 -1 
11 16 21 
33 -13 28 
15 9 18 
17 14 11 
10 19 13 
13 18 5 
4 12 20 
19 6 11 
12 -6 9 
2 5 8 
1 16 -2 
4 -1 12 
13 5 -3 
-2 11 6 
16 -1 12 
5 9 13 
6 19 2 
8 -7 17 
15 6 -3 
-5 19 4 
0 59 -2 
17 19 21 
40 -21 38 
6 30 -3 
2 11 20 
25 -8 16 
13 26 6 
8 15 22 
24 4 17 
1 59 0 
19 20 21 
40 -19 39 
9 -28 25 
18 2 -14 
-21 32 -5 
12 -28 16 
4 0 -4 
-16 28 -12 
20 -31 32 
19 7 -5 
-18 45 -6 
7 16 7 
10 10 10 
13 4 13 
11 10 3 
0 8 16 
13 6 5 
7 27 8 
15 14 13 
20 1 21 
5 -6 16 
16 5 -6 
-6 16 5 
4 56 -9 
4 17 30 
43 -22 30 
9 36 3 
10 16 22 
29 -4 23 
17 -19 26 
17 8 -1 
-10 35 -1 
12 -23 20 
11 3 -5 
-14 29 -6 
10 35 0 
5 15 25 
30 -5 20 
18 -33 27 
13 4 -5 
-19 41 -10 
15 50 -5 
0 20 40 
45 -10 25 
2 11 8 
13 7 1 
6 3 12 
1 10 10 
16 7 -2 
4 4 13 
4 46 -8 
2 14 26 
36 -18 24 
4 26 6 
14 12 10 
18 -2 20 
9 1 5 
1 5 9 
5 9 1 
9 2 19 
20 10 0 
1 18 11 
11 22 0 
0 11 22 
22 0 11 
5 61 -6 
9 20 31 
46 -21 35 
11 8 17 
18 12 6 
7 16 13 
14 22 15 
18 17 16 
19 12 20 
9 -18 15 
8 2 -4 
-11 22 -5 
7 21 5 
9 11 13 
17 1 15 
2 12 13 
20 9 -2 
5 6 16 
12 -6 21 
18 9 0 
-3 24 6 
7 24 8 
14 13 12 
18 2 19 
1 47 -6 
7 14 21 
34 -19 27 
16 -31 18 
3 1 -1 
-16 33 -14 
10 44 0 
8 18 28 
36 -8 26 
3 55 -7 
7 17 27 
41 -21 31 
16 23 6 
5 15 25 
24 7 14 
11 16 15 
18 14 10 
13 12 17 
13 38 3 
8 18 28 
33 -2 23 
20 3 19 
13 14 15 
9 25 8 
14 28 15 
20 19 18 
23 10 24 
17 -34 32 
20 5 -10 
-22 44 -7 
11 15 13 
15 13 11 
13 11 15 
1 54 -7 
8 16 24 
39 -22 31 
9 23 13 
19 15 11 
17 7 21 
4 53 -9 
3 16 29 
41 -21 28 
17 -17 18 
7 6 5 
-6 29 -5 
8 -15 19 
15 4 -7 
-11 23 0 
9 -16 10 
2 1 0 
-8 18 -7 
13 10 7 
4 10 16 
13 10 7 
9 1 5 
1 5 9 
5 9 1 
19 -16 15 
2 6 10 
-3 28 -7 
8 -8 6 
0 2 4 
-2 12 -4 
4 24 2 
8 10 12 
18 -4 16 
18 24 18 
20 20 20 
22 16 22 
7 6 14 
16 9 2 
4 12 11 
15 36 6 
10 19 28 
32 2 23 
3 58 -1 
16 20 24 
41 -18 37 
14 3 10 
5 9 13 
8 15 4 
6 -23 17 
11 0 -11 
-17 23 -6 
3 31 -4 
3 10 17 
24 -11 17 
14 -29 27 
17 4 -9 
-19 37 -6 
13 5 18 
17 12 7 
6 19 11 
5 38 5 
16 16 16 
27 -6 27 
7 8 3 
2 6 10 
9 4 5 
5 45 -5 
5 15 25 
35 -15 25 
12 47 -2 
5 19 33 
40 -9 26 
16 38 6 
10 20 30 
34 2 24 
14 -7 23 
19 10 1 
-3 27 6 
16 37 7 
11 20 29 
33 3 24 
18 -21 21 
9 6 3 
-9 33 -6 
11 -25 14 
3 0 -3 
-14 25 -11 
2 39 -5 
5 12 19 
29 -15 22 
6 46 -4 
6 16 26 
36 -14 26 
14 -20 27 
20 7 -6 
-13 34 0 
15 42 3 
8 20 32 
37 -2 25 
0 20 1 
8 7 6 
13 -6 14 
19 -36 32 
18 5 -8 
-22 46 -9 
7 48 2 
14 19 24 
36 -10 31 
15 -10 16 
8 7 6 
-2 24 -1 
5 -12 7 
2 0 -2 
-7 12 -5 
5 61 -12 
1 18 35 
48 -25 31 
0 63 -6 
13 19 25 
44 -25 38 
15 38 7 
12 20 28 
33 2 25 
20 -33 19 
1 2 3 
-15 37 -16 
0 0 0 
0 0 0 
0 0 0 
5 27 7 
15 13 11 
19 -1 21 
1 54 2 
20 19 18 
36 -16 37 
10 24 8 
12 14 16 
20 4 18 
13 19 7 
7 13 19 
19 7 13 
20 11 17 
13 16 19 
15 21 12 
20 24 10 
8 18 28 
26 12 16 
5 10 15 
20 10 0 
5 10 15 
7 35 0 
7 14 21 
28 -7 21 
8 18 10 
14 12 10 
14 6 16 
8 64 -12 
0 20 40 
52 -24 32 
18 32 1 
0 17 34 
33 2 16 
9 32 -2 
2 13 24 
28 -6 17 
15 9 9 
5 11 17 
13 13 7 
15 -6 9 
0 6 12 
3 18 -3 
3 35 1 
11 13 15 
25 -9 23 
2 67 -9 
9 20 31 
49 -27 38 
16 38 6 
10 20 30 
34 2 24 
19 -31 18 
1 2 3 
-14 35 -15 
5 45 1 
13 17 21 
33 -11 29 
6 -9 6 
1 1 1 
-4 11 -4 
8 32 -1 
4 13 22 
27 -6 18 
4 42 2 
14 16 18 
30 -10 28 
14 -4 23 
20 11 2 
-1 26 8 
0 54 -9 
6 15 24 
39 -24 30 
19 -40 27 
10 2 -6 
-23 44 -15 
1 54 -13 
0 14 28 
41 -26 27 
7 65 -12 
1 20 39 
52 -25 33 
9 -21 15 
7 1 -5 
-13 23 -7 
7 7 13 
15 9 3 
5 11 11 
11 19 3 
3 11 19 
19 3 11 
3 46 -7 
4 14 24 
35 -18 25 
14 -39 31 
19 2 -15 
-27 43 -10 
15 2 10 
4 9 14 
8 16 3 
19 -25 30 
19 8 -3 
-14 41 -3 
11 -16 20 
14 5 -4 
-10 26 -1 
9 36 -3 
2 14 26 
31 -8 19 
13 -11 19 
13 7 1 
-5 25 1 
15 -30 24 
12 3 -6 
-18 36 -9 
17 -37 32 
19 4 -11 
-24 45 -9 
13 -34 21 
8 0 -8 
-21 34 -13 
16 -9 11 
1 6 11 
1 21 -4 
20 -45 28 
9 1 -7 
-26 47 -18 
14 21 4 
3 13 23 
22 5 12 
17 -25 29 
19 7 -5 
-15 39 -3 
20 -17 18 
5 7 9 
-4 31 -6 
10 25 7 
11 14 17 
21 3 18 
6 -1 10 
9 5 1 
0 11 4 
16 -20 25 
16 7 -2 
-11 34 -2 
9 8 16 
18 11 4 
6 14 13 
4 -1 15 
17 6 -5 
-3 13 8 
8 -15 22 
19 5 -9 
-12 25 2 
19 32 9 
10 20 30 
31 8 21 
7 41 6 
17 18 19 
30 -5 29 
3 -22 22 
20 1 -18 
-20 24 -1 
0 56 1 
20 19 18 
37 -18 38 
8 -28 26 
20 2 -16 
-22 32 -4 
14 43 3 
9 20 31 
37 -3 26 
2 71 -16 
1 19 37 
54 -33 36 
18 33 9 
11 20 29 
31 7 22 
2 31 -3 
5 10 15 
23 -11 18 
16 27 5 
5 16 27 
27 5 16 
4 4 7 
8 5 2 
3 6 6 
17 34 0 
0 17 34 
34 0 17 
6 10 14 
18 10 2 
6 10 14 
0 -5 14 
17 3 -11 
-8 11 6 
17 34 6 
8 19 30 
32 4 21 
20 -7 23 
15 12 9 
1 31 4 
14 -3 19 
15 10 5 
1 23 6 
17 28 15 
18 20 22 
25 12 23 
9 21 0 
1 10 19 
20 -1 11 
15 -37 25 
11 1 -9 
-23 39 -13 
16 -30 20 
6 2 -2 
-16 34 -12 
6 23 -2 
1 9 17 
20 -5 12 
8 47 5 
17 20 23 
35 -7 32 
14 -9 16 
9 7 5 
-2 23 0 
14 -12 19 
12 7 2 
-5 26 0 
10 5 15 
15 10 5 
5 15 10 
9 -25 16 
7 0 -7 
-16 25 -9 
12 -3 21 
19 10 1 
-1 23 8 
17 45 -2 
1 20 39 
42 -5 23 
0 51 -6 
9 15 21 
36 -21 30 
7 33 -1 
5 13 21 
27 -7 19 
17 -41 24 
7 0 -7 
-24 41 -17 
2 32 8 
20 14 8 
20 -4 26 
17 -16 23 
14 8 2 
-7 32 -1 
7 21 5 
9 11 13 
17 1 15 
19 -28 21 
6 4 2 
-13 36 -11 
8 30 10 
18 16 14 
22 2 24 
20 -24 31 
20 9 -2 
-13 42 -2 
2 7 12 
17 7 -3 
2 7 12 
10 -8 7 
0 3 6 
-1 14 -4 
17 -18 22 
12 7 2 
-8 32 -3 
12 -32 20 
8 0 -8 
-20 32 -12 
12 -4 16 
12 8 4 
0 20 4 
14 32 8 
12 18 24 
28 4 22 
12 48 0 
8 20 32 
40 -8 28 
17 -35 24 
9 2 -5 
-20 39 -13 
14 -17 24 
17 7 -3 
-10 31 0 
5 60 -11 
2 18 34 
47 -24 31 
18 -37 28 
13 3 -7 
-22 43 -12 
17 29 11 
13 19 25 
27 9 21 
0 46 -7 
6 13 20 
33 -20 26 
7 20 0 
2 9 16 
18 -2 11 
10 43 -2 
5 17 29 
36 -9 24 
18 12 21 
20 17 14 
13 22 16 
18 39 3 
5 20 35 
37 1 22 
10 6 5 
2 7 12 
9 8 4 
15 -38 26 
12 1 -10 
-24 40 -13 
15 -18 24 
16 7 -2 
-10 32 -1 
2 64 -15 
0 17 34 
49 -30 32 
20 -43 23 
3 0 -3 
-23 43 -20 
0 57 -9 
7 16 25 
41 -25 32 
15 9 12 
9 12 15 
12 15 9 
11 26 -1 
0 12 24 
25 -2 13 
13 20 15 
18 16 14 
17 12 19 
15 -14 20 
12 7 2 
-6 28 -1 
17 22 3 
0 14 28 
25 6 11 
11 -26 21 
12 2 -8 
-17 30 -7 
19 15 20 
19 18 17 
16 21 17 
2 20 11 
20 11 2 
11 2 20 
16 20 18 
20 18 16 
18 16 20 
9 11 10 
11 10 9 
10 9 11 
20 7 9 
1 12 23 
15 17 4 
2 32 2 
12 12 12 
22 -8 22 
6 41 -2 
7 15 23 
32 -11 24 
4 31 1 
9 12 15 
23 -7 20 
13 40 7 
14 20 26 
33 0 27 
0 53 -5 
11 16 21 
37 -21 32 
14 -22 14 
2 2 2 
-10 26 -10 
0 58 -4 
14 18 22 
40 -22 36 
1 3 5 
7 3 -1 
1 3 5 
16 -25 27 
17 6 -5 
-15 37 -4 
9 0 12 
10 7 4 
2 14 5 
5 37 0 
9 14 19 
28 -9 23 
20 4 18 
12 14 16 
10 24 8 
3 50 1 
16 18 20 
35 -14 33 
16 25 7 
7 16 25 
25 7 16 
13 -9 23 
19 9 -1 
-5 27 5 
20 11 11 
5 14 23 
17 17 8 
2 60 -8 
8 18 28 
44 -24 34 
20 -39 28 
11 3 -5 
-22 45 -14 
1 19 7 
15 9 3 
11 -1 17 
5 53 -4 
9 18 27 
40 -17 31 
1 36 5 
18 14 10 
23 -8 27 
4 6 2 
2 4 6 
6 2 4 
0 46 -7 
6 13 20 
33 -20 26 
17 -35 24 
9 2 -5 
-20 39 -13 
14 7 18 
17 13 9 
8 19 12 
16 -33 23 
9 2 -5 
-19 37 -12 
0 11 -2 
1 3 5 
8 -5 6 
15 -14 20 
12 7 2 
-6 28 -1 
5 6 4 
4 5 6 
6 4 5 
10 45 -1 
7 18 29 
37 -9 26 
4 8 6 
8 6 4 
6 4 8 
8 21 13 
19 14 9 
15 7 20 
17 -2 24 
20 13 6 
2 28 9 
8 27 1 
5 12 19 
23 -3 16 
4 16 10 
16 10 4 
10 4 16 
13 23 12 
15 16 17 
20 9 19 
20 -57 37 
17 0 -17 
-37 57 -20 
5 -1 14 
15 6 -3 
-2 13 7 
11 11 8 
7 10 13 
12 9 9 
12 47 -5 
1 18 35 
41 -11 24 
9 12 3 
2 8 14 
13 4 7 
9 29 -2 
1 12 23 
26 -5 15 
7 -8 19 
18 6 -6 
-7 20 5 
4 30 8 
18 14 10 
20 -2 24 
18 -12 12 
0 6 12 
0 24 -6 
0 56 -2 
16 18 20 
38 -20 36 
4 39 2 
13 15 17 
28 -9 26 
0 -13 13 
13 0 -13 
-13 13 0 
4 35 -6 
1 11 21 
28 -13 18 
14 10 12 
10 12 14 
12 14 10 
2 53 -7 
7 16 25 
39 -21 30 
15 -1 19 
15 11 7 
3 23 7 
10 -21 17 
9 2 -5 
-13 25 -6 
2 -24 22 
20 0 -20 
-22 24 -2 
19 -20 22 
10 7 4 
-8 34 -5 
20 17 8 
3 15 27 
22 13 10 
20 12 13 
8 15 22 
17 18 10 
17 -10 26 
20 11 2 
-4 32 5 
19 -1 21 
15 13 11 
5 27 7 
1 -13 15 
15 1 -13 
-13 15 1 
15 18 6 
4 13 22 
20 8 11 
9 25 11 
17 15 13 
19 5 21 
9 8 10 
10 9 8 
8 10 9 
17 10 15 
12 14 16 
13 18 11 
6 -7 19 
19 6 -7 
-7 19 6 
15 25 11 
13 17 21 
23 9 19 
15 -30 21 
8 2 -4 
-17 34 -11 
10 19 7 
9 12 15 
17 5 14 
11 -14 18 
12 5 -2 
-8 24 -1 
2 -4 8 
8 2 -4 
-4 8 2 
1 48 -4 
10 15 20 
34 -18 29 
3 -4 4 
2 1 0 
-2 6 -1 
11 21 13 
17 15 13 
17 9 19 
3 12 12 
18 9 0 
6 6 15 
4 -14 10 
6 0 -6 
-10 14 -4 
20 -25 26 
13 7 1 
-12 39 -6 
19 -16 15 
2 6 10 
-3 28 -7 
10 35 9 
17 18 19 
27 1 26 
8 49 3 
15 20 25 
37 -9 32 
9 4 17 
18 10 2 
3 16 11 
3 45 3 
17 17 17 
31 -11 31 
18 -26 29 
18 7 -4 
-15 40 -4 
1 37 -5 
5 11 17 
27 -15 21 
8 -5 15 
13 6 -1 
-3 17 4 
1 -1 15 
19 5 -9 
-5 11 9 
13 5 9 
5 9 13 
9 13 5 
0 50 -8 
6 14 22 
36 -22 28 
8 27 10 
17 15 13 
20 3 22 
0 40 2 
16 14 12 
26 -12 28 
14 -24 19 
8 3 -2 
-13 30 -8 
9 -16 13 
6 2 -2 
-9 20 -5 
14 -28 26 
16 4 -8 
-18 36 -6 
8 55 -9 
1 18 35 
45 -19 28 
5 11 8 
11 8 5 
8 5 11 
13 24 11 
14 16 18 
21 8 19 
17 39 4 
7 20 33 
36 1 23 
0 27 0 
9 9 9 
18 -9 18 
2 74 -16 
2 20 38 
56 -34 38 
7 38 6 
16 17 18 
28 -4 27 
0 66 -15 
2 17 32 
49 -32 34 
19 33 8 
9 20 31 
32 7 21 
8 16 0 
0 8 16 
16 0 8 
0 16 11 
20 9 -2 
7 2 18 
19 -14 22 
12 9 6 
-4 32 -1 
10 3 14 
13 9 5 
4 15 8 
9 26 10 
16 15 14 
20 4 21 
12 -14 20 
14 6 -2 
-8 26 0 
19 -30 29 
16 6 -4 
-17 42 -7 
20 30 10 
10 20 30 
30 10 20 
12 -24 21 
12 3 -6 
-15 30 -6 
1 53 -12 
1 14 27 
40 -25 27 
16 1 22 
19 13 7 
4 25 10 
7 21 5 
9 11 13 
17 1 15 
13 12 8 
6 11 16 
14 10 9 
16 -32 19 
4 1 -2 
-17 34 -14 
14 33 1 
3 16 29 
31 -1 18 
14 -32 27 
16 3 -10 
-21 38 -8 
11 12 4 
2 9 16 
14 6 7 
20 -54 34 
14 0 -14 
-34 54 -20 
15 -8 11 
2 6 10 
1 20 -3 
13 5 9 
5 9 13 
9 13 5 
20 32 2 
0 18 36 
34 4 16 
10 15 8 
9 11 13 
14 7 12 
3 69 -15 
1 19 37 
53 -31 35 
13 45 -1 
5 19 33 
39 -7 25 
6 29 -2 
3 11 19 
24 -7 16 
2 55 0 
17 19 21 
38 -17 36 
9 -14 20 
16 5 -6 
-10 24 1 
20 6 10 
2 12 22 
14 18 4 
15 3 15 
11 11 11 
7 19 7 
3 31 -4 
3 10 17 
24 -11 17 
9 -27 24 
17 2 -13 
-20 31 -5 
7 46 7 
20 20 20 
33 -6 33 
12 -13 16 
9 5 1 
-6 23 -2 
1 34 -8 
0 9 18 
26 -16 17 
4 2 6 
6 4 2 
2 6 4 
14 8 17 
16 13 10 
9 18 12 
13 -38 31 
20 2 -16 
-27 42 -9 
16 7 19 
17 14 11 
9 21 12 
9 48 -3 
6 18 30 
39 -12 27 
1 53 -9 
5 15 25 
39 -23 29 
1 12 -1 
2 4 6 
9 -4 7 
3 44 -5 
6 14 22 
33 -16 25 
6 39 3 
13 16 19 
29 -7 26 
14 27 4 
5 15 25 
26 3 16 
3 27 0 
7 10 13 
20 -7 17 
20 32 2 
0 18 36 
34 4 16 
1 23 0 
7 8 9 
16 -7 15 
17 -34 23 
8 2 -4 
-19 38 -13 
19 -29 28 
15 6 -3 
-16 41 -7 
8 51 -8 
1 17 33 
42 -17 26 
10 -21 23 
17 4 -9 
-15 29 -2 
18 10 20 
18 16 14 
12 22 14 
16 -21 26 
17 7 -3 
-12 35 -2 
17 -16 26 
18 9 0 
-8 34 1 
6 27 9 
17 14 11 
19 1 22 
13 -31 21 
9 1 -7 
-19 33 -11 
6 56 -5 
8 19 30 
43 -18 32 
10 19 7 
9 12 15 
17 5 14 
11 29 5 
9 15 21 
25 1 19 
17 36 7 
10 20 30 
33 4 23 
15 22 2 
0 13 26 
24 4 11 
2 9 13 
19 8 -3 
3 7 14 
20 -22 29 
18 9 0 
-11 40 -2 
20 34 3 
2 19 36 
35 4 18 
4 17 0 
3 7 11 
14 -3 10 
10 8 6 
4 8 12 
10 8 6 
17 -15 25 
17 9 1 
-7 33 1 
6 -19 13 
7 0 -7 
-13 19 -6 
13 -25 15 
3 1 -1 
-13 27 -11 
11 -4 14 
10 7 4 
0 18 3 
5 -7 11 
9 3 -3 
-5 13 1 
20 -27 31 
19 8 -3 
-15 43 -4 
10 40 10 
20 20 20 
30 0 30 
0 23 -5 
1 6 11 
17 -11 12 
13 -7 9 
1 5 9 
1 17 -3 
10 0 17 
16 9 2 
1 18 8 
18 8 19 
16 15 14 
11 22 12 
4 59 -9 
5 18 31 
45 -23 32 
5 54 -11 
0 16 32 
43 -22 27 
9 -26 20 
12 1 -10 
-18 28 -7 
16 -13 24 
17 9 1 
-6 31 2 
9 20 10 
14 13 12 
16 6 17 
8 44 -4 
4 16 28 
36 -12 24 
6 -19 13 
7 0 -7 
-13 19 -6 
15 -33 30 
19 4 -11 
-22 41 -7 
16 18 11 
10 15 20 
19 12 14 
3 41 1 
13 15 17 
29 -11 27 
16 -20 13 
0 3 6 
-7 26 -10 
11 35 8 
15 18 21 
28 1 25 
15 21 6 
5 14 23 
22 7 13 
0 0 0 
0 0 0 
0 0 0 
6 -7 7 
3 2 1 
-3 11 -2 
20 -14 18 
6 8 10 
-2 30 -4 
8 -20 24 
20 4 -12 
-16 28 0 
17 -14 21 
12 8 4 
-5 30 -1 
5 20 11 
18 12 6 
13 4 19 
20 8 17 
12 15 18 
13 22 10 
11 -38 27 
16 0 -16 
-27 38 -11 
1 24 2 
10 9 8 
16 -6 17 
5 7 6 
7 6 5 
6 5 7 
4 30 -1 
6 11 16 
23 -8 18 
2 44 -10 
0 12 24 
34 -20 22 
18 -23 26 
15 7 -1 
-12 37 -4 
1 -14 13 
12 0 -12 
-13 14 -1 
0 26 -2 
6 8 10 
18 -10 16 
13 -6 11 
4 6 8 
1 18 -1 
11 -32 27 
18 2 -14 
-23 36 -7 
18 29 4 
3 17 31 
30 5 16 
16 -22 21 
10 5 0 
-11 32 -6 
11 0 7 
2 6 10 
5 12 1 
17 33 1 
1 17 33 
33 1 17 
7 52 1 
14 20 26 
39 -12 33 
15 -42 27 
12 0 -12 
-27 42 -15 
15 31 5 
7 17 27 
29 3 19 
18 -25 19 
5 4 3 
-11 33 -10 
11 3 16 
15 10 5 
4 17 9 
15 13 11 
9 13 17 
15 13 11 
5 10 12 
16 9 2 
6 8 13 
16 9 14 
11 13 15 
12 17 10 
11 22 3 
4 12 20 
21 2 13 
10 47 -6 
1 17 33 
40 -13 24 
20 -12 28 
20 12 4 
-4 36 4 
0 73 -13 
7 20 33 
53 -33 40 
13 -6 20 
16 9 2 
-2 24 5 
7 34 4 
12 15 18 
26 -4 23 
19 3 17 
11 13 15 
9 23 7 
17 -31 17 
1 1 1 
-15 33 -15 
7 44 -3 
6 16 26 
35 -12 25 
6 -6 12 
10 4 -2 
-4 14 2 
4 -12 11 
8 1 -6 
-9 14 -2 
5 48 -5 
6 16 26 
37 -16 27 
18 20 4 
0 14 28 
24 8 10 
11 -5 15 
11 7 3 
-1 19 3 
6 -17 17 
13 2 -9 
-13 21 -2 
3 -18 21 
20 2 -16 
-17 22 1 
4 1 10 
11 5 -1 
0 9 6 
20 -23 24 
11 7 3 
-10 37 -6 
18 -22 25 
14 7 0 
-11 36 -4 
0 68 -8 
12 20 28 
48 -28 40 
9 6 18 
20 11 2 
4 16 13 
6 28 2 
8 12 16 
22 -4 18 
13 0 17 
14 10 6 
3 20 7 
0 22 2 
10 8 6 
14 -6 16 
8 -5 12 
9 5 1 
-2 15 2 
12 7 17 
17 12 7 
7 17 12 
2 10 6 
10 6 2 
6 2 10 
20 -47 30 
11 1 -9 
-28 49 -18 
5 49 0 
13 18 23 
36 -13 31 
14 -38 30 
18 2 -14 
-26 42 -10 
19 -4 24 
18 13 8 
2 30 7 
2 -3 16 
19 5 -9 
-6 13 8 
4 72 -16 
0 20 40 
56 -32 36 
14 -31 17 
3 0 -3 
-17 31 -14 
17 13 12 
9 14 19 
16 15 11 
3 0 6 
6 3 0 
0 6 3 
0 7 8 
13 5 -3 
2 3 10 
12 7 8 
5 9 13 
10 11 6 
10 21 2 
3 11 19 
20 1 12 
12 11 13 
13 12 11 
11 13 12 
13 -4 9 
2 6 10 
3 16 -1 
3 62 -11 
4 18 32 
47 -26 33 
15 -45 30 
15 0 -15 
-30 45 -15 
12 -22 19 
10 3 -4 
-13 28 -6 
3 47 -8 
3 14 25 
36 -19 25 
10 2 9 
6 7 8 
5 12 4 
8 39 -2 
5 15 25 
32 -9 22 
0 13 11 
19 8 -3 
5 3 16 
18 -25 28 
17 7 -3 
-14 39 -4 
11 -11 9 
1 3 5 
-3 17 -5 
13 9 8 
5 10 15 
12 11 7 
20 0 16 
8 12 16 
8 24 4 
7 25 10 
17 14 11 
18 3 21 
7 -28 21 
14 0 -14 
-21 28 -7 
11 25 9 
13 15 17 
21 5 19 
20 -36 34 
20 6 -8 
-22 48 -8 
19 23 18 
19 20 21 
22 17 21 
1 20 6 
14 9 4 
12 -2 17 
3 30 6 
16 13 10 
20 -4 23 
4 34 4 
14 14 14 
24 -6 24 
18 -33 24 
9 3 -3 
-18 39 -12 
13 12 17 
18 14 10 
11 16 15 
16 4 7 
0 9 18 
11 14 2 
19 -18 26 
16 9 2 
-8 36 -1 
11 16 15 
18 14 10 
13 12 17 
13 28 13 
18 18 18 
23 8 23 
9 8 16 
18 11 4 
6 14 13 
17 28 3 
2 16 30 
29 4 15 
15 3 15 
11 11 11 
7 19 7 
0 52 -7 
8 15 22 
37 -22 30 
16 5 15 
11 12 13 
9 19 8 
18 30 12 
14 20 26 
28 10 22 
17 -41 33 
19 3 -13 
-27 47 -11 
8 48 -5 
4 17 30 
39 -14 26 
7 19 7 
11 11 11 
15 3 15 
18 -26 17 
2 3 4 
-11 32 -12 
2 43 3 
17 16 15 
29 -11 30 
15 -27 27 
17 5 -7 
-17 37 -5 
2 59 -4 
13 19 25 
42 -21 36 
8 -16 20 
16 4 -8 
-12 24 0 
9 -22 22 
16 3 -10 
-16 28 -3 
18 23 16 
17 19 21 
22 15 20 
20 -32 18 
0 2 4 
-14 36 -16 
6 42 0 
10 16 22 
32 -10 26 
7 26 6 
12 13 14 
20 0 19 
19 -24 26 
14 7 0 
-12 38 -5 
16 -5 10 
1 7 13 
4 19 -2 
7 -23 22 
17 2 -13 
-18 27 -3 
16 13 19 
19 16 13 
13 19 16 
14 -41 27 
13 0 -13 
-27 41 -14 
11 -28 20 
10 1 -8 
-18 30 -9 
12 19 5 
5 12 19 
19 5 12 
1 52 -8 
6 15 24 
38 -22 29 
0 8 -2 
0 2 4 
6 -4 4 
13 6 14 
12 11 10 
8 16 9 
1 53 -12 
1 14 27 
40 -25 27 
17 1 12 
5 10 15 
8 19 3 
14 -33 28 
17 3 -11 
-22 39 -8 
20 5 23 
19 16 13 
9 27 12 
3 42 -6 
4 13 22 
32 -16 23 
11 -29 21 
11 1 -9 
-19 31 -9 
13 14 3 
0 10 20 
17 6 7 
18 -24 18 
4 4 4 
-10 32 -10 
7 -4 18 
18 7 -4 
-4 18 7 
7 40 7 
18 18 18 
29 -4 29 
1 36 2 
14 13 12 
24 -10 25 
15 4 17 
14 12 10 
7 20 9 
2 21 4 
11 9 7 
14 -3 16 
0 70 -10 
10 20 30 
50 -30 40 
6 15 9 
13 10 7 
11 5 14 
20 -26 24 
10 6 2 
-12 38 -8 
18 -27 27 
15 6 -3 
-15 39 -6 
10 18 11 
14 13 12 
15 8 16 
20 -48 28 
8 0 -8 
-28 48 -20 
0 13 -1 
3 4 5 
9 -5 8 
10 2 15 
14 9 4 
3 16 8 
5 2 5 
4 4 4 
3 6 3 
17 6 13 
8 12 16 
11 18 7 
10 20 0 
0 10 20 
20 0 10 
19 6 11 
4 12 20 
13 18 5 
11 47 -4 
3 18 33 
40 -11 25 
6 31 2 
9 13 17 
24 -5 20 
8 -16 11 
4 1 -2 
-9 18 -6 
18 29 4 
3 17 31 
30 5 16 
12 -8 8 
0 4 8 
0 16 -4 
15 -10 19 
12 8 4 
-3 26 1 
15 -15 21 
13 7 1 
-7 29 -1 
5 19 6 
11 10 9 
14 1 15 
0 41 -2 
11 13 15 
28 -15 26 
4 48 -7 
4 15 26 
37 -18 26 
11 -15 22 
17 6 -5 
-10 27 1 
10 29 0 
3 13 23 
26 -3 16 
19 -4 24 
18 13 8 
2 30 7 
11 -22 14 
4 1 -2 
-12 24 -9 
2 -5 9 
9 2 -5 
-5 9 2 
20 -38 33 
18 5 -8 
-23 48 -10 
2 32 -1 
8 11 14 
23 -10 20 
13 23 12 
15 16 17 
20 9 19 
17 -47 33 
17 1 -15 
-31 49 -15 
7 57 -7 
5 19 33 
45 -19 31 
2 61 -3 
15 20 25 
43 -21 38 
15 -42 30 
16 1 -14 
-28 44 -13 
15 -30 30 
20 5 -10 
-20 40 -5 
12 -14 17 
10 5 0 
-7 24 -2 
18 -23 17 
3 4 5 
-9 31 -10 
0 67 -16 
1 17 33 
50 -33 34 
20 -25 26 
13 7 1 
-12 39 -6 
17 -38 27 
12 2 -8 
-23 42 -13 
20 -20 15 
0 5 10 
-5 30 -10 
18 -31 28 
15 5 -5 
-18 41 -8 
20 -44 33 
16 3 -10 
-27 50 -14 
17 16 18 
18 17 16 
16 18 17 
6 3 3 
1 4 7 
5 5 2 
15 -39 24 
9 0 -9 
-24 39 -15 
2 44 -10 
0 12 24 
34 -20 22 
17 17 8 
5 14 23 
20 11 11 
2 -16 20 
20 2 -16 
-16 20 2 
7 -6 17 
16 6 -4 
-5 18 5 
8 51 1 
13 20 27 
39 -11 32 
4 -15 20 
19 3 -13 
-14 21 2 
18 16 17 
16 17 18 
17 18 16 
19 -2 22 
16 13 10 
4 28 7 
11 26 5 
8 14 20 
23 2 17 
11 39 7 
15 19 23 
31 -1 27 
19 -22 15 
0 4 8 
-7 30 -11 
17 0 10 
2 9 16 
8 18 1 
4 37 4 
15 15 15 
26 -7 26 
16 12 17 
16 15 14 
13 18 14 
8 22 0 
2 10 18 
20 -2 12 
2 60 -5 
12 19 26 
43 -22 36 
9 53 -8 
1 18 35 
44 -17 27 
2 48 1 
16 17 18 
33 -14 32 
16 -10 15 
6 7 8 
-1 24 -2 
13 38 -3 
0 16 32 
35 -6 19 
13 -9 23 
19 9 -1 
-5 27 5 
7 3 5 
3 5 7 
5 7 3 
4 33 8 
19 15 11 
22 -3 26 
0 -10 16 
18 2 -14 
-12 14 4 
7 18 8 
12 11 10 
14 4 15 
20 -23 27 
15 8 1 
-11 39 -4 
17 -1 14 
7 10 13 
6 21 3 
2 39 -5 
5 12 19 
29 -15 22 
9 7 11 
11 9 7 
7 11 9 
2 16 12 
20 10 0 
8 4 18 
20 -22 23 
10 7 4 
-9 36 -6 
2 12 1 
4 5 6 
9 -2 8 
5 22 0 
4 9 14 
18 -4 13 
0 10 2 
6 4 2 
6 -2 8 
8 -6 19 
18 7 -4 
-5 20 6 
10 -26 19 
10 1 -8 
-17 28 -8 
16 -34 18 
2 0 -2 
-18 34 -16 
14 -3 10 
3 7 11 
4 17 0 
2 0 7 
8 3 -2 
-1 6 4 
12 -22 19 
10 3 -4 
-13 28 -6 
1 -2 16 
20 5 -10 
-6 12 9 
18 12 6 
0 12 24 
18 12 6 
10 -8 16 
12 6 0 
-4 20 2 
20 9 16 
11 15 19 
14 21 10 
6 9 15 
19 10 1 
5 11 14 
9 39 6 
15 18 21 
30 -3 27 
1 0 11 
14 4 -6 
-3 8 7 
13 -5 22 
19 10 1 
-2 25 7 
16 31 4 
5 17 29 
30 3 18 
11 -11 9 
1 3 5 
-3 17 -5 
19 -57 38 
19 0 -19 
-38 57 -19 
6 -7 16 
15 5 -5 
-6 17 4 
19 -44 34 
18 3 -12 
-28 50 -13 
7 6 11 
12 8 4 
5 10 9 
8 17 11 
15 12 9 
13 7 16 
8 19 3 
5 10 15 
17 1 12 
9 13 8 
9 10 11 
12 7 11 
18 19 8 
5 15 25 
22 11 12 
2 34 -6 
2 10 18 
26 -14 18 
8 -16 17 
12 3 -6 
-11 22 -2 
2 65 -7 
11 20 29 
47 -25 38 
18 18 6 
2 14 26 
22 10 10 
15 -7 10 
1 6 11 
2 19 -3 
13 -20 22 
14 5 -4 
-12 30 -3 
12 -20 23 
16 5 -6 
-13 30 -2 
5 21 10 
17 12 7 
14 3 19 
20 9 19 
15 16 17 
13 23 12 
3 32 7 
18 14 10 
21 -4 25 
19 -5 22 
15 12 9 
2 29 5 
18 17 13 
11 16 21 
19 15 14 
4 -23 22 
19 1 -17 
-20 25 -2 
17 6 7 
0 10 20 
13 14 3 
19 34 4 
4 19 34 
34 4 19 
0 46 -1 
14 15 16 
31 -16 30 
17 29 14 
17 20 23 
26 11 23 
8 21 4 
7 11 15 
18 1 14 
11 -12 10 
2 3 4 
-4 18 -5 
10 -28 27 
20 3 -14 
-21 34 -4 
13 42 2 
8 19 30 
36 -4 25 
8 28 6 
12 14 16 
22 0 20 
4 -13 18 
17 3 -11 
-12 19 2 
10 11 9 
9 10 11 
11 9 10 
11 -18 19 
12 4 -4 
-11 26 -3 
1 32 6 
18 13 8 
20 -6 25 
10 23 9 
13 14 15 
19 5 18 
7 9 11 
13 9 5 
7 9 11 
18 -25 28 
17 7 -3 
-14 39 -4 
1 53 -12 
1 14 27 
40 -25 27 
3 -1 4 
3 2 1 
0 5 1 
18 34 2 
2 18 34 
34 2 18 
5 40 6 
18 17 16 
28 -6 29 
7 22 1 
4 10 16 
19 -2 13 
18 -18 24 
14 8 2 
-8 34 -2 
11 -15 19 
13 5 -3 
-9 25 -1 
1 28 4 
14 11 8 
18 -6 21 
1 37 -8 
1 10 19 
28 -17 19 
1 24 8 
18 11 4 
14 -2 21 
16 34 7 
10 19 28 
31 4 22 
0 25 -1 
7 8 9 
17 -9 16 
9 -10 13 
8 4 0 
-5 18 -1 
11 -29 24 
15 2 -11 
-20 33 -7 
6 55 -1 
13 20 27 
41 -15 34 
14 2 20 
18 12 6 
4 22 10 
16 -5 19 
13 10 7 
1 25 4 
11 42 1 
8 18 28 
35 -6 25 
3 7 8 
11 6 1 
4 5 9 
18 35 4 
5 19 33 
34 3 20 
12 -3 15 
11 8 5 
1 19 4 
8 -12 19 
16 5 -6 
-9 22 2 
12 -4 7 
0 5 10 
3 14 -2 
11 39 10 
19 20 21 
30 1 29 
17 -19 20 
9 6 3 
-8 31 -5 
15 49 -4 
1 20 39 
44 -9 25 
17 -5 24 
19 12 5 
0 29 7 
15 -15 24 
17 8 -1 
-8 31 1 
11 -3 13 
9 7 5 
1 17 3 
20 -40 26 
8 2 -4 
-22 44 -16 
13 26 3 
4 14 24 
25 2 15 
10 -21 20 
13 3 -7 
-14 27 -4 
2 48 4 
20 18 16 
32 -12 34 
16 26 3 
2 15 28 
27 4 14 
13 14 3 
0 10 20 
17 6 7 
20 -24 25 
12 7 2 
-11 38 -6 
6 11 4 
5 7 9 
10 3 8 
13 -18 26 
20 7 -6 
-12 32 1 
8 16 15 
20 13 6 
11 10 18 
1 36 5 
18 14 10 
23 -8 27 
0 70 -13 
6 19 32 
51 -32 38 
16 -17 13 
1 4 7 
-5 25 -8 
11 -32 21 
10 0 -10 
-21 32 -11 
16 -2 13 
6 9 12 
5 20 2 
3 42 0 
12 15 18 
30 -12 27 
14 5 17 
15 12 9 
7 19 10 
9 -19 19 
13 3 -7 
-13 25 -3 
2 -9 16 
17 3 -11 
-10 15 4 
9 35 -2 
3 14 25 
30 -7 19 
14 12 10 
8 12 16 
14 12 10 
2 55 -9 
5 16 27 
41 -23 30 
3 44 1 
14 16 18 
31 -12 29 
2 59 -13 
1 16 31 
45 -27 30 
20 -53 33 
13 0 -13 
-33 53 -20 
20 18 16 
14 18 22 
20 18 16 
6 34 -4 
2 12 22 
28 -10 18 
17 -47 33 
17 1 -15 
-31 49 -15 
16 -40 24 
8 0 -8 
-24 40 -16 
11 -38 27 
16 0 -16 
-27 38 -11 
10 42 5 
14 19 24 
33 -4 28 
7 21 -1 
1 9 17 
19 -3 11 
8 8 11 
12 9 6 
7 10 10 
4 11 3 
5 6 7 
9 1 8 
4 46 1 
14 17 20 
33 -12 30 
13 -11 10 
1 4 7 
-2 19 -5 
17 10 21 
20 16 12 
11 22 15 
15 26 1 
0 14 28 
27 2 13 
13 20 15 
18 16 14 
17 12 19 
20 -18 22 
10 8 6 
-6 34 -4 
1 43 -8 
3 12 21 
32 -19 23 
10 -19 18 
11 3 -5 
-12 25 -4 
16 -35 22 
7 1 -5 
-20 37 -14 
6 -14 11 
6 1 -4 
-9 16 -4 
19 2 18 
12 13 14 
8 24 7 
15 -23 23 
13 5 -3 
-13 33 -5 
1 -9 14 
15 2 -11 
-10 13 3 
11 29 -1 
1 13 25 
27 -3 15 
5 48 -5 
6 16 26 
37 -16 27 
3 11 10 
15 8 1 
6 5 13 
1 -21 20 
19 0 -19 
-20 21 -1 
17 -18 22 
12 7 2 
-8 32 -3 
19 -21 20 
7 6 5 
-8 33 -7 
8 -12 19 
16 5 -6 
-9 22 2 
19 -38 31 
16 4 -8 
-23 46 -11 
1 11 0 
3 4 5 
8 -3 7 
13 1 16 
13 10 7 
4 19 7 
11 -24 22 
14 3 -8 
-16 30 -5 
3 37 -7 
1 11 21 
29 -15 19 
18 -15 18 
7 7 7 
-4 29 -4 
18 39 3 
5 20 35 
37 1 22 
15 -3 18 
13 10 7 
2 23 5 
12 -12 12 
4 4 4 
-4 20 -4 
7 23 12 
19 14 9 
16 5 21 
4 -15 20 
19 3 -13 
-14 21 2 
0 15 6 
13 7 1 
8 -1 14 
13 -39 26 
13 0 -13 
-26 39 -13 
1 46 -11 
0 12 24 
35 -22 23 
10 51 -4 
5 19 33 
42 -13 28 
8 -23 24 
19 3 -13 
-18 29 -2 
13 19 4 
3 12 21 
20 5 11 
9 53 -8 
1 18 35 
44 -17 27 
20 -28 29 
16 7 -2 
-15 42 -6 
4 27 -4 
1 9 17 
22 -9 14 
