25 -42 35 
16 6 -4 
-23 54 -13 
6 58 -4 
10 20 30 
44 -18 34 
29 34 9 
4 24 44 
39 14 19 
5 -14 18 
16 3 -10 
-12 20 1 
0 -5 11 
13 2 -9 
-7 9 4 
12 77 -2 
15 29 43 
60 -19 46 
14 65 -4 
7 25 43 
54 -15 36 
16 56 12 
24 28 32 
44 0 40 
6 -18 21 
18 3 -12 
-15 24 0 
3 33 -6 
1 10 19 
26 -13 17 
13 -39 26 
13 0 -13 
-26 39 -13 
8 -9 25 
25 8 -9 
-9 25 8 
5 64 -6 
10 21 32 
48 -22 37 
26 8 29 
24 21 18 
13 34 16 
12 -2 14 
10 8 6 
2 18 4 
19 78 -10 
0 29 58 
68 -20 39 
8 62 -4 
10 22 34 
48 -18 36 
15 84 -9 
6 30 54 
69 -24 45 
11 48 10 
22 23 24 
36 -2 35 
30 -4 25 
12 17 22 
9 38 4 
23 -71 51 
29 1 -27 
-49 73 -21 
21 14 7 
0 14 28 
21 14 7 
24 39 15 
17 26 35 
37 13 28 
29 9 25 
17 21 25 
17 33 13 
17 -10 23 
16 10 4 
-3 30 3 
17 74 -4 
8 29 50 
62 -16 41 
22 -32 22 
4 4 4 
-14 40 -14 
8 -9 7 
1 2 3 
-3 13 -4 
13 -25 27 
19 5 -9 
-17 35 -3 
13 25 4 
5 14 23 
24 3 15 
14 20 17 
20 17 14 
17 14 20 
9 55 5 
19 23 27 
41 -9 37 
28 -45 44 
25 9 -7 
-26 63 -10 
25 43 7 
7 25 43 
43 7 25 
1 87 -10 
15 26 37 
62 -35 51 
7 73 -11 
5 23 41 
57 -27 39 
0 85 -1 
27 28 29 
57 -29 56 
28 -44 40 
20 8 -4 
-24 60 -12 
2 -22 20 
18 0 -18 
-20 22 -2 
20 63 7 
17 30 43 
53 -3 40 
15 -33 36 
27 6 -15 
-24 45 -3 
24 1 32 
27 19 11 
6 37 14 
30 35 13 
9 26 43 
39 17 22 
4 32 9 
20 15 10 
21 -2 26 
15 -44 38 
26 3 -20 
-32 50 -9 
5 47 -1 
11 17 23 
35 -13 29 
9 75 -6 
11 26 41 
58 -23 43 
26 -27 37 
23 12 1 
-13 51 -2 
16 43 -2 
1 19 37 
40 -5 22 
19 67 1 
11 29 47 
57 -9 39 
22 21 14 
11 19 27 
24 17 16 
25 -57 47 
27 5 -17 
-37 67 -15 
15 -44 38 
26 3 -20 
-32 50 -9 
15 -10 28 
24 11 -2 
-6 32 7 
30 31 20 
17 27 37 
34 23 24 
0 39 6 
21 15 9 
24 -9 30 
9 32 13 
22 18 14 
23 4 27 
6 18 0 
2 8 14 
16 -2 10 
4 97 -14 
11 29 47 
72 -39 54 
2 56 -7 
8 17 26 
41 -22 32 
26 27 19 
17 24 31 
29 21 22 
14 25 15 
19 18 17 
21 11 22 
18 -14 23 
14 9 4 
-5 32 0 
7 22 1 
4 10 16 
19 -2 13 
5 86 -4 
20 29 38 
62 -28 53 
22 36 11 
12 23 34 
35 10 24 
13 52 1 
10 22 34 
43 -8 31 
17 23 5 
3 15 27 
25 7 13 
29 -27 25 
5 9 13 
-7 45 -11 
17 23 20 
23 20 17 
20 17 23 
5 80 -10 
10 25 40 
60 -30 45 
27 20 31 
30 26 22 
21 32 25 
15 50 -5 
0 20 40 
45 -10 25 
29 -64 47 
22 4 -14 
-39 72 -21 
12 31 -1 
1 14 27 
29 -3 16 
20 -9 34 
29 15 1 
-4 39 10 
11 -39 34 
25 2 -21 
-30 43 -7 
9 28 14 
22 17 12 
20 6 25 
13 -5 19 
15 9 3 
-1 23 5 
10 70 7 
26 29 32 
51 -12 48 
27 0 36 
30 21 12 
6 42 15 
14 29 17 
23 20 17 
23 11 26 
0 -9 24 
29 5 -19 
-14 19 10 
5 47 -1 
11 17 23 
35 -13 29 
14 -23 21 
11 4 -3 
-13 31 -6 
6 99 -15 
9 30 51 
75 -39 54 
11 37 3 
9 17 25 
31 -3 23 
0 65 -11 
7 18 29 
47 -29 36 
9 -24 18 
10 1 -8 
-16 26 -7 
16 52 16 
28 28 28 
40 4 40 
11 -7 20 
17 8 -1 
-4 23 5 
26 -16 17 
0 9 18 
1 34 -8 
30 -41 26 
1 5 9 
-16 51 -20 
21 -52 43 
26 4 -18 
-35 60 -13 
10 72 2 
20 28 36 
54 -16 46 
11 58 -6 
4 21 38 
48 -16 31 
5 -32 33 
30 2 -26 
-29 36 -1 
8 44 5 
16 19 22 
33 -6 30 
27 -27 24 
5 8 11 
-8 43 -11 
18 -28 34 
24 8 -8 
-18 44 -2 
27 16 17 
10 20 30 
23 24 13 
22 -4 15 
4 11 18 
7 26 0 
25 -51 29 
5 1 -3 
-27 53 -23 
20 21 22 
23 21 19 
20 21 22 
18 -43 25 
7 0 -7 
-25 43 -18 
21 1 11 
1 11 21 
11 21 1 
27 21 24 
21 24 27 
24 27 21 
2 92 -4 
24 30 36 
64 -32 58 
23 -20 39 
30 14 -2 
-11 48 5 
9 5 7 
5 7 9 
7 9 5 
1 -13 12 
11 0 -11 
-12 13 -1 
19 -23 16 
1 4 7 
-8 31 -11 
10 77 -3 
15 28 41 
59 -21 46 
26 47 17 
21 30 39 
43 13 34 
12 61 8 
23 27 31 
46 -7 42 
17 19 21 
23 19 15 
17 19 21 
17 34 21 
28 24 20 
27 14 31 
19 -55 39 
21 1 -19 
-37 57 -17 
18 -11 14 
3 7 11 
0 25 -4 
13 41 15 
25 23 21 
31 5 33 
5 90 -11 
12 28 44 
67 -34 51 
5 77 -16 
1 22 43 
60 -33 39 
11 35 8 
15 18 21 
28 1 25 
26 12 19 
12 19 26 
19 26 12 
3 41 -5 
5 13 21 
31 -15 23 
27 2 31 
24 20 16 
9 38 13 
28 -63 35 
7 0 -7 
-35 63 -28 
18 47 10 
17 25 33 
40 3 32 
2 1 3 
3 2 1 
1 3 2 
2 105 -17 
11 30 49 
77 -45 58 
24 6 30 
26 20 14 
10 34 16 
27 -60 42 
18 3 -12 
-36 66 -21 
16 45 8 
15 23 31 
38 1 30 
0 15 0 
5 5 5 
10 -5 10 
6 -3 9 
7 4 1 
-1 11 2 
15 11 19 
19 15 11 
11 19 15 
25 -43 27 
5 3 1 
-21 49 -19 
27 4 26 
18 19 20 
12 34 11 
16 88 -14 
0 30 60 
74 -28 44 
29 13 33 
29 25 21 
17 37 21 
1 25 16 
29 14 -1 
12 3 27 
10 -21 29 
25 6 -13 
-17 33 2 
15 49 2 
9 22 35 
42 -5 29 
0 49 -1 
15 16 17 
33 -17 32 
29 27 10 
3 22 41 
34 17 15 
13 73 -8 
5 26 47 
60 -21 39 
13 47 9 
19 23 27 
37 -1 33 
19 41 12 
17 24 31 
36 7 29 
0 90 -3 
26 29 32 
61 -32 58 
24 -14 29 
18 13 8 
-3 40 2 
24 16 29 
28 23 18 
17 30 22 
4 38 15 
30 19 8 
23 0 34 
6 10 17 
22 11 0 
5 12 16 
12 50 -2 
6 20 34 
42 -10 28 
24 4 23 
16 17 18 
11 30 10 
24 -31 25 
7 6 5 
-13 43 -12 
6 58 5 
22 23 24 
41 -12 40 
0 52 -1 
16 17 18 
35 -18 34 
3 87 -12 
11 26 41 
64 -35 49 
29 -22 26 
8 11 14 
-4 44 -7 
9 58 -4 
8 21 34 
46 -16 33 
11 68 5 
22 28 34 
51 -12 45 
18 42 18 
26 26 26 
34 10 34 
1 92 -3 
26 30 34 
63 -32 59 
29 -39 37 
17 9 1 
-19 57 -11 
24 -61 43 
21 2 -17 
-39 65 -20 
8 15 13 
17 12 7 
11 9 16 
19 55 16 
27 30 33 
44 5 41 
3 45 9 
25 19 13 
29 -7 35 
11 31 18 
27 20 13 
22 9 29 
16 -15 32 
27 11 -5 
-10 37 6 
29 -44 36 
14 7 0 
-22 58 -15 
29 -67 47 
21 3 -15 
-41 73 -23 
9 29 16 
25 18 11 
20 7 27 
21 -3 30 
25 16 7 
2 35 11 
21 -40 43 
30 8 -14 
-27 56 -5 
27 12 18 
10 19 28 
20 26 11 
25 7 22 
15 18 21 
14 29 11 
22 30 11 
10 21 32 
31 12 20 
25 32 6 
2 21 40 
36 10 17 
27 -35 26 
5 6 7 
-14 47 -15 
20 18 25 
26 21 16 
17 24 22 
28 16 31 
28 25 22 
19 34 22 
0 65 -5 
15 20 25 
45 -25 40 
25 -62 46 
24 3 -18 
-40 68 -19 
11 24 19 
26 18 10 
17 12 25 
7 -31 33 
29 3 -23 
-27 37 -1 
0 84 -21 
0 21 42 
63 -42 42 
14 24 7 
8 15 22 
23 6 16 
13 -15 23 
17 7 -3 
-9 29 1 
2 -10 14 
14 2 -10 
-10 14 2 
16 -38 22 
6 0 -6 
-22 38 -16 
1 60 5 
26 22 18 
39 -16 43 
27 2 16 
4 15 26 
14 28 3 
19 70 1 
12 30 48 
59 -10 41 
20 33 16 
19 23 27 
30 13 26 
9 37 17 
29 21 13 
25 5 33 
19 5 24 
21 16 11 
8 27 13 
25 26 27 
28 26 24 
25 26 27 
14 51 -5 
1 20 39 
45 -11 26 
12 13 14 
15 13 11 
12 13 14 
13 40 4 
10 19 28 
34 -2 25 
20 48 16 
24 28 32 
40 8 36 
6 -3 6 
3 3 3 
0 9 0 
21 -59 41 
21 1 -19 
-39 61 -19 
23 36 25 
30 28 26 
31 20 33 
12 25 11 
15 16 17 
21 7 20 
8 30 19 
30 19 8 
19 8 30 
15 17 16 
17 16 15 
16 15 17 
6 80 -14 
4 24 44 
62 -32 42 
8 54 1 
14 21 28 
41 -12 34 
2 45 4 
19 17 15 
30 -11 32 
30 20 28 
24 26 28 
24 32 22 
23 12 28 
26 21 16 
14 30 19 
24 -33 33 
17 8 -1 
-17 49 -8 
16 53 15 
27 28 29 
41 3 40 
10 49 4 
15 21 27 
38 -7 32 
15 89 -14 
1 30 59 
74 -29 45 
28 -33 26 
5 7 9 
-12 47 -14 
26 41 8 
7 25 43 
42 9 24 
14 57 -5 
3 22 41 
49 -13 30 
14 50 2 
10 22 34 
42 -6 30 
29 -38 27 
4 6 8 
-15 50 -17 
27 -44 44 
26 9 -8 
-26 62 -9 
13 67 -5 
7 25 43 
55 -17 37 
11 42 4 
12 19 26 
34 -4 27 
20 70 -6 
2 28 54 
62 -14 36 
7 55 -5 
7 19 31 
43 -17 31 
23 24 25 
26 24 22 
23 24 25 
9 77 4 
25 30 35 
56 -17 51 
27 -26 26 
8 9 10 
-8 44 -9 
0 48 -3 
12 15 18 
33 -18 30 
22 64 1 
8 29 50 
57 -6 36 
24 17 28 
27 23 19 
18 29 22 
30 -45 27 
1 4 7 
-19 53 -22 
16 68 0 
12 28 44 
56 -12 40 
1 102 -22 
4 27 50 
76 -48 53 
19 -10 33 
28 14 0 
-5 38 9 
23 -1 26 
19 16 13 
6 33 9 
8 -11 18 
15 5 -5 
-8 21 2 
13 23 6 
7 14 21 
22 5 15 
15 -19 34 
29 10 -9 
-14 39 5 
18 -32 35 
24 7 -10 
-21 46 -4 
26 -38 27 
6 5 4 
-17 48 -16 
16 -9 20 
13 9 5 
-2 27 2 
9 -7 10 
5 4 3 
-2 15 -1 
19 45 17 
25 27 29 
37 9 35 
23 15 13 
7 17 27 
21 19 11 
25 -55 42 
21 4 -13 
-34 63 -17 
9 57 6 
21 24 27 
42 -9 39 
26 -25 20 
1 7 13 
-6 39 -12 
1 90 -19 
4 24 44 
67 -42 47 
15 -31 19 
5 1 -3 
-17 33 -13 
23 41 2 
1 22 43 
42 3 21 
16 25 7 
7 16 25 
25 7 16 
1 59 -12 
3 16 29 
44 -27 31 
23 -18 19 
4 8 12 
-3 34 -7 
21 -16 31 
22 12 2 
-7 40 3 
7 8 24 
30 13 -4 
2 18 19 
15 78 -3 
12 30 48 
63 -18 45 
12 55 11 
25 26 27 
41 -3 40 
30 14 25 
18 23 28 
21 32 16 
22 -28 39 
28 11 -6 
-17 50 0 
5 34 15 
28 18 8 
21 2 31 
18 49 11 
19 26 33 
41 3 34 
7 18 17 
24 14 4 
11 10 21 
22 10 16 
10 16 22 
16 22 10 
2 14 -1 
2 5 8 
11 -4 8 
15 0 18 
14 11 8 
4 22 7 
21 46 11 
16 26 36 
41 6 31 
16 58 4 
14 26 38 
48 -6 36 
23 -16 29 
18 12 6 
-5 40 1 
9 71 -8 
7 24 41 
56 -23 39 
20 44 2 
4 22 40 
42 0 24 
16 -17 28 
21 9 -3 
-10 35 2 
11 34 9 
16 18 20 
27 2 25 
6 7 14 
17 9 1 
4 11 12 
16 -6 32 
30 14 -2 
-4 34 12 
3 72 6 
30 27 24 
48 -18 51 
13 56 -6 
2 21 40 
48 -14 29 
3 5 13 
17 7 -3 
1 9 11 
26 27 10 
5 21 37 
32 15 16 
23 -5 27 
19 15 11 
3 35 7 
23 15 19 
15 19 23 
19 23 15 
26 45 7 
7 26 45 
45 7 26 
21 -44 26 
6 1 -4 
-24 46 -19 
5 5 11 
13 7 1 
3 9 9 
23 -8 27 
18 14 10 
1 36 5 
24 -25 22 
5 7 9 
-8 39 -10 
10 -24 20 
12 2 -8 
-16 28 -6 
24 13 11 
3 16 29 
21 19 8 
10 89 -12 
7 29 51 
70 -31 48 
10 21 17 
23 16 9 
15 11 22 
24 29 25 
27 26 25 
27 23 28 
5 96 -14 
10 29 48 
72 -38 53 
28 -41 31 
9 6 3 
-19 53 -16 
10 -43 36 
27 1 -25 
-34 45 -8 
29 -36 25 
2 6 10 
-13 48 -17 
7 83 -3 
19 29 39 
61 -25 51 
18 10 14 
10 14 18 
14 18 10 
19 -48 29 
10 0 -10 
-29 48 -19 
11 73 -12 
1 24 47 
60 -25 37 
19 -7 15 
5 9 13 
3 25 -1 
6 -32 26 
20 0 -20 
-26 32 -6 
28 -40 33 
12 7 2 
-19 54 -14 
17 -42 34 
20 3 -14 
-28 48 -11 
21 -21 24 
11 8 5 
-8 37 -5 
17 59 5 
15 27 39 
49 -5 37 
0 -20 23 
24 1 -22 
-21 22 2 
14 44 5 
12 21 30 
37 -2 28 
17 74 -4 
8 29 50 
62 -16 41 
3 38 4 
16 15 14 
26 -8 27 
26 -18 40 
30 16 2 
-8 50 6 
5 -14 12 
8 1 -6 
-10 16 -3 
19 -20 22 
10 7 4 
-8 34 -5 
16 -10 21 
14 9 4 
-3 28 2 
8 32 11 
20 17 14 
23 2 26 
23 30 10 
8 21 34 
32 12 19 
1 44 0 
14 15 16 
30 -14 29 
20 -15 31 
23 12 1 
-7 39 4 
5 -15 10 
5 0 -5 
-10 15 -5 
1 20 -3 
2 6 10 
15 -8 11 
26 -18 31 
18 13 8 
-5 44 0 
21 -55 43 
25 3 -19 
-37 61 -15 
30 -37 40 
21 11 1 
-18 59 -8 
26 -61 50 
29 5 -19 
-40 71 -16 
2 65 -10 
7 19 31 
48 -27 36 
12 -16 28 
24 8 -8 
-12 32 4 
18 -32 38 
28 8 -12 
-22 48 -2 
26 43 18 
21 29 37 
40 15 32 
19 1 19 
13 13 13 
7 25 7 
10 17 12 
15 13 11 
14 9 16 
17 52 9 
18 26 34 
43 0 35 
21 14 13 
8 16 24 
19 18 11 
8 89 -10 
11 29 47 
68 -31 50 
2 3 10 
13 5 -3 
0 7 8 
18 37 14 
19 23 27 
32 9 28 
2 73 -15 
3 20 37 
55 -33 38 
7 34 1 
8 14 20 
27 -6 21 
8 11 2 
1 7 13 
12 3 6 
4 -38 34 
30 0 -30 
-34 38 -4 
11 -27 19 
9 1 -7 
-17 29 -9 
5 -1 11 
11 5 -1 
-1 11 5 
13 58 13 
28 28 28 
43 -2 43 
14 74 -10 
2 26 50 
62 -22 38 
5 64 3 
22 24 26 
45 -16 43 
15 39 15 
23 23 23 
31 7 31 
9 -7 7 
1 3 5 
-1 13 -3 
28 35 27 
29 30 31 
33 25 32 
26 -39 43 
27 10 -7 
-23 59 -6 
13 43 1 
7 19 31 
37 -5 25 
12 84 -9 
8 29 50 
67 -26 46 
9 14 7 
8 10 12 
13 6 11 
17 -30 28 
16 5 -6 
-18 40 -7 
21 8 25 
22 18 14 
11 28 15 
2 -5 21 
25 6 -13 
-9 17 10 
20 28 24 
28 24 20 
24 20 28 
6 36 15 
28 19 10 
23 2 32 
13 -30 23 
12 2 -8 
-19 34 -9 
3 77 4 
29 28 27 
52 -21 53 
13 -37 36 
27 4 -19 
-28 45 -5 
29 -32 39 
22 12 2 
-15 56 -5 
5 94 -9 
16 30 44 
69 -34 55 
16 35 9 
13 20 27 
31 5 24 
3 30 -3 
4 10 16 
23 -10 17 
18 -14 32 
26 12 -2 
-8 38 6 
2 59 5 
25 22 19 
39 -15 42 
3 32 4 
14 13 12 
22 -6 23 
26 42 13 
14 27 40 
41 12 28 
18 56 1 
8 25 42 
49 -6 32 
0 22 11 
22 11 0 
11 0 22 
20 39 10 
13 23 33 
36 7 26 
20 -7 17 
7 10 13 
3 27 0 
25 9 29 
25 21 17 
13 33 17 
6 70 5 
26 27 28 
49 -16 48 
8 23 2 
5 11 17 
20 -1 14 
6 59 -5 
9 20 31 
45 -19 34 
5 87 -8 
15 28 41 
64 -31 51 
21 65 4 
13 30 47 
56 -5 39 
2 105 -23 
3 28 53 
79 -49 54 
23 18 7 
0 16 32 
25 14 9 
11 65 11 
29 29 29 
47 -7 47 
11 -14 12 
4 3 2 
-6 20 -5 
0 53 -8 
7 15 23 
38 -23 30 
29 29 11 
5 23 41 
35 17 17 
14 -42 34 
22 2 -18 
-30 46 -10 
1 56 -9 
6 16 26 
41 -24 31 
25 -17 22 
7 10 13 
-2 37 -5 
26 -42 28 
6 4 2 
-20 50 -18 
10 -7 15 
11 6 1 
-3 19 2 
14 55 12 
25 27 29 
42 -1 40 
25 -39 35 
17 7 -3 
-21 53 -11 
13 28 22 
30 21 12 
20 14 29 
17 69 4 
17 30 43 
56 -9 43 
26 3 16 
5 15 25 
14 27 4 
18 -3 30 
27 15 3 
0 33 12 
5 -9 22 
23 6 -11 
-10 21 7 
18 58 8 
18 28 38 
48 -2 38 
29 28 27 
26 28 30 
29 28 27 
16 18 14 
14 16 18 
18 14 16 
19 49 10 
17 26 35 
42 3 33 
12 30 6 
10 16 22 
26 2 20 
21 -11 35 
29 15 1 
-5 41 9 
24 -64 46 
24 2 -20 
-42 68 -20 
26 -16 38 
28 16 4 
-6 48 6 
21 18 6 
0 15 30 
24 12 9 
9 27 12 
19 16 13 
20 5 23 
5 0 16 
18 7 -4 
-2 14 9 
17 -9 19 
11 9 7 
-1 27 1 
28 26 15 
10 23 36 
31 20 18 
11 61 0 
13 24 35 
48 -13 37 
25 12 23 
18 20 22 
17 28 15 
17 43 12 
19 24 29 
36 5 31 
5 79 0 
23 28 33 
56 -23 51 
14 67 3 
17 28 39 
53 -11 42 
12 70 -10 
2 24 46 
58 -22 36 
17 -56 39 
22 0 -22 
-39 56 -17 
30 45 15 
15 30 45 
45 15 30 
8 91 -15 
5 28 51 
71 -35 48 
24 21 18 
15 21 27 
24 21 18 
30 13 20 
11 21 31 
22 29 12 
0 100 -22 
4 26 48 
74 -48 52 
29 -11 24 
9 14 19 
4 39 -1 
27 20 16 
10 21 32 
26 22 15 
9 18 15 
20 14 8 
13 10 19 
22 29 21 
23 24 25 
27 19 26 
11 31 6 
11 16 21 
26 1 21 
17 38 17 
24 24 24 
31 10 31 
15 -39 39 
29 5 -19 
-29 49 -5 
1 86 -15 
8 24 40 
63 -38 47 
13 20 24 
30 19 8 
14 18 25 
22 -41 34 
17 5 -7 
-24 51 -12 
5 -21 25 
23 3 -17 
-19 27 1 
18 19 26 
29 21 13 
16 23 24 
19 60 -1 
6 26 46 
53 -8 33 
13 67 4 
19 28 37 
52 -11 43 
12 -5 20 
17 9 1 
-2 23 6 
0 94 -7 
22 29 36 
65 -36 58 
20 17 20 
19 19 19 
18 21 18 
0 97 -13 
15 28 41 
69 -41 56 
5 69 1 
21 25 29 
49 -19 45 
23 -60 40 
18 1 -16 
-38 62 -21 
24 -33 42 
29 11 -7 
-20 55 -2 
16 44 18 
28 26 24 
34 8 36 
17 -40 29 
14 2 -10 
-25 44 -13 
1 -2 13 
16 4 -8 
-5 10 7 
27 40 20 
22 29 36 
38 18 31 
10 91 -14 
5 29 53 
72 -33 48 
19 15 11 
7 15 23 
19 15 11 
29 -50 27 
0 2 4 
-23 54 -25 
20 74 -4 
6 30 54 
64 -14 40 
0 64 -7 
12 19 26 
45 -26 38 
19 20 21 
22 20 18 
19 20 21 
0 29 -5 
3 8 13 
21 -13 16 
11 -33 28 
19 2 -15 
-24 37 -7 
7 -32 34 
30 3 -24 
-28 38 -1 
16 -24 14 
0 2 4 
-10 28 -12 
2 23 -4 
1 7 13 
18 -9 12 
22 -8 31 
24 15 6 
-1 38 8 
6 0 15 
16 7 -2 
-1 14 8 
23 -19 29 
17 11 5 
-7 41 -1 
8 -26 21 
14 1 -12 
-19 28 -6 
6 -42 36 
30 0 -30 
-36 42 -6 
11 32 20 
30 21 12 
22 10 31 
10 -11 16 
11 5 -1 
-6 21 0 
23 -54 34 
12 1 -10 
-32 56 -21 
28 3 35 
29 22 15 
9 41 16 
21 -5 17 
7 11 15 
5 27 1 
17 5 20 
17 14 11 
8 23 11 
25 34 25 
28 28 28 
31 22 31 
3 51 0 
15 18 21 
36 -15 33 
20 6 13 
6 13 20 
13 20 6 
11 -34 29 
20 2 -16 
-25 38 -7 
9 39 0 
7 16 25 
32 -7 23 
4 -8 13 
12 3 -6 
-7 14 2 
15 -2 20 
16 11 6 
2 24 7 
11 42 1 
8 18 28 
35 -6 25 
17 44 -1 
2 20 38 
41 -4 23 
24 44 16 
20 28 36 
40 12 32 
7 -28 27 
22 2 -18 
-23 32 -3 
24 -13 22 
9 11 13 
0 35 -2 
13 77 -6 
9 28 47 
62 -21 43 
9 60 -6 
6 21 36 
48 -18 33 
15 32 7 
10 18 26 
29 4 21 
21 -20 35 
26 12 -2 
-11 44 3 
18 71 1 
13 30 47 
59 -11 42 
14 66 4 
18 28 38 
52 -10 42 
26 -13 17 
1 10 19 
3 33 -6 
2 100 -21 
4 27 50 
75 -46 52 
21 12 15 
10 16 22 
17 20 11 
1 16 1 
6 6 6 
11 -4 11 
22 -4 30 
24 16 8 
2 36 10 
12 39 -3 
1 16 31 
35 -7 20 
18 60 3 
12 27 42 
51 -6 36 
4 0 8 
8 4 0 
0 8 4 
9 69 6 
25 28 31 
50 -13 47 
6 78 -6 
14 26 38 
58 -26 46 
19 3 20 
15 14 13 
8 25 9 
19 65 6 
17 30 43 
54 -5 41 
3 47 -5 
7 15 23 
35 -17 27 
14 -11 15 
7 6 5 
-3 23 -2 
28 21 14 
7 21 35 
28 21 14 
4 4 4 
4 4 4 
4 4 4 
4 18 8 
14 10 6 
12 2 16 
2 29 5 
15 12 9 
19 -5 22 
30 24 12 
4 22 40 
32 20 14 
12 -49 37 
25 0 -25 
-37 49 -12 
22 44 0 
0 22 44 
44 0 22 
28 -8 37 
28 19 10 
1 46 10 
1 66 -10 
8 19 30 
48 -28 37 
30 27 15 
9 24 39 
33 21 18 
24 67 -1 
5 30 55 
61 -7 36 
20 -29 33 
21 8 -5 
-17 45 -4 
22 -5 25 
17 14 11 
3 33 6 
9 70 5 
24 28 32 
51 -14 47 
3 88 -10 
14 27 40 
64 -34 51 
19 66 -4 
4 27 50 
58 -12 35 
4 -14 28 
30 6 -18 
-16 26 8 
18 38 16 
22 24 26 
32 10 30 
7 17 9 
13 11 9 
13 5 15 
3 60 9 
30 24 18 
39 -12 45 
20 9 10 
3 13 23 
16 17 6 
9 21 6 
9 12 15 
18 3 15 
19 -47 34 
17 2 -13 
-30 51 -15 
30 -56 35 
8 3 -2 
-29 62 -24 
21 7 14 
7 14 21 
14 21 7 
4 22 -2 
2 8 14 
18 -6 12 
12 28 17 
24 19 14 
21 10 26 
9 70 2 
20 27 34 
52 -16 45 
20 -20 21 
8 7 6 
-7 34 -6 
26 -44 45 
28 9 -10 
-27 62 -8 
29 -10 35 
24 18 12 
1 46 7 
2 -24 22 
20 0 -20 
-22 24 -2 
6 -26 32 
30 4 -22 
-24 34 2 
23 25 15 
13 21 29 
27 17 19 
15 -2 23 
20 12 4 
1 26 9 
22 8 9 
0 13 26 
17 18 4 
0 64 -16 
0 16 32 
48 -32 32 
20 -37 20 
1 1 1 
-18 39 -18 
25 40 7 
6 24 42 
41 8 23 
29 -58 50 
28 7 -14 
-36 72 -15 
30 -69 45 
17 2 -13 
-41 73 -26 
10 38 15 
26 21 16 
27 4 32 
22 -46 27 
6 1 -4 
-25 48 -20 
0 77 1 
27 26 25 
51 -25 52 
19 70 -5 
4 28 52 
61 -14 37 
23 -67 50 
29 2 -25 
-46 71 -19 
6 -16 16 
12 2 -8 
-12 20 -2 
13 46 -2 
4 19 34 
40 -8 25 
25 36 17 
18 26 34 
35 16 27 
10 2 12 
10 8 6 
4 14 6 
8 15 13 
17 12 7 
11 9 16 
11 12 10 
10 11 12 
12 10 11 
16 -48 41 
28 3 -22 
-35 54 -10 
24 -61 37 
13 0 -13 
-37 61 -24 
7 75 -7 
11 25 39 
57 -25 43 
25 32 18 
18 25 32 
32 18 25 
7 96 -19 
2 28 54 
75 -40 49 
28 10 25 
18 21 24 
17 32 14 
7 14 21 
28 14 0 
7 14 21 
17 18 7 
4 14 24 
21 10 11 
8 43 6 
17 19 21 
32 -5 30 
9 12 18 
22 13 4 
8 14 17 
27 8 19 
10 18 26 
17 28 9 
14 34 21 
30 23 16 
25 12 32 
3 77 -17 
1 21 41 
59 -35 39 
8 -18 31 
30 7 -16 
-17 32 6 
0 16 14 
24 10 -4 
6 4 20 
14 46 12 
22 24 26 
36 2 34 
23 -21 37 
27 13 -1 
-11 47 3 
27 8 28 
22 21 20 
14 34 15 
20 -33 22 
5 3 1 
-16 39 -14 
27 0 18 
6 15 24 
12 30 3 
18 11 28 
29 19 9 
10 27 20 
3 62 -2 
16 21 26 
44 -20 39 
6 39 0 
9 15 21 
30 -9 24 
11 -16 11 
2 2 2 
-7 20 -7 
20 -27 37 
27 10 -7 
-17 47 0 
26 -17 33 
21 14 7 
-5 45 2 
21 7 11 
3 13 23 
15 19 5 
29 -19 41 
29 17 5 
-7 53 5 
12 51 15 
29 26 23 
37 1 40 
18 47 4 
9 23 37 
42 -1 28 
10 -34 36 
30 4 -22 
-28 42 -2 
4 38 -6 
2 12 22 
30 -14 20 
19 60 11 
22 30 38 
49 0 41 
10 30 11 
18 17 16 
23 4 24 
12 19 2 
1 11 21 
20 3 10 
3 18 0 
4 7 10 
14 -4 11 
27 6 27 
20 20 20 
13 34 13 
27 -48 45 
26 8 -10 
-29 64 -11 
21 -35 32 
17 6 -5 
-20 47 -9 
1 33 -7 
1 9 17 
25 -15 17 
16 56 6 
16 26 36 
46 -4 36 
4 -2 22 
26 8 -10 
-6 18 12 
11 81 -8 
9 28 47 
64 -25 45 
12 42 3 
10 19 28 
35 -4 26 
23 7 18 
11 16 21 
14 25 9 
9 83 -2 
19 30 41 
62 -23 51 
28 -70 42 
14 0 -14 
-42 70 -28 
24 -27 24 
7 7 7 
-10 41 -10 
12 45 3 
11 20 29 
37 -5 28 
11 83 -7 
11 29 47 
65 -25 47 
15 32 22 
30 23 16 
24 14 31 
7 45 2 
13 18 23 
34 -9 29 
22 37 7 
7 22 37 
37 7 22 
30 13 23 
15 22 29 
21 31 14 
15 20 10 
10 15 20 
20 10 15 
20 -22 35 
26 11 -4 
-13 44 2 
21 48 18 
26 29 32 
40 10 37 
9 81 0 
21 30 39 
60 -21 51 
22 59 3 
9 28 47 
53 -3 34 
28 -42 47 
30 11 -8 
-25 64 -6 
5 92 -19 
2 26 50 
71 -40 47 
16 22 16 
18 18 18 
20 14 20 
0 -9 12 
13 1 -11 
-10 11 2 
8 -2 9 
6 5 4 
1 12 2 
25 0 14 
2 13 24 
12 26 1 
5 37 9 
21 17 13 
25 -3 29 
26 31 9 
5 22 39 
35 13 18 
16 39 -1 
1 18 35 
37 -3 20 
12 24 9 
12 15 18 
21 6 18 
18 24 6 
4 16 28 
26 8 14 
10 36 -4 
0 14 28 
32 -8 18 
20 -22 26 
14 8 2 
-10 38 -4 
18 -45 42 
29 5 -19 
-32 55 -8 
4 -24 23 
20 1 -18 
-21 26 -2 
27 -72 51 
26 2 -22 
-47 76 -23 
17 31 21 
27 23 19 
25 15 29 
10 -12 17 
12 5 -2 
-7 22 0 
21 -39 36 
21 6 -9 
-24 51 -9 
24 -53 41 
21 4 -13 
-33 61 -16 
13 47 3 
11 21 31 
39 -5 29 
3 55 2 
19 20 21 
38 -15 37 
26 -38 33 
14 7 0 
-19 52 -12 
15 61 -4 
5 24 43 
52 -13 33 
5 42 13 
28 20 12 
27 -2 35 
11 11 17 
19 13 7 
9 15 15 
9 -15 21 
17 5 -7 
-11 25 1 
24 27 27 
29 26 23 
25 25 28 
15 25 2 
1 14 27 
26 3 13 
2 -20 24 
24 2 -20 
-20 24 2 
3 50 -5 
8 16 24 
37 -18 29 
24 12 21 
16 19 22 
17 26 14 
13 -7 24 
21 10 -1 
-4 27 7 
28 29 27 
27 28 29 
29 27 28 
6 65 -11 
3 20 37 
51 -25 34 
25 57 5 
9 29 49 
53 1 33 
13 59 9 
23 27 31 
45 -5 41 
13 25 7 
9 15 21 
23 5 17 
4 81 -1 
23 28 33 
57 -25 52 
21 -14 26 
16 11 6 
-4 36 1 
15 38 16 
24 23 22 
30 8 31 
1 20 9 
18 10 2 
11 0 19 
7 60 8 
26 25 24 
42 -10 43 
2 15 10 
17 9 1 
8 3 16 
4 -15 11 
7 0 -7 
-11 15 -4 
1 43 -8 
3 12 21 
32 -19 23 
7 33 5 
13 15 17 
25 -3 23 
18 35 1 
1 18 35 
35 1 18 
19 5 24 
21 16 11 
8 27 13 
30 36 21 
20 29 38 
37 22 28 
24 -38 32 
14 6 -2 
-20 50 -12 
6 62 7 
26 25 24 
43 -12 44 
22 46 13 
18 27 36 
41 8 32 
14 59 11 
25 28 31 
45 -3 42 
8 15 4 
5 9 13 
14 3 10 
16 -43 39 
27 4 -19 
-31 51 -8 
0 88 -7 
20 27 34 
61 -34 54 
21 16 20 
18 19 20 
18 22 17 
30 -6 30 
18 18 18 
6 42 6 
14 32 5 
8 17 26 
29 2 20 
22 45 17 
23 28 33 
39 11 34 
20 -1 17 
9 12 15 
7 25 4 
27 60 0 
2 29 56 
58 -2 31 
22 39 14 
17 25 33 
36 11 28 
20 44 -1 
0 21 42 
43 -2 22 
8 -7 26 
27 9 -9 
-8 25 10 
21 -3 15 
5 11 17 
7 25 1 
7 42 -7 
0 14 28 
35 -14 21 
9 42 3 
12 18 24 
33 -6 27 
0 82 -13 
10 23 36 
59 -36 46 
9 -3 9 
5 5 5 
1 13 1 
23 -46 32 
12 3 -6 
-26 52 -17 
23 -39 40 
25 8 -9 
-24 55 -7 
21 12 21 
18 18 18 
15 24 15 
9 72 3 
22 28 34 
53 -16 47 
24 -7 25 
15 14 13 
3 35 4 
20 -27 25 
11 6 1 
-13 39 -8 
23 18 25 
24 22 20 
19 26 21 
24 -20 32 
20 12 4 
-8 44 0 
22 -54 47 
30 5 -20 
-37 64 -12 
24 -54 39 
18 3 -12 
-33 60 -18 
1 14 3 
8 6 4 
9 -2 11 
21 -52 46 
30 5 -20 
-36 62 -11 
4 42 14 
30 20 10 
26 -2 36 
17 21 7 
5 15 25 
23 9 13 
13 18 14 
16 15 14 
16 12 17 
10 22 13 
18 15 12 
17 8 20 
0 -10 19 
22 3 -16 
-13 16 6 
16 -48 32 
16 0 -16 
-32 48 -16 
24 45 9 
11 26 41 
43 7 28 
20 -44 42 
28 6 -16 
-30 56 -8 
26 -27 31 
15 10 5 
-11 47 -6 
11 -35 30 
21 2 -17 
-26 39 -7 
26 39 4 
1 23 45 
42 7 20 
9 -26 17 
8 0 -8 
-17 26 -9 
17 -32 21 
6 2 -2 
-17 36 -13 
9 12 12 
14 11 8 
10 10 13 
29 -46 32 
8 5 2 
-22 56 -19 
3 17 4 
9 8 7 
12 -1 13 
4 96 -19 
4 27 50 
73 -42 50 
10 39 17 
29 22 15 
27 5 34 
12 28 8 
12 16 20 
24 4 20 
1 55 -11 
3 15 27 
41 -25 29 
23 16 18 
14 19 24 
20 22 15 
16 -42 32 
18 2 -14 
-28 46 -12 
28 30 14 
10 24 38 
34 18 20 
21 -33 27 
11 5 -1 
-17 43 -11 
1 69 -16 
1 18 35 
52 -33 35 
26 -54 31 
6 1 -4 
-29 56 -24 
24 43 20 
25 29 33 
38 15 34 
5 23 -1 
3 9 15 
19 -5 13 
25 -69 50 
27 2 -23 
-46 73 -21 
4 68 -12 
4 20 36 
52 -28 36 
13 25 10 
13 16 19 
22 7 19 
20 -18 34 
26 12 -2 
-10 42 4 
0 -11 14 
15 1 -13 
-12 13 2 
5 43 6 
19 18 17 
30 -7 31 
18 -10 19 
10 9 8 
-1 28 0 
20 10 30 
30 20 10 
10 30 20 
22 13 25 
23 20 17 
15 27 18 
0 36 -3 
8 11 14 
25 -14 22 
29 -40 41 
22 10 -2 
-21 60 -9 
5 -6 4 
0 1 2 
-2 8 -3 
14 -12 28 
24 10 -4 
-8 32 6 
15 68 -8 
2 25 48 
58 -18 35 
6 22 5 
10 11 12 
17 0 16 
9 4 5 
2 6 10 
7 8 3 
17 61 -3 
5 25 45 
53 -11 33 
29 7 18 
7 18 29 
18 29 7 
20 57 13 
23 30 37 
47 3 40 
9 -39 30 
21 0 -21 
-30 39 -9 
24 -9 24 
13 13 13 
2 35 2 
11 68 2 
18 27 36 
52 -14 43 
29 -63 52 
29 6 -17 
-40 75 -17 
8 -21 22 
17 3 -11 
-16 27 -2 
17 9 13 
9 13 17 
13 17 9 
26 45 16 
19 29 39 
42 13 32 
6 66 -12 
2 20 38 
52 -26 34 
4 -29 25 
21 0 -21 
-25 29 -4 
17 38 -1 
0 18 36 
37 -2 19 
12 10 20 
22 14 6 
8 18 16 
15 -12 18 
10 7 4 
-4 26 -1 
22 -1 12 
1 11 21 
10 23 0 
14 51 10 
21 25 29 
40 -1 36 
4 77 -6 
15 25 35 
56 -27 46 
19 3 29 
27 17 7 
5 31 15 
23 -23 24 
9 8 7 
-8 39 -7 
6 65 -2 
15 23 31 
48 -19 40 
1 108 -22 
6 29 52 
80 -50 57 
6 -19 16 
11 1 -9 
-14 21 -4 
27 -41 26 
3 4 5 
-18 49 -19 
28 -59 46 
23 5 -13 
-36 69 -18 
1 -11 19 
21 3 -15 
-13 17 5 
5 -25 23 
19 1 -17 
-21 27 -3 
9 36 6 
14 17 20 
28 -2 25 
20 27 7 
5 18 31 
29 9 16 
1 84 -4 
22 27 32 
58 -30 53 
25 -64 48 
26 3 -20 
-42 70 -19 
11 -11 12 
5 4 3 
-4 19 -3 
23 27 13 
11 21 31 
29 15 19 
18 -25 31 
21 8 -5 
-15 41 -2 
27 23 22 
19 24 29 
26 25 21 
10 63 -7 
5 22 39 
51 -19 34 
17 9 25 
25 17 9 
9 25 17 
10 -19 27 
23 6 -11 
-15 31 2 
1 6 2 
4 3 2 
4 0 5 
28 -43 45 
27 10 -7 
-25 63 -8 
15 48 -3 
2 20 38 
43 -8 25 
8 38 14 
26 20 14 
26 2 32 
16 -46 30 
14 0 -14 
-30 46 -16 
19 17 24 
25 20 15 
16 23 21 
14 57 -2 
7 23 39 
48 -11 32 
5 51 7 
23 21 19 
35 -9 37 
17 48 10 
18 25 32 
40 2 33 
30 -35 26 
3 7 11 
-12 49 -16 
8 33 1 
7 14 21 
27 -5 20 
22 -38 34 
18 6 -6 
-22 50 -10 
30 -23 29 
11 12 13 
-5 47 -6 
14 0 10 
4 8 12 
6 16 2 
26 -60 34 
8 0 -8 
-34 60 -26 
17 62 11 
24 30 36 
49 -2 43 
5 -14 12 
8 1 -6 
-10 16 -3 
8 13 18 
23 13 3 
8 13 18 
26 7 24 
17 19 21 
14 31 12 
15 11 25 
27 17 7 
9 23 19 
29 45 16 
17 30 43 
44 15 31 
8 76 3 
24 29 34 
55 -18 50 
0 16 -1 
4 5 6 
11 -6 10 
23 20 26 
26 23 20 
20 26 23 
9 86 -14 
4 27 50 
68 -32 45 
16 -2 16 
10 10 10 
4 22 4 
14 -24 25 
16 5 -6 
-15 34 -4 
10 -38 31 
22 1 -20 
-29 40 -8 
30 -66 54 
30 6 -18 
-42 78 -18 
14 75 -5 
9 28 47 
61 -19 42 
14 -28 17 
4 1 -2 
-15 30 -12 
20 35 20 
25 25 25 
30 15 30 
29 -45 34 
11 6 1 
-22 57 -17 
23 -33 40 
27 10 -7 
-20 53 -3 
2 22 9 
18 11 4 
13 0 20 
26 61 0 
3 29 55 
58 -3 32 
18 20 16 
16 18 20 
20 16 18 
18 5 16 
11 13 15 
10 21 8 
1 -4 6 
6 1 -4 
-4 6 1 
2 95 -22 
1 25 49 
72 -45 48 
2 75 -2 
21 25 29 
52 -25 48 
18 -42 36 
22 4 -14 
-28 50 -10 
0 61 -4 
15 19 23 
42 -23 38 
18 28 8 
8 18 28 
28 8 18 
16 67 -5 
5 26 47 
57 -15 36 
20 -4 23 
16 13 10 
3 30 6 
3 83 -11 
11 25 39 
61 -33 47 
12 -18 33 
30 9 -12 
-15 36 6 
3 95 -20 
3 26 49 
72 -43 49 
8 61 6 
23 25 27 
44 -11 42 
25 68 -3 
2 30 58 
63 -8 35 
30 -34 28 
6 8 10 
-12 50 -14 
3 5 16 
21 8 -5 
0 11 13 
25 50 12 
16 29 42 
46 8 33 
8 -30 28 
22 2 -18 
-24 34 -4 
9 16 2 
2 9 16 
16 2 9 
10 20 0 
0 10 20 
20 0 10 
1 37 -5 
5 11 17 
27 -15 21 
13 7 25 
27 15 3 
5 23 17 
15 -30 21 
8 2 -4 
-17 34 -11 
24 59 1 
5 28 51 
55 -3 32 
12 32 4 
8 16 24 
28 0 20 
0 1 14 
19 5 -9 
-4 9 10 
21 -41 38 
23 6 -11 
-26 53 -9 
12 27 15 
21 18 15 
21 9 24 
1 28 7 
18 12 6 
17 -4 23 
14 5 26 
27 15 3 
4 25 16 
15 -29 23 
11 3 -5 
-17 35 -9 
12 66 -6 
6 24 42 
54 -18 36 
25 16 25 
22 22 22 
19 28 19 
11 58 -6 
4 21 38 
48 -16 31 
26 22 24 
22 24 26 
24 26 22 
2 61 0 
19 21 23 
42 -19 40 
21 -6 30 
24 15 6 
0 36 9 
25 51 8 
11 28 45 
48 5 31 
21 54 0 
4 25 46 
50 -4 29 
4 91 -5 
21 30 39 
65 -31 56 
18 39 18 
25 25 25 
32 11 32 
11 3 10 
7 8 9 
6 13 5 
25 -10 36 
28 17 6 
-2 44 9 
29 31 9 
3 23 43 
37 15 17 
20 -25 35 
25 10 -5 
-15 45 0 
8 4 12 
12 8 4 
4 12 8 
22 45 11 
15 26 37 
41 7 30 
28 -79 54 
27 1 -25 
-52 81 -26 
14 -8 9 
0 5 10 
1 18 -4 
12 79 -4 
13 29 45 
62 -21 46 
9 19 20 
27 16 5 
12 13 23 
10 46 -5 
2 17 32 
39 -12 24 
18 2 28 
26 16 6 
4 30 14 
28 -8 31 
20 17 14 
3 42 6 
26 -34 41 
26 11 -4 
-19 56 -4 
9 -19 25 
21 5 -11 
-15 29 1 
5 -20 18 
14 1 -12 
-16 22 -3 
11 71 -4 
11 26 41 
56 -19 41 
3 15 18 
27 12 -3 
6 9 21 
5 42 10 
24 19 14 
28 -4 33 
15 -31 22 
9 2 -5 
-18 35 -11 
9 17 13 
17 13 9 
13 9 17 
2 42 -5 
6 13 20 
31 -16 24 
0 70 5 
30 25 20 
45 -20 50 
29 36 16 
14 27 40 
38 18 25 
28 56 3 
4 29 54 
55 2 30 
1 12 20 
30 11 -8 
2 10 21 
8 -25 26 
21 3 -15 
-20 31 -2 
7 -8 28 
30 9 -12 
-10 26 11 
3 -9 24 
27 6 -15 
-12 21 9 
26 -57 37 
13 2 -9 
-33 61 -22 
15 -33 30 
19 4 -11 
-22 41 -7 
14 5 23 
23 14 5 
5 23 14 
18 37 8 
11 21 31 
34 5 24 
17 -26 33 
24 8 -8 
-17 42 -1 
4 76 1 
24 27 30 
53 -22 50 
10 99 -19 
1 30 59 
79 -39 50 
5 -10 23 
24 6 -12 
-11 22 7 
16 48 17 
28 27 26 
37 6 38 
0 80 -5 
20 25 30 
55 -30 50 
23 -1 14 
3 12 21 
10 25 1 
12 75 0 
17 29 41 
58 -17 46 
28 -5 19 
5 14 23 
9 33 0 
27 -62 44 
20 3 -14 
-38 68 -21 
11 -17 30 
27 8 -11 
-14 33 5 
6 50 10 
26 22 18 
34 -6 38 
0 76 -4 
20 24 28 
52 -28 48 
12 -16 31 
28 9 -10 
-13 34 6 
30 14 13 
2 19 36 
25 24 8 
26 27 19 
17 24 31 
29 21 22 
23 41 14 
17 26 35 
38 11 29 
13 46 7 
16 22 28 
37 -2 31 
22 -56 40 
20 2 -16 
-36 60 -18 
25 14 9 
0 16 32 
23 18 7 
8 -7 23 
23 8 -7 
-7 23 8 
24 -34 34 
18 8 -2 
-18 50 -8 
3 36 15 
30 18 6 
21 0 33 
22 29 24 
27 25 23 
26 21 28 
22 10 31 
30 21 12 
11 32 20 
0 68 -11 
8 19 30 
49 -30 38 
10 39 2 
9 17 25 
32 -5 24 
23 52 3 
6 26 46 
49 0 29 
30 -72 48 
20 2 -16 
-44 76 -26 
25 17 24 
21 22 23 
20 27 19 
1 36 11 
26 16 6 
21 -4 31 
6 88 -13 
8 27 46 
67 -34 48 
27 2 34 
28 21 14 
8 40 15 
28 -41 37 
17 8 -1 
-21 57 -12 
7 47 -3 
7 17 27 
37 -13 27 
26 -29 27 
9 8 7 
-11 45 -10 
2 35 -4 
5 11 17 
26 -13 20 
18 -42 42 
30 6 -18 
-30 54 -6 
30 -58 34 
6 2 -2 
-30 62 -26 
4 26 18 
30 16 2 
14 6 28 
18 -44 26 
8 0 -8 
-26 44 -18 
18 74 -5 
6 29 52 
63 -16 40 
7 91 -14 
7 28 49 
70 -35 49 
18 -24 21 
8 5 2 
-11 34 -8 
2 62 5 
26 23 20 
41 -16 44 
24 51 6 
9 27 45 
48 3 30 
22 -14 22 
10 10 10 
-2 34 -2 
12 10 20 
22 14 6 
8 18 16 
11 80 -10 
6 27 48 
64 -26 43 
29 6 16 
4 17 30 
18 28 5 
5 -17 15 
11 1 -9 
-13 19 -3 
1 68 -15 
2 18 34 
51 -32 35 
7 12 14 
18 11 4 
8 10 15 
6 38 4 
14 16 18 
28 -6 26 
7 89 -18 
1 26 51 
70 -37 45 
23 42 4 
4 23 42 
42 4 23 
18 -23 26 
15 7 -1 
-12 37 -4 
6 81 -9 
11 26 41 
61 -29 46 
20 49 6 
11 25 39 
44 1 30 
15 43 14 
23 24 25 
34 5 33 
15 -36 27 
14 2 -10 
-23 40 -11 
20 18 28 
30 22 14 
16 26 24 
1 66 -7 
12 20 28 
47 -26 39 
12 52 11 
24 25 26 
39 -2 38 
26 -64 47 
24 3 -18 
-41 70 -20 
13 85 -11 
5 29 53 
69 -27 45 
27 0 15 
2 14 26 
13 28 1 
9 81 -9 
9 27 45 
63 -27 45 
1 2 12 
16 5 -6 
-2 8 9 
29 41 8 
5 26 47 
44 11 23 
6 63 -3 
13 22 31 
47 -19 38 
0 -9 18 
21 3 -15 
-12 15 6 
22 -17 16 
1 7 13 
-2 31 -8 
30 -4 37 
28 21 14 
5 46 12 
27 22 23 
20 24 28 
25 26 21 
30 26 22 
18 26 34 
30 26 22 
30 -32 35 
16 11 6 
-13 54 -8 
11 48 7 
18 22 26 
37 -4 33 
6 72 -12 
4 22 40 
56 -28 38 
23 -52 35 
14 2 -10 
-31 56 -19 
10 -8 25 
24 9 -6 
-7 26 8 
6 3 12 
13 7 1 
2 11 8 
15 63 0 
11 26 41 
52 -11 37 
6 74 -8 
10 24 38 
56 -26 42 
26 32 17 
16 25 34 
33 18 24 
3 12 6 
10 7 4 
8 2 11 
13 -15 29 
25 9 -7 
-11 33 5 
1 15 14 
23 10 -3 
6 5 19 
5 36 10 
22 17 12 
24 -2 29 
20 60 4 
12 28 44 
52 -4 36 
9 33 3 
9 15 21 
27 -3 21 
12 -29 29 
21 4 -13 
-21 37 -4 
7 22 7 
12 12 12 
17 2 17 
9 19 14 
19 14 9 
14 9 19 
20 -54 34 
14 0 -14 
-34 54 -20 
7 -11 10 
5 2 -1 
-6 15 -3 
27 -15 33 
21 15 9 
-3 45 3 
11 -14 9 
0 2 4 
-5 18 -7 
27 12 12 
2 17 32 
22 22 7 
19 -30 35 
24 8 -8 
-19 46 -3 
27 20 10 
2 19 36 
28 18 11 
20 46 0 
2 22 42 
44 -2 24 
25 -26 28 
12 9 6 
-10 44 -7 
0 26 7 
18 11 4 
15 -4 22 
4 65 -3 
15 22 29 
47 -21 40 
9 47 -5 
3 17 31 
39 -13 25 
17 -47 33 
17 1 -15 
-31 49 -15 
19 24 11 
10 18 26 
25 12 17 
4 44 3 
16 17 18 
31 -10 30 
23 -16 29 
18 12 6 
-5 40 1 
16 59 12 
25 29 33 
46 -1 42 
17 -19 23 
13 7 1 
-9 33 -3 
