37 53 12 
9 34 59 
56 15 31 
13 134 -9 
24 46 68 
101 -42 79 
46 82 13 
14 47 80 
81 12 48 
42 -4 31 
12 23 34 
15 50 4 
29 57 31 
41 39 37 
47 21 49 
41 -86 51 
12 2 -8 
-47 90 -37 
28 97 13 
31 46 61 
79 -5 64 
10 -48 44 
36 2 -32 
-40 52 -6 
8 115 -3 
29 40 51 
83 -35 72 
23 74 -4 
4 31 58 
66 -12 39 
5 28 18 
30 17 4 
16 6 29 
50 -68 42 
0 8 16 
-26 84 -34 
38 -24 31 
8 15 22 
-1 54 -8 
14 130 -12 
18 44 70 
100 -42 74 
25 -40 36 
18 7 -4 
-22 54 -11 
35 27 37 
35 33 31 
29 39 31 
49 -24 62 
42 29 16 
-4 82 9 
40 43 34 
33 39 45 
44 35 38 
0 -43 46 
47 1 -45 
-44 45 2 
30 29 16 
11 25 39 
34 21 20 
14 18 34 
42 22 2 
10 26 30 
40 -83 52 
15 3 -9 
-46 89 -34 
14 110 8 
38 44 50 
80 -22 74 
5 118 6 
44 43 42 
80 -32 81 
11 12 7 
6 10 14 
13 8 9 
50 74 11 
6 45 84 
79 16 40 
47 -100 86 
50 11 -28 
-64 122 -25 
27 -2 26 
16 17 18 
8 36 7 
46 13 55 
47 38 29 
21 63 30 
33 -71 44 
13 2 -9 
-40 75 -29 
21 94 2 
20 39 58 
76 -16 57 
6 129 -12 
23 41 59 
94 -47 76 
7 -5 40 
47 14 -19 
-12 33 21 
35 72 28 
38 45 52 
62 18 55 
41 -84 67 
34 8 -18 
-51 100 -25 
39 1 44 
33 28 23 
12 55 17 
16 -8 46 
48 18 -12 
-10 44 20 
33 -70 49 
20 4 -12 
-41 78 -25 
41 -71 51 
17 7 -3 
-37 85 -27 
26 55 18 
25 33 41 
48 11 40 
6 155 -11 
33 50 67 
111 -55 94 
32 -8 51 
44 25 6 
-1 58 18 
18 -61 43 
25 0 -25 
-43 61 -18 
8 57 16 
35 27 19 
38 -3 46 
6 -5 17 
17 6 -5 
-5 17 6 
41 -40 68 
50 23 -4 
-22 86 5 
41 7 39 
27 29 31 
19 51 17 
25 -68 43 
18 0 -18 
-43 68 -25 
1 159 -19 
27 47 67 
113 -65 93 
48 -107 71 
27 4 -19 
-63 115 -40 
36 5 22 
7 21 35 
20 37 6 
13 106 -2 
24 39 54 
80 -28 65 
28 82 -2 
6 36 66 
74 -10 44 
35 -94 59 
24 0 -24 
-59 94 -35 
42 82 5 
6 43 80 
81 4 44 
32 63 19 
25 38 51 
57 13 44 
50 -116 66 
16 0 -16 
-66 116 -50 
1 4 19 
26 8 -10 
-3 12 15 
30 15 12 
1 19 37 
26 23 8 
22 10 22 
18 18 18 
14 26 14 
48 24 42 
32 38 44 
34 52 28 
36 -19 40 
23 19 15 
-2 57 2 
48 -94 76 
38 10 -18 
-56 114 -28 
29 4 48 
46 27 8 
6 50 25 
22 -56 61 
48 9 -30 
-43 74 -4 
9 79 -4 
15 28 41 
60 -23 47 
9 -36 39 
34 4 -26 
-31 44 -1 
41 87 22 
31 50 69 
78 13 59 
23 55 9 
15 29 43 
49 3 35 
8 82 6 
30 32 34 
58 -18 56 
26 93 1 
15 40 65 
79 -13 54 
12 -1 43 
49 18 -13 
-7 37 24 
25 -36 35 
18 8 -2 
-19 52 -9 
21 80 1 
14 34 54 
67 -12 47 
25 5 30 
25 20 15 
10 35 15 
50 -12 40 
16 26 36 
12 64 2 
39 40 29 
26 36 46 
43 32 33 
39 3 39 
27 27 27 
15 51 15 
6 39 6 
17 17 17 
28 -5 28 
44 -33 46 
21 19 17 
-8 71 -6 
15 6 30 
32 17 2 
4 28 19 
23 26 32 
36 27 18 
22 28 31 
31 -34 60 
48 19 -10 
-22 72 7 
15 -68 56 
42 1 -40 
-54 70 -13 
24 15 27 
25 22 19 
17 29 20 
2 175 -27 
21 50 79 
127 -75 98 
10 159 -28 
9 47 85 
122 -65 84 
1 49 -11 
1 13 25 
37 -23 25 
4 133 -2 
39 45 51 
92 -43 86 
4 -18 20 
18 2 -14 
-16 22 0 
10 9 17 
19 12 5 
7 15 14 
42 61 26 
27 43 59 
60 25 44 
2 12 22 
32 12 -8 
2 12 22 
21 99 -6 
11 38 65 
82 -23 55 
11 156 -26 
10 47 84 
120 -62 83 
22 99 -4 
13 39 65 
82 -21 56 
38 77 11 
15 42 69 
73 7 46 
2 -22 23 
22 1 -20 
-21 24 0 
39 -5 53 
43 29 15 
5 63 19 
46 -86 64 
26 8 -10 
-48 102 -30 
3 83 7 
35 31 27 
55 -21 59 
40 -96 68 
32 4 -24 
-60 104 -32 
18 47 4 
9 23 37 
42 -1 28 
40 -50 70 
50 20 -10 
-30 90 0 
48 -126 93 
50 5 -40 
-83 136 -38 
48 -46 58 
30 20 10 
-18 86 -8 
3 171 -24 
23 50 77 
124 -71 97 
18 -10 22 
14 10 6 
-2 30 2 
38 79 18 
25 45 65 
72 11 52 
25 -4 48 
46 23 0 
-2 50 21 
1 54 11 
32 22 12 
33 -10 43 
30 78 33 
50 47 44 
61 16 64 
16 75 14 
33 35 37 
56 -5 54 
15 -22 34 
28 9 -10 
-16 40 3 
29 85 27 
45 47 49 
67 9 65 
26 60 -2 
0 28 56 
58 -4 30 
1 63 -7 
11 19 27 
45 -25 37 
38 65 38 
47 47 47 
56 29 56 
7 138 -1 
40 48 56 
97 -42 89 
33 88 17 
30 46 62 
75 4 59 
7 -7 30 
33 10 -13 
-10 27 13 
41 -87 46 
5 0 -5 
-46 87 -41 
49 -101 76 
35 8 -19 
-60 117 -33 
28 39 38 
45 35 25 
32 31 42 
17 -3 34 
33 16 -1 
-2 35 15 
26 21 28 
27 25 23 
22 29 24 
25 -56 61 
46 10 -26 
-41 76 -5 
30 -58 43 
18 5 -8 
-33 68 -20 
49 57 26 
21 44 67 
62 31 39 
1 125 -18 
17 36 55 
90 -53 71 
13 -63 50 
37 0 -37 
-50 63 -13 
34 1 22 
7 19 31 
16 37 4 
10 13 19 
23 14 5 
9 15 18 
39 -87 72 
41 8 -25 
-56 103 -23 
5 10 36 
48 17 -14 
-2 24 29 
0 154 -28 
14 42 70 
112 -70 84 
29 -10 20 
4 13 22 
6 36 -3 
42 -102 69 
30 3 -24 
-63 108 -36 
1 113 6 
45 40 35 
74 -33 79 
33 11 25 
15 23 31 
21 35 13 
46 -40 66 
44 24 4 
-18 88 2 
17 45 19 
29 27 25 
35 9 37 
48 45 39 
35 44 53 
49 43 40 
43 -86 55 
16 4 -8 
-47 94 -35 
41 69 4 
1 38 75 
72 7 35 
17 79 12 
31 36 41 
60 -7 55 
48 -57 39 
1 10 19 
-19 77 -28 
24 87 27 
49 46 43 
65 5 68 
45 30 15 
0 30 60 
45 30 15 
38 34 30 
26 34 42 
38 34 30 
47 62 14 
8 41 74 
68 20 35 
45 -37 64 
43 24 5 
-16 85 3 
4 32 12 
24 16 8 
20 0 28 
30 21 18 
11 23 35 
28 25 16 
48 16 35 
20 33 46 
31 50 18 
23 59 -1 
3 27 51 
55 -5 31 
32 68 20 
28 40 52 
60 12 48 
42 -78 60 
26 8 -10 
-44 94 -26 
9 67 14 
35 30 25 
46 -7 51 
9 -40 34 
26 1 -24 
-32 42 -7 
3 -18 18 
16 1 -14 
-16 20 -1 
13 112 -20 
2 35 68 
90 -42 57 
40 -49 54 
29 15 1 
-24 79 -10 
12 23 28 
37 21 5 
14 19 30 
39 -12 39 
22 22 22 
5 56 5 
19 28 7 
6 18 30 
29 8 17 
24 -40 40 
24 8 -8 
-24 56 -8 
39 -54 39 
8 8 8 
-23 70 -23 
29 -89 63 
35 1 -33 
-61 91 -27 
43 88 10 
14 47 80 
84 6 51 
8 -34 35 
30 3 -24 
-29 40 -2 
43 -39 38 
9 14 19 
-10 67 -15 
27 -5 47 
43 23 3 
-1 51 19 
14 -14 18 
10 6 2 
-6 26 -2 
6 2 10 
10 6 2 
2 10 6 
28 45 8 
7 27 47 
46 9 26 
10 127 -14 
17 41 65 
96 -45 72 
21 -18 24 
12 9 6 
-6 36 -3 
4 132 -28 
4 36 68 
100 -60 68 
24 3 21 
13 16 19 
11 29 8 
39 -24 48 
30 21 12 
-6 66 3 
43 -89 79 
47 11 -25 
-57 111 -21 
22 10 13 
6 15 24 
17 20 8 
41 66 40 
48 49 50 
58 32 57 
49 58 10 
0 39 78 
68 20 29 
45 63 27 
27 45 63 
63 27 45 
24 34 26 
30 28 26 
30 22 32 
44 -22 38 
14 20 26 
2 62 -4 
13 29 24 
33 22 11 
20 15 31 
31 11 42 
39 28 17 
14 45 25 
35 24 19 
10 26 42 
33 28 17 
45 64 11 
6 40 74 
69 16 35 
9 -2 23 
24 10 -4 
-3 22 11 
1 83 6 
35 30 25 
54 -23 59 
46 59 45 
49 50 51 
55 41 54 
36 -76 73 
48 11 -26 
-51 98 -14 
22 8 36 
36 22 8 
8 36 22 
27 91 -4 
7 38 69 
80 -15 49 
16 -12 11 
0 5 10 
-1 22 -6 
3 48 0 
14 17 20 
34 -14 31 
40 46 10 
2 32 62 
54 18 24 
40 -92 70 
36 6 -24 
-58 104 -28 
11 67 21 
43 33 23 
45 -1 55 
38 -69 46 
13 5 -3 
-36 79 -28 
10 111 14 
49 45 41 
76 -21 80 
24 52 23 
32 33 34 
43 14 42 
42 -73 67 
37 12 -13 
-43 97 -18 
30 82 8 
18 40 62 
72 -2 50 
29 118 -3 
16 48 80 
99 -22 67 
46 100 -2 
0 48 96 
98 -4 50 
29 126 -14 
4 47 90 
108 -32 65 
34 34 25 
22 31 40 
37 28 28 
24 -78 63 
42 3 -36 
-57 84 -18 
10 172 -38 
0 48 96 
134 -76 86 
32 21 34 
31 29 27 
24 37 26 
12 45 9 
19 22 25 
35 -1 32 
42 -116 74 
32 0 -32 
-74 116 -42 
20 65 -1 
7 28 49 
57 -9 36 
30 -2 38 
30 22 14 
6 46 14 
43 -26 64 
48 27 6 
-10 80 11 
1 129 -22 
13 36 59 
94 -57 71 
49 -49 69 
43 23 3 
-23 95 -3 
12 -22 19 
10 3 -4 
-13 28 -6 
28 58 16 
22 34 46 
52 10 40 
41 12 34 
22 29 36 
24 46 17 
32 -48 40 
16 8 0 
-24 64 -16 
47 -55 62 
33 18 3 
-26 91 -11 
32 99 16 
33 49 65 
82 -1 66 
32 62 14 
18 36 54 
58 10 40 
42 -19 40 
19 21 23 
2 61 0 
34 88 28 
44 50 56 
72 12 66 
14 84 19 
44 39 34 
59 -6 64 
49 11 39 
23 33 43 
27 55 17 
21 -56 35 
14 0 -14 
-35 56 -21 
19 85 10 
29 38 47 
66 -9 57 
1 38 21 
40 20 0 
19 2 39 
31 31 31 
31 31 31 
31 31 31 
26 -29 39 
25 12 -1 
-15 53 -2 
10 76 -8 
8 26 44 
60 -24 42 
16 64 16 
32 32 32 
48 0 48 
34 -47 52 
31 13 -5 
-26 73 -8 
10 155 -21 
17 48 79 
117 -59 86 
38 -113 75 
37 0 -37 
-75 113 -38 
40 30 29 
22 33 44 
37 36 26 
33 -85 58 
27 2 -23 
-54 89 -29 
36 94 11 
22 47 72 
83 0 58 
37 26 21 
12 28 44 
35 30 19 
6 14 25 
34 15 -4 
5 16 24 
26 16 27 
24 23 22 
19 30 20 
20 135 -17 
9 46 83 
109 -43 72 
14 81 -11 
3 28 53 
67 -25 42 
0 158 -32 
10 42 74 
116 -74 84 
41 57 34 
37 44 51 
54 31 47 
8 -7 11 
7 4 1 
-3 15 0 
47 57 28 
25 44 63 
60 31 41 
12 49 11 
23 24 25 
37 -1 36 
22 134 -6 
22 50 78 
106 -34 78 
0 53 -5 
11 16 21 
37 -21 32 
20 85 15 
35 40 45 
65 -5 60 
14 121 -15 
11 40 69 
95 -41 66 
1 -26 25 
24 0 -24 
-25 26 -1 
49 30 41 
32 40 48 
39 50 31 
46 -102 56 
10 0 -10 
-56 102 -46 
35 105 7 
21 49 77 
91 -7 63 
33 65 10 
13 36 59 
62 7 39 
24 -59 56 
39 7 -25 
-42 73 -10 
38 -28 32 
8 14 20 
-4 56 -10 
5 163 -24 
19 48 77 
120 -67 91 
39 17 28 
17 28 39 
28 39 17 
41 -15 58 
45 28 11 
-2 71 15 
40 36 47 
48 41 34 
35 46 42 
23 71 26 
43 40 37 
54 9 57 
13 -65 58 
47 2 -43 
-54 69 -9 
45 -42 66 
44 23 2 
-20 88 1 
40 79 7 
9 42 75 
77 5 44 
6 95 1 
29 34 39 
67 -27 62 
32 -18 49 
38 21 4 
-7 60 10 
6 21 21 
31 16 1 
11 11 26 
25 80 18 
34 41 48 
64 2 57 
43 -38 64 
44 23 2 
-18 84 3 
43 -116 88 
50 5 -40 
-78 126 -33 
16 -21 44 
41 13 -15 
-18 47 10 
15 24 30 
38 23 8 
16 22 31 
27 8 16 
6 17 28 
18 26 7 
46 87 8 
9 47 85 
86 7 48 
24 -35 23 
3 4 5 
-15 43 -16 
43 37 34 
29 38 47 
42 39 33 
28 -86 73 
50 5 -40 
-63 96 -18 
12 97 5 
31 38 45 
71 -21 64 
50 -88 68 
28 10 -8 
-48 108 -30 
32 -51 64 
47 15 -17 
-34 81 -2 
44 72 4 
0 40 80 
76 8 36 
28 82 4 
14 38 62 
72 -6 48 
23 -10 26 
16 13 10 
0 36 3 
22 -80 64 
44 2 -40 
-60 84 -18 
12 95 -11 
9 32 55 
75 -31 52 
11 -60 58 
50 3 -44 
-52 66 -5 
22 122 -15 
6 43 80 
101 -36 64 
2 56 5 
24 21 18 
37 -14 40 
23 30 22 
24 25 26 
28 20 27 
28 53 36 
47 39 31 
42 25 50 
27 -61 55 
35 7 -21 
-41 75 -13 
23 42 28 
36 31 26 
34 20 39 
38 -36 28 
0 10 20 
-8 56 -18 
19 74 6 
20 33 46 
60 -8 47 
48 -83 80 
47 15 -17 
-50 113 -18 
33 -87 66 
37 4 -29 
-58 95 -25 
41 -69 40 
3 4 5 
-32 77 -33 
33 2 34 
24 23 22 
12 44 13 
19 122 -6 
20 45 70 
96 -32 71 
12 85 11 
35 36 37 
61 -13 60 
47 -74 42 
0 5 10 
-32 84 -37 
43 -10 57 
44 30 16 
3 70 17 
41 -75 64 
33 10 -13 
-44 95 -21 
5 59 23 
47 29 11 
35 -1 53 
35 89 11 
21 45 69 
79 1 55 
38 97 12 
23 49 75 
86 1 60 
20 35 29 
37 28 19 
27 21 36 
47 7 51 
39 35 31 
19 63 23 
20 63 25 
41 36 31 
47 9 52 
15 34 2 
4 17 30 
32 0 19 
15 23 4 
3 14 25 
24 5 13 
46 79 13 
13 46 79 
79 13 46 
32 89 8 
19 43 67 
78 -3 54 
3 76 -10 
10 23 36 
56 -30 43 
42 84 15 
20 47 74 
79 10 52 
2 22 -3 
2 7 12 
17 -8 12 
1 4 37 
50 14 -22 
-9 24 27 
21 92 10 
30 41 52 
72 -10 61 
16 -44 55 
48 9 -30 
-37 62 2 
17 16 21 
22 18 14 
15 20 19 
35 66 7 
8 36 64 
65 6 37 
33 -25 49 
35 19 3 
-11 63 5 
13 98 3 
28 38 48 
73 -22 63 
9 35 28 
43 24 5 
20 13 39 
7 127 7 
47 47 47 
87 -33 87 
42 -110 74 
34 2 -30 
-70 114 -38 
16 -28 45 
40 11 -18 
-23 50 6 
32 52 18 
20 34 48 
50 16 36 
12 12 27 
32 17 2 
7 22 22 
36 -58 49 
22 9 -4 
-31 76 -18 
24 41 31 
39 32 25 
33 23 40 
10 157 -17 
23 50 77 
117 -57 90 
27 93 9 
25 43 61 
77 -7 59 
43 -75 56 
21 8 -5 
-40 91 -27 
2 -39 43 
43 2 -39 
-39 43 2 
37 60 38 
46 45 44 
52 30 53 
31 104 -3 
10 44 78 
91 -16 57 
28 92 -9 
0 37 74 
83 -18 46 
25 -1 36 
31 20 9 
4 41 15 
9 68 25 
50 34 18 
43 0 59 
11 -23 27 
21 5 -11 
-17 33 -1 
28 105 -4 
11 43 75 
90 -19 58 
20 64 6 
16 30 44 
54 -4 40 
15 85 -13 
1 29 57 
71 -27 43 
32 100 9 
24 47 70 
85 -6 62 
17 131 -16 
11 44 77 
104 -43 71 
31 24 14 
6 23 40 
32 22 15 
46 61 22 
19 43 67 
64 25 40 
18 69 15 
31 34 37 
53 -1 50 
42 -22 61 
46 27 8 
-7 76 12 
24 68 4 
12 32 52 
60 -4 40 
7 167 -33 
7 47 87 
127 -73 87 
9 68 1 
18 26 34 
51 -16 43 
39 26 46 
44 37 30 
28 48 35 
33 26 43 
44 34 24 
25 42 35 
22 22 13 
10 19 28 
25 16 16 
43 -4 48 
34 29 24 
10 62 15 
16 32 3 
4 17 30 
31 2 18 
43 60 11 
6 38 70 
65 16 33 
8 105 10 
43 41 39 
72 -23 74 
23 -59 42 
21 2 -17 
-38 63 -19 
35 56 32 
38 41 44 
50 26 47 
13 -35 34 
25 4 -17 
-26 43 -5 
21 41 34 
45 32 19 
30 23 43 
19 76 19 
38 38 38 
57 0 57 
39 35 16 
7 30 53 
44 25 21 
8 -9 43 
49 14 -21 
-15 37 20 
19 48 20 
30 29 28 
38 10 39 
32 80 -1 
4 37 70 
75 -6 42 
14 51 31 
49 32 15 
33 13 50 
14 79 -9 
5 28 51 
65 -23 42 
17 59 26 
43 34 25 
42 9 51 
22 51 35 
49 36 23 
37 21 50 
15 70 11 
28 32 36 
53 -6 49 
35 108 -2 
10 47 84 
96 -14 59 
29 99 -8 
3 40 77 
88 -19 51 
14 89 2 
23 35 47 
68 -19 56 
46 -77 61 
25 10 -5 
-41 97 -26 
14 125 11 
47 50 53 
89 -25 86 
35 17 38 
33 30 27 
22 43 25 
2 5 26 
35 11 -13 
-4 17 20 
25 -22 33 
20 12 4 
-9 46 -1 
48 -91 73 
35 10 -15 
-53 111 -28 
25 96 2 
18 41 64 
80 -14 57 
21 104 -8 
10 39 68 
86 -26 57 
24 135 -15 
9 48 87 
111 -39 72 
0 68 -17 
0 17 34 
51 -34 34 
1 90 -22 
0 23 46 
68 -44 45 
25 -43 39 
21 7 -7 
-25 57 -11 
10 -25 15 
5 0 -5 
-15 25 -10 
20 123 7 
37 50 63 
93 -23 80 
11 63 -5 
7 23 39 
51 -17 35 
45 1 59 
49 35 21 
11 69 25 
19 113 3 
29 45 61 
87 -23 71 
46 52 22 
16 40 64 
58 28 34 
17 -16 35 
30 12 -6 
-11 40 7 
1 6 8 
12 5 -2 
2 4 9 
45 -87 60 
21 6 -9 
-48 99 -33 
1 -33 38 
39 2 -35 
-34 37 3 
39 66 21 
24 42 60 
63 18 45 
8 148 -6 
36 50 64 
106 -48 92 
28 -58 48 
26 6 -14 
-36 70 -16 
36 -14 23 
2 15 28 
7 44 -6 
23 23 41 
47 29 11 
17 35 35 
16 -69 56 
41 1 -39 
-54 71 -14 
50 -79 77 
43 16 -11 
-45 111 -18 
1 44 21 
42 22 2 
23 0 43 
41 40 33 
30 38 46 
43 36 35 
16 -64 48 
32 0 -32 
-48 64 -16 
34 -20 46 
32 20 8 
-6 60 6 
43 -55 51 
21 13 5 
-25 81 -17 
42 -66 72 
46 16 -14 
-40 98 -10 
15 22 2 
0 13 26 
24 4 11 
33 9 39 
33 27 21 
15 45 21 
19 -60 41 
22 0 -22 
-41 60 -19 
12 -32 41 
36 7 -22 
-27 46 2 
38 7 24 
9 23 37 
22 39 8 
5 -36 34 
30 1 -28 
-32 38 -3 
0 70 11 
38 27 16 
43 -16 54 
13 32 36 
50 27 4 
18 22 41 
25 35 15 
15 25 35 
35 15 25 
15 0 33 
34 16 -2 
-1 32 17 
36 53 13 
11 34 57 
55 15 32 
38 0 37 
24 25 26 
13 50 12 
30 -6 36 
26 20 14 
4 46 10 
45 43 17 
7 35 63 
53 27 25 
48 -97 67 
25 6 -13 
-55 109 -36 
48 -120 90 
48 6 -36 
-78 132 -36 
6 10 14 
18 10 2 
6 10 14 
9 49 5 
17 21 25 
37 -7 33 
9 -45 42 
35 2 -31 
-38 49 -5 
10 140 -3 
36 49 62 
101 -42 88 
22 99 8 
29 43 57 
78 -13 64 
17 128 -19 
6 42 78 
103 -44 67 
3 165 -27 
17 47 77 
121 -71 91 
9 97 14 
45 40 35 
66 -17 71 
35 -65 36 
3 2 1 
-32 69 -31 
39 25 38 
33 34 35 
30 43 29 
2 27 10 
21 13 5 
16 -1 24 
24 -53 53 
37 8 -21 
-37 69 -8 
50 31 45 
37 42 47 
39 53 34 
32 29 35 
35 32 29 
29 35 32 
44 56 20 
16 40 64 
60 24 36 
40 -26 55 
38 23 8 
-9 72 6 
2 144 -14 
28 44 60 
102 -56 86 
31 6 23 
12 20 28 
17 34 9 
2 -7 29 
35 8 -19 
-13 23 14 
11 -22 17 
8 2 -4 
-13 26 -7 
3 67 17 
43 29 15 
41 -9 55 
16 -8 28 
24 12 0 
-4 32 8 
20 71 14 
29 35 41 
56 -1 50 
31 -80 64 
38 5 -28 
-54 90 -21 
20 -16 17 
4 7 10 
-3 30 -6 
14 11 23 
25 16 7 
9 21 18 
43 -98 79 
44 8 -28 
-63 114 -27 
22 -6 38 
34 18 2 
-2 42 14 
47 50 32 
28 43 58 
54 36 39 
20 42 16 
22 26 30 
36 10 32 
26 -27 28 
11 9 7 
-10 45 -8 
31 -10 51 
44 24 4 
-3 58 17 
45 -91 46 
1 0 -1 
-46 91 -45 
8 98 -1 
26 35 44 
71 -28 62 
17 12 28 
30 19 8 
10 26 21 
20 -11 48 
47 19 -9 
-10 49 18 
3 58 -1 
16 20 24 
41 -18 37 
5 83 -16 
3 24 45 
64 -35 43 
0 34 17 
34 17 0 
17 0 34 
29 -43 41 
21 9 -3 
-23 61 -11 
17 148 -27 
2 46 90 
119 -56 75 
9 -30 42 
40 7 -26 
-28 44 5 
39 -4 40 
26 25 24 
10 54 11 
49 10 49 
36 36 36 
23 62 23 
48 55 47 
49 50 51 
53 45 52 
34 3 47 
41 28 15 
9 53 22 
0 141 -15 
27 42 57 
99 -57 84 
7 65 -6 
9 22 35 
50 -21 37 
35 72 4 
6 37 68 
70 2 39 
19 101 0 
21 40 59 
80 -21 61 
31 15 26 
19 24 29 
22 33 17 
7 2 33 
40 14 -12 
-5 26 21 
20 51 13 
21 28 35 
43 5 36 
15 46 17 
28 26 24 
35 6 37 
46 28 46 
40 40 40 
34 52 34 
30 64 11 
16 35 54 
59 6 40 
42 76 17 
20 45 70 
73 14 48 
25 -17 52 
47 20 -7 
-12 57 15 
7 110 -3 
28 38 48 
79 -34 69 
38 36 19 
12 31 50 
43 26 24 
48 78 18 
18 48 78 
78 18 48 
16 -13 30 
25 11 -3 
-8 35 6 
36 -3 36 
23 23 23 
10 49 10 
45 50 16 
8 37 66 
58 24 29 
23 10 45 
48 26 4 
7 42 29 
38 -48 43 
16 11 6 
-21 70 -16 
46 -32 49 
24 21 18 
-7 74 -4 
13 9 32 
37 18 -1 
4 27 23 
25 -21 44 
35 16 -3 
-12 53 7 
19 66 -7 
0 26 52 
59 -14 33 
32 -51 64 
47 15 -17 
-34 81 -2 
16 20 15 
16 17 18 
19 14 18 
32 -11 39 
27 20 13 
1 51 8 
0 106 -13 
18 31 44 
75 -44 62 
26 60 31 
44 39 34 
47 18 52 
35 30 43 
44 36 28 
29 42 37 
28 -54 50 
30 8 -14 
-34 70 -12 
6 -14 35 
38 9 -20 
-17 32 12 
45 -86 65 
28 8 -12 
-49 102 -29 
6 64 -1 
16 23 30 
47 -18 40 
14 -22 35 
30 9 -12 
-17 40 4 
32 77 29 
43 46 49 
63 15 60 
46 13 37 
23 32 41 
27 51 18 
13 -39 53 
49 9 -31 
-35 57 5 
34 12 14 
0 20 40 
26 28 6 
49 -95 49 
1 1 1 
-47 97 -47 
19 110 12 
40 47 54 
82 -16 75 
28 -78 62 
38 4 -30 
-54 86 -20 
17 73 9 
25 33 41 
57 -7 49 
47 -8 33 
10 24 38 
15 56 1 
43 -86 49 
8 2 -4 
-45 90 -39 
49 45 29 
21 41 61 
53 37 33 
1 76 -5 
18 24 30 
53 -28 47 
43 14 27 
12 28 44 
29 42 13 
49 46 13 
0 36 72 
59 26 23 
12 22 17 
22 17 12 
17 12 22 
18 89 10 
31 39 47 
68 -11 60 
19 27 23 
27 23 19 
23 19 27 
48 5 28 
7 27 47 
26 49 6 
40 44 45 
48 43 38 
41 42 46 
23 -71 57 
37 3 -31 
-51 77 -17 
44 66 19 
18 43 68 
67 20 42 
0 152 -5 
44 49 54 
103 -54 98 
6 -12 30 
32 8 -16 
-14 28 10 
12 -23 26 
19 5 -9 
-16 33 -2 
25 127 -8 
15 48 81 
104 -31 71 
22 -30 38 
26 10 -6 
-18 50 -2 
29 -61 41 
15 3 -9 
-35 67 -23 
2 75 19 
49 32 15 
45 -11 62 
13 78 2 
20 31 42 
60 -16 49 
47 17 53 
45 39 33 
25 61 31 
19 139 -14 
15 48 81 
110 -43 77 
46 72 29 
32 49 66 
69 26 52 
28 -21 35 
21 14 7 
-7 49 0 
42 61 11 
7 38 69 
65 15 34 
40 49 10 
3 33 63 
56 17 26 
8 31 24 
37 21 5 
18 11 34 
5 36 16 
30 19 8 
22 2 33 
44 -85 53 
13 4 -5 
-45 93 -36 
2 106 9 
46 39 32 
69 -28 76 
5 25 9 
17 13 9 
17 1 21 
17 -41 39 
27 5 -17 
-29 51 -7 
29 -22 53 
44 20 -4 
-13 62 11 
5 99 1 
31 35 39 
69 -29 65 
26 -10 35 
26 17 8 
-1 44 8 
38 1 54 
47 31 15 
8 61 24 
12 48 15 
28 25 22 
35 2 38 
26 -89 66 
41 1 -39 
-64 91 -24 
1 53 18 
41 24 7 
30 -5 47 
11 102 -2 
24 37 50 
76 -28 63 
17 162 -29 
4 50 96 
129 -62 83 
47 -67 47 
9 9 9 
-29 85 -29 
20 96 4 
24 40 56 
76 -16 60 
0 11 31 
45 14 -17 
-3 17 28 
21 34 8 
8 21 34 
34 8 21 
31 -20 46 
34 19 4 
-8 58 7 
36 -76 43 
8 1 -6 
-41 78 -34 
6 155 -14 
29 49 69 
112 -57 92 
39 -76 61 
30 8 -14 
-45 92 -23 
16 28 22 
28 22 16 
22 16 28 
11 74 -7 
8 26 44 
59 -22 41 
25 -1 15 
3 13 23 
11 27 1 
45 -103 76 
37 6 -25 
-64 115 -33 
45 -39 63 
41 23 5 
-17 85 1 
7 75 -13 
3 23 43 
59 -29 39 
38 13 51 
47 34 21 
17 55 30 
26 -42 28 
6 4 2 
-20 50 -18 
1 156 -28 
14 43 72 
114 -70 85 
48 -14 44 
22 26 30 
8 66 4 
7 119 9 
47 45 43 
81 -29 83 
9 106 5 
36 40 44 
75 -26 71 
38 -48 40 
12 10 8 
-20 68 -18 
6 61 -10 
3 19 35 
48 -23 32 
47 -120 73 
26 0 -26 
-73 120 -47 
24 37 17 
19 26 33 
35 15 28 
8 40 6 
16 18 20 
30 -4 28 
20 41 35 
47 32 17 
29 23 44 
20 43 18 
25 27 29 
36 11 34 
7 70 -5 
12 24 36 
53 -22 41 
22 -33 56 
49 15 -19 
-26 63 8 
42 -85 73 
41 10 -21 
-53 105 -22 
20 17 29 
31 22 13 
15 27 24 
49 36 29 
18 38 58 
47 40 27 
19 108 -13 
6 38 70 
89 -32 57 
0 179 -35 
13 48 83 
131 -83 96 
48 31 53 
49 44 39 
35 57 40 
22 51 5 
9 26 43 
47 1 30 
12 96 -18 
0 30 60 
78 -36 48 
35 101 8 
21 48 75 
88 -5 61 
6 -17 14 
9 1 -7 
-12 19 -4 
11 132 4 
42 49 56 
94 -34 87 
25 116 -15 
2 42 82 
99 -32 59 
7 172 -38 
2 47 92 
132 -78 87 
19 49 4 
9 24 39 
44 -1 29 
30 109 -7 
7 44 81 
95 -21 58 
42 56 19 
16 39 62 
59 22 36 
6 73 8 
31 29 27 
50 -15 52 
34 -49 45 
21 10 -1 
-25 69 -14 
48 19 23 
5 30 55 
37 41 12 
44 14 20 
2 26 50 
32 38 8 
6 127 -28 
1 35 69 
98 -57 64 
31 -65 49 
23 5 -13 
-39 75 -21 
43 49 10 
1 34 67 
58 19 25 
21 54 33 
48 36 24 
39 18 51 
38 35 41 
41 38 35 
35 41 38 
12 86 7 
30 35 40 
63 -16 58 
25 -62 58 
40 7 -26 
-44 76 -11 
33 1 20 
5 18 31 
16 35 3 
20 -69 52 
33 1 -31 
-50 71 -18 
28 126 -16 
2 46 90 
108 -34 64 
38 82 9 
14 43 72 
77 4 48 
19 135 -19 
7 45 83 
109 -45 71 
11 -12 40 
42 13 -16 
-14 38 15 
32 -19 26 
7 13 19 
0 45 -6 
33 -30 36 
16 13 10 
-10 56 -7 
42 -62 47 
14 9 4 
-29 80 -24 
11 129 -14 
17 42 67 
98 -45 73 
24 64 32 
48 40 32 
48 16 56 
7 -17 31 
31 7 -17 
-17 31 7 
16 2 39 
42 19 -4 
-1 36 22 
42 10 23 
6 25 44 
27 40 8 
17 75 -8 
3 28 53 
64 -19 39 
22 -12 47 
44 19 -6 
-9 50 16 
20 16 27 
28 21 14 
15 26 22 
32 -11 30 
15 17 19 
4 45 2 
41 31 48 
47 40 33 
32 49 39 
47 -113 66 
19 0 -19 
-66 113 -47 
39 -38 38 
12 13 14 
-12 64 -13 
17 52 9 
18 26 34 
43 0 35 
19 36 8 
10 21 32 
34 6 23 
40 45 35 
35 40 45 
45 35 40 
8 36 19 
32 21 10 
23 6 34 
27 89 -8 
1 36 71 
80 -17 45 
13 106 -2 
24 39 54 
80 -28 65 
2 -10 8 
6 0 -6 
-8 10 -2 
17 96 -14 
2 33 64 
80 -30 49 
40 -33 29 
1 12 23 
-5 57 -16 
34 86 0 
6 40 74 
80 -6 46 
44 -111 76 
35 3 -29 
-70 117 -38 
10 47 6 
17 21 25 
36 -5 32 
24 -61 64 
49 9 -31 
-46 79 -6 
7 -30 26 
20 1 -18 
-24 32 -5 
9 -11 32 
33 10 -13 
-12 31 11 
1 112 -26 
2 29 56 
84 -54 57 
11 105 4 
33 40 47 
76 -25 69 
3 89 -20 
1 24 47 
68 -41 45 
4 59 9 
29 24 19 
39 -11 44 
36 -22 37 
18 17 16 
-3 56 -2 
23 -74 60 
40 3 -34 
-54 80 -17 
26 72 19 
32 39 46 
59 6 52 
0 171 -27 
21 48 75 
123 -75 96 
47 -15 46 
25 26 27 
6 67 5 
18 22 26 
30 22 14 
18 22 26 
26 -6 16 
2 12 22 
8 30 -2 
0 94 -4 
26 30 34 
64 -34 60 
4 110 -18 
10 32 54 
82 -46 60 
48 -41 59 
33 22 11 
-15 85 -4 
44 -9 25 
1 20 39 
15 49 -4 
5 -2 21 
24 8 -8 
-5 18 11 
45 -59 38 
1 8 15 
-22 75 -29 
25 54 20 
28 33 38 
46 12 41 
30 22 29 
26 27 28 
25 32 24 
46 -49 60 
33 19 5 
-22 87 -8 
35 -83 75 
49 9 -31 
-57 101 -17 
40 -69 50 
17 7 -3 
-36 83 -26 
27 33 33 
37 31 25 
29 29 35 
5 105 10 
45 40 35 
70 -25 75 
22 -61 63 
49 8 -33 
-47 77 -6 
5 20 14 
22 13 4 
12 6 21 
19 81 11 
29 37 45 
63 -7 55 
2 68 -1 
20 23 26 
47 -22 44 
43 32 48 
46 41 36 
34 50 39 
38 68 29 
36 45 54 
61 22 52 
9 55 -1 
11 21 31 
43 -13 33 
28 -56 55 
36 9 -18 
-37 74 -10 
46 40 34 
28 40 52 
46 40 34 
38 57 10 
7 35 63 
60 13 32 
8 36 13 
24 19 14 
25 2 30 
32 -55 53 
31 10 -11 
-33 75 -12 
16 -49 39 
25 2 -21 
-35 53 -12 
27 -26 41 
28 14 0 
-13 54 1 
40 43 40 
41 41 41 
42 39 42 
2 92 5 
36 33 30 
61 -26 64 
5 43 21 
39 23 7 
25 3 41 
35 -34 41 
20 14 8 
-13 62 -7 
4 17 15 
23 12 1 
9 7 20 
44 82 24 
30 50 70 
76 18 56 
2 48 25 
48 25 2 
25 2 48 
10 141 -7 
31 48 65 
103 -45 86 
37 -46 60 
40 17 -6 
-26 80 -3 
49 30 26 
12 35 58 
44 40 21 
43 -101 61 
19 1 -17 
-59 103 -41 
22 -78 56 
34 0 -34 
-56 78 -22 
15 156 -24 
10 49 88 
122 -58 83 
37 41 27 
25 35 45 
43 29 33 
25 -35 52 
41 14 -13 
-24 63 3 
6 56 10 
28 24 20 
38 -8 42 
34 -87 53 
19 0 -19 
-53 87 -34 
36 44 22 
20 34 48 
46 24 32 
45 38 43 
40 42 44 
41 46 39 
1 193 -44 
5 50 95 
144 -93 99 
20 22 21 
22 21 20 
21 20 22 
47 -8 42 
22 27 32 
12 62 7 
48 -10 37 
14 25 36 
13 60 2 
32 17 41 
39 30 21 
19 43 28 
15 -53 53 
43 5 -33 
-43 63 -5 
40 65 24 
27 43 59 
62 21 46 
45 -50 44 
12 13 14 
-18 76 -19 
37 101 9 
21 49 77 
89 -3 61 
48 81 9 
7 46 85 
83 11 44 
43 19 40 
31 34 37 
28 49 25 
4 176 -30 
16 50 84 
130 -76 96 
24 -34 55 
46 15 -16 
-25 64 6 
22 28 10 
8 20 32 
30 12 18 
11 54 13 
28 26 24 
39 -2 41 
41 -27 49 
29 21 13 
-7 69 1 
3 5 31 
41 13 -15 
-5 21 23 
2 106 -3 
30 35 40 
73 -36 68 
48 -62 44 
6 10 14 
-24 82 -28 
7 -29 34 
31 4 -23 
-26 37 1 
22 -36 26 
8 4 0 
-18 44 -14 
50 -67 68 
35 17 -1 
-34 101 -16 
7 -34 48 
48 7 -34 
-34 48 7 
11 152 -19 
18 48 78 
115 -56 85 
41 6 55 
48 34 20 
13 62 27 
32 60 4 
4 32 60 
60 4 32 
36 64 26 
32 42 52 
58 20 48 
41 -15 55 
41 27 13 
-1 69 13 
31 11 15 
3 19 35 
23 27 7 
21 -58 52 
36 5 -26 
-42 68 -11 
21 31 11 
11 21 31 
31 11 21 
27 102 0 
16 43 70 
86 -16 59 
15 -61 49 
35 1 -33 
-47 63 -13 
49 -86 49 
4 4 4 
-41 94 -41 
33 47 37 
43 39 35 
41 31 45 
29 -72 49 
22 2 -18 
-45 76 -25 
5 168 -23 
22 50 78 
123 -68 95 
35 -14 33 
16 18 20 
3 50 1 
18 -17 44 
41 15 -11 
-14 47 12 
43 -39 65 
45 23 1 
-19 85 3 
17 62 17 
32 32 32 
47 2 47 
46 19 55 
49 40 31 
25 61 34 
29 128 -16 
2 47 92 
110 -34 65 
45 -101 74 
35 6 -23 
-62 113 -33 
13 -15 41 
41 13 -15 
-15 41 13 
24 -15 30 
19 13 7 
-4 41 2 
42 -3 48 
35 29 23 
10 61 16 
9 126 -6 
28 43 58 
92 -40 77 
9 58 8 
24 25 26 
42 -8 41 
50 2 62 
50 38 26 
14 74 26 
15 14 37 
44 22 0 
7 30 29 
21 62 4 
12 29 46 
54 -4 37 
47 74 23 
24 48 72 
73 22 49 
1 134 0 
44 45 46 
90 -44 89 
41 -119 84 
45 2 -41 
-80 123 -37 
9 10 32 
40 17 -6 
2 24 25 
7 34 4 
12 15 18 
26 -4 23 
0 26 16 
30 14 -2 
12 2 28 
21 4 35 
34 20 6 
5 36 19 
30 35 43 
49 36 23 
29 37 42 
5 34 6 
16 15 14 
24 -4 25 
4 30 5 
14 13 12 
21 -4 22 
12 103 2 
29 39 49 
76 -25 66 
13 42 17 
28 24 20 
31 6 35 
6 22 29 
42 19 -4 
9 16 32 
1 52 4 
22 19 16 
34 -14 37 
24 80 10 
24 38 52 
66 -4 52 
35 -65 39 
7 3 -1 
-33 71 -29 
5 99 -11 
15 31 47 
73 -37 57 
23 123 4 
31 50 69 
96 -23 77 
39 53 19 
17 37 57 
55 21 35 
0 0 33 
44 11 -22 
-11 22 22 
21 78 -9 
0 30 60 
69 -18 39 
5 173 -34 
9 48 87 
130 -77 91 
13 102 -7 
16 36 56 
79 -30 59 
2 58 0 
18 20 22 
40 -18 38 
22 103 13 
37 46 55 
79 -11 70 
43 -69 53 
19 9 -1 
-35 87 -25 
0 19 26 
41 15 -11 
4 11 30 
34 48 41 
48 41 34 
41 34 48 
21 118 11 
40 50 60 
89 -18 79 
41 15 49 
43 35 27 
21 55 29 
4 -36 41 
40 3 -34 
-35 42 2 
34 83 30 
45 49 53 
68 15 64 
35 -37 47 
27 15 3 
-17 67 -5 
26 -14 27 
14 13 12 
-1 40 0 
38 -51 55 
31 14 -3 
-27 79 -10 
35 -83 51 
17 1 -15 
-49 85 -33 
2 26 23 
38 17 -4 
11 8 32 
23 56 5 
10 28 46 
51 0 33 
32 -9 46 
37 23 9 
0 55 14 
4 154 -17 
26 47 68 
111 -60 90 
15 129 -12 
17 44 71 
100 -41 73 
20 -4 17 
8 11 14 
5 26 2 
49 -72 77 
46 18 -10 
-41 108 -13 
8 30 7 
14 15 16 
23 0 22 
39 1 38 
25 26 27 
14 51 13 
47 79 15 
15 47 79 
79 15 47 
37 40 31 
30 36 42 
41 32 35 
47 -29 54 
31 24 17 
-6 77 1 
18 67 14 
29 33 37 
52 -1 48 
49 -99 59 
13 3 -7 
-53 105 -43 
11 131 -19 
11 41 71 
101 -49 71 
42 -82 73 
42 11 -20 
-51 104 -20 
32 97 3 
15 44 73 
85 -9 56 
48 -38 38 
6 16 26 
-6 70 -16 
38 -84 70 
40 8 -24 
-54 100 -22 
17 85 21 
45 41 37 
61 -3 65 
26 100 12 
32 46 60 
80 -8 66 
46 -63 47 
11 10 9 
-27 83 -26 
49 -128 82 
34 1 -32 
-80 130 -47 
36 -19 43 
27 20 13 
-3 59 4 
38 73 27 
35 46 57 
65 19 54 
22 -17 31 
21 12 3 
-7 41 2 
46 22 31 
18 33 48 
35 44 20 
11 135 -5 
31 47 63 
99 -41 83 
16 38 36 
50 30 10 
24 22 44 
25 -35 34 
17 8 -1 
-18 51 -9 
6 151 -28 
9 43 77 
114 -65 80 
43 -100 66 
26 3 -20 
-60 106 -37 
37 -49 57 
35 15 -5 
-27 79 -7 
48 -99 78 
39 9 -21 
-60 117 -30 
14 156 -29 
4 47 90 
123 -62 80 
14 130 0 
34 48 62 
96 -34 82 
33 -63 36 
5 2 -1 
-32 67 -29 
7 77 6 
29 30 31 
54 -17 53 
25 -23 49 
41 17 -7 
-15 57 9 
33 45 6 
1 28 55 
50 11 23 
36 -13 28 
9 17 25 
6 47 -2 
45 -49 67 
43 21 -1 
-25 91 -3 
14 35 32 
45 27 9 
22 19 40 
22 58 19 
30 33 36 
47 8 44 
16 86 -9 
6 31 56 
71 -24 46 
44 60 40 
44 48 52 
56 36 52 
34 122 -6 
10 50 90 
106 -22 66 
50 -93 79 
41 12 -17 
-55 117 -26 
50 11 44 
29 35 41 
26 59 20 
18 -37 46 
37 9 -19 
-28 55 0 
45 48 33 
30 42 54 
51 36 39 
17 149 -19 
13 49 85 
117 -51 81 
22 49 22 
31 31 31 
40 13 40 
37 35 45 
47 39 31 
33 43 41 
39 73 26 
33 46 59 
66 19 53 
6 105 3 
35 38 41 
73 -29 70 
16 86 15 
38 39 40 
63 -8 62 
18 76 -4 
8 30 52 
64 -16 42 
27 -62 35 
8 0 -8 
-35 62 -27 
32 59 5 
5 32 59 
59 5 32 
10 -8 13 
8 5 2 
-3 18 0 
37 65 9 
9 37 65 
65 9 37 
39 76 14 
18 43 68 
72 10 47 
21 -15 30 
21 12 3 
-6 39 3 
30 33 39 
43 34 25 
29 35 38 
17 62 29 
48 36 24 
43 10 55 
15 20 31 
38 22 6 
13 24 29 
29 -6 34 
24 19 14 
4 44 9 
34 -58 54 
30 10 -10 
-34 78 -14 
31 4 49 
46 28 10 
7 52 25 
38 24 13 
0 25 50 
37 26 12 
20 62 11 
22 31 40 
51 0 42 
30 43 29 
33 34 35 
39 25 38 
40 20 51 
48 37 26 
23 54 34 
15 76 -1 
14 30 46 
61 -16 45 
44 74 17 
18 45 72 
73 16 46 
3 105 -18 
9 30 51 
78 -45 57 
47 -15 49 
29 27 25 
5 69 7 
41 -3 58 
49 32 15 
6 67 23 
38 -52 59 
36 15 -6 
-29 82 -8 
13 -34 33 
24 4 -16 
-25 42 -5 
45 -79 46 
5 4 3 
-38 87 -37 
3 -2 29 
36 10 -16 
-9 22 17 
37 71 12 
15 40 65 
68 9 43 
4 75 -16 
1 21 41 
58 -33 38 
26 -39 58 
47 15 -17 
-28 69 4 
12 -28 19 
8 1 -6 
-17 30 -10 
14 64 12 
28 30 32 
48 -4 46 
45 27 27 
15 33 51 
39 39 21 
24 95 10 
29 43 57 
76 -9 62 
25 -18 38 
28 15 2 
-8 48 5 
11 47 8 
19 22 25 
36 -3 33 
46 -48 38 
4 12 20 
-14 72 -22 
30 102 0 
14 44 74 
88 -14 58 
22 -35 37 
23 8 -7 
-21 51 -6 
19 -22 27 
16 8 0 
-11 38 -3 
23 24 34 
38 27 16 
20 30 31 
11 11 23 
27 15 3 
7 19 19 
37 -33 32 
7 12 17 
-8 57 -13 
4 79 7 
33 30 27 
53 -19 56 
0 130 -19 
18 37 56 
93 -56 74 
38 -12 52 
40 26 12 
0 64 14 
46 -80 46 
4 4 4 
-38 88 -38 
10 53 12 
27 25 23 
38 -3 40 
15 36 21 
30 24 18 
27 12 33 
1 137 -33 
1 35 69 
103 -67 69 
15 -55 49 
37 3 -31 
-43 61 -9 
28 -12 29 
16 15 14 
1 42 2 
21 -44 41 
26 6 -14 
-29 56 -9 
38 -48 55 
32 15 -2 
-25 78 -8 
49 -23 61 
41 29 17 
-3 81 9 
26 10 15 
6 17 28 
19 24 8 
37 42 11 
4 30 56 
49 18 23 
30 6 18 
6 18 30 
18 30 6 
30 -99 69 
39 0 -39 
-69 99 -30 
5 42 22 
40 23 6 
24 4 41 
5 65 -13 
1 19 37 
51 -27 33 
0 73 -7 
15 22 29 
51 -29 44 
4 83 12 
41 33 25 
54 -17 62 
0 16 11 
20 9 -2 
7 2 18 
42 -39 60 
39 21 3 
-18 81 0 
1 -17 37 
43 7 -29 
-23 31 13 
4 138 -13 
26 43 60 
99 -52 82 
4 68 15 
40 29 18 
43 -10 54 
43 -24 32 
6 17 28 
2 58 -9 
16 112 13 
44 47 50 
81 -18 78 
12 34 8 
14 18 22 
28 2 24 
37 110 3 
16 50 84 
97 -10 63 
22 -54 50 
34 6 -22 
-38 66 -10 
18 24 15 
16 19 22 
23 14 20 
44 -122 81 
38 1 -36 
-79 124 -42 
30 63 36 
49 43 37 
50 23 56 
4 10 19 
26 11 -4 
3 12 18 
38 11 20 
5 23 41 
26 35 8 
0 132 -15 
24 39 54 
93 -54 78 
2 117 -11 
23 36 49 
83 -45 70 
14 153 -17 
19 50 81 
117 -53 86 
44 -25 29 
1 16 31 
3 57 -12 
28 71 30 
45 43 41 
56 15 58 
35 -69 49 
19 5 -9 
-39 79 -25 
43 -120 83 
42 2 -38 
-79 124 -39 
10 14 12 
14 12 10 
12 10 14 
29 99 16 
35 48 61 
80 -3 67 
50 -100 53 
4 1 -2 
-51 102 -48 
24 -41 29 
9 4 -1 
-21 49 -16 
48 50 43 
42 47 52 
51 44 46 
18 -16 46 
44 16 -12 
-14 48 14 
43 62 6 
0 37 74 
68 12 31 
35 75 13 
19 41 63 
69 7 47 
31 17 15 
5 21 37 
27 25 11 
24 103 -13 
1 38 75 
89 -27 52 
29 47 20 
23 32 41 
44 17 35 
18 136 -25 
0 43 86 
111 -50 68 
29 -87 73 
49 5 -39 
-63 97 -19 
34 31 28 
25 31 37 
34 31 28 
15 130 -13 
16 44 72 
101 -42 73 
48 -79 61 
23 10 -3 
-41 99 -28 
25 17 15 
9 19 29 
23 21 13 
27 64 8 
14 33 52 
58 2 39 
16 46 4 
10 22 34 
40 -2 28 
20 -8 33 
28 15 2 
-3 38 10 
48 -62 44 
6 10 14 
-24 82 -28 
36 -15 57 
47 26 5 
-5 67 16 
22 -23 52 
47 17 -13 
-18 57 12 
18 -29 53 
49 14 -21 
-25 57 10 
45 -27 48 
25 22 19 
-4 71 -1 
50 -72 43 
0 7 14 
-29 86 -36 
43 93 11 
17 49 81 
87 5 55 
5 12 34 
46 17 -12 
0 22 29 
47 -110 66 
20 1 -18 
-64 112 -45 
16 -5 25 
21 12 3 
-1 29 8 
38 21 49 
47 36 25 
23 51 34 
4 24 11 
20 13 6 
15 2 22 
1 105 -25 
1 27 53 
79 -51 53 
29 20 35 
34 28 22 
21 36 27 
25 -63 53 
33 5 -23 
-43 73 -15 
40 5 27 
11 24 37 
21 43 8 
48 -13 37 
13 24 35 
11 61 0 
3 7 35 
47 15 -17 
-5 23 27 
30 43 41 
49 38 27 
35 33 46 
29 -66 37 
8 0 -8 
-37 66 -29 
12 79 5 
25 32 39 
59 -15 52 
19 52 25 
38 32 26 
39 12 45 
20 -19 41 
35 14 -7 
-13 47 8 
6 -43 49 
47 4 -39 
-41 51 2 
34 -82 75 
50 9 -32 
-57 100 -16 
21 -34 43 
32 10 -12 
-23 54 -1 
37 -29 37 
15 15 15 
-7 59 -7 
42 8 55 
48 35 22 
15 62 28 
6 6 12 
14 8 2 
4 10 10 
11 29 26 
37 22 7 
18 15 33 
41 58 30 
32 43 54 
56 28 45 
4 132 -25 
8 37 66 
99 -58 70 
