5 169 12 
69 62 55 
112 -45 119 
45 -110 101 
68 12 -44 
-77 134 -21 
27 101 34 
61 54 47 
74 7 81 
24 -20 23 
8 9 10 
-5 38 -6 
59 16 27 
2 34 66 
41 52 9 
12 -72 63 
52 1 -50 
-61 74 -10 
0 13 32 
47 15 -17 
-2 17 30 
55 -25 54 
27 28 29 
2 81 1 
62 118 27 
34 69 104 
111 20 76 
33 -25 64 
55 24 -7 
-16 73 15 
47 94 27 
36 56 76 
85 18 65 
11 59 14 
31 28 25 
42 -3 45 
43 -54 77 
56 22 -12 
-33 98 1 
37 44 54 
62 45 28 
36 46 53 
24 199 -31 
9 64 119 
159 -71 104 
1 86 -9 
16 26 36 
61 -34 51 
7 98 30 
68 45 22 
60 -8 83 
48 53 43 
43 48 53 
53 43 48 
58 -9 53 
29 34 39 
15 77 10 
64 110 18 
18 64 110 
110 18 64 
2 51 25 
49 26 3 
27 1 50 
7 -23 49 
53 11 -31 
-27 45 15 
37 1 43 
33 27 21 
11 53 17 
62 -106 65 
10 7 4 
-51 120 -48 
56 16 45 
28 39 50 
33 62 22 
5 140 -10 
30 45 60 
100 -50 85 
41 2 20 
0 21 42 
22 40 1 
26 106 9 
30 47 64 
85 -12 68 
32 115 18 
41 55 69 
92 -5 78 
22 92 33 
60 49 38 
65 6 76 
1 -10 18 
20 3 -14 
-12 16 5 
49 -40 81 
62 30 -2 
-21 100 11 
22 145 25 
67 64 61 
103 -17 106 
67 -16 48 
14 33 52 
18 82 -1 
25 129 -16 
5 46 87 
108 -37 67 
36 102 15 
30 51 72 
87 0 66 
2 195 -41 
9 52 95 
145 -91 102 
61 -83 97 
61 25 -11 
-47 133 -11 
16 127 22 
61 55 49 
88 -17 94 
62 1 63 
43 42 41 
21 83 22 
31 -61 60 
39 10 -19 
-40 81 -11 
10 -27 23 
15 2 -11 
-19 31 -6 
1 231 -22 
47 70 93 
162 -91 139 
49 -103 60 
13 2 -9 
-56 107 -45 
47 -58 50 
16 13 10 
-24 84 -21 
45 -58 88 
68 25 -18 
-38 108 5 
1 232 -26 
42 69 96 
164 -94 137 
19 -18 29 
20 10 0 
-9 38 1 
35 150 1 
28 62 96 
123 -26 89 
27 189 -33 
1 61 121 
155 -67 95 
1 189 -28 
25 54 83 
136 -81 107 
6 162 12 
66 60 54 
108 -42 114 
0 82 32 
70 38 6 
44 -6 76 
38 1 63 
59 34 9 
5 67 30 
52 86 12 
10 50 90 
88 14 48 
70 -130 102 
46 14 -18 
-74 158 -42 
36 48 45 
52 43 34 
41 38 50 
30 -64 73 
56 13 -30 
-47 90 -4 
62 -7 50 
23 35 47 
20 77 8 
11 65 35 
61 37 13 
39 9 63 
15 -6 27 
24 12 0 
-3 30 9 
8 55 42 
69 35 1 
28 15 62 
43 0 23 
2 22 42 
21 44 1 
8 -27 34 
31 5 -21 
-24 37 2 
58 84 11 
4 51 98 
91 18 44 
44 174 -14 
10 68 126 
150 -38 92 
35 -63 73 
53 15 -23 
-43 93 -5 
1 193 -8 
53 62 71 
132 -69 123 
20 -49 29 
9 0 -9 
-29 49 -20 
23 14 44 
48 27 6 
10 40 31 
38 -96 58 
20 0 -20 
-58 96 -38 
5 -3 43 
53 15 -23 
-13 33 25 
7 -71 64 
57 0 -57 
-64 71 -7 
33 -72 87 
70 16 -38 
-55 104 -1 
68 -131 111 
59 16 -27 
-79 163 -36 
13 21 8 
9 14 19 
20 7 15 
38 123 25 
49 62 75 
99 1 86 
62 -59 57 
15 20 25 
-17 99 -22 
18 -34 46 
38 10 -18 
-26 54 2 
34 39 11 
5 28 51 
45 17 22 
8 203 -34 
17 59 101 
152 -85 110 
43 -48 65 
42 20 -2 
-25 88 -3 
58 -62 79 
46 25 4 
-29 112 -8 
46 53 21 
15 40 65 
59 27 34 
18 62 19 
34 33 32 
47 4 48 
40 52 52 
60 48 36 
44 44 56 
12 -31 46 
43 9 -25 
-28 49 6 
43 -106 66 
24 1 -22 
-64 108 -41 
44 148 -15 
0 59 118 
133 -30 74 
64 19 37 
13 40 67 
43 61 16 
64 40 58 
48 54 60 
50 68 44 
7 -67 69 
65 3 -59 
-63 73 -1 
14 166 -9 
34 57 80 
123 -52 100 
27 129 9 
37 55 73 
101 -19 83 
36 151 -10 
13 59 105 
128 -33 82 
7 203 -15 
43 65 87 
145 -73 123 
70 -98 73 
18 15 12 
-43 128 -40 
67 18 41 
16 42 68 
43 66 17 
33 -81 48 
15 0 -15 
-48 81 -33 
23 148 3 
38 58 78 
113 -32 93 
41 -87 46 
5 0 -5 
-46 87 -41 
48 73 32 
35 51 67 
70 29 54 
67 116 21 
22 68 114 
115 20 69 
33 133 2 
25 56 87 
110 -21 79 
0 226 -43 
18 61 104 
165 -104 122 
5 68 -1 
18 24 30 
49 -20 43 
10 -52 42 
32 0 -32 
-42 52 -10 
63 85 20 
13 56 99 
92 27 49 
28 16 19 
12 21 30 
23 26 14 
10 -7 9 
3 4 5 
-1 15 -2 
53 -37 74 
51 30 9 
-14 97 7 
58 25 58 
47 47 47 
36 69 36 
68 -92 66 
12 14 16 
-38 120 -40 
39 -42 81 
68 26 -16 
-29 94 13 
6 60 33 
60 33 6 
33 6 60 
58 32 60 
52 50 48 
40 68 42 
11 176 8 
62 65 68 
122 -46 119 
19 31 49 
63 33 3 
17 35 47 
62 -106 107 
66 21 -24 
-65 148 -20 
18 167 10 
57 65 73 
120 -37 112 
66 -21 39 
1 28 55 
17 77 -10 
46 -33 62 
41 25 9 
-12 83 4 
4 -40 57 
60 7 -46 
-43 54 10 
4 179 -18 
33 55 77 
128 -69 106 
8 19 42 
57 23 -11 
4 27 38 
64 -50 70 
34 28 22 
-14 106 -8 
64 -12 53 
24 35 46 
17 82 6 
65 -84 67 
18 16 14 
-35 116 -33 
65 35 26 
3 42 81 
58 49 19 
57 25 68 
61 50 39 
32 75 43 
42 108 33 
52 61 70 
89 14 80 
18 62 7 
18 29 40 
51 -4 40 
12 196 -40 
4 56 108 
152 -84 100 
20 -29 21 
5 4 3 
-13 37 -12 
3 41 -8 
1 12 23 
32 -17 21 
18 -73 76 
65 7 -51 
-62 87 -4 
10 -52 66 
64 8 -48 
-50 68 6 
20 57 40 
59 39 19 
38 21 58 
43 77 18 
21 46 71 
74 15 49 
50 32 17 
0 33 66 
49 34 16 
9 99 9 
39 39 39 
69 -21 69 
0 -11 38 
47 9 -29 
-20 29 18 
45 -96 99 
70 16 -38 
-67 128 -13 
57 19 38 
19 38 57 
38 57 19 
18 204 -30 
16 64 112 
158 -76 110 
39 166 -1 
28 68 108 
137 -30 97 
49 145 7 
25 67 109 
127 -11 85 
43 -107 97 
65 11 -43 
-75 129 -21 
45 -85 85 
55 15 -25 
-55 115 -15 
32 -114 97 
70 5 -60 
-87 124 -22 
63 -69 63 
19 19 19 
-25 107 -25 
44 42 55 
58 47 36 
39 52 50 
32 -58 38 
10 4 -2 
-30 66 -24 
35 -44 63 
46 18 -10 
-27 80 1 
22 163 -8 
29 59 89 
126 -45 96 
70 31 37 
13 46 79 
55 61 22 
45 -93 84 
51 12 -27 
-60 117 -21 
32 -92 69 
40 3 -34 
-63 98 -26 
18 -60 63 
52 7 -38 
-49 74 -4 
46 -34 42 
14 18 22 
-6 70 -10 
26 75 13 
25 38 51 
63 1 50 
13 147 -22 
11 46 81 
114 -55 79 
19 -43 72 
69 16 -37 
-40 75 13 
31 -18 38 
24 17 10 
-4 52 3 
64 -164 121 
64 7 -50 
-107 178 -50 
43 153 8 
33 68 103 
128 -17 93 
26 79 12 
25 39 53 
66 -1 52 
39 43 35 
35 39 43 
43 35 39 
54 -97 61 
13 6 -1 
-49 109 -42 
32 -87 55 
23 0 -23 
-55 87 -32 
12 21 3 
3 12 21 
21 3 12 
4 87 20 
53 37 21 
54 -13 70 
62 -23 63 
35 34 33 
5 91 6 
59 29 35 
17 41 65 
47 53 23 
61 80 33 
30 58 86 
83 36 55 
6 12 48 
64 22 -20 
-4 32 38 
63 -139 118 
69 14 -41 
-90 167 -35 
52 87 5 
1 48 95 
91 9 44 
70 35 33 
9 46 83 
59 57 22 
5 221 -22 
41 68 95 
158 -85 131 
63 78 24 
16 55 94 
86 32 47 
20 78 19 
38 39 40 
59 0 58 
19 -48 65 
58 12 -34 
-41 72 5 
62 3 70 
53 45 37 
20 87 28 
36 -46 37 
10 9 8 
-19 64 -18 
63 113 19 
21 65 109 
111 17 67 
20 150 10 
50 60 70 
110 -30 100 
46 -61 84 
61 23 -15 
-38 107 0 
49 42 38 
32 43 54 
48 44 37 
37 -49 60 
39 16 -7 
-28 81 -5 
28 147 23 
61 66 71 
109 -15 104 
9 25 8 
13 14 15 
20 3 19 
26 158 20 
62 68 74 
116 -22 110 
15 83 1 
19 33 47 
65 -17 51 
30 -40 70 
60 20 -20 
-30 80 10 
63 -71 68 
25 20 15 
-28 111 -23 
4 145 -32 
3 39 75 
110 -67 74 
32 138 -5 
18 55 92 
115 -28 78 
42 48 45 
48 45 42 
45 42 48 
67 104 27 
26 66 106 
105 28 65 
7 114 5 
40 42 44 
79 -30 77 
62 3 37 
9 34 59 
31 65 6 
53 -67 83 
53 23 -7 
-37 113 -7 
54 44 43 
36 47 58 
51 50 40 
14 167 17 
69 66 63 
115 -35 118 
1 221 -54 
1 56 111 
166 -109 111 
41 -90 76 
44 9 -26 
-58 108 -23 
70 79 58 
57 69 81 
80 59 68 
1 137 -9 
33 43 53 
95 -51 85 
0 68 -8 
12 20 28 
48 -28 40 
22 57 14 
23 31 39 
48 5 40 
59 80 20 
14 53 92 
86 26 47 
62 -15 43 
11 30 49 
17 75 -2 
13 77 -3 
13 29 45 
61 -19 45 
28 -9 17 
1 12 23 
7 33 -4 
16 65 27 
47 36 25 
45 7 56 
65 -67 101 
69 33 -3 
-35 133 1 
21 136 14 
50 57 64 
100 -22 93 
13 152 6 
50 57 64 
108 -38 101 
19 -60 53 
38 4 -30 
-45 68 -11 
11 136 -6 
30 47 64 
100 -42 83 
19 -82 81 
68 6 -56 
-69 94 -7 
22 70 1 
10 31 52 
61 -8 40 
55 -103 87 
45 13 -19 
-61 129 -29 
1 55 -5 
11 17 23 
39 -21 33 
47 53 20 
13 40 67 
60 27 33 
14 157 -6 
35 55 75 
116 -47 96 
0 133 -7 
35 42 49 
91 -49 84 
2 -28 47 
52 7 -38 
-33 42 12 
68 1 81 
63 50 37 
19 99 32 
30 -11 41 
31 20 9 
-1 51 10 
70 -30 89 
62 43 24 
-3 116 16 
24 61 8 
15 31 47 
54 1 38 
62 45 46 
35 51 67 
56 57 40 
0 12 36 
52 16 -20 
-4 20 32 
7 48 -7 
2 16 30 
39 -16 25 
14 113 14 
47 47 47 
80 -19 80 
19 97 4 
25 40 55 
76 -17 61 
7 146 -21 
16 44 72 
109 -58 81 
29 110 20 
44 53 62 
86 -4 77 
42 127 2 
17 57 97 
112 -13 72 
40 89 48 
67 59 51 
70 29 78 
65 95 14 
7 58 109 
102 21 51 
30 80 22 
36 44 52 
66 8 58 
12 131 -23 
5 40 75 
103 -51 68 
8 166 -36 
2 46 90 
128 -74 84 
3 169 -31 
13 47 81 
125 -75 91 
46 75 53 
65 58 51 
63 41 70 
0 113 13 
55 42 29 
71 -29 84 
33 4 62 
62 33 4 
4 62 33 
6 203 -11 
49 66 83 
143 -71 126 
66 -159 111 
51 6 -39 
-99 171 -54 
16 115 7 
37 46 55 
85 -23 76 
10 102 5 
34 39 44 
73 -24 68 
19 43 49 
67 37 7 
25 31 55 
11 63 1 
15 25 35 
49 -13 39 
57 -83 86 
49 20 -9 
-46 123 -17 
9 158 -17 
24 50 76 
117 -58 91 
49 -8 49 
30 30 30 
11 68 11 
26 31 9 
5 22 39 
35 13 18 
47 31 51 
47 43 39 
35 55 39 
31 -107 79 
49 1 -47 
-77 109 -29 
68 -9 67 
41 42 43 
17 93 16 
39 -67 79 
57 17 -23 
-45 101 -5 
69 15 36 
7 40 73 
44 65 11 
9 119 10 
47 46 45 
82 -27 83 
0 54 15 
38 23 8 
31 -8 46 
0 16 32 
48 16 -16 
0 16 32 
24 60 27 
40 37 34 
47 14 50 
20 171 -5 
37 62 87 
129 -47 104 
45 95 34 
47 58 69 
82 21 71 
20 147 1 
37 56 75 
111 -35 92 
12 94 20 
50 42 34 
64 -10 72 
18 -16 52 
52 18 -16 
-16 52 18 
10 93 5 
31 36 41 
67 -21 62 
49 -33 53 
27 23 19 
-7 79 -3 
57 -114 66 
12 3 -6 
-60 120 -51 
49 -15 80 
69 38 7 
-4 91 27 
69 -171 108 
41 2 -37 
-104 175 -65 
30 -74 77 
58 11 -36 
-55 96 -8 
37 -96 89 
62 10 -42 
-69 116 -17 
31 -64 54 
30 7 -16 
-40 78 -17 
9 -21 48 
51 12 -27 
-24 45 15 
69 14 64 
44 49 54 
34 84 29 
17 42 25 
36 28 20 
31 14 39 
2 132 -5 
36 43 50 
91 -46 84 
16 -16 57 
60 19 -22 
-19 54 22 
16 54 8 
18 26 34 
44 -2 36 
14 17 20 
23 17 11 
14 17 20 
45 44 43 
42 44 46 
45 44 43 
22 37 40 
51 33 15 
26 29 44 
31 -52 33 
6 4 2 
-25 60 -23 
65 -149 90 
27 2 -23 
-86 153 -61 
14 65 17 
35 32 29 
47 -1 50 
27 42 39 
48 36 24 
33 30 45 
53 109 45 
61 69 77 
93 29 85 
40 -54 77 
58 21 -16 
-35 96 2 
57 36 60 
54 51 48 
42 66 45 
37 169 -2 
29 68 107 
138 -33 99 
49 82 52 
64 61 58 
70 40 73 
6 -10 10 
6 2 -2 
-6 14 -2 
63 31 26 
3 40 77 
54 49 17 
9 191 -38 
7 54 101 
146 -83 99 
21 -36 27 
10 4 -2 
-19 44 -13 
55 -130 99 
52 8 -36 
-83 146 -39 
49 -43 84 
65 30 -5 
-24 103 11 
36 22 53 
54 37 20 
21 52 38 
30 -75 57 
31 4 -23 
-49 83 -22 
9 182 -20 
28 57 86 
134 -68 105 
13 -13 12 
3 4 5 
-4 21 -5 
26 -68 69 
52 9 -34 
-51 86 -8 
64 56 30 
16 50 84 
70 44 36 
30 -43 61 
47 16 -15 
-29 75 2 
57 62 52 
52 57 62 
62 52 57 
46 -35 49 
23 20 17 
-9 75 -6 
59 -110 69 
16 6 -4 
-57 122 -47 
42 61 32 
35 45 55 
58 29 48 
2 21 46 
67 23 -21 
0 25 44 
45 109 29 
45 61 77 
93 13 77 
23 -21 64 
63 22 -19 
-20 65 21 
63 -128 89 
34 8 -18 
-73 144 -47 
5 117 -23 
5 33 61 
89 -51 61 
62 -67 50 
3 15 27 
-20 97 -32 
64 -119 100 
51 15 -21 
-70 149 -34 
57 38 31 
16 42 68 
53 46 27 
68 -87 106 
67 29 -9 
-48 145 -10 
61 -9 44 
15 32 49 
20 73 3 
20 17 56 
67 31 -5 
6 45 42 
30 185 -8 
31 69 107 
146 -47 108 
55 86 18 
16 53 90 
88 20 51 
14 83 5 
25 34 43 
63 -15 54 
52 152 -12 
0 64 128 
140 -24 76 
32 -40 47 
28 13 -2 
-21 66 -6 
69 -43 85 
53 37 21 
-11 117 5 
28 43 10 
9 27 45 
44 11 26 
40 -45 74 
57 23 -11 
-28 91 6 
12 1 29 
31 14 -3 
-1 27 16 
58 8 42 
20 36 52 
30 64 14 
65 44 65 
58 58 58 
51 72 51 
16 130 22 
62 56 50 
90 -18 96 
48 -121 73 
25 0 -25 
-73 121 -48 
10 185 -9 
43 62 81 
133 -61 114 
9 11 7 
7 9 11 
11 7 9 
17 110 -10 
12 39 66 
88 -32 61 
28 -21 50 
41 19 -3 
-12 59 10 
65 -101 108 
67 24 -19 
-60 149 -17 
3 133 -16 
21 40 59 
96 -53 77 
70 -43 63 
23 30 37 
-3 103 -10 
23 -64 41 
18 0 -18 
-41 64 -23 
7 -51 53 
49 3 -43 
-47 57 -1 
61 49 49 
41 53 65 
57 57 45 
3 132 0 
42 45 48 
90 -42 87 
4 225 -43 
15 62 109 
167 -101 120 
15 79 2 
19 32 45 
62 -15 49 
42 -80 68 
36 10 -16 
-48 100 -22 
33 -10 31 
16 18 20 
5 46 3 
4 40 31 
52 25 -2 
19 10 46 
51 41 49 
45 47 49 
45 53 43 
38 -54 85 
70 23 -24 
-39 100 8 
11 169 -18 
25 54 83 
126 -61 97 
36 138 24 
54 66 78 
108 -6 96 
15 -52 58 
50 7 -36 
-44 66 -1 
27 137 1 
29 55 81 
109 -27 83 
36 -139 103 
67 0 -67 
-103 139 -36 
44 101 -1 
3 48 93 
97 -5 52 
36 165 -6 
23 65 107 
136 -35 94 
42 -80 92 
68 18 -32 
-56 116 -6 
2 41 26 
47 23 -1 
20 5 44 
14 82 36 
66 44 22 
52 6 74 
68 0 67 
44 45 46 
23 90 22 
67 -129 95 
39 11 -17 
-73 151 -45 
25 79 25 
43 43 43 
61 7 61 
50 120 25 
40 65 90 
105 10 80 
57 130 17 
28 68 108 
119 6 79 
5 205 -45 
5 55 105 
155 -95 105 
49 -77 85 
55 19 -17 
-47 115 -11 
20 209 -19 
31 70 109 
159 -69 120 
12 57 30 
51 33 15 
36 9 54 
0 15 45 
65 20 -25 
-5 25 40 
25 134 6 
36 55 74 
104 -24 85 
0 177 6 
67 61 55 
116 -55 122 
62 118 9 
10 63 116 
117 8 64 
34 -53 34 
5 5 5 
-24 63 -24 
30 173 -11 
23 64 105 
139 -45 98 
52 85 25 
27 54 81 
83 23 56 
65 -64 65 
22 22 22 
-21 108 -21 
31 65 33 
45 43 41 
53 21 55 
19 127 22 
59 56 53 
90 -15 93 
14 196 -21 
28 63 98 
147 -70 112 
58 -26 88 
70 40 10 
-8 106 22 
63 -23 59 
29 33 37 
7 89 3 
51 -44 56 
26 21 16 
-14 86 -9 
62 111 37 
45 70 95 
103 29 78 
52 95 15 
17 54 91 
93 13 56 
61 15 62 
47 46 45 
30 77 31 
48 -121 91 
49 6 -37 
-79 133 -36 
60 -25 85 
65 40 15 
-5 105 20 
10 -19 39 
39 10 -19 
-19 39 10 
62 52 69 
68 61 54 
53 70 60 
16 -62 55 
42 3 -36 
-49 68 -10 
65 31 39 
19 45 71 
51 59 25 
17 -93 79 
63 1 -61 
-77 95 -15 
1 199 -41 
11 53 95 
147 -93 105 
26 70 12 
22 36 50 
60 2 46 
67 -136 96 
38 9 -20 
-78 154 -49 
22 92 30 
56 48 40 
66 4 74 
46 -83 61 
23 8 -7 
-45 99 -30 
58 -176 121 
64 1 -62 
-119 178 -56 
42 -57 72 
49 19 -11 
-34 95 -4 
9 141 12 
57 54 51 
96 -33 99 
53 16 30 
10 33 56 
36 50 13 
46 33 50 
47 43 39 
36 53 40 
39 -85 61 
27 5 -17 
-51 95 -29 
66 -70 70 
26 22 18 
-26 114 -22 
63 -140 95 
38 6 -26 
-83 152 -51 
9 67 -1 
15 25 35 
51 -17 41 
68 -63 79 
39 28 17 
-23 119 -12 
10 -19 12 
3 1 -1 
-10 21 -8 
59 89 47 
53 65 77 
83 41 71 
62 -156 94 
32 0 -32 
-94 156 -62 
20 76 36 
60 44 28 
52 12 68 
5 -67 62 
57 0 -57 
-62 67 -5 
60 -11 59 
35 36 37 
13 83 12 
23 -5 54 
55 24 -7 
-6 53 25 
59 -134 105 
56 10 -36 
-85 154 -39 
46 -31 36 
7 17 27 
-2 65 -12 
57 49 26 
13 44 75 
62 39 31 
25 80 18 
34 41 48 
64 2 57 
20 213 -38 
7 65 123 
168 -83 110 
3 125 4 
45 44 43 
84 -37 85 
59 -92 60 
10 9 8 
-42 110 -41 
22 35 15 
17 24 31 
33 13 26 
15 92 -2 
18 35 52 
72 -22 55 
5 114 22 
64 47 30 
72 -20 89 
43 162 -7 
16 66 116 
139 -30 89 
40 -31 42 
19 17 15 
-8 65 -6 
59 91 15 
11 55 99 
95 19 51 
9 139 5 
47 51 55 
97 -37 93 
29 71 5 
11 35 59 
65 -1 41 
41 50 44 
48 45 42 
46 40 49 
45 -32 80 
66 31 -4 
-18 94 17 
1 9 35 
49 15 -19 
-5 21 29 
46 81 38 
47 55 63 
72 29 64 
24 -20 23 
8 9 10 
-5 38 -6 
54 24 66 
60 48 36 
30 72 42 
2 83 20 
53 35 17 
50 -13 68 
17 138 7 
44 54 64 
101 -30 91 
20 98 23 
50 47 44 
71 -4 74 
6 143 4 
49 51 53 
98 -41 96 
24 -89 83 
65 6 -53 
-71 101 -12 
31 32 60 
70 41 12 
22 50 51 
12 200 -26 
24 62 100 
150 -76 112 
30 121 14 
39 55 71 
96 -11 80 
54 -67 85 
55 24 -7 
-37 115 -6 
48 -35 53 
27 22 17 
-9 79 -4 
51 -64 64 
30 17 4 
-30 98 -17 
30 -93 72 
45 3 -39 
-66 99 -24 
22 94 -5 
10 37 64 
79 -20 52 
12 177 -6 
43 61 79 
128 -55 110 
51 71 16 
11 46 81 
76 21 41 
25 8 30 
26 21 16 
12 34 17 
4 25 31 
47 20 -7 
9 15 36 
19 187 -8 
39 66 93 
140 -55 113 
35 171 -11 
19 65 111 
141 -41 95 
53 -169 116 
63 0 -63 
-116 169 -53 
13 182 -21 
24 58 92 
137 -66 103 
7 11 12 
15 10 5 
8 9 13 
53 106 30 
40 63 86 
96 20 73 
16 -52 69 
64 11 -42 
-47 74 6 
21 82 5 
20 36 52 
67 -10 51 
1 254 -60 
4 65 126 
190 -124 129 
51 107 34 
47 64 81 
94 21 77 
2 -20 57 
68 13 -42 
-31 46 24 
54 68 46 
48 56 64 
66 44 58 
7 232 -50 
6 63 120 
176 -106 119 
24 52 5 
8 27 46 
49 2 30 
67 -133 87 
27 7 -13 
-73 147 -53 
18 40 29 
40 29 18 
29 18 40 
45 113 46 
69 68 67 
90 23 91 
29 111 10 
31 50 69 
90 -11 71 
25 127 19 
51 57 63 
95 -13 89 
50 69 40 
43 53 63 
66 37 56 
55 125 3 
9 61 113 
119 -3 67 
57 -17 44 
15 28 41 
12 73 -1 
14 12 52 
64 26 -12 
0 40 38 
13 -31 48 
45 10 -25 
-28 51 7 
3 138 0 
44 47 50 
94 -44 91 
53 -13 50 
27 30 33 
10 73 7 
13 152 3 
46 56 66 
109 -40 99 
3 182 -44 
0 47 94 
138 -88 91 
59 -119 78 
25 6 -13 
-66 131 -47 
20 47 38 
53 35 17 
32 23 50 
3 108 -6 
26 35 44 
76 -38 67 
1 0 26 
34 9 -16 
-8 18 17 
8 56 38 
64 34 4 
30 12 60 
14 8 8 
4 10 16 
12 12 6 
7 59 18 
39 28 17 
38 -3 49 
3 143 -17 
23 43 63 
103 -57 83 
39 110 1 
12 50 88 
99 -10 61 
37 1 67 
65 35 5 
3 69 33 
46 -8 58 
44 32 20 
6 72 18 
51 65 31 
29 49 69 
67 33 47 
65 -42 94 
68 39 10 
-16 120 13 
47 -6 31 
8 24 40 
17 54 1 
38 111 13 
29 54 79 
95 -3 70 
17 44 17 
26 26 26 
35 8 35 
1 124 10 
54 45 36 
80 -34 89 
33 -19 49 
37 21 5 
-7 61 9 
9 116 -20 
6 35 64 
90 -46 61 
69 -26 80 
52 41 30 
2 108 13 
38 -72 37 
0 1 2 
-35 74 -36 
16 117 -16 
7 39 71 
94 -39 62 
18 25 44 
55 29 3 
14 33 40 
58 2 78 
66 46 26 
14 90 34 
3 169 2 
57 58 59 
114 -53 113 
1 44 33 
58 26 -6 
19 8 51 
34 -71 49 
19 4 -11 
-41 79 -26 
64 110 9 
6 61 116 
113 12 58 
24 5 34 
31 21 11 
8 37 18 
7 238 -56 
0 63 126 
182 -112 119 
19 200 -33 
10 62 114 
157 -76 105 
58 76 49 
52 61 70 
73 46 64 
43 142 -11 
4 58 112 
127 -26 73 
48 -52 49 
16 15 14 
-19 82 -18 
14 140 17 
60 57 54 
97 -26 100 
0 -50 50 
50 0 -50 
-50 50 0 
20 124 18 
52 54 56 
90 -16 88 
6 -23 17 
11 0 -11 
-17 23 -6 
14 135 -23 
5 42 79 
107 -51 70 
36 -104 92 
64 8 -48 
-76 120 -20 
63 8 70 
54 47 40 
24 86 31 
63 -156 111 
54 6 -42 
-99 168 -51 
26 163 -18 
13 57 101 
132 -49 88 
60 30 75 
70 55 40 
35 80 50 
51 -67 94 
69 26 -17 
-42 119 1 
57 4 32 
6 31 56 
30 58 5 
8 -3 25 
27 10 -7 
-5 23 12 
55 61 49 
49 55 61 
61 49 55 
59 -113 84 
35 10 -15 
-64 133 -39 
14 43 30 
45 29 13 
28 15 44 
29 83 20 
35 44 53 
68 5 59 
33 124 14 
38 57 76 
100 -10 81 
56 106 45 
58 69 80 
93 32 82 
11 42 19 
32 24 16 
29 6 37 
14 124 6 
40 48 56 
90 -28 82 
35 -53 66 
47 16 -15 
-34 85 -3 
40 181 -14 
15 69 123 
152 -43 98 
40 47 24 
21 37 53 
50 27 34 
21 162 -3 
36 60 84 
123 -42 99 
53 24 46 
34 41 48 
36 58 29 
14 -63 73 
67 8 -51 
-57 79 2 
15 29 31 
41 25 9 
19 21 35 
1 111 -25 
3 29 55 
83 -53 57 
37 -15 71 
65 31 -3 
-9 77 25 
42 32 43 
40 39 38 
35 46 36 
8 224 -37 
20 65 110 
167 -94 122 
0 238 -55 
6 61 116 
177 -116 122 
16 163 -17 
21 54 87 
125 -55 92 
61 -126 107 
60 14 -32 
-79 154 -33 
29 9 55 
57 31 5 
7 53 33 
37 -9 38 
23 22 21 
6 53 7 
27 69 0 
5 32 59 
64 -5 37 
4 210 -34 
22 60 98 
154 -90 116 
47 66 22 
20 45 70 
68 24 43 
68 73 63 
63 68 73 
73 63 68 
37 122 27 
52 62 72 
97 2 87 
48 112 44 
64 68 72 
92 24 88 
68 -205 137 
69 0 -69 
-137 205 -68 
65 71 38 
31 58 85 
78 45 51 
38 105 1 
11 48 85 
95 -9 58 
29 112 36 
66 59 52 
82 6 89 
70 45 68 
59 61 63 
54 77 52 
65 -94 65 
12 12 12 
-41 118 -41 
42 55 41 
45 46 47 
51 37 50 
15 61 32 
53 36 19 
40 11 57 
69 -18 90 
68 47 26 
4 112 25 
21 14 7 
0 14 28 
21 14 7 
36 105 30 
51 57 63 
84 9 78 
30 -93 84 
61 7 -47 
-70 107 -16 
38 -43 32 
3 9 15 
-14 61 -20 
15 67 14 
31 32 33 
50 -3 49 
58 -8 70 
52 40 28 
10 88 22 
41 93 34 
49 56 63 
78 19 71 
3 180 -12 
42 57 72 
126 -66 111 
24 -85 64 
41 1 -39 
-62 87 -22 
20 135 22 
61 59 57 
96 -17 98 
29 111 13 
35 51 67 
89 -9 73 
34 19 61 
65 38 11 
15 57 42 
55 16 67 
58 46 34 
25 76 37 
6 238 -34 
30 70 110 
174 -98 134 
44 120 37 
60 67 74 
97 14 90 
57 70 41 
40 56 72 
71 42 55 
13 37 37 
53 29 5 
21 21 45 
10 182 -6 
46 62 78 
130 -58 114 
24 104 4 
24 44 64 
84 -16 64 
70 1 40 
7 37 67 
34 73 4 
9 140 -2 
38 49 60 
100 -42 89 
4 228 -46 
12 62 112 
170 -104 120 
38 81 13 
19 44 69 
75 7 50 
43 112 7 
18 54 90 
101 -4 65 
2 14 47 
66 21 -24 
-5 28 40 
3 167 -26 
19 48 77 
122 -71 93 
12 15 30 
37 19 1 
8 23 26 
15 33 45 
61 31 1 
17 29 47 
42 118 41 
66 67 68 
93 16 92 
5 61 18 
41 28 15 
38 -5 51 
61 -12 86 
70 45 20 
4 102 29 
63 -44 83 
54 34 14 
-15 112 5 
16 164 -27 
8 51 94 
129 -62 86 
33 -12 45 
34 22 10 
-1 56 11 
3 5 43 
57 17 -23 
-9 29 31 
50 -158 117 
70 3 -64 
-111 164 -44 
44 -91 83 
51 12 -27 
-59 115 -20 
63 49 32 
17 48 79 
64 47 33 
52 20 69 
64 47 30 
25 74 42 
13 57 26 
45 32 19 
38 7 51 
7 73 -2 
17 26 35 
54 -21 45 
41 -27 67 
53 27 1 
-13 81 13 
57 -63 66 
29 20 11 
-26 103 -17 
59 68 14 
2 47 92 
80 26 35 
7 -56 55 
50 2 -46 
-51 60 -3 
66 45 54 
43 55 67 
56 65 44 
18 176 -8 
36 62 88 
132 -52 106 
42 -94 58 
18 2 -14 
-54 98 -38 
4 -40 51 
52 5 -42 
-41 50 6 
59 -81 61 
15 13 11 
-35 107 -33 
10 60 20 
40 30 20 
40 0 50 
3 -17 50 
59 12 -35 
-26 41 21 
4 88 -17 
4 25 46 
67 -38 46 
7 -66 59 
52 0 -52 
-59 66 -7 
38 82 24 
34 48 62 
72 14 58 
25 59 45 
63 43 23 
41 27 61 
62 13 78 
67 51 35 
24 89 40 
45 53 58 
65 52 39 
46 51 59 
25 65 9 
17 33 49 
57 1 41 
25 15 50 
55 30 5 
10 45 35 
51 26 46 
36 41 46 
36 56 31 
6 207 -18 
41 65 89 
148 -77 124 
22 113 -3 
19 44 69 
91 -25 66 
20 -33 43 
33 10 -13 
-23 53 0 
5 51 31 
55 29 3 
27 7 53 
46 -120 92 
52 6 -40 
-80 132 -34 
64 -97 105 
65 24 -17 
-57 145 -16 
12 16 2 
0 10 20 
18 4 8 
45 -84 51 
10 4 -2 
-43 92 -37 
18 -26 53 
50 15 -20 
-23 56 12 
38 104 17 
32 53 74 
89 2 68 
51 105 33 
45 63 81 
93 21 75 
16 233 -45 
7 68 129 
181 -97 120 
37 131 18 
43 62 81 
106 -7 87 
26 -67 44 
19 1 -17 
-42 69 -24 
6 198 -36 
14 56 98 
148 -86 106 
10 62 12 
30 28 26 
44 -6 46 
44 48 58 
64 50 36 
42 52 56 
67 -51 50 
5 22 39 
-6 95 -23 
65 10 63 
44 46 48 
29 82 27 
14 30 19 
26 21 16 
23 12 28 
13 119 12 
47 48 49 
84 -23 83 
45 -67 82 
57 20 -17 
-42 107 -5 
33 170 -2 
32 67 102 
136 -36 101 
25 40 46 
58 37 16 
28 34 49 
66 -181 127 
65 4 -57 
-119 189 -58 
19 44 15 
22 26 30 
37 8 33 
58 99 5 
1 54 107 
103 9 50 
49 -51 41 
5 13 21 
-15 77 -23 
68 -65 63 
17 22 27 
-19 109 -24 
52 119 9 
17 60 103 
111 1 68 
61 -10 75 
56 42 28 
9 94 23 
37 -107 97 
69 9 -51 
-79 125 -19 
25 104 24 
50 51 52 
78 -2 77 
16 -7 21 
15 10 5 
-1 27 4 
59 -96 73 
26 12 -2 
-49 120 -35 
10 -13 21 
17 6 -5 
-9 25 2 
49 135 23 
43 69 95 
115 3 89 
46 -102 101 
70 15 -40 
-71 132 -16 
34 131 3 
25 56 87 
109 -19 78 
41 47 35 
35 41 47 
47 35 41 
68 75 55 
53 66 79 
77 57 64 
5 176 -40 
2 47 92 
134 -82 89 
61 -172 120 
62 3 -56 
-114 178 -55 
44 116 32 
52 64 76 
96 12 84 
69 -149 89 
23 3 -17 
-83 155 -63 
19 -2 55 
60 24 -12 
-7 50 29 
36 10 41 
34 29 24 
17 48 22 
48 39 27 
17 38 59 
49 37 28 
69 36 51 
34 52 70 
53 68 35 
61 -85 63 
15 13 11 
-37 111 -35 
34 146 9 
38 63 88 
117 -20 92 
31 -14 28 
12 15 18 
2 44 -1 
6 -50 53 
50 3 -44 
-47 56 0 
3 35 -2 
7 12 17 
26 -11 21 
51 -10 79 
68 40 12 
1 90 29 
2 162 13 
70 59 48 
105 -44 116 
52 -123 74 
23 1 -21 
-72 125 -50 
22 204 -22 
24 68 112 
158 -68 114 
10 -34 24 
14 0 -14 
-24 34 -10 
23 182 -19 
20 62 104 
143 -58 101 
70 -83 103 
63 30 -3 
-43 143 -10 
42 95 22 
33 53 73 
84 11 64 
1 46 19 
40 22 4 
25 -2 43 
28 140 -21 
0 49 98 
119 -42 70 
64 -24 86 
64 42 20 
-2 108 20 
9 69 3 
21 27 33 
51 -15 45 
29 196 -18 
22 69 116 
156 -58 109 
25 106 4 
24 45 66 
86 -16 65 
69 -158 95 
28 2 -24 
-91 162 -65 
63 -72 60 
14 17 20 
-26 106 -29 
12 16 11 
12 13 14 
15 10 14 
11 -28 20 
10 1 -8 
-18 30 -9 
34 105 26 
47 55 63 
84 5 76 
43 -48 50 
22 15 8 
-20 78 -13 
52 6 35 
14 31 48 
27 56 10 
47 -108 82 
42 7 -28 
-68 122 -33 
25 178 -32 
0 57 114 
146 -64 89 
2 203 -28 
29 59 89 
146 -85 116 
53 111 25 
35 63 91 
101 15 73 
22 19 37 
41 26 11 
15 33 30 
38 -112 77 
40 1 -38 
-75 114 -36 
45 23 46 
39 38 37 
30 53 31 
26 -33 25 
5 6 7 
-13 45 -14 
42 -88 64 
28 6 -16 
-52 100 -30 
5 38 -1 
8 14 20 
29 -10 23 
32 -72 40 
8 0 -8 
-40 72 -32 
44 99 46 
65 63 61 
80 27 82 
29 113 -7 
9 45 81 
97 -23 61 
36 -82 49 
14 1 -12 
-47 84 -34 
62 -159 121 
67 8 -51 
-105 175 -46 
3 97 29 
69 43 17 
57 -11 83 
67 -101 61 
3 9 15 
-43 119 -49 
5 174 -14 
36 55 74 
124 -64 105 
44 150 -5 
14 63 112 
131 -24 82 
23 21 52 
61 32 3 
12 43 41 
1 233 -48 
13 62 111 
172 -109 123 
39 37 41 
41 39 37 
37 41 39 
31 200 -21 
18 70 122 
161 -60 109 
5 -37 59 
63 9 -45 
-41 55 13 
14 202 -42 
2 58 114 
158 -86 102 
68 51 67 
61 62 63 
57 73 56 
6 -68 65 
60 1 -58 
-63 70 -4 
59 66 58 
60 61 62 
64 56 63 
16 4 28 
28 16 4 
4 28 16 
33 16 56 
58 35 12 
14 54 37 
32 -31 74 
67 25 -17 
-24 81 18 
49 -108 80 
38 7 -24 
-66 122 -35 
12 68 34 
60 38 16 
42 8 64 
2 72 31 
64 35 6 
39 -2 68 
40 99 35 
53 58 63 
81 17 76 
9 56 40 
66 35 4 
30 14 61 
12 107 -11 
13 36 59 
83 -35 60 
37 -58 45 
16 8 0 
-29 74 -21 
61 -4 84 
70 47 24 
10 98 33 
43 -9 29 
7 21 35 
13 51 -1 
60 7 38 
13 35 57 
32 63 10 
5 6 7 
8 6 4 
5 6 7 
13 11 6 
3 10 17 
14 9 7 
48 -56 38 
0 10 20 
-18 76 -28 
28 88 28 
48 48 48 
68 8 68 
45 -21 54 
35 26 17 
-2 73 7 
21 92 10 
30 41 52 
72 -10 61 
6 209 -23 
35 64 93 
151 -81 122 
30 157 17 
55 68 81 
119 -21 106 
68 97 30 
27 65 103 
100 33 62 
67 -57 65 
23 25 27 
-15 107 -17 
48 -66 63 
30 15 0 
-33 96 -18 
27 63 42 
59 44 29 
46 25 61 
66 -123 96 
43 13 -17 
-70 149 -40 
24 -28 28 
12 8 4 
-12 44 -8 
4 184 4 
64 64 64 
124 -56 124 
61 -1 78 
63 46 29 
14 93 31 
31 53 51 
65 45 25 
39 37 59 
60 69 24 
15 51 87 
78 33 42 
20 -63 43 
23 0 -23 
-43 63 -20 
70 -132 68 
0 2 4 
-64 136 -66 
4 81 23 
55 36 17 
49 -9 68 
23 185 -16 
25 64 103 
144 -57 105 
66 -70 103 
70 33 -4 
-37 136 0 
7 38 -3 
4 14 24 
31 -10 21 
32 68 -1 
0 33 66 
67 -2 34 
10 17 6 
7 11 15 
16 5 12 
18 -59 71 
63 10 -43 
-51 79 2 
1 18 17 
28 12 -4 
7 6 23 
58 -63 74 
39 23 7 
-28 109 -12 
65 3 37 
7 35 63 
33 67 5 
26 143 26 
65 65 65 
104 -13 104 
5 90 16 
48 37 26 
58 -16 69 
20 -40 65 
60 15 -30 
-35 70 10 
16 135 2 
37 51 65 
100 -33 86 
12 71 16 
37 33 29 
50 -5 54 
45 40 53 
54 46 38 
39 52 47 
54 -80 86 
52 20 -12 
-46 120 -14 
31 -112 87 
58 2 -54 
-83 116 -27 
63 -16 49 
18 32 46 
15 80 1 
20 66 4 
14 30 46 
56 -6 40 
34 -30 74 
66 26 -14 
-22 82 18 
23 -102 85 
64 2 -60 
-81 106 -19 
29 40 48 
58 39 20 
30 38 49 
33 -102 75 
44 2 -40 
-71 106 -29 
36 68 31 
40 45 50 
59 22 54 
70 -191 130 
63 3 -57 
-124 197 -64 
30 -67 67 
47 10 -27 
-47 87 -10 
25 188 -12 
30 67 104 
146 -54 109 
24 -22 28 
14 10 6 
-8 42 -4 
8 27 10 
17 15 13 
20 3 22 
22 104 24 
52 50 48 
76 -4 78 
7 209 -6 
57 70 83 
146 -69 133 
68 56 53 
44 59 74 
65 62 50 
50 -10 74 
62 38 14 
2 86 26 
59 -15 76 
57 40 23 
4 95 21 
5 196 -27 
26 58 90 
143 -80 111 
6 40 -7 
0 13 26 
33 -14 20 
6 -53 59 
57 4 -49 
-51 61 2 
19 -34 54 
48 13 -22 
-28 60 7 
24 121 -1 
23 48 73 
97 -25 72 
22 117 11 
39 50 61 
89 -17 78 
49 99 29 
39 59 79 
89 19 69 
23 138 -17 
8 48 88 
113 -42 73 
24 144 -9 
20 53 86 
115 -38 82 
35 -40 53 
34 16 -2 
-21 72 -3 
49 79 19 
19 49 79 
79 19 49 
11 61 12 
29 28 27 
44 -5 45 
25 -66 77 
64 12 -40 
-53 90 -1 
39 142 -16 
0 55 110 
126 -32 71 
20 157 -12 
23 55 87 
122 -47 90 
26 57 10 
15 31 47 
52 5 36 
8 -16 56 
64 16 -32 
-24 48 24 
52 66 11 
2 43 84 
75 20 34 
27 101 13 
33 47 61 
81 -7 67 
60 6 66 
50 44 38 
22 82 28 
54 77 25 
23 52 81 
79 27 50 
64 -119 91 
39 12 -15 
-67 143 -40 
31 -46 66 
52 17 -18 
-32 80 3 
11 71 -1 
15 27 39 
55 -17 43 
19 107 33 
67 53 39 
73 -1 87 
52 113 15 
23 60 97 
105 7 68 
66 54 36 
22 52 82 
68 50 38 
7 155 -9 
35 51 67 
111 -53 95 
41 -39 31 
1 11 21 
-9 61 -19 
11 171 7 
59 63 67 
119 -45 115 
9 181 -25 
21 55 89 
135 -71 101 
31 211 -32 
7 70 133 
172 -71 109 
48 -122 98 
58 8 -42 
-82 138 -32 
41 31 36 
31 36 41 
36 41 31 
1 49 10 
29 20 11 
30 -9 39 
22 158 -3 
34 59 84 
121 -40 96 
40 -1 72 
69 37 5 
2 75 34 
33 -136 103 
70 0 -70 
-103 136 -33 
31 -88 78 
54 7 -40 
-64 102 -17 
42 -28 73 
60 29 -2 
-15 86 16 
45 43 29 
23 39 55 
49 35 33 
58 -28 75 
52 35 18 
-5 98 12 
38 64 3 
0 35 70 
67 6 32 
8 151 -30 
5 43 81 
116 -65 78 
45 77 10 
9 44 79 
78 11 43 
10 43 28 
45 27 9 
26 11 44 
2 197 -46 
3 51 99 
148 -95 100 
7 157 -32 
5 44 83 
120 -69 81 
40 119 30 
53 63 73 
96 7 86 
48 -107 98 
63 13 -37 
-72 133 -22 
63 -144 114 
62 11 -40 
-92 166 -41 
6 22 32 
46 20 -6 
8 18 34 
55 -137 103 
55 7 -41 
-89 151 -41 
1 263 -63 
3 67 131 
197 -129 133 
33 -92 83 
58 8 -42 
-67 108 -17 
51 104 43 
58 66 74 
89 28 81 
58 -64 48 
4 14 24 
-20 92 -30 
10 6 29 
34 15 -4 
1 24 20 
57 32 52 
42 47 52 
42 62 37 
18 52 47 
68 39 10 
31 26 60 
45 -64 55 
22 12 2 
-31 88 -21 
52 -39 56 
27 23 19 
-10 85 -6 
59 36 25 
6 40 74 
55 44 21 
31 144 -4 
22 57 92 
118 -30 83 
47 163 -6 
15 68 121 
142 -27 89 
34 -35 49 
31 16 1 
-17 67 -2 
12 -8 44 
48 16 -16 
-12 40 20 
38 40 57 
64 45 26 
33 50 52 
42 61 35 
39 46 53 
57 31 50 
43 -98 70 
32 5 -22 
-60 108 -33 
26 -42 64 
54 16 -22 
-32 74 6 
40 15 38 
29 31 33 
24 47 22 
59 -81 55 
7 11 15 
-33 103 -37 
37 26 57 
60 40 20 
23 54 43 
49 74 24 
24 49 74 
74 24 49 
37 91 7 
15 45 75 
83 -1 53 
56 39 46 
37 47 57 
48 55 38 
70 -34 96 
70 44 18 
-8 122 18 
23 156 -5 
30 58 86 
121 -40 93 
55 14 66 
56 45 34 
24 76 35 
33 -110 95 
68 6 -56 
-83 122 -21 
53 -142 113 
68 8 -52 
-97 158 -37 
18 -88 76 
60 2 -56 
-72 92 -14 
11 -28 50 
50 11 -28 
-28 50 11 
24 174 -3 
38 65 92 
133 -44 106 
47 107 32 
47 62 77 
92 17 77 
10 228 -52 
0 62 124 
176 -104 114 
14 36 31 
44 27 10 
23 18 40 
43 85 52 
69 60 51 
68 35 77 
52 -112 105 
68 15 -38 
-75 142 -22 
70 -75 71 
23 22 21 
-27 119 -26 
45 -135 90 
45 0 -45 
-90 135 -45 
69 -38 92 
64 41 18 
-10 120 13 
10 98 -6 
18 34 50 
74 -30 58 
58 16 46 
28 40 52 
34 64 22 
13 -41 52 
47 8 -31 
-36 57 3 
14 202 -15 
38 67 96 
149 -68 120 
55 -88 63 
18 10 2 
-43 108 -35 
35 -47 66 
49 18 -13 
-30 83 1 
44 90 31 
42 55 68 
79 20 66 
45 92 13 
18 50 82 
87 8 55 
70 -76 90 
48 28 8 
-34 132 -14 
2 -35 42 
43 3 -37 
-36 41 4 
32 -15 64 
59 27 -5 
-10 69 22 
55 -93 83 
43 15 -13 
-53 123 -25 
32 58 54 
70 48 26 
42 38 64 
31 6 59 
60 32 4 
5 58 33 
59 -55 95 
69 33 -3 
-29 121 7 
28 100 13 
32 47 62 
81 -6 66 
41 -80 84 
58 15 -28 
-54 110 -11 
8 5 44 
55 19 -17 
-6 33 30 
39 133 -7 
9 55 101 
117 -23 71 
36 -28 49 
32 19 6 
-11 66 2 
43 25 25 
13 31 49 
37 37 19 
42 -117 96 
61 7 -47 
-82 131 -28 
26 196 -36 
0 62 124 
160 -72 98 
35 4 48 
42 29 16 
10 54 23 
59 120 25 
34 68 102 
111 16 77 
49 49 28 
21 42 63 
56 35 35 
69 44 31 
10 48 86 
65 52 27 
9 29 28 
41 22 3 
16 15 35 
16 162 -19 
18 53 88 
125 -56 90 
1 25 19 
33 15 -3 
11 5 29 
62 -119 72 
15 5 -5 
-62 129 -52 
36 96 0 
8 44 80 
88 -8 52 
11 95 5 
31 37 43 
69 -21 63 
65 66 16 
0 49 98 
82 32 33 
57 39 36 
23 44 65 
52 49 31 
18 17 13 
11 16 21 
19 15 14 
24 124 26 
60 58 56 
90 -8 92 
10 6 38 
46 18 -10 
-2 30 26 
22 81 14 
31 39 47 
64 -3 56 
36 -29 68 
57 25 -7 
-18 79 14 
9 205 -28 
25 62 99 
152 -81 115 
37 -31 66 
53 24 -5 
-18 79 11 
30 156 -3 
28 61 94 
125 -34 92 
43 -1 42 
27 28 29 
14 57 13 
55 120 2 
6 59 112 
116 -2 63 
7 24 20 
30 17 4 
14 10 27 
59 -79 74 
33 18 3 
-38 115 -23 
68 80 26 
16 58 100 
90 36 48 
25 49 37 
49 37 25 
37 25 49 
68 -164 108 
44 4 -36 
-100 172 -60 
49 -54 80 
56 25 -6 
-30 104 1 
57 22 32 
12 37 62 
42 52 17 
41 -5 66 
59 34 9 
2 73 27 
7 80 0 
22 29 36 
58 -22 51 
29 3 43 
39 25 11 
7 47 21 
4 182 -15 
38 57 76 
129 -68 110 
54 72 54 
60 60 60 
66 48 66 
47 -51 76 
53 24 -5 
-28 99 1 
8 198 -11 
46 65 84 
141 -68 122 
69 -49 55 
11 25 39 
-5 99 -19 
17 72 28 
50 39 28 
50 6 61 
19 124 13 
46 52 58 
91 -20 85 
17 110 17 
48 48 48 
79 -14 79 
44 49 33 
31 42 53 
51 35 40 
3 -27 57 
65 11 -43 
-35 49 19 
44 -144 103 
60 1 -58 
-101 146 -42 
11 194 -4 
52 67 82 
138 -60 123 
66 -23 65 
35 36 37 
7 95 6 
44 -124 98 
60 6 -48 
-86 136 -32 
9 76 26 
54 37 20 
48 -2 65 
15 179 -14 
31 60 89 
134 -59 105 
13 153 14 
61 60 59 
106 -33 107 
22 -43 39 
23 6 -11 
-27 55 -10 
7 146 -24 
12 43 74 
110 -60 79 
49 36 32 
22 39 56 
46 42 29 
61 -62 73 
36 24 12 
-25 110 -13 
45 -75 48 
9 6 3 
-36 87 -33 
7 199 -5 
55 67 79 
139 -65 127 
1 213 -31 
29 61 93 
153 -91 121 
65 82 45 
44 64 84 
83 46 63 
63 103 35 
39 67 95 
99 31 71 
37 22 13 
0 24 48 
35 26 11 
45 -4 67 
58 36 14 
5 76 27 
23 7 57 
63 29 -5 
1 51 35 
41 -37 47 
23 17 11 
-13 71 -7 
48 27 42 
33 39 45 
36 51 30 
64 28 46 
28 46 64 
46 64 28 
33 -91 76 
49 6 -37 
-64 103 -21 
20 164 -4 
36 60 84 
124 -44 100 
23 6 31 
28 20 12 
9 34 17 
60 -147 87 
27 0 -27 
-87 147 -60 
63 71 61 
63 65 67 
69 59 67 
6 22 23 
34 17 0 
11 12 28 
48 -28 79 
64 33 2 
-13 94 18 
52 -71 64 
27 15 3 
-34 101 -22 
69 75 24 
11 56 101 
88 37 43 
19 40 19 
26 26 26 
33 12 33 
57 -152 119 
70 8 -54 
-103 168 -41 
54 108 15 
20 59 98 
103 10 64 
