30 -39 33 
11 8 5 
-17 55 -14 
27 46 26 
32 33 34 
40 20 39 
21 61 -4 
1 26 51 
56 -9 31 
11 -28 17 
6 0 -6 
-17 28 -11 
37 -45 59 
39 17 -5 
-25 79 -3 
39 -84 57 
22 4 -14 
-49 92 -31 
30 24 18 
12 24 36 
30 24 18 
33 -37 40 
19 12 5 
-16 61 -9 
13 108 -7 
18 38 58 
83 -32 63 
3 78 -9 
12 24 36 
57 -30 45 
25 14 36 
36 25 14 
14 36 25 
9 -20 29 
26 6 -14 
-17 32 3 
28 42 11 
10 27 44 
43 12 26 
24 77 13 
27 38 49 
63 -1 52 
26 -63 55 
35 6 -23 
-43 75 -14 
6 101 -8 
19 33 47 
74 -35 60 
20 63 19 
33 34 35 
49 5 48 
13 -23 22 
13 4 -5 
-14 31 -5 
35 -53 36 
7 6 5 
-24 65 -23 
9 3 12 
11 8 5 
4 13 7 
7 47 21 
39 25 11 
29 3 43 
29 -47 42 
21 8 -5 
-26 63 -13 
30 36 24 
24 30 36 
36 24 30 
11 10 27 
32 16 0 
5 22 21 
5 73 -15 
1 21 41 
57 -31 37 
15 96 3 
26 38 50 
73 -20 61 
21 -14 32 
24 13 2 
-6 40 5 
4 20 18 
28 14 0 
10 8 24 
13 6 32 
36 17 -2 
2 28 21 
33 -24 30 
10 13 16 
-4 50 -7 
3 120 -12 
22 37 52 
86 -46 71 
20 -5 33 
29 16 3 
-1 37 12 
37 -2 43 
32 26 20 
9 54 15 
27 61 -1 
1 29 57 
59 -3 31 
10 116 -9 
20 39 58 
87 -38 68 
23 55 0 
3 26 49 
52 -3 29 
22 44 30 
40 32 24 
34 20 42 
31 5 33 
25 23 21 
13 41 15 
13 117 -10 
17 40 63 
90 -37 67 
32 -22 44 
30 18 6 
-8 58 4 
13 -16 33 
30 10 -10 
-13 36 7 
23 -32 33 
18 8 -2 
-17 48 -7 
24 49 14 
19 29 39 
44 9 34 
18 -56 41 
24 1 -22 
-39 58 -16 
5 23 8 
15 12 9 
16 1 19 
22 56 0 
4 26 48 
52 -4 30 
38 32 20 
12 30 48 
40 28 22 
15 43 11 
19 23 27 
35 3 31 
1 42 5 
20 16 12 
27 -10 31 
20 52 12 
20 28 36 
44 4 36 
4 -1 30 
37 11 -15 
-8 23 18 
39 -79 55 
21 5 -11 
-45 89 -29 
4 65 -9 
7 20 33 
49 -25 36 
33 -7 22 
5 16 27 
10 39 -1 
18 15 27 
29 20 11 
13 25 22 
31 -93 65 
35 1 -33 
-63 95 -29 
17 -29 36 
27 8 -11 
-20 45 -1 
18 13 14 
11 15 19 
16 17 12 
8 47 -1 
9 18 27 
37 -11 28 
35 43 33 
35 37 39 
41 31 39 
25 24 26 
26 25 24 
24 26 25 
10 75 2 
21 29 37 
56 -17 48 
27 -43 31 
9 5 1 
-21 53 -17 
2 35 11 
25 16 7 
21 -3 30 
22 69 -4 
3 29 55 
62 -11 36 
14 60 13 
28 29 30 
45 -2 44 
37 -5 37 
23 23 23 
9 51 9 
25 19 31 
31 25 19 
19 31 25 
29 -69 49 
23 3 -17 
-43 75 -23 
19 34 16 
20 23 26 
30 12 27 
24 -87 63 
39 0 -39 
-63 87 -24 
32 -27 37 
19 14 9 
-9 55 -4 
19 32 9 
10 20 30 
31 8 21 
19 40 25 
34 28 22 
31 16 37 
1 109 -8 
25 34 43 
76 -41 67 
1 4 19 
26 8 -10 
-3 12 15 
29 -71 57 
33 5 -23 
-47 81 -19 
8 14 8 
10 10 10 
12 6 12 
20 27 28 
33 25 17 
22 23 30 
19 34 1 
0 18 36 
35 2 17 
29 -48 28 
2 3 4 
-22 54 -23 
10 84 5 
28 33 38 
61 -18 56 
13 1 16 
13 10 7 
4 19 7 
26 0 25 
16 17 18 
9 34 8 
21 -38 26 
8 3 -2 
-20 44 -15 
24 63 3 
9 30 51 
57 -3 36 
35 73 3 
5 37 69 
71 1 39 
11 110 -10 
16 37 58 
84 -36 63 
35 53 29 
33 39 45 
49 25 43 
3 36 -3 
6 12 18 
27 -12 21 
30 4 23 
12 19 26 
15 34 8 
16 20 21 
24 19 14 
17 18 22 
12 28 2 
4 14 24 
26 0 16 
3 107 -20 
7 30 53 
80 -47 57 
25 -2 34 
28 19 10 
4 40 13 
10 16 1 
0 9 18 
17 2 8 
39 -10 31 
12 20 28 
9 50 1 
15 82 -10 
4 29 54 
68 -24 43 
10 67 -2 
13 25 37 
52 -17 40 
28 16 34 
32 26 20 
18 36 24 
6 42 21 
38 23 8 
25 4 40 
13 -38 34 
24 3 -18 
-28 44 -7 
20 -7 23 
15 12 9 
1 31 4 
36 -40 40 
16 12 8 
-16 64 -12 
1 105 -22 
5 28 51 
78 -49 55 
33 80 7 
14 40 66 
73 0 47 
14 26 26 
34 22 10 
18 18 30 
24 -72 54 
32 2 -28 
-50 76 -20 
8 3 7 
5 6 7 
5 9 4 
12 37 23 
35 24 13 
25 11 36 
27 12 12 
2 17 32 
22 22 7 
36 47 16 
13 33 53 
50 19 30 
35 45 34 
37 38 39 
42 31 41 
37 -39 50 
29 16 3 
-18 71 -5 
22 -20 43 
36 15 -6 
-13 50 8 
15 -28 31 
22 6 -10 
-19 40 -3 
6 87 3 
29 32 35 
61 -23 58 
19 -20 16 
2 5 8 
-6 30 -9 
4 -8 7 
4 1 -2 
-5 10 -2 
12 112 -10 
16 38 60 
86 -36 64 
13 -63 50 
37 0 -37 
-50 63 -13 
3 48 12 
30 21 12 
30 -6 39 
26 -54 52 
34 8 -18 
-36 70 -10 
11 -6 10 
4 5 6 
0 16 -1 
0 27 15 
29 14 -1 
13 1 28 
23 -48 46 
30 7 -16 
-32 62 -9 
9 53 -8 
1 18 35 
44 -17 27 
18 95 -5 
13 36 59 
77 -23 54 
7 17 21 
29 15 1 
9 13 23 
13 36 17 
26 22 18 
27 8 31 
34 -9 38 
25 21 17 
4 51 8 
12 74 -8 
6 26 46 
60 -22 40 
16 0 17 
12 11 10 
5 22 6 
28 -83 55 
27 0 -27 
-55 83 -28 
12 12 9 
8 11 14 
13 10 10 
16 31 28 
37 25 13 
22 19 34 
31 60 29 
38 40 42 
51 20 49 
36 -7 49 
39 26 13 
3 59 16 
22 116 -18 
0 40 80 
98 -36 58 
37 27 23 
15 29 43 
35 31 21 
31 35 9 
3 25 47 
41 15 19 
36 -8 26 
8 18 28 
10 44 0 
38 -15 34 
15 19 23 
4 53 0 
3 78 0 
24 27 30 
54 -24 51 
19 21 14 
13 18 23 
22 15 17 
29 27 31 
31 29 27 
27 31 29 
19 38 24 
32 27 22 
30 16 35 
25 -19 21 
5 9 13 
-3 37 -7 
21 45 3 
5 23 41 
43 1 25 
7 94 4 
32 35 38 
66 -24 63 
28 75 2 
9 35 61 
68 -5 42 
40 59 18 
17 39 61 
60 19 38 
22 78 11 
26 37 48 
63 -4 52 
23 100 -3 
14 40 66 
83 -20 57 
31 -31 24 
1 8 15 
-8 47 -15 
14 -31 38 
31 7 -17 
-24 45 0 
33 -29 35 
15 13 11 
-9 55 -7 
4 61 -8 
7 19 31 
46 -23 34 
31 16 19 
10 22 34 
25 28 13 
12 34 2 
6 16 26 
30 -2 20 
38 28 33 
28 33 38 
33 38 28 
15 93 -3 
17 35 53 
73 -23 55 
14 113 -16 
7 37 67 
90 -39 60 
22 92 0 
16 38 60 
76 -16 54 
33 -13 34 
19 18 17 
2 49 3 
10 103 1 
29 38 47 
75 -27 66 
20 33 16 
19 23 27 
30 13 26 
11 30 22 
32 21 10 
20 12 31 
9 114 -6 
24 39 54 
84 -36 69 
40 -80 64 
32 8 -16 
-48 96 -24 
0 119 -29 
1 30 59 
89 -59 60 
37 -32 40 
18 15 12 
-10 62 -7 
9 24 27 
38 20 2 
13 16 31 
28 14 39 
38 27 16 
15 40 26 
29 73 -3 
1 33 65 
69 -7 37 
22 65 21 
35 36 37 
51 7 50 
32 -9 34 
21 19 17 
4 47 6 
25 43 10 
11 26 41 
42 9 27 
8 100 -6 
20 34 48 
74 -32 60 
3 23 4 
11 10 9 
16 -3 17 
0 -27 27 
27 0 -27 
-27 27 0 
4 49 10 
27 21 15 
32 -7 38 
6 48 12 
28 22 16 
32 -4 38 
32 -32 30 
8 10 12 
-10 52 -12 
40 -13 36 
17 21 25 
6 55 2 
8 93 -17 
3 28 53 
73 -37 48 
11 23 29 
39 21 3 
13 19 31 
1 37 4 
17 14 11 
24 -9 27 
27 -48 39 
18 6 -6 
-27 60 -15 
6 23 10 
17 13 9 
16 3 20 
29 31 30 
31 30 29 
30 29 31 
4 3 23 
29 10 -9 
-3 17 16 
23 -31 26 
9 6 3 
-14 43 -11 
2 101 -13 
15 30 45 
73 -41 58 
27 10 29 
24 22 20 
15 34 17 
30 51 12 
13 31 49 
50 11 32 
19 -7 24 
17 12 7 
0 31 5 
27 93 -3 
9 39 69 
81 -15 51 
1 -17 25 
27 3 -21 
-19 23 5 
11 -32 30 
22 3 -16 
-24 38 -5 
23 57 4 
9 28 47 
52 -1 33 
24 74 16 
30 38 46 
60 2 52 
20 -29 42 
33 11 -11 
-20 51 2 
14 66 -5 
6 25 44 
55 -16 36 
7 -7 21 
21 7 -7 
-7 21 7 
31 -14 28 
12 15 18 
2 44 -1 
25 -59 55 
37 7 -23 
-41 73 -11 
33 -32 32 
10 11 12 
-10 54 -11 
17 84 -5 
10 32 54 
69 -20 47 
37 26 39 
36 34 32 
29 42 31 
17 -8 33 
30 14 -2 
-5 36 11 
37 -73 63 
35 9 -17 
-45 91 -19 
26 -6 19 
6 13 20 
7 32 0 
28 -30 41 
26 13 0 
-15 56 -2 
2 -16 26 
28 4 -20 
-18 24 6 
1 17 24 
37 14 -9 
4 11 27 
21 -9 36 
31 16 1 
-4 41 11 
12 4 23 
24 13 2 
3 22 14 
6 -31 31 
27 2 -23 
-27 35 -2 
17 81 16 
37 38 39 
60 -5 59 
1 31 22 
39 18 -3 
14 5 35 
25 108 -13 
2 40 78 
93 -28 55 
0 132 -15 
24 39 54 
93 -54 78 
39 -11 29 
9 19 29 
9 49 -1 
8 105 -5 
23 36 49 
77 -33 64 
22 2 39 
38 21 4 
3 40 20 
28 87 -1 
9 38 67 
77 -11 48 
33 -38 41 
20 12 4 
-17 62 -9 
20 54 4 
10 26 42 
48 -2 32 
19 48 -1 
2 22 42 
45 -4 25 
0 21 12 
23 11 -1 
10 1 22 
40 18 41 
34 33 32 
25 48 26 
31 -1 39 
31 23 15 
7 47 15 
27 20 22 
18 23 28 
24 26 19 
6 117 -15 
15 36 57 
87 -45 66 
21 1 32 
29 18 7 
4 35 15 
31 -60 53 
30 8 -14 
-37 76 -15 
26 24 25 
24 25 26 
25 26 24 
37 48 29 
30 38 46 
47 28 39 
29 61 27 
37 39 41 
51 17 49 
35 5 38 
29 26 23 
14 47 17 
15 24 27 
34 22 10 
17 20 29 
6 113 -14 
15 35 55 
84 -43 64 
31 6 29 
20 22 24 
15 38 13 
27 65 22 
33 38 43 
54 11 49 
10 -37 30 
21 1 -19 
-28 39 -8 
35 -26 48 
32 19 6 
-10 64 3 
9 31 8 
15 16 17 
24 1 23 
39 -57 42 
11 8 5 
-26 73 -23 
35 45 25 
25 35 45 
45 25 35 
2 106 -3 
30 35 40 
73 -36 68 
39 -20 32 
10 17 24 
2 54 -5 
30 51 18 
21 33 45 
48 15 36 
33 51 27 
31 37 43 
47 23 41 
6 23 13 
21 14 7 
15 5 22 
32 -10 32 
18 18 18 
4 46 4 
23 -23 39 
29 13 -3 
-13 49 3 
5 -6 19 
20 6 -8 
-7 18 7 
8 -11 36 
39 11 -17 
-14 33 14 
13 35 24 
35 24 13 
24 13 35 
32 -24 31 
12 13 14 
-5 50 -6 
15 45 21 
33 27 21 
33 9 39 
28 -35 49 
35 14 -7 
-21 63 0 
9 114 -9 
20 38 56 
85 -38 67 
24 12 15 
8 17 26 
19 22 10 
10 60 11 
28 27 26 
43 -6 44 
31 -34 42 
24 13 2 
-16 60 -5 
40 -32 37 
12 15 18 
-7 62 -10 
3 25 11 
21 13 5 
15 1 23 
11 100 9 
38 40 42 
71 -20 69 
25 69 23 
37 39 41 
55 9 53 
29 -69 61 
39 7 -25 
-47 83 -15 
12 102 -6 
18 36 54 
78 -30 60 
11 -12 13 
6 4 2 
-5 20 -3 
22 2 36 
34 20 6 
4 38 18 
27 -31 43 
29 13 -3 
-17 57 -1 
4 8 15 
20 9 -2 
3 10 14 
24 -62 44 
22 2 -18 
-40 66 -20 
0 11 13 
21 8 -5 
3 5 16 
8 67 12 
33 29 25 
46 -9 50 
40 31 22 
13 31 49 
40 31 22 
31 47 21 
23 33 43 
45 19 35 
0 87 -18 
5 23 41 
64 -41 46 
30 -15 39 
27 18 9 
-3 51 6 
0 26 16 
30 14 -2 
12 2 28 
6 -20 38 
40 8 -24 
-22 36 10 
0 46 -1 
14 15 16 
31 -16 30 
13 43 19 
31 25 19 
31 7 37 
6 146 -32 
2 40 78 
112 -66 74 
15 102 -3 
20 38 56 
79 -26 61 
17 45 19 
29 27 25 
35 9 37 
35 73 6 
9 38 67 
70 3 41 
36 47 13 
9 32 55 
51 17 28 
4 32 -6 
0 10 20 
26 -12 16 
16 -46 36 
22 2 -18 
-32 50 -12 
20 42 7 
10 23 36 
39 4 26 
40 -45 56 
33 17 1 
-22 79 -6 
25 -39 41 
25 9 -7 
-23 57 -7 
0 128 -20 
16 36 56 
92 -56 72 
22 19 19 
17 20 23 
21 21 18 
24 86 1 
14 37 60 
73 -12 50 
21 83 -2 
11 34 57 
70 -15 47 
23 38 20 
24 27 30 
34 16 31 
32 8 38 
32 26 20 
14 44 20 
6 11 25 
33 14 -5 
3 17 22 
7 -24 26 
22 3 -16 
-20 30 -1 
5 48 -5 
6 16 26 
37 -16 27 
15 47 19 
31 27 23 
35 7 39 
6 68 -5 
12 23 34 
51 -22 40 
13 -17 28 
23 8 -7 
-12 33 3 
12 10 14 
14 12 10 
10 14 12 
28 10 25 
18 21 24 
17 32 14 
11 98 5 
32 38 44 
71 -22 65 
12 90 -3 
18 33 48 
69 -24 54 
20 16 36 
40 24 8 
12 32 28 
8 47 -1 
9 18 27 
37 -11 28 
36 -3 30 
15 21 27 
12 45 6 
17 64 9 
22 30 38 
51 -4 43 
25 54 2 
4 27 50 
52 0 29 
19 90 2 
20 37 54 
72 -16 55 
23 -22 44 
36 15 -6 
-14 52 7 
17 58 15 
28 30 32 
45 2 43 
15 -31 34 
25 6 -13 
-22 43 -3 
8 20 11 
16 13 10 
15 6 18 
38 -30 37 
14 15 16 
-7 60 -8 
35 -23 24 
1 12 23 
0 47 -11 
5 108 4 
38 39 40 
74 -30 73 
16 81 -1 
15 32 49 
65 -17 48 
4 91 -17 
5 26 47 
69 -39 48 
9 51 12 
27 24 21 
36 -3 39 
16 24 32 
40 24 8 
16 24 32 
33 -74 41 
8 0 -8 
-41 74 -33 
18 91 11 
33 40 47 
69 -11 62 
18 -1 10 
1 9 17 
8 19 0 
24 26 31 
34 27 20 
23 28 30 
25 -85 63 
39 1 -37 
-61 87 -23 
24 51 21 
29 32 35 
43 13 40 
6 39 21 
37 22 7 
23 5 38 
13 78 2 
20 31 42 
60 -16 49 
40 -12 44 
28 24 20 
4 60 8 
31 -17 43 
31 19 7 
-5 55 7 
39 18 15 
0 24 48 
33 30 9 
36 38 28 
26 34 42 
40 30 32 
4 101 0 
31 35 39 
70 -31 66 
33 50 10 
8 31 54 
52 12 29 
36 35 13 
5 28 51 
43 21 20 
30 -22 25 
6 11 16 
-3 44 -8 
22 -52 33 
12 1 -10 
-31 54 -20 
25 34 16 
16 25 34 
34 16 25 
9 19 8 
11 12 13 
16 5 15 
3 86 -2 
24 29 34 
60 -28 55 
37 66 8 
8 37 66 
66 8 37 
27 41 13 
13 27 41 
41 13 27 
6 99 3 
33 36 39 
69 -27 66 
29 -48 52 
34 11 -12 
-30 70 -7 
27 62 28 
40 39 38 
50 16 51 
16 89 15 
39 40 41 
65 -9 64 
10 133 -23 
7 40 73 
103 -53 70 
20 29 17 
19 22 25 
27 15 24 
17 -21 19 
7 5 3 
-9 31 -7 
20 7 21 
17 16 15 
11 25 12 
14 84 16 
40 38 36 
60 -8 62 
16 -5 13 
5 8 11 
3 21 0 
38 -10 32 
14 20 26 
8 50 2 
17 92 11 
34 40 46 
69 -12 63 
26 79 3 
13 36 59 
69 -7 46 
40 35 27 
21 34 47 
41 33 28 
10 29 6 
11 15 19 
24 1 20 
30 -20 44 
32 18 4 
-8 56 6 
11 -42 37 
28 2 -24 
-33 46 -7 
15 -12 39 
38 14 -10 
-11 40 13 
6 15 15 
21 12 3 
9 9 18 
33 87 0 
7 40 73 
80 -7 47 
39 -38 44 
20 15 10 
-14 68 -9 
17 88 0 
18 35 52 
70 -18 53 
26 -83 63 
39 2 -35 
-59 87 -22 
12 77 7 
27 32 37 
57 -13 52 
3 46 20 
40 23 6 
26 0 43 
39 -45 51 
27 15 3 
-21 75 -9 
31 -22 21 
0 10 20 
-1 42 -11 
4 85 4 
31 31 31 
58 -23 58 
10 76 1 
20 29 38 
57 -18 48 
20 58 0 
6 26 46 
52 -6 32 
40 -81 50 
13 3 -7 
-44 87 -34 
21 48 15 
22 28 34 
41 8 35 
4 45 17 
35 22 9 
27 -1 40 
0 54 -6 
10 16 22 
38 -22 32 
16 63 14 
29 31 33 
48 -1 46 
35 -80 66 
38 7 -24 
-52 94 -21 
21 24 30 
34 25 16 
20 26 29 
4 18 14 
22 12 2 
10 6 20 
8 14 20 
26 14 2 
8 14 20 
18 84 3 
20 35 50 
67 -14 52 
28 6 35 
30 23 16 
11 40 18 
23 2 14 
4 13 22 
12 24 3 
16 85 16 
39 39 39 
62 -7 62 
4 83 -12 
9 25 41 
62 -33 46 
23 10 9 
0 14 28 
19 18 5 
1 21 20 
33 14 -5 
8 7 27 
25 18 35 
36 26 16 
17 34 27 
12 64 2 
16 26 36 
50 -12 40 
17 -7 32 
29 14 -1 
-4 35 11 
7 34 4 
12 15 18 
26 -4 23 
31 -64 36 
6 1 -4 
-34 66 -29 
7 7 22 
27 12 -3 
2 17 17 
27 26 16 
12 23 34 
30 20 19 
3 19 26 
39 16 -7 
6 13 29 
35 -5 24 
7 18 29 
12 41 1 
17 122 -22 
0 39 78 
100 -44 61 
20 9 19 
15 16 17 
13 23 12 
9 46 -7 
0 16 32 
39 -14 23 
33 27 39 
39 33 27 
27 39 33 
18 62 1 
10 27 44 
53 -8 36 
10 11 12 
13 11 9 
10 11 12 
12 -24 36 
32 8 -16 
-20 40 4 
33 36 36 
38 35 32 
34 34 37 
39 7 38 
27 28 29 
18 49 17 
23 1 12 
1 12 23 
12 23 1 
1 62 9 
32 24 16 
39 -14 47 
3 -6 24 
28 7 -14 
-10 20 11 
26 -30 22 
2 6 10 
-10 42 -14 
20 -11 36 
31 15 -1 
-6 41 10 
16 -36 47 
40 9 -22 
-29 54 2 
3 0 12 
14 5 -4 
-2 10 7 
38 33 31 
27 34 41 
37 35 30 
40 -60 62 
36 14 -8 
-34 88 -12 
35 2 32 
20 23 26 
14 44 11 
2 65 2 
23 23 23 
44 -19 44 
38 -25 50 
33 21 9 
-8 67 4 
32 -25 47 
33 18 3 
-11 61 4 
26 75 1 
9 34 59 
67 -7 42 
6 10 2 
2 6 10 
10 2 6 
19 -40 45 
34 8 -18 
-29 56 -3 
16 75 -10 
1 27 53 
64 -21 38 
33 -73 64 
39 8 -23 
-48 89 -17 
9 64 8 
26 27 28 
46 -10 45 
36 59 16 
17 37 57 
58 15 38 
21 16 23 
22 20 18 
17 24 19 
37 -62 46 
16 7 -2 
-32 76 -23 
36 -27 54 
39 21 3 
-12 69 6 
30 86 4 
14 40 66 
76 -6 50 
25 104 -9 
6 40 74 
89 -24 55 
20 71 8 
21 33 45 
58 -5 46 
22 28 4 
0 18 36 
32 8 14 
7 81 -4 
17 28 39 
60 -25 49 
36 -25 46 
29 19 9 
-8 63 2 
4 143 -33 
1 38 75 
109 -67 72 
31 -23 49 
37 19 1 
-11 61 7 
9 22 8 
12 13 14 
18 4 17 
39 -71 53 
21 7 -7 
-39 85 -25 
30 39 15 
13 28 43 
41 17 26 
13 -48 38 
26 1 -24 
-36 50 -11 
39 -93 57 
19 1 -17 
-55 95 -37 
37 67 13 
15 39 63 
65 11 41 
13 -31 18 
5 0 -5 
-18 31 -13 
4 105 -22 
3 29 55 
80 -47 54 
25 73 -2 
5 32 59 
66 -9 39 
27 54 30 
40 37 34 
44 20 47 
35 54 10 
8 33 58 
56 12 31 
31 44 6 
2 27 52 
48 10 23 
7 39 -1 
7 15 23 
31 -9 23 
18 -4 37 
36 17 -2 
-3 38 16 
28 -60 50 
28 6 -16 
-38 72 -16 
5 3 10 
11 6 1 
2 9 7 
30 -32 29 
8 9 10 
-11 50 -12 
16 48 14 
24 26 28 
38 4 36 
30 36 9 
4 25 46 
41 14 20 
10 -20 13 
4 1 -2 
-11 22 -8 
18 69 6 
19 31 43 
56 -7 44 
10 -23 34 
31 7 -17 
-20 37 4 
0 65 -14 
3 17 31 
48 -31 34 
28 32 27 
28 29 30 
31 26 30 
16 30 5 
6 17 28 
29 4 18 
17 15 10 
7 14 21 
18 13 11 
1 75 -4 
19 24 29 
52 -27 47 
5 -2 27 
32 10 -12 
-7 22 15 
0 52 5 
24 19 14 
33 -14 38 
6 -45 42 
37 1 -35 
-40 47 -4 
14 45 22 
35 27 19 
32 9 40 
32 7 36 
29 25 21 
14 43 18 
9 101 -20 
1 30 59 
80 -41 51 
37 -35 46 
25 16 7 
-14 67 -5 
40 -66 50 
18 8 -2 
-34 82 -24 
32 -37 41 
21 12 3 
-17 61 -8 
39 -88 52 
14 1 -12 
-50 90 -37 
9 -24 15 
6 0 -6 
-15 24 -9 
25 -32 25 
6 6 6 
-13 44 -13 
7 56 3 
18 22 26 
41 -12 37 
34 30 20 
14 28 42 
36 26 22 
12 90 -3 
18 33 48 
69 -24 54 
10 113 -6 
23 39 55 
84 -35 68 
22 55 13 
21 30 39 
47 5 38 
16 71 12 
29 33 37 
54 -5 50 
1 90 -19 
4 24 44 
67 -42 47 
12 -5 32 
33 13 -7 
-6 31 14 
40 31 40 
37 37 37 
34 43 34 
14 -24 22 
12 4 -4 
-14 32 -6 
2 66 -14 
2 18 34 
50 -30 34 
40 -61 36 
1 5 9 
-26 71 -30 
2 32 8 
20 14 8 
20 -4 26 
16 48 2 
8 22 36 
42 -4 28 
3 -32 35 
34 2 -30 
-31 36 1 
21 -10 34 
28 15 2 
-4 40 9 
3 73 -13 
5 21 37 
55 -31 39 
8 33 13 
23 18 13 
23 3 28 
4 80 -9 
12 25 38 
59 -30 46 
28 58 4 
6 30 54 
56 2 32 
30 -5 38 
29 21 13 
4 47 12 
40 -80 46 
8 2 -4 
-42 84 -36 
0 0 18 
24 6 -12 
-6 12 12 
20 90 -8 
6 34 62 
76 -22 48 
19 -11 31 
25 13 1 
-5 37 7 
11 47 8 
19 22 25 
36 -3 33 
5 -44 39 
34 0 -34 
-39 44 -5 
29 -14 42 
32 19 6 
-4 52 9 
19 56 18 
30 31 32 
44 6 43 
35 -18 52 
40 23 6 
-6 64 11 
10 -52 42 
32 0 -32 
-42 52 -10 
9 101 -11 
13 33 53 
77 -35 57 
14 28 15 
20 19 18 
23 10 24 
25 90 -4 
8 37 66 
78 -16 49 
27 -20 20 
2 9 16 
-2 38 -9 
40 5 21 
3 22 41 
23 39 4 
17 4 27 
26 16 6 
5 28 15 
24 -30 27 
10 7 4 
-13 44 -10 
23 -37 38 
23 8 -7 
-22 53 -7 
0 135 -27 
9 36 63 
99 -63 72 
32 44 29 
32 35 38 
41 26 38 
15 4 29 
30 16 2 
3 28 17 
15 -28 16 
2 1 0 
-14 30 -13 
28 64 28 
40 40 40 
52 16 52 
21 -31 25 
9 5 1 
-15 41 -11 
9 72 -6 
10 25 40 
56 -22 41 
11 10 30 
36 17 -2 
4 24 23 
21 34 29 
36 28 20 
27 22 35 
16 -32 28 
16 4 -8 
-20 40 -8 
37 -70 60 
32 9 -14 
-42 88 -19 
19 86 15 
36 40 44 
65 -6 61 
30 69 3 
7 34 61 
65 -1 38 
2 116 -16 
16 34 52 
84 -48 66 
12 9 24 
27 15 3 
6 21 18 
15 83 -5 
11 31 51 
67 -21 47 
25 -40 51 
38 12 -14 
-27 64 -1 
35 -51 40 
13 8 3 
-24 67 -19 
21 0 27 
22 16 10 
5 32 11 
38 59 14 
13 37 61 
60 15 36 
35 -54 37 
8 6 4 
-25 66 -23 
34 49 25 
27 36 45 
47 23 38 
29 -76 47 
18 0 -18 
-47 76 -29 
33 68 1 
2 34 66 
67 0 35 
8 118 -12 
18 38 58 
88 -42 68 
22 15 20 
17 19 21 
18 23 16 
4 1 22 
27 9 -9 
-4 17 14 
37 21 35 
29 31 33 
27 41 25 
33 -29 38 
19 14 9 
-10 57 -5 
26 61 15 
23 34 45 
53 7 42 
31 -30 41 
24 14 4 
-13 58 -3 
13 -17 16 
7 4 1 
-8 25 -5 
0 32 -2 
8 10 12 
22 -12 20 
5 109 -12 
17 34 51 
80 -41 63 
24 -25 31 
17 10 3 
-11 45 -4 
33 57 24 
29 38 47 
52 19 43 
5 -14 33 
36 8 -20 
-17 30 11 
29 53 26 
33 36 39 
46 19 43 
2 112 0 
36 38 40 
76 -36 74 
33 -57 45 
19 7 -5 
-31 71 -19 
11 17 5 
5 11 17 
17 5 11 
24 61 20 
31 35 39 
50 9 46 
9 126 -15 
16 40 64 
95 -46 71 
23 -2 27 
20 16 12 
5 34 9 
32 2 29 
18 21 24 
13 40 10 
22 41 30 
39 31 23 
32 21 40 
40 41 24 
19 35 51 
46 29 30 
24 62 22 
34 36 38 
50 10 48 
36 -63 60 
35 11 -13 
-38 85 -14 
11 -42 46 
40 5 -30 
-36 52 -1 
17 121 -18 
5 40 75 
98 -41 63 
27 -56 44 
22 5 -12 
-34 66 -17 
18 -42 39 
26 5 -16 
-29 52 -8 
24 -52 49 
32 7 -18 
-35 66 -10 
25 -54 53 
36 8 -20 
-37 70 -9 
10 0 29 
32 13 -6 
-3 26 16 
36 -98 71 
38 3 -32 
-65 104 -30 
2 107 -1 
33 36 39 
73 -35 70 
34 -51 41 
15 8 1 
-25 67 -18 
28 -8 19 
4 13 22 
7 34 -2 
38 -46 50 
26 14 2 
-22 74 -10 
40 19 16 
1 25 49 
34 31 10 
7 95 -15 
7 29 51 
73 -37 51 
28 -29 34 
17 11 5 
-12 51 -6 
19 39 23 
31 27 23 
31 15 35 
19 0 29 
26 16 6 
3 32 13 
25 -12 35 
26 16 6 
-3 44 7 
16 119 -18 
5 39 73 
96 -41 62 
22 -14 22 
10 10 10 
-2 34 -2 
1 14 6 
12 7 2 
8 0 13 
35 49 27 
29 37 45 
47 25 39 
1 27 8 
19 12 5 
16 -3 23 
9 133 -22 
9 40 71 
102 -53 71 
10 109 -2 
27 39 51 
80 -31 68 
3 112 -10 
22 35 48 
80 -42 67 
33 37 14 
9 28 47 
42 19 23 
31 63 8 
11 34 57 
60 5 37 
2 34 6 
18 14 10 
22 -6 26 
19 66 -1 
8 28 48 
57 -10 37 
26 -12 40 
32 18 4 
-4 48 10 
2 76 -12 
8 22 36 
56 -32 42 
20 59 5 
13 28 43 
51 -3 36 
2 69 -11 
7 20 33 
51 -29 38 
22 75 5 
17 34 51 
63 -7 46 
34 -71 52 
23 5 -13 
-42 81 -24 
25 30 26 
28 27 26 
28 24 29 
29 10 21 
12 20 28 
19 30 11 
33 -59 44 
17 6 -5 
-32 71 -21 
16 21 29 
35 22 9 
15 23 28 
30 -78 63 
38 5 -28 
-53 88 -20 
35 68 17 
22 40 58 
63 12 45 
29 59 8 
11 32 53 
56 5 35 
7 -28 39 
38 6 -26 
-27 40 5 
8 101 5 
35 38 41 
71 -25 68 
9 10 17 
20 12 4 
7 14 15 
34 -71 49 
19 4 -11 
-41 79 -26 
2 40 0 
12 14 16 
28 -12 26 
2 80 -13 
8 23 38 
59 -34 44 
10 53 9 
23 24 25 
39 -5 38 
1 19 19 
31 13 -5 
7 7 25 
13 -59 49 
37 1 -35 
-47 61 -11 
8 46 6 
18 20 22 
34 -6 32 
16 -1 30 
29 15 1 
0 31 14 
30 -52 37 
12 5 -2 
-27 62 -20 
24 -18 21 
6 9 12 
-3 36 -6 
21 17 34 
37 24 11 
14 31 27 
22 113 -15 
3 40 77 
95 -33 58 
40 -6 38 
22 24 26 
10 54 8 
8 -42 34 
26 0 -26 
-34 42 -8 
4 95 -6 
21 31 41 
68 -33 58 
34 10 37 
30 27 24 
17 44 20 
34 10 22 
10 22 34 
22 34 10 
19 -9 38 
35 16 -3 
-6 41 13 
2 70 9 
34 27 20 
45 -16 52 
24 58 5 
10 29 48 
53 0 34 
15 124 -19 
6 40 74 
99 -44 65 
26 -19 41 
31 16 1 
-9 51 6 
29 1 24 
13 18 23 
12 35 7 
20 51 13 
21 28 35 
43 5 36 
10 15 20 
25 15 5 
10 15 20 
40 3 35 
21 26 31 
17 49 12 
18 -68 50 
32 0 -32 
-50 68 -18 
2 30 13 
26 15 4 
17 0 28 
6 91 2 
29 33 37 
64 -25 60 
8 0 34 
40 14 -12 
-6 28 20 
22 -21 23 
9 8 7 
-7 37 -6 
3 21 -3 
1 7 13 
17 -7 11 
40 0 23 
4 21 38 
19 42 2 
18 52 23 
36 31 26 
39 10 44 
19 107 -9 
11 39 67 
87 -29 59 
8 74 5 
26 29 32 
53 -16 50 
37 36 32 
30 35 40 
38 34 33 
32 -29 33 
13 12 11 
-9 53 -8 
22 -38 49 
38 11 -16 
-27 60 0 
14 125 -22 
3 39 75 
100 -47 64 
12 45 9 
19 22 25 
35 -1 32 
33 -93 63 
31 1 -29 
-61 95 -31 
35 -25 47 
31 19 7 
-9 63 3 
32 30 13 
6 25 44 
37 20 18 
27 -68 50 
26 3 -20 
-44 74 -21 
21 -78 60 
40 1 -38 
-58 80 -19 
29 56 17 
22 34 46 
51 12 39 
18 33 9 
11 20 29 
31 7 22 
28 -28 24 
4 8 12 
-8 44 -12 
1 158 -39 
0 40 80 
119 -78 79 
23 -6 28 
20 15 10 
2 36 7 
20 48 16 
24 28 32 
40 8 36 
37 -39 56 
37 18 -1 
-20 75 -1 
25 -43 45 
29 9 -11 
-27 61 -7 
23 90 7 
24 40 56 
73 -10 57 
37 10 25 
12 24 36 
23 38 11 
36 21 24 
15 27 39 
30 33 18 
10 -39 38 
31 3 -25 
-32 45 -4 
21 -46 28 
8 1 -6 
-26 48 -19 
9 -28 22 
14 1 -12 
-20 30 -7 
30 -52 46 
24 8 -8 
-30 68 -14 
2 -7 14 
15 3 -9 
-8 13 4 
33 -65 44 
15 4 -7 
-36 73 -25 
24 -78 60 
38 2 -34 
-56 82 -20 
18 -13 25 
17 10 3 
-5 33 2 
13 38 3 
8 18 28 
33 -2 23 
38 -77 51 
17 4 -9 
-43 85 -30 
38 -27 34 
11 15 19 
-4 57 -8 
16 83 12 
33 37 41 
62 -9 58 
38 -57 55 
29 12 -5 
-31 81 -14 
24 -15 36 
27 15 3 
-6 45 6 
13 33 17 
25 21 17 
25 9 29 
7 103 -20 
3 30 57 
80 -43 53 
27 -31 28 
9 8 7 
-12 47 -11 
21 18 30 
32 23 14 
16 28 25 
15 101 -5 
17 37 57 
79 -27 59 
9 70 14 
36 31 26 
48 -8 53 
30 54 3 
2 29 56 
55 4 28 
38 25 15 
3 26 49 
37 27 14 
7 93 -16 
5 28 51 
72 -37 49 
36 -13 25 
5 16 27 
7 45 -4 
38 13 27 
15 26 37 
25 39 14 
16 -15 38 
35 13 -9 
-12 41 10 
40 -92 64 
28 4 -20 
-56 100 -32 
30 57 21 
27 36 45 
51 15 42 
24 -44 23 
0 1 2 
-21 46 -22 
8 8 11 
12 9 6 
7 10 10 
39 19 29 
19 29 39 
29 39 19 
21 -36 33 
18 6 -6 
-21 48 -9 
36 1 44 
35 27 19 
10 53 18 
33 -59 44 
17 6 -5 
-32 71 -21 
24 -30 36 
22 10 -2 
-16 50 -4 
35 54 28 
32 39 46 
50 24 43 
36 -10 22 
2 16 30 
10 42 -4 
13 60 11 
26 28 30 
45 -4 43 
20 43 21 
29 28 27 
35 13 36 
40 -28 27 
0 13 26 
-1 54 -14 
22 42 20 
26 28 30 
36 14 34 
7 126 -25 
4 36 68 
97 -54 65 
8 -30 34 
30 4 -22 
-26 38 0 
27 69 24 
37 40 43 
56 11 53 
10 98 -18 
2 30 58 
78 -38 50 
9 18 30 
40 19 -2 
8 20 29 
9 35 -2 
3 14 25 
30 -7 19 
38 -81 64 
33 7 -19 
-50 95 -24 
37 -10 27 
8 18 28 
9 46 -1 
20 -24 34 
24 10 -4 
-14 44 0 
38 1 45 
35 28 21 
11 55 18 
3 43 8 
23 18 13 
28 -7 33 
28 -86 64 
38 2 -34 
-60 90 -24 
24 -25 43 
33 14 -5 
-15 53 4 
19 19 19 
19 19 19 
19 19 19 
5 62 2 
20 23 26 
44 -16 41 
17 68 14 
30 33 36 
52 -2 49 
15 83 -2 
15 32 49 
66 -19 49 
7 60 5 
22 24 26 
43 -12 41 
18 51 24 
37 31 25 
38 11 44 
8 58 -9 
2 19 36 
47 -20 30 
18 -6 15 
6 9 12 
3 24 0 
33 -47 32 
5 6 7 
-20 59 -21 
32 48 4 
0 28 56 
52 8 24 
27 -45 27 
3 3 3 
-21 51 -21 
12 2 19 
18 11 4 
3 20 10 
38 59 20 
21 39 57 
58 19 40 
26 23 14 
9 21 33 
28 19 16 
18 65 10 
23 31 39 
52 -3 44 
24 60 9 
16 31 46 
53 2 38 
14 120 -17 
8 39 70 
95 -42 64 
20 55 24 
37 33 29 
42 11 46 
25 48 23 
30 32 34 
41 16 39 
24 44 13 
16 27 38 
41 10 30 
8 29 20 
31 19 7 
18 9 30 
2 97 3 
35 34 33 
65 -29 66 
26 -46 44 
26 8 -10 
-28 62 -10 
26 -38 51 
38 13 -12 
-25 64 0 
26 -45 25 
1 2 3 
-21 49 -22 
2 55 15 
37 24 11 
33 -7 46 
4 2 18 
22 8 -6 
-2 14 12 
39 40 11 
2 30 58 
49 20 21 
5 74 -7 
12 24 36 
55 -26 43 
3 128 -29 
2 34 66 
97 -60 65 
24 44 31 
40 33 26 
35 22 42 
35 -43 29 
1 7 13 
-15 57 -21 
17 42 4 
8 21 34 
38 0 25 
31 -70 57 
32 6 -20 
-45 82 -19 
8 -1 29 
33 12 -9 
-5 25 16 
31 46 13 
12 30 48 
47 14 29 
1 61 -5 
13 19 25 
43 -23 37 
0 -22 31 
34 3 -28 
-25 28 6 
27 -69 42 
15 0 -15 
-42 69 -27 
32 -40 29 
4 7 10 
-15 54 -18 
20 4 36 
36 20 4 
4 36 20 
23 -31 26 
9 6 3 
-14 43 -11 
10 72 -13 
0 23 46 
59 -26 36 
23 -60 46 
26 3 -20 
-40 66 -17 
31 -39 53 
37 15 -7 
-23 69 -1 
23 47 29 
39 33 27 
37 19 43 
37 -15 44 
29 22 15 
0 59 7 
7 7 25 
31 13 -5 
1 19 19 
13 29 27 
37 23 9 
19 17 33 
39 23 34 
27 32 37 
30 41 25 
19 -70 57 
40 2 -36 
-53 74 -15 
2 115 0 
37 39 41 
78 -37 76 
34 19 37 
33 30 27 
23 41 26 
22 33 8 
7 21 35 
34 9 20 
31 -52 30 
2 3 4 
-24 58 -25 
12 -40 37 
28 3 -22 
-31 46 -6 
15 -11 20 
13 8 3 
-4 27 1 
22 -15 29 
19 12 5 
-5 39 2 
2 98 -13 
14 29 44 
71 -40 56 
9 90 -6 
16 31 46 
68 -28 53 
15 69 9 
25 31 37 
53 -7 47 
13 48 -4 
2 19 36 
42 -10 25 
39 -76 67 
38 10 -18 
-47 96 -19 
36 -3 24 
7 19 31 
14 41 2 
39 61 5 
1 35 69 
65 9 31 
7 -25 21 
15 1 -13 
-19 27 -5 
2 78 10 
38 30 22 
50 -18 58 
20 100 -6 
12 38 64 
82 -24 56 
7 95 -9 
15 31 47 
71 -33 55 
34 36 32 
32 34 36 
36 32 34 
9 45 18 
33 24 15 
30 3 39 
10 -20 19 
12 3 -6 
-13 26 -4 
16 63 -7 
1 24 47 
55 -15 32 
7 76 -14 
2 23 44 
60 -30 39 
17 -45 49 
39 7 -25 
-35 59 -3 
24 -29 44 
33 13 -7 
-18 55 2 
6 54 6 
22 22 22 
38 -10 38 
29 71 8 
15 36 57 
64 1 43 
24 -45 39 
21 6 -9 
-27 57 -12 
2 37 9 
23 16 9 
23 -5 30 
18 115 -19 
1 38 75 
95 -39 58 
39 3 45 
35 29 23 
13 55 19 
5 -3 13 
13 5 -3 
-3 13 5 
15 50 25 
40 30 20 
35 10 45 
35 50 14 
12 33 54 
52 16 31 
28 -58 39 
14 3 -8 
-33 64 -22 
26 -5 21 
9 14 19 
7 33 2 
35 -74 54 
24 5 -14 
-44 84 -25 
27 -26 35 
20 12 4 
-11 50 -3 
2 48 19 
40 23 6 
27 -2 44 
25 -39 47 
33 11 -11 
-25 61 -3 
14 -16 38 
36 12 -12 
-14 40 10 
11 52 9 
22 24 26 
39 -4 37 
20 66 -5 
2 27 52 
59 -12 34 
13 -26 43 
40 10 -20 
-23 46 7 
6 42 6 
18 18 18 
30 -6 30 
1 -1 3 
3 1 -1 
-1 3 1 
1 39 14 
31 18 5 
22 -3 35 
34 -25 33 
13 14 15 
-5 53 -6 
38 -7 38 
23 23 23 
8 53 8 
8 15 7 
9 10 11 
13 5 12 
37 -83 52 
17 2 -13 
-48 87 -33 
24 63 6 
13 31 49 
56 -1 38 
35 15 37 
31 29 27 
21 43 23 
20 41 26 
35 29 23 
32 17 38 
1 2 27 
36 10 -16 
-7 18 19 
12 109 -1 
27 40 53 
81 -29 68 
3 47 10 
27 20 13 
30 -7 37 
1 31 16 
31 16 1 
16 1 31 
17 85 -9 
5 31 57 
71 -23 45 
40 -96 65 
28 3 -22 
-59 102 -34 
4 102 2 
34 36 38 
70 -30 68 
15 49 20 
33 28 23 
36 7 41 
19 41 6 
9 22 35 
38 3 25 
32 -20 24 
4 12 20 
0 44 -8 
28 18 17 
10 21 32 
25 24 14 
20 45 10 
15 25 35 
40 5 30 
8 16 21 
28 15 2 
9 14 22 
0 -9 9 
9 0 -9 
-9 9 0 
25 75 5 
15 35 55 
65 -5 45 
19 -29 34 
23 8 -7 
-18 45 -3 
15 -57 42 
27 0 -27 
-42 57 -15 
2 56 -7 
8 17 26 
41 -22 32 
5 41 8 
21 18 15 
28 -5 31 
23 46 30 
40 33 26 
36 20 43 
27 -70 58 
36 5 -26 
-48 80 -17 
12 113 -20 
3 35 67 
90 -43 58 
21 -41 26 
7 2 -3 
-22 45 -17 
17 9 19 
17 15 13 
11 21 13 
36 53 25 
27 38 49 
51 23 40 
10 60 -4 
8 22 36 
48 -16 34 
13 68 9 
26 30 34 
51 -8 47 
7 108 2 
34 39 44 
76 -30 71 
11 70 9 
28 30 32 
51 -10 49 
23 95 -7 
7 37 67 
81 -21 51 
36 7 20 
5 21 37 
22 35 6 
13 7 13 
11 11 11 
9 15 9 
34 -81 62 
33 5 -23 
-52 91 -24 
5 -10 11 
8 2 -4 
-7 14 -1 
27 -30 39 
24 12 0 
-15 54 -3 
28 -59 40 
15 3 -9 
-34 65 -22 
16 76 10 
28 34 40 
58 -8 52 
21 -74 59 
40 2 -36 
-55 78 -17 
18 -34 22 
6 2 -2 
-18 38 -14 
18 40 26 
36 28 20 
30 16 38 
40 -5 40 
25 25 25 
10 55 10 
32 13 36 
31 27 23 
18 41 22 
37 -40 45 
22 14 6 
-17 68 -9 
9 134 -29 
0 38 76 
105 -58 67 
32 -76 65 
40 7 -26 
-51 90 -18 
21 -55 43 
25 3 -19 
-37 61 -15 
28 -77 49 
21 0 -21 
-49 77 -28 
0 134 -29 
6 35 64 
99 -64 70 
6 34 23 
38 21 4 
19 8 36 
18 87 0 
17 35 53 
70 -17 52 
35 48 10 
6 31 56 
52 14 27 
6 -48 45 
40 1 -38 
-43 50 -4 
13 43 19 
31 25 19 
31 7 37 
32 -72 52 
24 4 -16 
-44 80 -24 
15 -13 16 
7 6 5 
-4 25 -3 
13 106 -2 
24 39 54 
80 -28 65 
24 -26 35 
22 11 0 
-13 48 -2 
40 49 31 
31 40 49 
49 31 40 
9 -7 34 
37 12 -13 
-10 31 15 
37 -7 36 
21 22 23 
8 51 7 
9 139 -28 
3 40 77 
108 -59 71 
13 109 -5 
21 39 57 
83 -31 65 
16 95 -9 
9 34 59 
77 -27 52 
4 7 25 
33 12 -9 
-1 17 20 
7 66 -1 
16 24 32 
49 -18 41 
24 -79 55 
31 0 -31 
-55 79 -24 
23 88 0 
14 37 60 
74 -14 51 
28 -20 43 
32 17 2 
-9 54 6 
6 49 -1 
11 18 25 
37 -13 30 
2 -15 22 
23 3 -17 
-16 21 4 
27 -17 20 
3 10 17 
0 37 -7 
29 19 24 
19 24 29 
24 29 19 
2 66 -11 
6 19 32 
49 -28 36 
11 -25 35 
31 7 -17 
-21 39 3 
20 64 21 
36 35 34 
49 6 50 
22 85 -8 
3 33 63 
74 -19 44 
3 90 6 
36 33 30 
60 -24 63 
32 -1 23 
9 18 27 
13 37 4 
37 -17 28 
7 16 25 
4 49 -5 
40 -93 68 
33 5 -23 
-58 103 -30 
32 22 30 
26 28 30 
26 34 24 
30 44 10 
8 28 48 
46 12 26 
23 -15 43 
37 17 -3 
-9 49 11 
24 14 19 
14 19 24 
19 24 14 
31 -61 57 
35 9 -17 
-39 79 -13 
17 8 26 
26 17 8 
8 26 17 
19 66 2 
12 29 46 
56 -8 39 
34 28 25 
20 29 38 
33 30 24 
27 92 -8 
2 37 72 
82 -18 47 
18 27 27 
33 24 15 
21 21 30 
9 -12 21 
18 6 -6 
-9 24 3 
16 83 -6 
9 31 53 
68 -21 46 
28 -30 44 
30 14 -2 
-16 58 0 
33 59 10 
11 34 57 
58 9 35 
0 91 -19 
5 24 43 
67 -43 48 
1 49 10 
29 20 11 
30 -9 39 
7 8 27 
34 14 -6 
1 20 21 
9 43 11 
23 21 19 
31 -1 33 
17 -7 20 
13 10 7 
0 27 3 
40 46 28 
26 38 50 
48 30 36 
28 75 -4 
1 33 65 
70 -9 38 
8 80 8 
32 32 32 
56 -16 56 
5 50 11 
28 22 16 
33 -6 39 
29 20 20 
14 23 32 
26 26 17 
20 -19 38 
31 13 -5 
-12 45 6 
36 0 27 
12 21 30 
15 42 6 
0 58 2 
22 20 18 
38 -18 40 
36 -81 66 
37 7 -23 
-52 95 -22 
29 6 16 
4 17 30 
18 28 5 
33 -95 62 
29 0 -29 
-62 95 -33 
27 -47 41 
21 7 -7 
-27 61 -13 
9 109 -10 
17 36 55 
82 -37 63 
9 118 -19 
8 36 64 
91 -46 63 
26 37 30 
35 31 27 
32 25 36 
10 72 8 
28 30 32 
52 -12 50 
8 53 8 
23 23 23 
38 -7 38 
34 -74 43 
10 1 -8 
-41 76 -32 
4 111 -19 
9 32 55 
83 -47 60 
7 -3 11 
9 5 1 
-1 13 3 
39 12 36 
26 29 32 
22 46 19 
26 -2 18 
6 14 22 
10 30 2 
16 50 24 
38 30 22 
36 10 44 
22 -57 44 
25 3 -19 
-38 63 -16 
40 -74 55 
22 7 -8 
-41 88 -26 
14 47 20 
33 27 21 
34 7 40 
39 1 44 
33 28 23 
12 55 17 
30 -46 34 
10 6 2 
-22 58 -18 
28 -35 37 
19 10 1 
-17 55 -8 
24 10 23 
18 19 20 
15 28 14 
9 114 -9 
20 38 56 
85 -38 67 
8 -37 35 
29 2 -25 
-31 41 -4 
28 58 16 
22 34 46 
52 10 40 
0 15 9 
17 8 -1 
7 1 16 
30 11 16 
5 19 33 
22 27 8 
24 36 33 
40 31 22 
29 26 38 
10 -7 24 
23 9 -5 
-6 25 8 
19 -22 39 
32 12 -8 
-15 46 5 
15 33 3 
5 17 29 
31 1 19 
25 -78 56 
32 1 -30 
-54 80 -23 
32 56 11 
12 33 54 
55 10 34 
38 -8 48 
36 26 16 
4 60 14 
24 38 4 
2 22 42 
40 6 20 
13 -49 36 
23 0 -23 
-36 49 -13 
15 -10 34 
32 13 -6 
-8 36 11 
16 41 0 
3 19 35 
38 -3 22 
33 83 1 
7 39 71 
77 -5 45 
16 85 -2 
15 33 51 
68 -19 50 
4 48 8 
24 20 16 
32 -8 36 
30 -46 40 
18 8 -2 
-24 62 -14 
30 -28 25 
4 9 14 
-7 46 -12 
0 56 -8 
8 16 24 
40 -24 32 
27 85 2 
13 38 63 
74 -9 49 
6 12 27 
36 15 -6 
3 18 24 
16 -20 16 
4 4 4 
-8 28 -8 
0 25 2 
11 9 7 
16 -7 18 
15 15 18 
19 16 13 
14 17 17 
7 77 0 
21 28 35 
56 -21 49 
8 -16 14 
8 2 -4 
-10 20 -4 
27 43 17 
19 29 39 
41 15 31 
14 118 -21 
2 37 72 
95 -44 60 
13 10 16 
16 13 10 
10 16 13 
15 -63 48 
33 0 -33 
-48 63 -15 
0 20 10 
20 10 0 
10 0 20 
