46 -90 56 
14 4 -6 
-48 98 -38 
11 183 -23 
23 57 91 
137 -69 103 
35 -86 72 
44 7 -30 
-58 100 -21 
9 166 -28 
12 49 86 
126 -68 89 
36 63 18 
21 39 57 
60 15 42 
4 120 14 
56 46 36 
78 -28 88 
17 112 18 
50 49 48 
80 -14 81 
35 -84 52 
18 1 -16 
-50 86 -33 
34 -24 68 
60 26 -8 
-16 76 18 
28 154 -11 
18 57 96 
125 -40 86 
2 57 25 
51 28 5 
31 -1 54 
33 -94 64 
32 1 -30 
-62 96 -31 
30 -3 24 
11 17 23 
10 37 4 
17 -41 36 
23 4 -15 
-28 49 -9 
6 183 -24 
25 55 85 
134 -73 104 
37 136 7 
30 60 90 
113 -16 83 
51 -58 49 
12 14 16 
-21 86 -23 
28 24 14 
8 22 36 
30 20 16 
29 -71 69 
49 9 -31 
-51 89 -11 
30 88 38 
60 52 44 
66 16 74 
24 89 16 
35 43 51 
70 -3 62 
52 47 15 
1 38 75 
61 29 24 
15 -7 28 
25 12 -1 
-4 31 9 
60 -52 85 
56 31 6 
-23 114 2 
32 43 33 
37 36 35 
39 29 40 
55 -110 55 
0 0 0 
-55 110 -55 
38 78 1 
2 39 76 
77 0 40 
22 95 -9 
5 36 67 
81 -23 50 
50 -54 43 
6 13 20 
-17 80 -24 
59 50 20 
4 43 82 
66 36 27 
38 27 13 
1 26 51 
39 25 14 
37 88 31 
46 52 58 
73 16 67 
12 36 39 
56 29 2 
19 22 46 
32 56 17 
20 35 50 
53 14 38 
33 9 36 
29 26 23 
16 43 19 
52 -47 64 
35 23 11 
-18 93 -6 
5 98 20 
56 41 26 
62 -16 77 
17 159 1 
43 59 75 
117 -41 101 
55 74 51 
56 60 64 
69 46 65 
32 78 16 
26 42 58 
68 6 52 
17 33 40 
53 30 7 
20 27 43 
24 -15 39 
31 16 1 
-7 47 8 
37 68 24 
30 43 56 
62 18 49 
46 88 7 
8 47 86 
87 6 48 
54 51 15 
1 40 79 
65 29 26 
52 -8 55 
36 33 30 
11 74 14 
52 -4 54 
36 34 32 
14 72 16 
27 -72 57 
34 4 -26 
-49 80 -19 
11 133 -15 
17 43 69 
101 -47 75 
37 -42 65 
48 20 -8 
-25 82 3 
25 22 34 
36 27 18 
20 32 29 
42 -84 45 
4 1 -2 
-43 86 -40 
50 16 63 
56 43 30 
23 70 36 
11 -19 50 
53 14 -25 
-22 47 17 
31 -3 35 
25 21 17 
7 45 11 
9 158 -29 
8 46 84 
121 -66 83 
46 -133 99 
57 4 -49 
-91 141 -38 
36 76 8 
12 40 68 
72 4 44 
9 84 -12 
6 27 48 
66 -30 45 
34 -46 60 
42 16 -10 
-28 78 -2 
5 9 16 
21 10 -1 
4 11 15 
18 65 28 
47 37 27 
46 9 56 
44 85 27 
35 52 69 
77 19 60 
29 -11 51 
45 23 1 
-5 57 17 
33 57 33 
41 41 41 
49 25 49 
51 -4 67 
54 38 22 
9 80 25 
1 127 -2 
39 42 45 
86 -43 83 
0 92 19 
56 37 18 
55 -18 74 
17 128 -10 
18 45 72 
100 -38 73 
57 17 52 
37 42 47 
32 67 27 
53 -4 71 
58 40 22 
9 84 27 
16 -44 64 
60 12 -36 
-40 68 8 
6 199 -31 
21 58 95 
147 -83 110 
52 -114 95 
54 11 -32 
-73 136 -30 
7 158 -21 
20 48 76 
117 -62 89 
30 69 30 
43 43 43 
56 17 56 
17 -6 31 
28 14 0 
-3 34 11 
6 21 12 
19 13 7 
14 5 20 
47 -100 56 
10 1 -8 
-54 102 -45 
49 46 22 
12 39 66 
56 32 29 
19 47 3 
7 23 39 
43 -1 27 
11 -71 63 
53 1 -51 
-61 73 -9 
13 29 12 
17 18 19 
24 7 23 
28 -3 20 
7 15 23 
10 33 2 
54 -20 59 
36 31 26 
3 82 8 
13 -86 73 
60 0 -60 
-73 86 -13 
36 30 51 
54 39 24 
27 48 42 
38 124 12 
32 58 84 
104 -8 78 
37 98 9 
20 48 76 
87 -2 59 
22 63 -4 
1 27 53 
58 -9 32 
58 -20 52 
24 30 36 
8 80 2 
28 -20 49 
40 19 -2 
-11 58 10 
10 54 11 
26 25 24 
39 -4 40 
57 -154 112 
60 5 -50 
-102 164 -47 
2 26 23 
38 17 -4 
11 8 32 
40 102 23 
38 55 72 
87 8 70 
22 60 23 
36 35 34 
47 10 48 
20 96 25 
52 47 42 
69 -2 74 
32 -23 30 
11 13 15 
-4 49 -6 
40 -114 74 
34 0 -34 
-74 114 -40 
44 -69 43 
5 6 7 
-31 81 -32 
29 107 11 
31 49 67 
87 -9 69 
24 168 -15 
20 59 98 
133 -50 94 
48 -60 63 
32 17 2 
-29 94 -14 
22 36 38 
48 32 16 
26 28 42 
5 103 9 
43 39 35 
69 -25 73 
33 15 21 
11 23 35 
25 31 13 
0 119 -20 
13 33 53 
86 -53 66 
31 88 13 
26 44 62 
75 0 57 
26 160 -9 
24 59 94 
127 -42 92 
31 85 19 
33 45 57 
71 5 59 
23 -82 62 
40 1 -38 
-60 84 -21 
30 126 -9 
10 49 88 
107 -28 68 
41 77 11 
13 43 73 
75 9 45 
29 -27 31 
13 11 9 
-9 49 -7 
37 57 47 
57 47 37 
47 37 57 
19 174 -28 
8 55 102 
138 -64 91 
49 54 41 
40 48 56 
55 42 47 
52 -137 100 
53 5 -43 
-90 147 -42 
11 190 -36 
8 55 102 
146 -80 99 
5 21 -2 
1 8 15 
18 -5 11 
34 31 49 
53 38 23 
27 45 42 
28 -48 59 
44 13 -18 
-33 74 -2 
44 -17 45 
25 24 23 
3 65 4 
55 25 49 
37 43 49 
37 61 31 
57 -85 79 
39 17 -5 
-45 119 -23 
5 123 -8 
27 40 53 
88 -43 75 
3 47 16 
35 22 9 
28 -3 41 
5 -16 11 
6 0 -6 
-11 16 -5 
35 34 42 
44 37 30 
32 40 39 
12 -58 58 
50 4 -42 
-50 66 -4 
0 39 0 
13 13 13 
26 -13 26 
8 87 7 
33 34 35 
61 -19 60 
34 111 17 
37 54 71 
91 -3 74 
59 -137 93 
39 5 -29 
-83 147 -49 
2 141 -8 
35 45 55 
98 -51 88 
6 -37 49 
49 6 -37 
-37 49 6 
53 -42 49 
16 20 24 
-9 82 -13 
30 137 -2 
23 55 87 
112 -27 80 
54 68 43 
44 55 66 
67 42 56 
15 199 -37 
7 59 111 
155 -81 103 
51 -62 71 
40 20 0 
-31 102 -11 
19 174 -16 
24 59 94 
134 -56 99 
60 -123 63 
3 0 -3 
-63 123 -60 
28 25 37 
39 30 21 
23 35 32 
30 22 38 
38 30 22 
22 38 30 
19 44 3 
6 22 38 
41 0 25 
54 64 29 
24 49 74 
69 34 44 
36 -55 58 
35 13 -9 
-32 81 -10 
43 -19 39 
17 21 25 
3 61 -1 
42 -16 58 
44 28 12 
-2 72 14 
32 101 17 
35 50 65 
83 -1 68 
36 6 27 
14 23 32 
19 40 10 
27 -65 38 
11 0 -11 
-38 65 -27 
25 123 -13 
7 45 83 
103 -33 65 
34 -58 45 
18 7 -4 
-31 72 -20 
16 -37 33 
21 4 -13 
-25 45 -8 
5 46 -9 
0 14 28 
37 -18 23 
51 -122 80 
32 3 -26 
-74 128 -45 
17 100 21 
50 46 42 
71 -8 75 
27 14 16 
8 19 30 
22 24 11 
30 35 49 
57 38 19 
27 41 46 
19 20 33 
38 24 10 
15 28 29 
0 129 9 
55 46 37 
83 -37 92 
17 65 2 
13 28 43 
54 -9 39 
13 -7 9 
1 5 9 
1 17 -3 
3 90 0 
28 31 34 
62 -28 59 
24 123 12 
41 53 65 
94 -17 82 
55 -66 53 
12 14 16 
-25 94 -27 
12 -64 67 
60 5 -50 
-57 74 -2 
57 -84 78 
38 17 -4 
-44 118 -23 
58 -118 69 
14 3 -8 
-63 124 -52 
51 -81 78 
43 16 -11 
-46 113 -19 
8 28 36 
52 24 -4 
12 20 40 
4 136 -17 
20 41 62 
99 -54 78 
16 105 8 
35 43 51 
78 -19 70 
54 4 62 
48 40 32 
18 76 26 
49 -82 54 
12 7 2 
-40 96 -35 
26 53 5 
7 28 49 
51 3 30 
5 110 -13 
16 34 52 
81 -42 63 
9 8 13 
14 10 6 
7 12 11 
8 165 -20 
23 51 79 
122 -63 94 
4 125 6 
47 45 43 
84 -35 86 
59 -158 102 
44 1 -42 
-100 160 -57 
55 -99 68 
21 8 -5 
-52 115 -39 
1 119 3 
43 41 39 
79 -37 81 
38 130 -6 
10 54 98 
114 -22 70 
25 102 -1 
16 42 68 
85 -18 59 
58 21 53 
39 44 49 
35 67 30 
23 123 -17 
3 43 83 
103 -37 63 
58 -64 69 
32 21 10 
-27 106 -16 
47 98 5 
8 50 92 
95 2 53 
59 -16 77 
58 40 22 
3 96 21 
1 102 -10 
20 31 42 
72 -40 61 
16 117 -16 
7 39 71 
94 -39 62 
5 56 -10 
2 17 32 
44 -22 29 
39 57 12 
9 36 63 
60 15 33 
41 -66 49 
16 8 0 
-33 82 -25 
17 11 32 
35 20 5 
8 29 23 
56 10 60 
46 42 38 
24 74 28 
34 104 18 
36 52 68 
86 0 70 
35 102 31 
52 56 60 
81 10 77 
54 -95 74 
31 11 -9 
-52 117 -32 
14 -24 34 
28 8 -12 
-18 40 2 
38 -67 53 
23 8 -7 
-37 83 -22 
41 94 21 
32 52 72 
83 10 63 
18 145 17 
59 60 61 
103 -25 102 
35 43 9 
3 29 55 
49 15 23 
18 -11 50 
51 19 -13 
-12 49 20 
6 159 -9 
37 52 67 
113 -55 98 
26 -50 60 
46 12 -22 
-36 74 -2 
32 -76 44 
12 0 -12 
-44 76 -32 
24 -5 20 
9 13 17 
6 31 2 
38 -39 49 
27 16 5 
-17 71 -6 
29 -38 66 
56 19 -18 
-28 76 9 
32 170 -22 
6 60 114 
142 -50 88 
58 -150 104 
50 4 -42 
-96 158 -50 
12 -13 25 
21 8 -5 
-9 29 4 
39 29 43 
41 37 33 
31 45 35 
60 9 45 
23 38 53 
31 67 16 
53 95 20 
23 56 89 
92 17 59 
21 -12 54 
54 21 -12 
-12 54 21 
17 -56 57 
46 6 -34 
-45 68 -5 
55 -42 56 
24 23 22 
-10 88 -9 
22 59 27 
41 36 31 
45 13 50 
29 59 2 
3 30 57 
58 1 31 
27 58 20 
28 35 42 
50 12 43 
41 -74 39 
0 2 4 
-35 78 -37 
37 89 36 
53 54 55 
72 19 71 
28 -45 59 
45 14 -17 
-31 73 0 
24 -16 37 
28 15 2 
-7 46 6 
45 -87 84 
53 14 -25 
-56 115 -17 
45 6 57 
48 36 24 
15 66 27 
32 -60 34 
4 2 0 
-30 64 -28 
51 -7 49 
29 31 33 
13 69 11 
6 162 -21 
22 49 76 
119 -64 92 
20 124 21 
56 55 54 
89 -14 90 
27 27 27 
27 27 27 
27 27 27 
16 -17 22 
13 7 1 
-8 31 -2 
18 28 44 
56 30 4 
16 32 42 
12 158 -17 
22 51 80 
119 -56 90 
7 40 10 
22 19 16 
28 -2 31 
0 178 -22 
30 52 74 
126 -74 104 
2 178 -30 
18 50 82 
130 -78 98 
50 51 19 
9 40 71 
61 29 30 
28 22 40 
42 30 18 
20 38 32 
33 36 39 
42 36 30 
33 36 39 
29 17 17 
9 21 33 
25 25 13 
44 -77 48 
9 5 1 
-38 87 -34 
22 100 31 
60 51 42 
71 2 80 
7 127 10 
51 48 45 
86 -31 89 
37 -72 44 
10 3 -4 
-38 78 -31 
57 -63 72 
37 22 7 
-28 107 -13 
12 144 9 
52 55 58 
101 -34 98 
46 108 -1 
4 51 98 
103 -6 56 
0 99 -3 
29 32 35 
67 -35 64 
24 -5 44 
41 21 1 
-2 47 18 
7 -3 5 
1 3 5 
1 9 -1 
54 -83 65 
23 12 1 
-41 107 -30 
3 131 13 
59 49 39 
85 -33 95 
25 178 -29 
4 58 112 
145 -62 91 
21 112 -7 
14 42 70 
91 -28 63 
18 77 16 
35 37 39 
58 -3 56 
43 -77 79 
51 15 -21 
-49 107 -13 
42 72 18 
20 44 68 
70 16 46 
17 -7 20 
13 10 7 
0 27 3 
39 64 41 
50 48 46 
55 32 57 
26 50 11 
14 29 44 
47 8 32 
52 -74 70 
34 16 -2 
-38 106 -20 
34 38 45 
50 39 28 
33 40 44 
51 -7 61 
45 35 25 
9 77 19 
15 14 46 
56 25 -6 
4 36 35 
47 65 50 
57 54 51 
58 43 61 
41 -62 39 
4 6 8 
-27 74 -29 
11 76 18 
42 35 28 
52 -6 59 
58 111 8 
9 59 109 
110 7 60 
7 73 16 
41 32 23 
48 -9 57 
44 -42 37 
6 13 20 
-11 68 -18 
47 11 38 
23 32 41 
26 53 17 
12 50 22 
38 28 18 
34 6 44 
15 -33 30 
19 4 -11 
-22 41 -7 
57 31 38 
23 42 61 
46 53 27 
59 -102 94 
52 17 -18 
-60 136 -25 
48 8 22 
0 26 52 
30 44 4 
8 88 -12 
8 28 48 
68 -32 48 
53 -70 89 
60 24 -12 
-41 118 -5 
15 45 24 
37 28 19 
32 11 41 
8 -66 58 
50 0 -50 
-58 66 -8 
17 -22 59 
60 18 -24 
-23 58 19 
43 -37 72 
55 26 -3 
-20 89 9 
1 46 10 
28 19 10 
28 -8 37 
20 -45 46 
33 7 -19 
-32 59 -6 
40 70 28 
34 46 58 
64 22 52 
27 -96 78 
54 3 -48 
-72 102 -21 
16 33 29 
39 26 13 
23 19 36 
47 -140 102 
58 3 -52 
-96 146 -41 
48 79 23 
25 50 75 
77 21 52 
12 90 -15 
2 29 56 
73 -32 46 
11 -16 14 
6 3 0 
-8 22 -5 
6 150 0 
46 52 58 
104 -46 98 
2 68 26 
56 32 8 
38 -4 62 
60 -116 62 
4 2 0 
-58 120 -56 
43 -88 45 
2 0 -2 
-45 88 -43 
19 8 18 
14 15 16 
12 22 11 
50 68 14 
8 44 80 
74 20 38 
60 29 28 
7 39 71 
50 49 18 
52 10 34 
14 32 50 
30 54 12 
26 -52 29 
4 1 -2 
-27 54 -24 
9 189 -36 
9 54 99 
144 -81 99 
33 87 15 
27 45 63 
75 3 57 
18 -35 50 
43 11 -21 
-28 57 4 
15 131 -23 
3 41 79 
105 -49 67 
35 80 35 
50 50 50 
65 20 65 
29 -57 55 
35 9 -17 
-37 75 -11 
57 -99 90 
49 16 -17 
-58 131 -25 
46 -51 50 
19 15 11 
-20 81 -16 
7 105 -7 
21 35 49 
77 -35 63 
48 11 40 
25 33 41 
26 55 18 
55 -49 54 
19 20 21 
-14 89 -15 
0 81 0 
27 27 27 
54 -27 54 
11 71 14 
35 32 29 
50 -7 53 
20 141 -20 
7 47 87 
114 -47 74 
56 26 59 
50 47 44 
35 68 38 
9 169 -19 
25 53 81 
125 -63 97 
3 162 -18 
28 49 70 
116 -64 95 
34 127 -14 
1 49 97 
112 -29 64 
25 58 19 
28 34 40 
49 10 43 
30 -16 64 
60 26 -8 
-12 68 22 
16 119 -18 
5 39 73 
96 -41 62 
11 76 -6 
10 27 44 
60 -22 43 
6 46 -1 
10 17 24 
35 -12 28 
22 57 26 
39 35 31 
44 13 48 
58 103 4 
1 55 109 
106 7 52 
15 146 -8 
28 51 74 
110 -44 87 
36 98 22 
38 52 66 
82 6 68 
38 59 41 
49 46 43 
51 33 54 
36 -86 50 
14 0 -14 
-50 86 -36 
10 175 -8 
41 59 77 
126 -57 108 
9 53 10 
25 24 23 
38 -5 39 
19 127 -2 
27 48 69 
98 -31 77 
41 -1 65 
59 35 11 
5 71 29 
33 131 16 
43 60 77 
104 -11 87 
57 -5 71 
55 41 27 
11 87 25 
52 -87 65 
23 10 -3 
-45 107 -32 
33 49 14 
13 32 51 
50 15 31 
53 -24 52 
26 27 28 
2 78 1 
47 48 28 
22 41 60 
54 34 35 
2 133 -24 
11 37 63 
98 -59 72 
2 12 25 
36 13 -10 
1 14 24 
19 -4 42 
42 19 -4 
-4 42 19 
20 116 -4 
20 44 68 
92 -28 68 
58 -8 64 
44 38 32 
12 84 18 
7 61 31 
57 33 9 
35 5 59 
51 26 40 
28 39 50 
38 52 27 
24 79 14 
29 39 49 
64 -1 54 
12 96 -15 
4 31 58 
77 -34 50 
45 -83 86 
57 16 -25 
-54 115 -13 
46 48 23 
16 39 62 
55 30 32 
1 -54 53 
52 0 -52 
-53 54 -1 
37 9 50 
45 32 19 
14 55 27 
36 -23 29 
7 14 21 
-1 51 -8 
31 48 26 
30 35 40 
44 22 39 
3 -8 23 
26 6 -14 
-11 20 9 
1 8 30 
42 13 -16 
-4 18 25 
8 72 10 
32 30 28 
50 -12 52 
30 114 27 
54 57 60 
87 0 84 
33 51 12 
11 32 53 
52 13 31 
35 95 8 
19 46 73 
84 -3 57 
47 13 45 
33 35 37 
25 57 23 
25 104 -3 
14 42 70 
87 -20 59 
50 72 13 
8 45 82 
77 18 40 
51 -107 86 
45 10 -25 
-66 127 -31 
13 -30 38 
32 7 -18 
-24 44 1 
29 113 11 
33 51 69 
91 -11 73 
1 -27 26 
25 0 -25 
-26 27 -1 
4 3 44 
57 17 -23 
-10 31 30 
13 110 9 
40 44 48 
79 -22 75 
22 119 -15 
5 42 79 
99 -35 62 
13 -14 37 
36 12 -12 
-13 38 11 
13 160 -26 
10 49 88 
124 -62 85 
51 68 37 
38 52 66 
67 36 53 
37 58 7 
4 34 64 
61 10 31 
5 8 29 
38 14 -10 
-1 20 23 
1 66 -13 
4 18 32 
49 -30 35 
40 102 2 
10 48 86 
94 -6 56 
57 78 12 
4 49 94 
86 20 41 
56 20 56 
44 44 44 
32 68 32 
32 20 32 
28 28 28 
24 36 24 
14 149 14 
59 59 59 
104 -31 104 
15 135 -12 
19 46 73 
104 -43 77 
20 120 -20 
0 40 80 
100 -40 60 
33 118 14 
36 55 74 
96 -8 77 
27 22 53 
60 34 8 
15 46 41 
15 49 29 
45 31 17 
33 13 47 
46 27 41 
33 38 43 
35 49 30 
43 -83 52 
13 4 -5 
-44 91 -35 
33 93 24 
41 50 59 
76 7 67 
44 -85 86 
57 15 -27 
-56 115 -14 
58 -21 53 
25 30 35 
7 81 2 
15 165 0 
45 60 75 
120 -45 105 
23 49 15 
21 29 37 
43 9 35 
3 162 -36 
4 43 82 
122 -76 83 
9 162 -6 
40 55 70 
116 -52 101 
40 18 50 
46 36 26 
22 54 32 
14 91 -3 
17 34 51 
71 -23 54 
38 -69 67 
41 12 -17 
-43 93 -14 
31 155 -18 
7 56 105 
130 -43 81 
43 30 29 
20 34 48 
39 38 25 
28 53 36 
47 39 31 
42 25 50 
5 109 -24 
1 30 59 
84 -49 55 
54 -60 51 
12 15 18 
-21 90 -24 
29 159 -23 
3 55 107 
133 -49 81 
35 5 23 
9 21 33 
19 37 7 
55 -71 46 
1 10 19 
-26 91 -35 
40 10 46 
38 32 26 
18 54 24 
46 63 35 
37 48 59 
61 33 50 
27 -24 51 
42 18 -6 
-15 60 9 
25 56 12 
18 31 44 
50 6 37 
54 -4 46 
24 32 40 
18 68 10 
14 146 -22 
10 46 82 
114 -54 78 
5 110 -1 
32 38 44 
77 -34 71 
31 -60 47 
22 6 -10 
-35 72 -19 
48 40 32 
24 40 56 
48 40 32 
60 -119 83 
31 8 -15 
-67 135 -44 
28 -5 28 
17 17 17 
6 39 6 
17 38 29 
40 28 16 
27 18 39 
33 -6 36 
24 21 18 
6 48 9 
5 19 39 
55 21 -13 
3 23 37 
22 -15 32 
23 13 3 
-6 41 4 
40 99 17 
29 52 75 
87 5 64 
60 40 62 
56 54 52 
46 68 48 
3 61 26 
53 30 7 
34 -1 57 
40 -10 30 
10 20 30 
10 50 0 
11 2 17 
16 10 4 
3 18 9 
17 -46 62 
56 11 -34 
-40 68 5 
35 -40 44 
22 13 4 
-18 66 -9 
47 66 22 
20 45 70 
68 24 43 
20 69 31 
51 40 29 
49 11 60 
27 40 26 
30 31 32 
36 22 35 
23 93 7 
25 41 57 
75 -11 59 
3 -48 45 
42 0 -42 
-45 48 -3 
41 78 16 
20 45 70 
74 12 49 
45 -67 73 
45 17 -11 
-39 101 -11 
10 6 5 
2 7 12 
9 8 4 
36 -93 72 
41 5 -31 
-62 103 -26 
26 78 -2 
6 34 62 
70 -10 42 
37 88 25 
38 50 62 
75 12 63 
23 113 -10 
9 42 75 
94 -29 61 
40 51 26 
25 39 53 
52 27 38 
27 152 1 
34 60 86 
119 -32 93 
26 161 -7 
27 60 93 
127 -41 94 
33 43 47 
55 41 27 
35 39 49 
24 53 25 
35 34 33 
43 15 44 
57 -104 62 
10 5 0 
-52 114 -47 
7 -37 54 
55 8 -39 
-38 53 9 
8 44 -4 
4 16 28 
36 -12 24 
1 165 -25 
21 47 73 
119 -71 93 
32 95 29 
49 52 55 
75 9 72 
19 -54 44 
28 3 -22 
-38 60 -13 
11 -38 48 
44 7 -30 
-34 52 3 
25 -77 70 
51 6 -39 
-58 89 -13 
10 18 11 
14 13 12 
15 8 16 
40 -47 55 
31 16 1 
-23 79 -8 
21 17 16 
13 18 23 
20 19 15 
37 -50 37 
8 8 8 
-21 66 -21 
42 93 12 
19 49 79 
86 5 56 
35 25 45 
45 35 25 
25 45 35 
8 174 -38 
2 48 94 
134 -78 88 
15 -39 24 
9 0 -9 
-24 39 -15 
24 9 36 
35 23 11 
10 37 22 
47 54 40 
40 47 54 
54 40 47 
31 -46 63 
48 16 -16 
-31 78 1 
56 -74 63 
22 15 8 
-33 104 -26 
28 60 44 
60 44 28 
44 28 60 
19 -38 49 
40 10 -20 
-29 58 1 
60 -112 88 
40 12 -16 
-64 136 -36 
8 23 20 
29 17 5 
14 11 26 
0 57 27 
55 28 1 
29 -1 56 
15 97 -7 
13 35 57 
77 -27 55 
54 -112 64 
12 2 -8 
-60 116 -50 
33 80 1 
6 38 70 
75 -4 43 
22 -32 22 
4 4 4 
-14 40 -14 
52 21 29 
11 34 57 
39 47 16 
55 61 49 
49 55 61 
61 49 55 
14 -9 13 
5 6 7 
-1 21 -2 
11 143 -1 
39 51 63 
103 -41 91 
54 97 8 
7 53 99 
98 9 52 
36 108 -6 
4 46 88 
98 -16 56 
2 138 -2 
42 46 50 
94 -46 90 
38 40 18 
12 32 52 
46 24 26 
19 3 23 
19 15 11 
7 27 11 
20 -38 24 
6 2 -2 
-20 42 -16 
31 31 40 
43 34 25 
28 37 37 
37 -55 39 
9 7 5 
-25 69 -23 
53 20 29 
10 34 58 
39 48 15 
53 -76 65 
26 14 2 
-37 104 -25 
22 -48 38 
20 4 -12 
-30 56 -14 
27 -46 31 
8 4 0 
-23 54 -19 
46 -112 72 
28 2 -24 
-68 116 -42 
50 -79 68 
31 13 -5 
-42 105 -24 
46 -38 73 
54 27 0 
-19 92 8 
27 103 5 
23 45 67 
85 -13 63 
33 27 39 
39 33 27 
27 39 33 
21 140 7 
42 56 70 
105 -28 91 
12 0 42 
48 18 -12 
-6 36 24 
17 0 22 
18 13 8 
4 26 9 
25 180 -25 
10 60 110 
145 -60 95 
12 11 13 
13 12 11 
11 13 12 
38 90 16 
26 48 70 
80 6 58 
11 -63 55 
45 1 -43 
-53 65 -9 
30 5 49 
47 28 9 
7 51 26 
51 -93 90 
55 16 -23 
-58 125 -19 
12 -13 40 
41 13 -15 
-14 39 14 
54 60 48 
48 54 60 
60 48 54 
33 -11 53 
45 25 5 
-3 61 17 
27 36 6 
2 23 44 
40 10 19 
33 -39 60 
45 18 -9 
-24 75 3 
17 47 8 
15 24 33 
40 1 31 
8 90 -5 
18 31 44 
67 -28 54 
6 26 40 
58 24 -10 
8 22 42 
46 -90 62 
22 6 -10 
-50 102 -34 
6 10 2 
2 6 10 
10 2 6 
42 -8 56 
44 30 16 
4 68 18 
34 -14 28 
10 16 22 
4 46 -2 
21 138 -6 
24 51 78 
108 -36 81 
60 -70 52 
6 14 22 
-24 98 -32 
53 -96 91 
54 16 -22 
-59 128 -21 
24 94 -10 
2 36 70 
82 -22 48 
14 108 -20 
0 34 68 
88 -40 54 
8 8 8 
8 8 8 
8 8 8 
4 34 22 
38 20 2 
18 6 36 
3 149 1 
49 51 53 
101 -47 99 
38 81 40 
55 53 51 
66 25 68 
10 107 -15 
9 34 59 
83 -39 58 
17 -84 70 
54 1 -52 
-68 86 -15 
49 94 34 
44 59 74 
84 24 69 
36 -74 80 
58 14 -30 
-52 102 -8 
19 19 46 
55 28 1 
10 37 37 
28 -36 41 
24 11 -2 
-19 58 -6 
33 -16 55 
46 24 2 
-7 64 15 
38 13 30 
19 27 35 
24 41 16 
15 49 -4 
1 20 39 
44 -9 25 
30 119 13 
37 54 71 
95 -11 78 
4 161 6 
59 57 55 
108 -47 110 
47 67 12 
7 42 77 
72 17 37 
5 50 8 
24 21 18 
34 -8 37 
48 -123 84 
39 3 -33 
-78 129 -42 
37 109 10 
25 52 79 
94 -5 67 
29 -13 56 
51 24 -3 
-8 61 19 
51 -45 60 
31 22 13 
-16 89 -7 
48 89 16 
19 51 83 
86 13 54 
25 84 -1 
10 36 62 
73 -12 47 
9 9 21 
25 13 1 
5 17 17 
31 55 7 
7 31 55 
55 7 31 
55 -68 49 
6 12 18 
-25 92 -31 
41 110 -1 
8 50 92 
101 -10 59 
45 -40 61 
38 22 6 
-17 84 -1 
50 99 4 
5 51 97 
98 3 52 
39 54 12 
8 35 62 
58 16 31 
40 97 13 
23 50 77 
87 3 60 
46 112 13 
24 57 90 
101 2 68 
45 -40 61 
38 22 6 
-17 84 -1 
5 188 -40 
6 51 96 
142 -86 97 
51 85 35 
41 57 73 
79 29 63 
26 129 -14 
7 47 87 
108 -35 68 
21 86 19 
40 42 44 
65 -2 63 
22 7 19 
13 16 19 
13 25 10 
4 112 -8 
24 36 48 
80 -40 68 
2 156 7 
60 55 50 
103 -46 108 
20 44 17 
24 27 30 
37 10 34 
26 61 18 
27 35 43 
52 9 44 
42 71 43 
53 52 51 
61 33 62 
49 -93 74 
35 10 -15 
-54 113 -29 
13 -1 33 
35 15 -5 
-3 31 17 
49 74 15 
12 46 80 
77 18 43 
4 193 -32 
19 55 91 
142 -83 106 
24 105 27 
55 52 49 
77 -1 80 
11 88 12 
38 37 36 
62 -14 63 
12 41 1 
7 18 29 
35 -5 24 
58 50 39 
30 49 68 
59 48 40 
52 36 53 
48 47 46 
41 58 42 
50 -120 88 
44 6 -32 
-76 132 -38 
2 133 -21 
15 38 61 
97 -57 74 
6 66 15 
38 29 20 
43 -8 52 
6 194 -29 
22 57 92 
143 -80 108 
16 160 -32 
0 48 96 
128 -64 80 
22 40 28 
36 30 24 
32 20 38 
52 103 19 
25 58 91 
97 13 64 
21 191 -35 
3 59 115 
153 -73 97 
23 -5 54 
55 24 -7 
-6 53 25 
22 -55 63 
51 10 -31 
-43 75 -2 
6 74 16 
42 32 22 
48 -10 58 
14 86 23 
50 41 32 
59 -4 68 
25 -76 75 
58 8 -42 
-59 92 -9 
0 127 -16 
21 37 53 
90 -53 74 
51 20 64 
58 45 32 
26 70 39 
20 163 -12 
25 57 89 
126 -49 94 
4 25 34 
51 21 -9 
8 17 38 
0 14 13 
22 9 -4 
5 4 18 
10 1 25 
27 12 -3 
-1 23 14 
23 176 -28 
6 57 108 
142 -62 91 
2 82 18 
50 34 18 
50 -14 66 
27 38 43 
52 36 20 
29 34 45 
13 16 34 
42 21 0 
8 26 29 
59 26 41 
24 42 60 
43 58 25 
51 -75 78 
45 18 -9 
-42 111 -15 
0 48 12 
32 20 8 
28 -8 40 
28 140 -9 
16 53 90 
115 -34 78 
32 -19 44 
31 19 7 
-6 57 6 
17 28 36 
46 27 8 
18 26 37 
1 103 16 
55 40 25 
64 -23 79 
11 -14 12 
4 3 2 
-6 20 -5 
1 126 -25 
8 34 60 
93 -58 67 
34 131 15 
41 60 79 
105 -11 86 
49 -128 97 
54 6 -42 
-85 140 -37 
47 88 36 
46 57 68 
78 26 67 
16 77 0 
15 31 47 
62 -15 46 
40 24 53 
52 39 26 
25 54 38 
46 144 -13 
0 59 118 
131 -26 72 
15 94 29 
60 46 32 
63 -2 77 
32 -101 84 
57 5 -47 
-74 111 -22 
33 -33 27 
3 9 15 
-9 51 -15 
20 52 39 
56 37 18 
35 22 54 
28 -22 39 
26 15 4 
-9 52 2 
38 37 48 
51 41 31 
34 45 44 
30 -62 47 
22 5 -12 
-37 72 -20 
36 106 5 
18 49 80 
93 -8 62 
27 180 -27 
6 60 114 
147 -60 93 
18 -23 20 
7 5 3 
-10 33 -8 
31 -24 26 
6 11 16 
-4 46 -9 
13 -8 28 
26 11 -4 
-6 30 9 
11 -22 38 
36 9 -18 
-20 40 7 
35 -14 45 
32 22 12 
-1 58 9 
8 -18 10 
2 0 -2 
-10 18 -8 
20 60 40 
60 40 20 
40 20 60 
56 -32 48 
16 24 32 
0 80 -8 
30 67 2 
5 33 61 
64 -1 36 
45 15 36 
23 32 41 
28 49 19 
25 30 38 
44 31 18 
24 32 37 
25 -76 51 
26 0 -26 
-51 76 -25 
17 71 26 
47 38 29 
50 5 59 
25 148 -14 
14 53 92 
120 -42 81 
20 -85 74 
57 3 -51 
-68 91 -14 
37 35 42 
43 38 33 
34 41 39 
46 -112 93 
56 9 -38 
-75 130 -28 
27 17 37 
37 27 17 
17 37 27 
29 -73 53 
27 3 -21 
-47 79 -23 
3 24 21 
34 16 -2 
11 8 29 
36 -111 75 
39 0 -39 
-75 111 -36 
21 81 12 
29 38 47 
64 -5 55 
29 -27 31 
13 11 9 
-9 49 -7 
44 -120 94 
56 6 -44 
-82 132 -32 
11 -21 13 
3 1 -1 
-11 23 -9 
51 59 25 
19 45 71 
65 31 39 
0 57 -9 
7 16 25 
41 -25 32 
55 -91 63 
17 9 1 
-45 109 -37 
11 159 -32 
3 46 89 
124 -67 81 
60 36 54 
44 50 56 
46 64 40 
21 144 -9 
22 52 82 
113 -40 83 
18 177 -24 
15 57 99 
138 -63 96 
23 20 32 
34 25 16 
18 30 27 
54 -110 98 
58 14 -30 
-70 138 -26 
17 19 33 
39 23 7 
13 27 29 
2 25 21 
35 16 -3 
11 7 30 
52 60 26 
20 46 72 
66 32 40 
25 57 -1 
1 27 53 
55 -3 29 
17 0 16 
10 11 12 
6 22 5 
4 94 -2 
26 32 38 
66 -30 60 
10 5 15 
15 10 5 
5 15 10 
42 46 17 
10 35 60 
53 24 28 
35 41 44 
49 40 31 
36 39 45 
52 -36 68 
44 28 12 
-12 92 4 
30 -89 77 
53 6 -41 
-65 101 -18 
33 92 1 
10 42 74 
83 -8 51 
48 -65 59 
25 14 3 
-31 93 -20 
38 129 -11 
3 52 101 
115 -25 66 
6 68 31 
60 35 10 
39 2 64 
0 50 1 
18 17 16 
33 -16 34 
11 215 -46 
3 60 117 
166 -95 109 
1 112 1 
38 38 38 
75 -36 75 
16 31 43 
57 30 3 
17 29 44 
31 -41 46 
27 12 -3 
-22 65 -7 
11 -10 23 
20 8 -4 
-7 26 5 
56 111 7 
9 58 107 
109 5 60 
26 55 6 
9 29 49 
52 3 32 
14 126 -17 
10 41 72 
99 -44 68 
56 51 49 
45 52 59 
55 53 48 
58 -123 83 
31 6 -19 
-71 135 -46 
12 176 -14 
32 58 84 
130 -60 104 
10 30 2 
6 14 22 
26 -2 18 
26 109 27 
55 54 53 
81 -1 82 
54 -94 91 
54 17 -20 
-57 128 -20 
19 153 2 
41 58 75 
114 -37 97 
12 92 10 
36 38 40 
66 -16 64 
23 -14 45 
40 18 -4 
-9 50 13 
5 212 -43 
10 58 106 
159 -96 111 
21 145 5 
41 57 73 
109 -31 93 
23 136 15 
50 58 66 
101 -20 93 
36 -12 36 
20 20 20 
4 52 4 
7 -62 55 
48 0 -48 
-55 62 -7 
41 47 38 
39 42 45 
46 37 43 
17 -17 45 
43 15 -13 
-15 47 13 
53 -29 75 
55 33 11 
-9 95 13 
9 -15 21 
17 5 -7 
-11 25 1 
57 -99 72 
25 10 -5 
-52 119 -37 
10 -53 46 
37 1 -35 
-44 55 -8 
0 18 3 
10 7 4 
11 -4 14 
24 52 38 
52 38 24 
38 24 52 
47 6 22 
0 25 50 
28 44 3 
13 -38 43 
36 6 -24 
-31 50 -1 
33 135 -3 
19 55 91 
113 -25 77 
26 22 21 
18 23 28 
25 24 20 
45 -45 51 
23 17 11 
-17 79 -11 
57 -18 48 
20 29 38 
10 76 1 
49 -43 51 
21 19 17 
-13 81 -11 
0 181 -40 
7 47 87 
134 -87 94 
9 70 -7 
8 24 40 
55 -22 39 
51 57 51 
53 53 53 
55 49 55 
1 109 16 
57 42 27 
68 -25 83 
29 -92 72 
46 3 -40 
-66 98 -23 
46 34 43 
38 41 44 
39 48 36 
11 19 15 
19 15 11 
15 11 19 
5 164 2 
54 57 60 
112 -50 109 
14 80 5 
24 33 42 
61 -14 52 
10 203 -45 
1 56 111 
157 -91 102 
31 22 22 
16 25 34 
28 28 19 
55 18 47 
32 40 48 
33 62 25 
2 96 -17 
8 27 46 
71 -42 52 
34 47 27 
29 36 43 
45 25 38 
44 95 5 
9 48 87 
91 1 52 
49 -21 71 
55 33 11 
-5 87 17 
1 122 -6 
32 39 46 
84 -44 77 
49 -10 60 
44 33 22 
6 76 17 
19 150 -1 
36 56 76 
113 -38 93 
1 -36 47 
50 4 -42 
-39 44 7 
35 34 18 
12 29 46 
40 24 23 
9 169 -16 
29 54 79 
124 -61 99 
58 -25 57 
29 30 31 
3 85 2 
30 32 16 
12 26 40 
36 20 22 
39 95 37 
55 57 59 
77 19 75 
17 89 -7 
9 33 57 
73 -23 49 
58 82 28 
26 56 86 
84 30 54 
29 -64 50 
26 5 -16 
-40 74 -19 
30 36 48 
56 38 20 
28 40 46 
58 95 9 
5 54 103 
99 13 50 
56 128 -4 
0 60 120 
124 -8 64 
41 -27 31 
5 15 25 
-1 57 -11 
47 -98 54 
8 1 -6 
-52 100 -45 
50 -12 31 
4 23 42 
15 58 -4 
27 30 36 
40 31 22 
26 32 35 
24 13 44 
47 27 7 
10 41 30 
18 92 16 
40 42 44 
68 -8 66 
29 5 41 
37 25 13 
9 45 21 
54 81 18 
15 51 87 
84 21 48 
20 -19 59 
59 20 -19 
-19 59 20 
36 117 12 
31 55 79 
98 -7 74 
52 52 34 
28 46 64 
58 40 40 
55 -125 97 
51 9 -33 
-79 143 -37 
10 165 -34 
3 47 91 
128 -71 84 
57 -103 55 
1 3 5 
-49 109 -51 
3 -38 38 
36 1 -34 
-36 40 -1 
28 65 18 
27 37 47 
56 9 46 
11 -57 46 
35 0 -35 
-46 57 -11 
27 -38 56 
44 15 -14 
-26 68 3 
25 -30 38 
24 11 -2 
-16 52 -3 
33 -6 30 
16 19 22 
8 44 5 
49 59 12 
3 40 77 
68 21 31 
4 81 26 
59 37 15 
48 -7 70 
30 136 5 
32 57 82 
109 -22 84 
55 -2 28 
0 27 54 
26 56 -1 
0 -23 44 
51 7 -37 
-30 37 14 
55 -11 67 
49 37 25 
7 85 19 
25 -28 30 
14 9 4 
-12 46 -7 
24 -20 32 
20 12 4 
-8 44 0 
31 47 27 
31 35 39 
43 23 39 
44 15 22 
5 27 49 
32 39 10 
59 -10 59 
36 36 36 
13 82 13 
12 -45 33 
21 0 -21 
-33 45 -12 
48 69 48 
55 55 55 
62 41 62 
18 125 -5 
23 46 69 
97 -33 74 
0 -17 23 
25 2 -21 
-19 21 4 
25 33 14 
13 24 35 
34 15 23 
24 -13 55 
53 22 -9 
-11 57 20 
47 -84 46 
2 3 4 
-40 90 -41 
8 97 12 
43 39 35 
66 -19 70 
50 -87 91 
59 18 -23 
-55 123 -14 
5 169 -12 
37 54 71 
120 -61 103 
24 94 11 
30 43 56 
75 -8 62 
36 8 52 
48 32 16 
12 56 28 
13 60 20 
38 31 24 
42 2 49 
32 51 7 
5 30 55 
53 9 28 
5 92 14 
46 37 28 
60 -18 69 
47 39 52 
51 46 41 
40 53 45 
57 -62 62 
24 19 14 
-24 100 -19 
23 -52 41 
22 4 -14 
-33 60 -15 
13 147 14 
59 58 57 
102 -31 103 
15 54 39 
60 36 12 
33 18 57 
15 18 12 
12 15 18 
18 12 15 
19 -42 29 
12 2 -8 
-25 46 -15 
46 110 -3 
2 51 100 
105 -8 56 
11 180 -11 
38 60 82 
131 -60 109 
48 -17 62 
45 31 17 
0 79 14 
47 101 2 
5 50 95 
98 -1 53 
48 9 63 
55 40 25 
17 71 32 
8 142 -15 
22 45 68 
105 -52 82 
40 -56 40 
8 8 8 
-24 72 -24 
39 73 20 
25 44 63 
68 15 49 
4 162 5 
58 57 56 
109 -48 110 
48 -47 47 
15 16 17 
-15 79 -16 
36 -79 73 
47 10 -27 
-53 99 -16 
12 79 8 
29 33 37 
58 -13 54 
54 -35 50 
19 23 27 
-4 81 -8 
24 130 -1 
26 51 76 
103 -28 78 
49 -120 71 
22 0 -22 
-71 120 -49 
46 -5 67 
57 36 15 
5 77 26 
45 -27 36 
9 18 27 
0 63 -9 
8 117 -11 
19 38 57 
87 -41 68 
39 93 9 
17 47 77 
85 1 55 
48 -16 58 
40 30 20 
2 76 12 
26 -41 24 
1 3 5 
-18 47 -20 
28 -65 55 
33 6 -21 
-43 77 -16 
16 150 8 
50 58 66 
108 -34 100 
5 -24 37 
38 6 -26 
-25 36 7 
21 83 4 
19 36 53 
68 -11 51 
6 120 -6 
28 40 52 
86 -40 74 
27 81 24 
41 44 47 
64 7 61 
43 17 42 
33 34 35 
26 51 25 
43 -66 50 
16 9 2 
-32 84 -25 
21 112 26 
58 53 48 
80 -6 85 
51 63 45 
47 53 59 
61 43 55 
35 110 -10 
0 45 90 
100 -20 55 
32 4 57 
56 31 6 
5 58 30 
51 -47 56 
25 20 15 
-16 87 -11 
51 37 32 
21 40 59 
48 43 29 
17 -49 38 
23 2 -19 
-34 53 -13 
4 164 -24 
20 48 76 
120 -68 92 
42 -121 91 
53 4 -45 
-83 129 -34 
9 67 23 
47 33 19 
43 -1 57 
33 38 49 
56 40 24 
31 42 47 
7 22 28 
40 19 -2 
10 16 31 
60 32 31 
12 41 70 
51 50 22 
1 42 2 
16 15 14 
28 -12 29 
9 139 -1 
39 49 59 
99 -41 89 
56 -65 48 
5 13 21 
-22 91 -30 
59 -96 61 
10 8 6 
-45 112 -43 
59 -22 59 
32 32 32 
5 86 5 
38 -95 78 
47 7 -33 
-64 109 -24 
6 -16 43 
48 11 -26 
-21 38 16 
11 172 -27 
14 52 90 
131 -68 93 
11 138 1 
40 50 60 
99 -38 89 
22 -60 47 
28 3 -22 
-41 66 -16 
42 -39 66 
47 23 -1 
-20 85 4 
20 -33 19 
1 2 3 
-15 37 -16 
50 -10 29 
2 23 44 
17 56 -4 
37 51 20 
19 36 53 
52 21 35 
38 40 51 
56 43 30 
35 46 48 
20 145 6 
43 57 71 
108 -31 94 
49 118 -2 
4 55 106 
112 -8 61 
17 -23 18 
5 4 3 
-10 31 -9 
5 43 9 
23 19 15 
29 -5 33 
6 -23 23 
19 2 -15 
-19 27 -2 
56 52 54 
52 54 56 
54 56 52 
12 58 14 
30 28 26 
42 -2 44 
26 -76 56 
32 2 -28 
-52 80 -22 
34 -17 25 
5 14 23 
3 45 -6 
3 143 10 
59 52 45 
94 -39 101 
60 -41 65 
33 28 23 
-9 97 -4 
11 -34 29 
20 2 -16 
-25 38 -7 
39 -105 78 
43 4 -35 
-70 113 -31 
12 25 2 
3 13 23 
24 1 14 
12 104 13 
44 43 42 
73 -18 74 
51 -32 77 
58 32 6 
-13 96 13 
19 -11 52 
53 20 -13 
-12 51 21 
30 23 46 
49 33 17 
20 43 36 
2 18 22 
34 14 -6 
6 10 26 
5 141 -2 
41 48 55 
98 -45 91 
9 1 35 
41 15 -11 
-5 29 21 
23 -40 53 
42 12 -18 
-29 64 1 
12 15 24 
29 17 5 
10 19 22 
17 167 -4 
39 60 81 
124 -47 103 
52 40 40 
32 44 56 
48 48 36 
22 172 -23 
12 57 102 
137 -58 92 
31 140 9 
38 60 82 
111 -20 89 
11 137 -13 
21 45 69 
103 -47 79 
58 -10 48 
22 32 42 
16 74 6 
15 -60 48 
34 1 -32 
-46 62 -13 
2 16 12 
20 10 0 
8 4 18 
18 30 24 
30 24 18 
24 18 30 
0 -21 39 
45 6 -33 
-27 33 12 
8 160 -6 
40 54 68 
114 -52 100 
34 80 21 
32 45 58 
69 10 56 
17 9 22 
21 16 11 
10 23 15 
33 -44 35 
10 8 6 
-19 60 -17 
46 -36 59 
36 23 10 
-13 82 0 
57 -31 43 
9 23 37 
3 77 -11 
5 16 42 
58 21 -16 
0 26 37 
0 139 -7 
37 44 51 
95 -51 88 
38 -88 83 
56 11 -34 
-61 110 -16 
23 -10 17 
4 10 16 
3 30 -3 
31 -64 60 
38 9 -20 
-42 82 -13 
9 -1 37 
43 15 -13 
-7 31 21 
33 -41 71 
59 21 -17 
-29 83 9 
57 -94 94 
56 19 -18 
-56 132 -19 
48 117 6 
15 57 99 
108 -3 66 
18 10 32 
34 20 6 
8 30 22 
31 43 19 
19 31 43 
43 19 31 
42 85 32 
43 53 63 
74 21 64 
13 67 -5 
7 25 43 
55 -17 37 
60 66 42 
38 56 74 
70 46 52 
29 149 2 
33 60 87 
118 -29 91 
47 -66 79 
52 20 -12 
-39 106 -7 
27 -79 58 
33 2 -29 
-54 83 -23 
60 72 45 
44 59 74 
73 46 58 
22 127 16 
49 55 61 
94 -17 88 
7 43 19 
35 23 11 
27 3 39 
59 78 34 
32 57 82 
80 36 55 
37 132 -7 
10 54 98 
115 -24 71 
16 122 0 
30 46 62 
92 -30 76 
3 134 -32 
0 35 70 
102 -64 67 
17 159 -2 
39 58 77 
118 -43 99 
8 10 30 
38 16 -6 
2 22 24 
44 102 28 
42 58 74 
88 14 72 
9 16 20 
26 15 4 
10 14 21 
27 57 24 
33 36 39 
48 15 45 
4 28 31 
48 21 -6 
11 14 38 
9 133 -4 
33 46 59 
96 -41 83 
44 61 27 
27 44 61 
61 27 44 
48 84 36 
44 56 68 
76 28 64 
38 137 2 
23 59 95 
116 -19 80 
7 80 -9 
10 26 42 
61 -28 45 
24 60 21 
32 35 38 
49 10 46 
55 -124 84 
34 5 -24 
-74 134 -45 
34 153 -16 
7 57 107 
130 -39 80 
22 30 17 
18 23 28 
29 16 24 
44 83 29 
37 52 67 
75 21 60 
40 132 -7 
8 55 102 
117 -22 70 
50 -82 50 
6 6 6 
-38 94 -38 
18 36 27 
36 27 18 
27 18 36 
41 -76 74 
46 13 -20 
-48 102 -15 
48 -83 83 
51 16 -19 
-51 115 -16 
31 129 20 
49 60 71 
100 -9 89 
10 0 35 
40 15 -10 
-5 30 20 
37 101 33 
53 57 61 
81 13 77 
9 142 2 
44 51 58 
100 -40 93 
3 75 24 
55 34 13 
44 -7 65 
50 67 12 
5 43 81 
74 19 36 
21 129 12 
45 54 63 
96 -21 87 
38 -66 70 
46 14 -18 
-42 94 -10 
34 63 23 
29 40 51 
57 17 46 
7 64 25 
50 32 14 
39 0 57 
29 43 27 
31 33 35 
39 23 37 
38 -75 46 
11 3 -5 
-40 81 -32 
23 132 16 
50 57 64 
98 -18 91 
26 -46 44 
26 8 -10 
-28 62 -10 
4 0 20 
24 8 -8 
-4 16 12 
0 183 -39 
9 48 87 
135 -87 96 
7 157 -20 
21 48 75 
116 -61 89 
7 82 -2 
20 29 38 
60 -24 51 
6 56 16 
36 26 16 
36 -4 46 
39 -103 70 
33 2 -29 
-66 107 -35 
36 94 2 
10 44 78 
86 -6 52 
36 107 4 
17 49 81 
94 -9 62 
12 44 34 
52 30 8 
26 16 48 
60 72 48 
48 60 72 
72 48 60 
41 -7 59 
49 31 13 
3 69 21 
25 -37 33 
15 7 -1 
-19 51 -11 
20 -64 50 
32 2 -28 
-46 68 -16 
16 174 -19 
22 57 92 
133 -60 98 
52 -36 56 
28 24 20 
-8 84 -4 
52 -73 87 
57 22 -13 
-43 117 -8 
55 -20 49 
22 28 34 
7 76 1 
22 28 16 
16 22 28 
28 16 22 
54 -96 57 
8 5 2 
-47 106 -44 
45 77 40 
49 54 59 
68 31 63 
12 -35 23 
11 0 -11 
-23 35 -12 
17 -51 34 
17 0 -17 
-34 51 -17 
25 -65 43 
19 1 -17 
-41 67 -23 
40 -34 39 
14 15 16 
-9 64 -10 
59 -152 108 
54 5 -44 
-98 162 -49 
6 207 -42 
9 57 105 
156 -93 108 
34 48 14 
12 32 52 
50 16 30 
34 151 -14 
9 57 105 
128 -37 80 
35 103 30 
51 56 61 
82 9 77 
50 58 21 
14 43 72 
65 28 36 
51 -89 62 
19 8 -3 
-46 105 -35 
22 84 -1 
12 35 58 
71 -14 48 
26 92 29 
52 49 46 
69 6 72 
45 62 13 
8 40 72 
67 18 35 
31 5 39 
33 25 17 
11 45 19 
33 -13 61 
55 27 -1 
-7 67 21 
56 5 29 
3 30 57 
31 55 4 
60 -21 45 
13 28 43 
11 77 -4 
57 -89 86 
47 18 -11 
-50 125 -21 
28 4 16 
4 16 28 
16 28 4 
19 99 14 
39 44 49 
74 -11 69 
9 7 23 
27 13 -1 
3 19 17 
54 -12 75 
60 39 18 
3 90 24 
17 126 -11 
16 44 72 
99 -38 71 
1 146 -12 
32 45 58 
102 -56 89 
3 11 4 
7 6 5 
8 1 9 
