70 75 35 
25 60 95 
85 45 50 
66 85 17 
7 56 105 
95 27 46 
67 -98 97 
52 22 -8 
-53 142 -23 
27 7 47 
47 27 7 
7 47 27 
19 68 42 
66 43 20 
44 18 67 
26 59 11 
17 32 47 
53 5 38 
9 145 8 
53 54 55 
100 -37 99 
23 30 13 
12 22 32 
31 14 21 
16 87 29 
57 44 31 
59 1 72 
75 19 59 
35 51 67 
43 83 27 
78 9 84 
63 57 51 
30 105 36 
36 168 -15 
12 63 114 
141 -42 90 
25 46 34 
44 35 26 
36 24 45 
45 -115 79 
37 3 -31 
-73 121 -39 
34 75 11 
17 40 63 
69 5 46 
0 40 35 
60 25 -10 
15 10 50 
33 145 8 
37 62 87 
116 -21 91 
73 -48 98 
66 41 16 
-16 130 9 
7 146 -15 
24 46 68 
107 -54 85 
75 -9 93 
71 53 35 
13 115 31 
42 117 39 
63 66 69 
93 15 90 
20 -58 38 
18 0 -18 
-38 58 -20 
66 37 44 
27 49 71 
54 61 32 
11 242 -16 
52 79 106 
174 -84 147 
4 51 17 
37 24 11 
31 -3 44 
36 141 9 
35 62 89 
115 -17 88 
64 -148 117 
64 11 -42 
-95 170 -42 
22 248 -30 
28 80 132 
190 -88 138 
16 88 25 
52 43 34 
61 -2 70 
75 17 64 
41 52 63 
40 87 29 
4 282 -52 
22 78 134 
208 -126 152 
15 235 -25 
35 75 115 
175 -85 135 
63 173 -5 
9 77 145 
159 -19 91 
50 33 28 
15 37 59 
46 41 24 
79 0 74 
46 51 56 
28 102 23 
72 -103 112 
67 27 -13 
-58 157 -18 
50 115 45 
65 70 75 
95 25 90 
41 -78 49 
12 4 -4 
-41 86 -33 
4 246 -46 
18 68 118 
182 -110 132 
75 -15 75 
45 45 45 
15 105 15 
9 -13 28 
27 8 -11 
-12 29 7 
20 138 -17 
10 47 84 
111 -44 74 
77 -164 114 
46 9 -28 
-96 182 -59 
35 92 32 
50 53 56 
74 14 71 
51 -23 32 
1 20 39 
8 63 -11 
24 110 7 
30 47 64 
87 -16 70 
46 60 38 
40 48 56 
58 36 50 
15 85 5 
25 35 45 
65 -15 55 
1 91 -2 
27 30 33 
62 -31 59 
16 58 -5 
2 23 44 
51 -12 30 
26 142 -3 
26 55 84 
113 -32 84 
56 -11 81 
67 42 17 
3 95 28 
21 86 -2 
12 35 58 
72 -16 49 
80 -55 107 
71 44 17 
-19 143 8 
23 180 25 
78 76 74 
127 -28 129 
48 -93 75 
37 10 -17 
-55 113 -28 
8 131 -7 
29 44 59 
95 -43 80 
30 80 10 
20 40 60 
70 0 50 
76 -133 84 
17 9 1 
-66 151 -58 
73 -26 79 
48 42 36 
5 110 11 
4 258 -43 
26 73 120 
189 -112 142 
6 106 8 
42 40 38 
72 -26 74 
72 -25 73 
41 40 39 
7 105 8 
3 190 -37 
12 52 92 
141 -86 101 
2 168 13 
72 61 50 
109 -46 120 
39 34 68 
76 47 18 
26 60 55 
26 14 41 
42 27 12 
13 40 28 
14 10 57 
70 27 -16 
-3 44 40 
53 -110 66 
16 3 -10 
-60 116 -47 
28 86 39 
62 51 40 
63 16 74 
27 233 -32 
17 76 135 
184 -81 125 
41 161 17 
49 73 97 
129 -15 105 
44 48 37 
36 43 50 
49 38 42 
31 7 70 
75 36 -3 
2 65 41 
80 -127 77 
7 10 13 
-57 147 -60 
38 -21 28 
5 15 25 
2 51 -8 
57 -121 100 
55 12 -31 
-76 145 -33 
53 -24 58 
34 29 24 
0 82 5 
63 68 28 
18 53 88 
78 38 43 
70 39 53 
37 54 71 
55 69 38 
38 -102 73 
38 3 -32 
-67 108 -32 
71 35 59 
43 55 67 
51 75 39 
79 87 23 
7 63 119 
103 39 47 
10 233 -24 
39 73 107 
170 -87 136 
71 -68 99 
62 34 6 
-31 136 -3 
23 245 -40 
13 76 139 
192 -93 129 
52 49 64 
67 55 43 
46 61 58 
22 -5 58 
61 25 -11 
-8 55 28 
14 -42 52 
46 8 -30 
-36 58 2 
57 47 40 
31 48 65 
56 49 39 
52 21 71 
67 48 29 
25 75 44 
22 -103 87 
67 2 -63 
-83 107 -18 
80 84 46 
36 70 104 
94 56 60 
64 -110 79 
26 11 -4 
-57 132 -42 
42 101 10 
19 51 83 
92 1 60 
65 124 51 
66 80 94 
109 36 95 
24 53 31 
43 36 29 
41 19 48 
58 127 22 
33 69 105 
116 11 80 
59 -27 49 
17 27 37 
5 81 -5 
32 -64 65 
44 11 -22 
-43 86 -10 
33 123 12 
35 56 77 
100 -11 79 
69 28 41 
18 46 74 
51 64 23 
36 -11 53 
43 26 9 
-1 63 16 
3 22 23 
36 16 -4 
9 10 29 
9 85 38 
73 44 15 
50 3 79 
64 -160 123 
68 9 -50 
-105 178 -46 
70 100 46 
48 72 96 
98 44 74 
30 68 7 
12 35 58 
63 2 40 
70 102 29 
26 67 108 
105 32 64 
40 83 42 
57 55 53 
68 27 70 
45 -64 43 
6 8 10 
-27 80 -29 
41 206 -25 
8 74 140 
173 -58 107 
8 193 12 
75 71 67 
130 -51 134 
53 -124 116 
78 15 -48 
-86 154 -23 
52 -87 74 
35 13 -9 
-48 113 -26 
76 -178 111 
38 3 -32 
-105 184 -70 
19 -84 74 
58 3 -52 
-68 90 -13 
51 12 33 
14 32 50 
31 52 13 
27 140 -5 
22 54 86 
113 -32 81 
80 -3 85 
59 54 49 
23 111 28 
31 190 -17 
20 68 116 
153 -54 105 
2 210 -20 
42 64 86 
148 -82 126 
5 235 -42 
19 66 113 
174 -103 127 
19 -39 77 
77 19 -39 
-39 77 19 
33 120 36 
66 63 60 
90 6 93 
30 3 39 
33 24 15 
9 45 18 
15 178 -31 
8 54 100 
139 -70 93 
51 79 11 
7 47 87 
83 15 43 
72 25 47 
23 48 73 
49 71 24 
24 188 -17 
24 65 106 
147 -58 106 
3 250 -22 
52 77 102 
176 -96 151 
37 -13 72 
67 32 -3 
-8 77 27 
55 54 47 
44 52 60 
57 50 49 
18 -4 34 
32 16 0 
-2 36 14 
78 66 24 
2 56 110 
88 46 34 
72 83 37 
29 64 99 
91 45 56 
13 -64 69 
62 6 -50 
-57 76 -1 
37 -16 39 
22 20 18 
1 56 3 
24 212 -32 
12 68 124 
168 -76 112 
45 -93 105 
79 19 -41 
-67 131 -7 
16 -22 30 
22 8 -6 
-14 38 0 
70 96 38 
36 68 100 
98 40 66 
54 148 17 
36 73 110 
129 -2 92 
5 -9 37 
43 11 -21 
-15 31 17 
58 -146 112 
62 8 -46 
-96 162 -42 
8 153 -17 
23 48 73 
113 -57 88 
15 -48 72 
70 13 -44 
-46 74 11 
13 135 5 
43 51 59 
97 -33 89 
67 -102 119 
80 28 -24 
-63 158 -11 
63 22 62 
48 49 50 
36 76 35 
15 15 6 
3 12 21 
18 9 9 
1 -30 29 
28 0 -28 
-29 30 -1 
34 70 46 
62 50 38 
54 30 66 
63 -34 97 
76 42 8 
-13 118 21 
22 127 -11 
13 46 79 
103 -35 70 
59 23 65 
55 49 43 
33 75 39 
60 -6 84 
70 46 22 
8 98 32 
78 140 22 
24 80 136 
138 20 82 
13 67 19 
39 33 27 
47 -1 53 
28 -56 82 
72 18 -36 
-46 92 8 
44 -132 88 
44 0 -44 
-88 132 -44 
79 116 42 
42 79 116 
116 42 79 
31 169 -23 
5 59 113 
141 -51 87 
79 -51 95 
57 41 25 
-13 133 3 
78 39 87 
77 68 59 
49 97 58 
23 183 -17 
23 63 103 
143 -57 103 
0 -9 45 
57 12 -33 
-21 33 24 
51 138 9 
24 66 108 
123 -6 81 
62 18 31 
6 37 68 
43 56 12 
68 -181 116 
49 1 -47 
-114 183 -66 
13 53 33 
53 33 13 
33 13 53 
50 124 36 
56 70 84 
104 16 90 
10 198 -37 
10 57 104 
151 -84 104 
76 -14 64 
30 42 54 
20 98 8 
11 -41 36 
27 2 -23 
-32 45 -7 
11 33 40 
57 28 -1 
16 23 45 
7 202 -2 
60 69 78 
140 -64 131 
10 -28 33 
28 5 -18 
-23 38 0 
73 -2 64 
36 45 54 
26 92 17 
20 3 40 
41 21 1 
2 39 22 
2 102 13 
50 39 28 
65 -24 76 
43 -131 103 
65 5 -55 
-93 141 -33 
70 -68 52 
0 18 36 
-16 104 -34 
67 154 10 
20 77 134 
144 0 87 
22 -49 30 
9 1 -7 
-28 51 -20 
18 174 12 
62 68 74 
124 -38 118 
30 178 17 
62 75 88 
133 -28 120 
46 -7 72 
63 37 11 
2 81 28 
4 124 -5 
32 41 50 
87 -42 78 
13 -18 20 
12 5 -2 
-10 28 -3 
72 105 36 
35 71 107 
106 37 70 
42 36 27 
20 35 50 
43 34 28 
76 -79 72 
19 23 27 
-26 125 -30 
7 103 7 
39 39 39 
71 -25 71 
45 -91 76 
41 10 -21 
-56 111 -25 
69 142 2 
4 71 138 
140 0 73 
61 131 9 
15 67 119 
125 3 73 
53 29 77 
77 53 29 
29 77 53 
6 191 -35 
13 54 95 
143 -83 102 
48 -93 78 
41 11 -19 
-56 115 -26 
18 96 3 
24 39 54 
75 -18 60 
29 -2 51 
48 26 4 
1 54 23 
80 -130 95 
30 15 0 
-65 160 -50 
23 -11 63 
65 25 -15 
-13 61 27 
63 -4 85 
70 48 26 
11 100 33 
69 141 30 
41 80 119 
130 19 91 
29 -86 78 
56 7 -42 
-64 100 -15 
60 153 -3 
7 70 133 
143 -13 80 
32 -68 69 
48 11 -26 
-47 90 -10 
10 128 -12 
20 42 64 
96 -44 74 
27 164 -26 
2 55 108 
136 -54 83 
18 14 40 
46 24 2 
8 34 30 
75 15 54 
27 48 69 
42 81 21 
61 30 32 
12 41 70 
50 52 21 
57 -102 78 
32 11 -10 
-56 124 -35 
71 -124 113 
62 20 -22 
-73 164 -31 
80 -20 84 
52 48 44 
12 116 16 
51 -46 40 
4 15 26 
-10 76 -21 
25 -19 63 
61 23 -15 
-17 65 21 
71 48 79 
74 66 58 
53 84 61 
1 -9 41 
51 11 -29 
-19 31 21 
52 -37 87 
69 34 -1 
-19 105 16 
12 148 -25 
8 45 82 
115 -58 78 
53 130 30 
48 71 94 
112 12 89 
30 -63 54 
31 7 -17 
-40 77 -16 
10 -12 20 
16 6 -4 
-8 24 2 
50 -94 83 
46 13 -20 
-57 120 -24 
61 163 -5 
7 73 139 
151 -17 85 
57 37 38 
25 44 63 
50 51 31 
33 -54 33 
4 4 4 
-25 62 -25 
19 -15 38 
33 14 -5 
-10 43 9 
8 192 13 
76 71 66 
129 -50 134 
71 50 38 
20 53 86 
68 56 35 
19 -11 70 
77 26 -25 
-18 63 33 
51 13 50 
37 38 39 
26 63 25 
69 94 59 
64 74 84 
89 54 79 
14 180 -26 
16 56 96 
138 -68 98 
56 84 40 
44 60 76 
80 36 64 
74 -70 107 
70 37 4 
-33 144 0 
39 -44 68 
50 21 -8 
-26 86 3 
47 -44 87 
70 30 -10 
-27 104 13 
37 121 31 
57 63 69 
95 5 89 
53 -145 110 
63 6 -51 
-98 157 -41 
32 139 36 
73 69 65 
102 -1 106 
52 -70 96 
70 26 -18 
-44 122 0 
30 95 19 
37 48 59 
77 1 66 
46 -126 89 
46 3 -40 
-83 132 -40 
62 -110 81 
30 11 -8 
-59 132 -40 
26 230 -34 
14 74 134 
182 -82 122 
56 -7 77 
63 42 21 
7 91 28 
47 145 0 
17 64 111 
128 -17 81 
5 76 21 
50 34 18 
47 -8 63 
10 176 -15 
32 57 82 
129 -62 104 
63 72 42 
38 59 80 
76 46 55 
75 24 39 
10 46 82 
53 68 17 
77 22 69 
48 56 64 
43 90 35 
64 47 33 
17 48 79 
63 49 32 
55 -28 72 
50 33 16 
-6 94 11 
63 116 55 
70 78 86 
101 40 93 
8 252 -35 
32 75 118 
185 -102 142 
35 -34 38 
16 13 10 
-12 60 -9 
37 141 41 
77 73 69 
105 5 109 
2 119 -19 
13 34 55 
87 -51 66 
53 70 12 
4 45 86 
78 20 37 
23 2 23 
16 16 16 
9 30 9 
44 58 66 
78 56 34 
46 54 68 
36 104 13 
28 51 74 
89 -2 66 
48 188 -14 
12 74 136 
162 -40 100 
42 -100 88 
56 10 -36 
-68 120 -22 
19 83 6 
23 36 49 
66 -11 53 
4 90 -1 
26 31 36 
63 -28 58 
52 81 26 
27 53 79 
80 25 54 
41 153 1 
25 65 105 
129 -23 89 
58 105 32 
39 65 91 
98 25 72 
14 -8 27 
24 11 -2 
-5 30 8 
11 -8 24 
22 9 -4 
-6 26 7 
41 154 39 
76 78 80 
117 2 115 
6 295 -67 
5 78 151 
223 -139 150 
20 203 -40 
1 61 121 
162 -81 102 
49 177 14 
45 80 115 
146 -17 111 
39 82 41 
56 54 52 
67 26 69 
17 220 -33 
18 68 118 
169 -84 119 
43 42 62 
68 49 30 
36 56 55 
60 -87 102 
67 25 -17 
-52 137 -10 
39 -45 66 
47 20 -7 
-26 85 1 
15 256 -52 
6 73 140 
198 -110 131 
16 78 26 
50 40 30 
54 2 64 
73 -54 53 
4 24 44 
-5 102 -25 
65 54 55 
48 58 68 
61 62 51 
20 37 51 
67 36 5 
21 35 52 
17 157 -21 
13 51 89 
123 -55 85 
16 159 -4 
37 57 77 
118 -45 98 
17 -13 20 
11 8 5 
-4 29 -1 
16 35 6 
9 19 29 
32 3 22 
73 -171 125 
61 9 -43 
-107 189 -55 
70 54 29 
10 51 92 
73 48 32 
77 -34 68 
28 37 46 
6 108 -3 
28 -54 47 
26 7 -12 
-33 68 -14 
61 -55 63 
25 23 21 
-17 101 -15 
18 239 -38 
17 73 129 
184 -93 128 
5 284 -52 
22 79 136 
210 -126 153 
19 128 18 
54 55 56 
92 -18 91 
47 -81 70 
35 12 -11 
-46 105 -23 
38 187 -21 
9 68 127 
157 -51 98 
64 90 65 
74 73 72 
81 56 82 
41 17 17 
1 25 49 
33 33 9 
34 -7 33 
19 20 21 
7 47 6 
7 46 -5 
4 16 28 
37 -14 25 
45 149 34 
65 76 87 
118 3 107 
18 -29 44 
37 11 -15 
-22 51 4 
73 47 57 
43 59 75 
61 71 45 
50 17 68 
63 45 27 
22 73 40 
56 -58 65 
30 21 12 
-23 100 -14 
1 212 -42 
14 57 100 
156 -98 113 
80 69 25 
3 58 113 
91 47 36 
24 67 5 
13 32 51 
59 -3 40 
72 -104 107 
60 25 -10 
-57 154 -22 
53 134 53 
80 80 80 
107 26 107 
40 -35 67 
51 24 -3 
-19 83 8 
29 71 20 
31 40 49 
60 9 51 
33 100 -4 
6 43 80 
90 -14 53 
63 87 54 
59 68 77 
82 49 73 
75 -24 78 
46 43 40 
8 110 11 
31 198 8 
56 79 102 
150 -40 127 
48 -119 83 
39 4 -31 
-75 127 -40 
70 -109 102 
53 21 -11 
-60 151 -28 
44 72 40 
48 52 56 
64 32 60 
29 60 13 
18 34 50 
55 8 39 
62 -110 96 
50 16 -18 
-64 142 -30 
31 130 -14 
4 49 94 
112 -32 67 
56 19 30 
9 35 61 
40 51 14 
16 153 23 
71 64 57 
105 -25 112 
18 -62 44 
26 0 -26 
-44 62 -18 
22 6 32 
30 20 10 
8 34 18 
17 105 19 
49 47 45 
75 -11 77 
61 19 31 
7 37 67 
43 55 13 
76 -62 61 
10 25 40 
-11 112 -26 
38 -11 54 
43 27 11 
0 65 16 
15 55 -1 
7 23 39 
47 -9 31 
27 -26 53 
44 18 -8 
-17 62 9 
25 -73 90 
79 14 -51 
-62 101 3 
4 -14 43 
50 11 -28 
-21 36 18 
35 147 31 
67 71 75 
111 -5 107 
45 4 38 
22 29 36 
20 54 13 
44 -144 118 
80 6 -68 
-106 156 -32 
54 -99 78 
35 11 -13 
-56 121 -32 
8 70 -12 
2 22 42 
56 -26 36 
54 -68 44 
0 10 20 
-24 88 -34 
52 109 31 
43 64 85 
97 19 76 
42 -4 46 
32 28 24 
10 60 14 
5 197 -25 
29 59 89 
143 -79 113 
75 -55 73 
29 31 33 
-11 117 -13 
46 7 31 
13 28 43 
25 49 10 
45 101 31 
45 59 73 
87 17 73 
17 178 18 
72 71 70 
124 -36 125 
27 -71 65 
45 7 -31 
-51 85 -13 
65 -126 76 
16 5 -6 
-66 136 -55 
65 3 34 
3 34 65 
34 65 3 
25 -22 48 
40 17 -6 
-14 56 9 
62 113 8 
7 61 115 
114 9 60 
52 -114 68 
18 2 -14 
-64 118 -48 
33 147 21 
55 67 79 
113 -13 101 
61 -141 125 
79 15 -49 
-95 171 -31 
71 -149 78 
7 0 -7 
-78 149 -71 
20 86 23 
46 43 40 
63 0 66 
14 61 -3 
7 24 41 
51 -13 34 
37 -41 43 
19 13 7 
-17 67 -11 
21 239 -29 
27 77 127 
183 -85 133 
67 -68 70 
26 23 20 
-24 114 -21 
30 -32 65 
56 21 -14 
-23 74 12 
18 76 -7 
4 29 54 
65 -18 40 
57 133 5 
13 65 117 
125 -3 73 
76 -130 111 
54 19 -16 
-73 168 -38 
37 -81 59 
27 5 -17 
-49 91 -27 
37 82 -2 
0 39 78 
80 -4 41 
15 194 4 
60 71 82 
138 -52 127 
31 -35 70 
61 22 -17 
-26 79 13 
26 48 52 
68 42 16 
32 36 58 
27 154 26 
68 69 70 
112 -16 111 
53 69 55 
61 59 57 
63 49 65 
10 -30 53 
54 11 -32 
-31 52 12 
70 76 67 
68 71 74 
75 66 72 
19 140 -3 
30 52 74 
107 -36 85 
43 4 76 
74 41 8 
6 78 39 
11 241 -45 
13 69 125 
183 -103 127 
43 -59 79 
57 21 -15 
-37 101 -1 
33 207 -21 
19 73 127 
167 -61 113 
24 -12 33 
24 15 6 
-3 42 6 
58 -27 89 
71 40 9 
-9 107 22 
72 31 50 
29 51 73 
52 71 30 
11 131 17 
59 53 47 
89 -25 95 
59 -127 113 
69 15 -39 
-83 157 -29 
75 -48 81 
42 36 30 
-9 120 -3 
18 -9 18 
9 9 9 
0 27 0 
2 195 -20 
37 59 81 
138 -77 116 
77 68 41 
26 62 98 
83 56 47 
80 71 26 
5 59 113 
92 47 38 
73 -138 74 
4 3 2 
-68 144 -67 
5 -35 54 
57 8 -41 
-38 51 11 
15 167 -26 
11 52 93 
130 -63 89 
33 90 42 
64 55 46 
68 20 77 
78 35 40 
13 51 89 
62 67 24 
71 -68 93 
54 32 10 
-29 132 -7 
0 -37 52 
57 5 -47 
-42 47 10 
44 174 -20 
2 66 130 
152 -42 88 
28 51 5 
5 28 51 
51 5 28 
40 7 25 
9 24 39 
23 41 8 
62 26 71 
62 53 44 
35 80 44 
7 110 33 
76 50 24 
67 -10 93 
46 171 8 
37 75 113 
142 -21 104 
42 -58 82 
62 22 -18 
-38 102 2 
60 -39 78 
51 33 15 
-12 105 6 
4 197 -45 
3 52 101 
149 -93 100 
66 -42 45 
2 23 44 
1 88 -20 
8 258 -50 
14 72 130 
194 -114 136 
25 104 24 
50 51 52 
78 -2 77 
80 9 94 
75 61 47 
28 113 42 
7 19 28 
39 18 -3 
8 17 29 
35 7 51 
47 31 15 
11 55 27 
16 118 -20 
2 38 74 
96 -42 60 
40 -62 43 
10 7 4 
-29 76 -26 
36 -49 31 
1 6 11 
-19 61 -24 
11 232 -45 
10 66 122 
177 -100 121 
8 6 37 
46 17 -12 
-3 28 26 
79 -19 87 
57 49 41 
11 117 19 
20 -77 57 
37 0 -37 
-57 77 -20 
26 15 52 
57 31 5 
10 47 36 
25 73 31 
49 43 37 
55 13 61 
27 16 59 
66 34 2 
9 52 41 
79 -194 124 
48 3 -42 
-118 200 -73 
11 184 15 
74 70 66 
125 -44 129 
52 61 67 
75 60 45 
53 59 68 
9 -2 29 
32 12 -8 
-5 26 15 
65 155 20 
35 80 125 
140 5 95 
47 -20 45 
22 24 26 
3 68 1 
35 -74 84 
64 15 -34 
-54 104 -5 
77 25 66 
45 56 67 
46 87 35 
69 93 66 
73 76 79 
86 59 83 
41 207 -26 
7 74 141 
174 -59 107 
74 104 62 
68 80 92 
98 56 86 
10 -29 52 
53 11 -31 
-30 51 12 
28 48 14 
16 30 44 
46 12 32 
75 -141 129 
75 21 -33 
-87 183 -33 
36 5 25 
11 22 33 
19 39 8 
25 57 11 
17 31 45 
51 5 37 
32 5 26 
15 21 27 
16 37 10 
6 10 20 
26 12 -2 
4 14 18 
72 -121 73 
9 8 7 
-57 137 -56 
15 204 0 
58 73 88 
146 -58 131 
68 40 27 
4 45 86 
63 50 22 
48 -4 34 
12 26 40 
18 56 4 
36 -90 99 
78 15 -48 
-69 120 -6 
40 -5 34 
17 23 29 
12 51 6 
20 31 30 
37 27 17 
24 23 34 
32 172 -24 
4 60 116 
144 -52 88 
21 8 55 
62 28 -6 
1 48 35 
31 -76 72 
50 9 -32 
-54 94 -13 
71 -44 57 
14 28 42 
-1 100 -15 
76 139 25 
29 80 131 
135 21 84 
19 90 38 
68 49 30 
60 8 79 
23 -30 34 
20 9 -2 
-16 48 -5 
12 -13 61 
69 20 -29 
-21 53 28 
52 -82 51 
6 7 8 
-37 96 -38 
35 -73 56 
27 6 -15 
-44 85 -23 
1 64 -2 
18 21 24 
44 -22 41 
74 123 28 
29 75 121 
122 27 76 
60 63 66 
69 63 57 
60 63 66 
8 206 -25 
30 63 96 
151 -80 118 
53 135 10 
23 66 109 
122 -3 79 
15 90 21 
48 42 36 
63 -6 69 
45 119 25 
43 63 83 
101 7 81 
40 43 61 
69 48 27 
35 53 56 
14 187 -9 
41 64 87 
137 -59 114 
17 111 1 
27 43 59 
85 -25 69 
6 129 -6 
31 43 55 
92 -43 80 
55 92 48 
58 65 72 
82 38 75 
80 -96 64 
0 16 32 
-32 128 -48 
40 99 20 
33 53 73 
86 7 66 
49 -62 73 
44 20 -4 
-33 102 -9 
9 40 14 
26 21 16 
28 2 33 
75 -89 113 
71 33 -5 
-47 155 -9 
3 155 22 
79 60 41 
98 -35 117 
12 -34 64 
66 14 -38 
-36 62 16 
55 40 22 
6 39 72 
56 38 23 
59 97 42 
49 66 83 
90 35 73 
77 -104 117 
70 30 -10 
-57 164 -17 
9 124 11 
50 48 46 
85 -28 87 
1 187 -41 
7 49 91 
139 -89 97 
1 225 -4 
69 74 79 
152 -77 147 
59 -50 66 
32 25 18 
-16 100 -9 
77 32 47 
22 52 82 
57 72 27 
41 -142 107 
68 2 -64 
-103 146 -37 
33 186 -6 
32 71 110 
148 -44 109 
7 130 25 
72 54 36 
83 -22 101 
64 -3 44 
15 35 55 
26 73 6 
67 -12 86 
66 47 28 
8 106 27 
49 -22 39 
12 22 32 
5 66 -5 
57 -38 86 
64 35 6 
-16 108 13 
62 -102 88 
42 16 -10 
-56 134 -30 
40 74 39 
50 51 52 
63 28 62 
37 -45 68 
51 20 -11 
-28 85 3 
12 -72 81 
76 7 -62 
-67 86 2 
63 -25 55 
23 31 39 
7 87 -1 
36 206 -26 
10 72 134 
170 -62 108 
74 -141 103 
41 12 -17 
-79 165 -50 
14 -24 22 
12 4 -4 
-14 32 -6 
68 23 62 
45 51 57 
40 79 34 
50 72 46 
52 56 60 
66 40 62 
37 -125 100 
67 4 -59 
-92 133 -29 
19 -40 45 
34 8 -18 
-29 56 -3 
73 160 -2 
2 77 152 
156 -6 81 
26 40 48 
60 38 16 
28 36 50 
16 72 2 
16 30 44 
58 -12 44 
25 96 20 
42 47 52 
74 -2 69 
39 21 66 
69 42 15 
18 63 45 
21 82 2 
16 35 54 
68 -12 49 
79 102 47 
44 76 108 
105 50 73 
14 -20 45 
44 13 -18 
-19 46 12 
0 206 4 
74 70 66 
136 -66 140 
57 48 54 
50 53 56 
52 58 49 
42 199 -1 
37 80 123 
161 -39 118 
22 236 -36 
16 74 132 
184 -88 126 
25 -88 72 
50 3 -44 
-66 94 -19 
22 221 -12 
43 77 111 
166 -67 132 
70 7 73 
53 50 47 
27 93 30 
44 111 28 
45 61 77 
94 11 78 
66 -3 63 
39 42 45 
21 87 18 
20 203 -10 
41 71 101 
152 -61 122 
5 107 -10 
19 34 49 
78 -39 63 
11 -23 51 
53 13 -27 
-25 49 15 
54 148 35 
60 79 98 
123 10 104 
64 12 50 
28 42 56 
34 72 20 
30 72 33 
48 45 42 
57 18 60 
43 -75 56 
21 8 -5 
-40 91 -27 
28 23 63 
73 38 3 
13 53 48 
20 -77 69 
53 4 -45 
-61 85 -12 
74 20 47 
20 47 74 
47 74 20 
13 -35 25 
13 1 -11 
-23 37 -11 
43 -89 55 
15 3 -9 
-49 95 -37 
31 170 -12 
20 63 106 
138 -44 95 
41 -56 36 
2 7 12 
-22 70 -27 
18 146 16 
58 60 62 
104 -26 102 
9 286 -55 
16 80 144 
215 -126 151 
19 -85 78 
63 4 -55 
-70 93 -11 
40 116 15 
32 57 82 
99 -2 74 
48 -126 90 
46 4 -38 
-82 134 -40 
53 160 12 
34 75 116 
138 -10 97 
26 -27 25 
7 8 9 
-9 43 -10 
55 116 3 
6 58 110 
113 0 61 
64 17 78 
67 53 39 
28 89 42 
11 52 51 
78 38 -2 
25 24 65 
37 143 12 
39 64 89 
116 -15 91 
36 24 24 
16 28 40 
32 32 20 
34 193 -8 
31 73 115 
154 -47 112 
33 144 -3 
22 58 94 
119 -28 83 
23 66 52 
76 47 18 
42 28 71 
7 182 3 
60 64 68 
125 -54 121 
10 133 -26 
3 39 75 
104 -55 68 
30 63 51 
69 48 27 
45 33 66 
64 54 62 
58 60 62 
58 66 56 
34 164 15 
52 71 90 
127 -22 108 
7 237 -16 
53 76 99 
168 -85 145 
7 -9 23 
23 7 -9 
-9 23 7 
4 -66 71 
70 3 -64 
-65 72 2 
30 -11 62 
59 27 -5 
-8 65 24 
23 195 13 
67 77 87 
141 -41 131 
70 -157 102 
37 5 -27 
-92 167 -60 
68 -24 49 
12 31 50 
13 86 -6 
17 86 32 
60 45 30 
58 4 73 
33 -79 91 
73 15 -43 
-61 109 -3 
6 231 -15 
53 74 95 
163 -83 142 
4 -26 61 
70 13 -44 
-35 52 22 
47 -114 70 
24 1 -22 
-68 116 -45 
60 -186 132 
74 2 -70 
-128 190 -56 
52 -54 59 
26 19 12 
-21 92 -14 
11 126 -5 
28 44 60 
93 -38 77 
12 -47 53 
47 6 -35 
-41 59 0 
0 284 -53 
24 77 130 
207 -130 154 
70 -72 101 
64 33 2 
-35 138 -4 
12 -53 68 
65 9 -47 
-50 71 6 
55 83 24 
23 54 85 
84 25 53 
20 -37 77 
77 20 -37 
-37 77 20 
35 20 47 
46 34 22 
21 48 33 
21 -8 23 
14 12 10 
1 32 3 
35 21 43 
41 33 25 
23 45 31 
23 161 23 
69 69 69 
115 -23 115 
18 6 12 
6 12 18 
12 18 6 
44 -87 82 
51 13 -25 
-56 113 -18 
23 121 15 
45 53 61 
91 -15 83 
67 -134 115 
64 16 -32 
-83 166 -35 
76 -140 94 
28 10 -8 
-74 160 -56 
61 174 2 
20 79 138 
156 -16 97 
50 -87 52 
7 5 3 
-42 97 -40 
43 -70 54 
20 9 -2 
-36 88 -25 
63 107 40 
47 70 93 
100 33 77 
35 -32 33 
10 12 14 
-9 56 -11 
34 121 7 
27 54 81 
101 -13 74 
11 80 -1 
18 30 42 
61 -20 49 
22 23 18 
17 21 25 
24 19 20 
34 -41 73 
61 22 -17 
-29 85 10 
53 50 59 
60 54 48 
49 58 55 
66 88 14 
4 56 108 
98 24 46 
26 108 10 
32 48 64 
86 -12 70 
76 -26 46 
2 32 62 
18 90 -12 
2 84 -2 
24 28 32 
58 -28 54 
14 194 17 
78 75 72 
133 -44 136 
1 43 10 
27 18 9 
26 -7 35 
46 157 25 
55 76 97 
127 -5 106 
24 -84 87 
72 9 -54 
-69 102 -6 
72 -66 108 
74 38 2 
-32 142 4 
24 65 37 
55 42 29 
47 19 60 
65 -82 56 
4 13 22 
-30 108 -39 
57 -78 78 
40 19 -2 
-40 116 -19 
23 162 19 
64 68 72 
117 -26 113 
1 109 19 
61 43 25 
67 -23 85 
45 140 22 
46 69 92 
116 -2 93 
22 189 8 
59 73 87 
138 -43 124 
63 -110 86 
36 13 -10 
-60 136 -37 
6 172 -16 
32 54 76 
124 -64 102 
48 4 80 
76 44 12 
8 84 40 
15 44 1 
6 20 34 
39 -4 25 
39 21 42 
37 34 31 
26 47 29 
38 167 2 
33 69 105 
136 -29 100 
13 -33 74 
79 18 -43 
-38 69 23 
55 13 52 
37 40 43 
28 67 25 
36 73 23 
31 44 57 
65 15 52 
70 -87 80 
31 21 11 
-38 129 -28 
35 -68 48 
18 5 -8 
-38 78 -25 
56 -60 91 
64 29 -6 
-33 118 2 
1 291 -52 
27 80 133 
212 -131 159 
26 27 37 
41 30 19 
23 33 34 
52 -19 87 
75 40 5 
-7 99 28 
0 84 9 
40 31 22 
53 -22 62 
79 -146 124 
64 19 -26 
-86 184 -41 
5 230 5 
80 80 80 
155 -70 155 
59 136 -3 
2 64 126 
131 -8 69 
36 129 27 
55 64 73 
101 -1 92 
39 7 50 
43 32 21 
14 57 25 
46 -125 79 
33 0 -33 
-79 125 -46 
10 -19 66 
75 19 -37 
-28 57 28 
79 -148 93 
22 8 -6 
-77 164 -63 
0 22 2 
10 8 6 
14 -6 16 
70 -136 87 
24 7 -10 
-73 150 -56 
78 28 71 
52 59 66 
47 90 40 
36 38 13 
6 29 52 
45 20 22 
80 -138 130 
74 24 -26 
-82 186 -32 
78 -108 114 
64 28 -8 
-58 164 -22 
56 -113 60 
5 1 -3 
-58 115 -54 
7 -5 40 
47 14 -19 
-12 33 21 
3 92 16 
50 37 24 
58 -18 71 
28 -43 72 
63 19 -25 
-34 81 10 
22 5 51 
55 26 -3 
1 47 30 
80 61 69 
59 70 81 
71 79 60 
74 -105 106 
57 25 -7 
-56 155 -24 
28 -36 62 
52 18 -16 
-26 72 8 
76 75 53 
45 68 91 
83 61 60 
77 -64 95 
54 36 18 
-23 136 -5 
20 -30 22 
6 4 2 
-14 38 -12 
69 170 -2 
8 79 150 
160 -12 89 
8 -70 65 
58 1 -56 
-63 72 -6 
68 -151 113 
55 10 -35 
-93 171 -48 
6 47 10 
25 21 17 
32 -5 36 
44 149 -13 
3 60 117 
133 -29 76 
2 -11 21 
23 4 -15 
-13 19 6 
75 76 77 
78 76 74 
75 76 77 
56 -124 119 
80 17 -46 
-85 158 -22 
29 150 13 
48 64 80 
115 -22 99 
49 -51 86 
65 28 -9 
-30 107 7 
4 -1 39 
49 14 -21 
-11 29 24 
71 -134 108 
52 15 -22 
-78 164 -41 
47 -33 64 
43 26 9 
-12 85 5 
26 237 -26 
27 79 131 
184 -79 132 
56 -175 122 
67 1 -65 
-120 177 -54 
28 198 -16 
26 70 114 
156 -58 112 
24 7 44 
45 25 5 
6 43 26 
7 114 8 
44 43 42 
78 -28 79 
15 208 -43 
2 60 118 
163 -88 105 
76 -193 123 
49 2 -45 
-119 197 -72 
65 189 -14 
1 80 159 
174 -29 95 
18 124 35 
76 59 42 
83 -6 100 
18 61 5 
15 28 41 
51 -5 38 
16 126 5 
38 49 60 
93 -28 82 
67 -49 102 
75 40 5 
-22 129 13 
42 206 -29 
2 73 144 
175 -60 104 
32 212 -31 
8 71 134 
173 -70 110 
2 138 1 
46 47 48 
93 -44 92 
16 193 -2 
51 69 87 
140 -55 122 
11 23 11 
15 15 15 
19 7 19 
68 -2 66 
42 44 46 
22 90 20 
39 -41 83 
71 27 -17 
-29 95 15 
11 150 -32 
0 43 86 
118 -64 75 
2 30 52 
78 28 -22 
4 26 54 
47 46 66 
72 53 34 
40 60 59 
75 -163 124 
61 12 -37 
-100 187 -51 
35 33 37 
37 35 33 
33 37 35 
57 182 1 
24 80 136 
159 -22 103 
75 -37 52 
7 30 53 
8 97 -15 
54 76 44 
48 58 68 
72 40 62 
1 195 8 
75 68 61 
128 -59 135 
61 -88 57 
6 10 14 
-37 108 -41 
63 113 31 
37 69 101 
107 25 75 
49 -102 95 
60 14 -32 
-67 130 -21 
22 -52 60 
48 10 -28 
-40 72 -2 
6 120 -3 
32 41 50 
85 -38 76 
41 -67 77 
53 17 -19 
-43 101 -7 
26 38 14 
14 26 38 
38 14 26 
11 24 40 
54 25 -4 
10 26 39 
4 -32 61 
68 11 -46 
-39 54 18 
54 -28 46 
16 24 32 
2 76 -6 
51 67 29 
27 49 71 
69 31 47 
28 47 48 
61 41 21 
34 35 54 
12 -51 72 
71 11 -49 
-50 73 10 
41 -63 58 
29 12 -5 
-34 87 -17 
48 144 -3 
12 63 114 
129 -18 78 
23 -42 37 
20 6 -8 
-25 54 -11 
76 -132 116 
60 20 -20 
-76 172 -36 
57 -3 60 
41 38 35 
16 79 19 
23 -40 32 
14 5 -4 
-22 50 -13 
48 -46 85 
66 29 -8 
-27 104 10 
16 105 17 
47 46 45 
75 -13 76 
42 20 22 
8 28 48 
34 36 14 
71 -88 95 
50 26 2 
-43 140 -19 
6 73 41 
75 40 5 
39 7 74 
68 124 15 
16 69 122 
123 14 70 
22 25 55 
67 34 1 
13 43 46 
26 223 -15 
37 78 119 
171 -67 130 
65 -8 42 
10 33 56 
24 74 1 
28 -31 57 
47 18 -11 
-21 67 8 
1 12 53 
74 22 -30 
-9 32 43 
65 -73 62 
15 18 21 
-26 109 -29 
49 -50 43 
8 14 20 
-15 78 -21 
65 23 74 
63 54 45 
34 85 43 
79 -6 41 
0 38 76 
35 82 -3 
5 85 12 
41 34 27 
56 -17 63 
73 134 3 
0 70 140 
137 6 67 
28 138 -1 
26 55 84 
111 -28 82 
28 52 55 
72 45 18 
35 38 62 
31 114 20 
44 55 66 
90 -4 79 
44 -19 44 
23 23 23 
2 65 2 
16 123 2 
33 47 61 
92 -29 78 
14 63 -5 
5 24 43 
53 -15 34 
56 120 1 
4 59 114 
117 -2 62 
37 174 -10 
20 67 114 
144 -40 97 
35 124 18 
42 59 76 
100 -6 83 
4 145 -2 
43 49 55 
100 -47 94 
78 -167 137 
75 16 -43 
-105 199 -46 
10 -32 49 
48 9 -30 
-31 50 8 
73 -39 59 
17 31 45 
3 101 -11 
40 -82 54 
18 4 -10 
-46 90 -32 
45 -3 42 
25 28 31 
14 59 11 
31 -32 31 
10 10 10 
-11 52 -11 
24 44 1 
0 23 46 
45 2 22 
3 36 51 
78 30 -18 
9 24 57 
66 -69 102 
69 33 -3 
-36 135 0 
71 138 22 
28 77 126 
132 16 83 
30 120 15 
40 55 70 
95 -10 80 
2 101 20 
59 41 23 
62 -19 80 
23 105 1 
21 43 65 
85 -19 63 
37 -119 97 
65 5 -55 
-87 129 -27 
73 -100 69 
10 14 18 
-41 128 -45 
55 90 35 
40 60 80 
85 30 65 
73 66 62 
56 67 78 
72 68 61 
29 223 -33 
11 73 135 
179 -77 117 
34 -20 49 
36 21 6 
-7 62 8 
69 81 57 
57 69 81 
81 57 69 
55 -97 84 
43 14 -15 
-56 125 -27 
52 -53 73 
45 24 3 
-25 101 -4 
75 -67 73 
25 27 29 
-19 121 -21 
68 91 18 
9 59 109 
100 27 50 
68 138 34 
46 80 114 
126 22 92 
64 -29 64 
33 33 33 
2 95 2 
71 19 36 
7 42 77 
48 65 13 
68 102 10 
2 60 118 
110 18 52 
47 160 -15 
2 64 126 
143 -32 81 
68 -29 42 
1 27 53 
12 83 -14 
34 70 58 
78 54 30 
50 38 74 
21 148 8 
46 59 72 
110 -30 97 
6 205 -37 
15 58 101 
153 -89 110 
16 -17 46 
45 15 -15 
-16 47 14 
73 -71 58 
5 20 35 
-18 111 -33 
78 73 32 
15 61 107 
90 49 44 
55 -30 80 
60 35 10 
-10 100 15 
4 -32 58 
64 10 -44 
-38 52 16 
9 66 30 
56 35 14 
40 4 61 
71 154 12 
20 79 138 
146 4 87 
34 53 21 
23 36 49 
51 19 38 
62 70 57 
58 63 68 
69 56 64 
30 233 -29 
19 78 137 
185 -77 126 
11 -19 59 
65 17 -31 
-25 53 23 
60 -27 72 
47 35 23 
-2 97 10 
20 165 -29 
3 52 101 
133 -61 84 
70 -44 106 
80 44 8 
-18 132 18 
28 141 -10 
15 53 91 
116 -35 78 
66 43 44 
29 51 73 
58 59 36 
78 104 52 
52 78 104 
104 52 78 
64 -56 91 
60 33 6 
-25 122 2 
40 122 24 
46 62 78 
100 2 84 
19 94 16 
40 43 46 
70 -8 67 
4 21 38 
55 21 -13 
4 21 38 
80 -165 130 
65 15 -35 
-100 195 -50 
44 -14 57 
42 29 16 
1 72 14 
1 98 -12 
16 29 42 
70 -40 57 
27 39 15 
15 27 39 
39 15 27 
36 140 -8 
12 56 100 
120 -28 76 
1 297 -58 
21 80 139 
218 -137 159 
27 2 28 
20 19 18 
10 36 11 
30 78 0 
6 36 66 
72 -6 42 
51 -129 90 
43 4 -35 
-82 137 -43 
13 -13 54 
59 18 -23 
-18 49 23 
59 -27 40 
5 24 43 
8 75 -11 
50 -148 116 
72 6 -60 
-104 160 -38 
61 75 53 
55 63 71 
73 51 65 
23 -15 40 
33 16 -1 
-8 47 9 
28 -2 28 
18 18 18 
8 38 8 
70 -38 100 
74 44 14 
-12 126 18 
30 80 16 
28 42 56 
68 4 54 
39 186 9 
48 78 108 
147 -30 117 
9 -61 61 
55 3 -49 
-55 67 -3 
62 163 -3 
9 74 139 
151 -15 86 
31 25 19 
13 25 37 
31 25 19 
78 -217 139 
61 0 -61 
-139 217 -78 
0 118 8 
50 42 34 
76 -34 84 
76 45 62 
47 61 75 
60 77 46 
72 -32 89 
60 43 26 
-3 118 14 
46 30 53 
50 43 36 
33 56 40 
52 -14 58 
38 32 26 
6 78 12 
27 32 25 
26 28 30 
31 24 29 
13 67 16 
35 32 29 
48 -3 51 
72 73 26 
11 57 103 
88 41 42 
8 261 -59 
3 70 137 
199 -121 132 
8 220 0 
68 76 84 
152 -68 144 
30 -54 63 
46 13 -20 
-37 80 -4 
8 -10 47 
54 15 -24 
-17 40 22 
64 151 1 
9 72 135 
143 -7 80 
43 73 16 
17 44 71 
72 15 45 
63 90 66 
76 73 70 
80 56 83 
48 -125 107 
69 10 -49 
-87 145 -28 
60 4 50 
28 38 48 
26 72 16 
22 109 -11 
7 40 73 
91 -29 58 
66 -177 132 
73 7 -59 
-118 191 -52 
33 -130 106 
76 3 -70 
-100 136 -27 
31 -116 88 
58 1 -56 
-86 118 -29 
7 223 -17 
47 71 95 
159 -81 135 
48 125 16 
31 63 95 
110 1 78 
58 149 3 
15 70 125 
137 -9 82 
46 -100 96 
64 14 -36 
-68 128 -18 
16 85 -5 
11 32 53 
69 -21 48 
2 -2 57 
74 19 -36 
-19 40 36 
56 9 82 
75 49 23 
16 89 42 
59 9 31 
5 33 61 
35 57 7 
10 -39 50 
47 7 -33 
-36 53 4 
49 -133 99 
55 5 -45 
-89 143 -39 
20 74 14 
30 36 42 
58 -2 52 
56 98 20 
22 58 94 
96 18 60 
39 59 19 
19 39 59 
59 19 39 
25 -12 23 
10 12 14 
1 36 -1 
60 32 34 
16 42 68 
50 52 24 
70 -159 131 
75 14 -47 
-103 187 -42 
61 13 76 
65 50 35 
24 87 39 
33 43 32 
35 36 37 
40 29 39 
63 122 34 
44 73 102 
112 24 83 
14 52 30 
48 32 16 
34 12 50 
5 100 -6 
22 33 44 
72 -34 61 
38 92 14 
24 48 72 
82 4 58 
75 113 10 
1 66 131 
122 19 57 
70 -184 132 
68 6 -56 
-120 196 -58 
79 -141 116 
55 18 -19 
-80 177 -43 
33 14 73 
80 40 0 
7 66 47 
38 98 17 
30 51 72 
85 4 64 
45 -36 72 
54 27 0 
-18 90 9 
4 210 -37 
18 59 100 
155 -92 114 
66 178 -10 
2 78 154 
166 -22 90 
72 -151 100 
35 7 -21 
-86 165 -58 
11 86 -13 
4 28 52 
69 -30 45 
66 -47 89 
59 36 13 
-17 119 6 
0 254 -26 
50 76 102 
178 -102 152 
11 -43 47 
41 5 -31 
-37 53 -1 
74 117 16 
11 69 127 
122 21 64 
56 -9 64 
45 37 29 
10 83 18 
42 80 43 
56 55 54 
67 30 68 
24 -4 67 
72 29 -14 
-9 62 34 
21 192 -9 
38 68 98 
145 -56 115 
71 -154 122 
64 13 -38 
-96 180 -45 
31 -72 47 
18 2 -14 
-43 76 -27 
36 196 5 
48 79 110 
153 -38 122 
18 105 12 
39 45 51 
78 -15 72 
0 125 -20 
15 35 55 
90 -55 70 
73 -144 80 
10 3 -4 
-74 150 -67 
35 -23 45 
29 19 9 
-7 61 3 
10 140 15 
60 55 50 
95 -30 100 
69 -136 127 
78 20 -38 
-87 176 -29 
59 36 58 
50 51 52 
44 66 43 
17 125 -13 
13 43 73 
99 -39 69 
69 5 58 
33 44 55 
30 83 19 
0 86 16 
50 34 18 
52 -18 68 
80 94 57 
54 77 100 
97 60 74 
9 -16 52 
58 15 -28 
-22 46 21 
77 39 79 
67 65 63 
51 91 53 
12 21 3 
3 12 21 
21 3 12 
9 31 8 
15 16 17 
24 1 23 
5 298 -63 
12 80 148 
223 -138 155 
52 -127 105 
63 10 -43 
-85 147 -32 
72 -133 82 
17 7 -3 
-68 147 -58 
28 146 6 
38 60 82 
114 -26 92 
21 12 42 
46 25 4 
8 38 29 
32 -127 101 
71 2 -67 
-97 131 -28 
42 -95 59 
19 2 -15 
-55 99 -38 
41 -58 86 
68 23 -22 
-40 104 5 
71 -188 141 
78 8 -62 
-125 204 -55 
44 101 38 
55 61 67 
84 21 78 
37 115 -8 
3 48 93 
104 -19 59 
53 109 24 
33 62 91 
100 15 71 
62 -120 76 
20 6 -8 
-64 132 -50 
44 6 43 
30 31 32 
19 56 18 
6 73 26 
55 35 15 
44 -3 64 
23 192 -35 
2 60 118 
155 -72 97 
16 105 -7 
15 38 61 
83 -29 60 
39 169 8 
41 72 103 
136 -25 105 
75 -185 131 
63 7 -49 
-117 199 -61 
8 211 -36 
17 61 105 
158 -89 114 
14 230 -34 
22 70 118 
174 -90 126 
57 -84 66 
22 13 4 
-40 110 -31 
45 90 18 
24 51 78 
84 12 57 
13 -11 28 
25 10 -5 
-8 31 7 
34 180 11 
52 75 98 
139 -30 116 
23 224 -16 
38 77 116 
170 -70 131 
72 1 62 
35 45 55 
28 89 18 
59 111 49 
63 73 83 
97 35 87 
73 127 7 
3 69 135 
131 11 65 
78 76 26 
8 60 112 
94 44 42 
65 173 -7 
5 77 149 
161 -19 89 
34 -12 53 
44 25 6 
-3 62 16 
77 49 51 
33 59 85 
67 69 41 
75 -7 82 
57 50 43 
18 107 25 
0 159 15 
73 58 43 
101 -43 116 
51 -92 59 
14 6 -2 
-47 104 -39 
40 -40 90 
80 30 -20 
-30 100 20 
24 -30 39 
26 11 -4 
-17 52 -2 
60 -97 85 
41 16 -9 
-53 129 -28 
25 36 14 
14 25 36 
36 14 25 
68 50 44 
30 54 78 
64 58 40 
19 189 -31 
9 59 109 
149 -71 99 
5 123 28 
75 52 29 
76 -19 99 
25 6 68 
76 33 -10 
-2 60 41 
59 -74 108 
80 31 -18 
-46 136 3 
5 -29 66 
75 14 -47 
-38 57 23 
23 26 35 
40 28 16 
21 30 33 
33 192 -24 
10 67 124 
158 -58 101 
80 -41 69 
25 36 47 
3 113 -8 
78 140 13 
12 77 142 
141 14 76 
4 65 39 
71 36 1 
33 7 68 
76 -108 125 
80 31 -18 
-63 170 -14 
67 163 10 
23 80 137 
150 -3 93 
70 -165 134 
77 13 -51 
-108 191 -44 
14 132 10 
48 52 56 
94 -28 90 
2 147 -17 
25 44 63 
105 -59 86 
45 -82 73 
40 12 -16 
-49 106 -21 
69 93 57 
61 73 85 
89 53 77 
25 131 33 
71 63 55 
93 -5 101 
78 -54 72 
26 32 38 
-8 118 -14 
22 206 -9 
42 73 104 
155 -60 124 
1 121 -17 
17 35 53 
87 -51 69 
77 13 60 
33 50 67 
40 87 23 
60 137 25 
39 74 109 
123 11 88 
1 50 6 
24 19 14 
32 -12 37 
48 -117 108 
73 13 -47 
-82 143 -22 
13 36 20 
30 23 16 
26 10 33 
16 262 -56 
2 74 146 
204 -114 132 
35 82 39 
56 52 48 
65 22 69 
1 126 -28 
4 33 62 
94 -60 65 
61 -34 87 
64 38 12 
-11 110 15 
77 78 19 
0 58 116 
97 38 39 
24 -36 36 
20 8 -4 
-20 52 -8 
54 -9 81 
69 42 15 
3 93 30 
75 -87 69 
13 19 25 
-31 125 -37 
28 80 54 
80 54 28 
54 28 80 
41 -126 112 
80 9 -62 
-94 144 -23 
1 47 -9 
3 13 23 
35 -21 25 
36 -14 62 
54 28 2 
-6 70 20 
67 61 64 
61 64 67 
64 67 61 
60 -8 53 
28 35 42 
17 78 10 
63 -109 70 
15 8 1 
-54 125 -47 
39 216 -33 
2 74 146 
181 -68 109 
45 104 31 
46 60 74 
89 16 75 
4 200 -30 
24 58 92 
146 -84 112 
9 41 19 
33 23 13 
27 5 37 
60 82 59 
66 67 68 
75 52 74 
7 220 -50 
2 59 116 
168 -102 111 
71 23 80 
67 58 49 
36 93 45 
28 231 -19 
33 80 127 
179 -71 132 
26 95 -1 
13 40 67 
81 -15 54 
49 92 30 
38 57 76 
84 22 65 
68 -114 76 
18 10 2 
-56 134 -48 
13 27 17 
23 19 15 
21 11 25 
62 -72 82 
44 24 4 
-34 120 -14 
67 -59 64 
21 24 27 
-16 107 -19 
0 -51 63 
67 4 -59 
-55 59 8 
75 -10 100 
80 55 30 
10 120 35 
31 102 14 
32 49 66 
84 -4 67 
68 78 31 
22 59 96 
87 40 50 
