46 20 84 
88 50 12 
16 80 54 
40 124 -5 
8 53 98 
111 -18 66 
66 -85 115 
81 32 -17 
-51 149 -2 
59 4 93 
86 52 18 
11 100 45 
49 208 -5 
30 84 138 
173 -40 119 
21 187 -19 
23 63 103 
145 -61 105 
2 327 -74 
9 85 161 
244 -157 168 
44 124 30 
52 66 80 
102 8 88 
21 37 32 
41 30 19 
28 23 39 
13 10 67 
84 30 -24 
-7 50 47 
40 139 19 
45 66 87 
113 -7 92 
29 211 -33 
7 69 131 
171 -73 109 
28 -51 47 
27 8 -11 
-31 67 -12 
1 76 4 
30 27 24 
50 -22 53 
33 -43 67 
53 19 -15 
-29 81 5 
67 -16 72 
46 41 36 
10 98 15 
47 -37 83 
67 31 -5 
-21 99 15 
37 184 -20 
10 67 124 
154 -50 97 
12 53 25 
43 30 17 
35 7 48 
24 -118 109 
90 5 -80 
-99 128 -14 
80 -9 73 
41 48 55 
23 105 16 
36 146 -8 
14 58 102 
124 -30 80 
18 -34 22 
6 2 -2 
-18 38 -14 
64 82 73 
82 73 64 
73 64 82 
21 -116 98 
78 1 -76 
-96 118 -19 
85 22 85 
64 64 64 
43 106 43 
17 228 -41 
10 68 126 
177 -92 119 
23 -120 97 
74 0 -74 
-97 120 -23 
17 229 -33 
21 71 121 
175 -87 125 
50 -67 71 
39 18 -3 
-35 103 -14 
7 -61 57 
51 1 -49 
-55 63 -5 
17 -9 46 
47 18 -11 
-10 45 19 
65 -30 61 
28 32 36 
3 94 -1 
59 -148 122 
74 11 -52 
-100 170 -37 
34 133 4 
27 57 87 
110 -19 80 
63 15 30 
3 36 69 
42 57 9 
60 90 36 
38 62 86 
88 34 64 
51 147 24 
47 74 101 
124 1 97 
23 72 16 
30 37 44 
58 2 51 
62 173 -7 
7 76 145 
159 -21 90 
4 9 56 
75 23 -29 
-10 37 42 
19 -11 67 
73 25 -23 
-17 61 31 
75 17 64 
41 52 63 
40 87 29 
8 68 47 
80 41 2 
35 14 74 
83 34 48 
20 55 90 
62 76 27 
27 111 -3 
15 45 75 
93 -21 63 
29 -86 84 
64 9 -46 
-66 104 -11 
35 -21 64 
55 26 -3 
-12 73 17 
65 -114 76 
20 9 -2 
-58 132 -47 
14 166 9 
58 63 68 
117 -40 112 
61 -199 138 
77 0 -77 
-138 199 -61 
5 -25 32 
31 4 -23 
-24 33 3 
41 -18 40 
20 21 22 
2 60 1 
49 146 51 
84 82 80 
113 18 115 
45 -138 117 
80 8 -64 
-101 154 -29 
16 268 -50 
12 78 144 
206 -112 140 
81 -169 136 
71 16 -39 
-104 201 -49 
22 73 34 
55 43 31 
52 13 64 
27 -3 39 
33 21 9 
3 45 15 
23 235 -30 
23 76 129 
182 -83 129 
6 82 35 
70 41 12 
47 0 76 
79 -86 118 
76 37 -2 
-44 160 -5 
59 -78 79 
40 20 0 
-39 118 -19 
89 -162 130 
60 19 -22 
-92 200 -51 
28 177 -16 
19 63 107 
142 -51 98 
62 129 22 
31 71 111 
120 13 80 
66 -20 80 
56 42 28 
4 104 18 
46 219 -7 
33 86 139 
179 -47 126 
14 -4 23 
20 11 2 
-1 26 8 
88 53 66 
47 69 91 
72 85 50 
32 193 -12 
27 71 115 
154 -51 110 
73 -50 82 
44 35 26 
-12 120 -3 
13 39 35 
51 29 7 
23 19 45 
78 -112 67 
0 11 22 
-45 134 -56 
1 15 32 
47 16 -15 
0 17 31 
24 54 66 
90 48 6 
30 42 72 
31 93 32 
53 52 51 
72 11 73 
84 -83 104 
55 35 15 
-34 153 -14 
84 155 13 
13 84 155 
155 13 84 
55 177 11 
37 81 125 
151 -15 107 
62 -133 86 
29 5 -19 
-76 143 -52 
76 -87 83 
31 24 17 
-35 135 -28 
82 -170 97 
18 3 -12 
-91 176 -76 
86 -98 132 
86 40 -6 
-52 178 -6 
64 156 5 
16 75 134 
145 -6 86 
87 -14 113 
88 62 36 
11 138 37 
90 -176 107 
24 7 -10 
-93 190 -76 
1 254 -54 
12 67 122 
188 -120 133 
16 -1 75 
89 30 -29 
-15 61 44 
85 -159 125 
57 17 -23 
-91 193 -51 
10 196 1 
60 69 78 
137 -58 128 
81 1 41 
1 41 81 
41 81 1 
6 216 -3 
64 73 82 
149 -70 140 
28 96 38 
64 54 44 
70 12 80 
5 -55 59 
57 3 -51 
-53 61 1 
28 -101 73 
45 0 -45 
-73 101 -28 
28 18 20 
14 22 30 
24 26 16 
49 157 28 
57 78 99 
128 -1 107 
84 -7 64 
27 47 67 
30 101 10 
52 160 1 
20 71 122 
141 -18 90 
12 -11 65 
75 22 -31 
-21 55 32 
72 -39 102 
75 45 15 
-12 129 18 
69 -150 108 
48 9 -30 
-90 168 -51 
75 -89 92 
43 26 9 
-40 141 -23 
6 214 -28 
30 64 98 
156 -86 122 
58 209 -3 
27 88 149 
179 -33 118 
47 -73 65 
31 13 -5 
-39 99 -21 
3 34 -7 
0 10 20 
27 -14 17 
5 143 29 
83 59 35 
89 -25 113 
27 61 11 
17 33 49 
55 5 39 
6 83 28 
61 39 17 
50 -5 72 
63 -155 104 
45 4 -37 
-96 163 -55 
87 -218 131 
44 0 -44 
-131 218 -87 
16 186 20 
78 74 70 
128 -38 132 
8 -88 86 
80 2 -76 
-82 92 -4 
19 135 -7 
23 49 75 
105 -37 79 
33 -37 49 
31 15 -1 
-19 67 -3 
89 -68 96 
46 39 32 
-18 146 -11 
52 196 1 
32 83 134 
165 -30 114 
83 -196 119 
38 2 -34 
-115 200 -79 
90 -133 142 
85 33 -19 
-76 199 -24 
8 -46 83 
90 15 -60 
-53 76 22 
19 67 55 
83 47 11 
39 27 75 
9 14 55 
72 26 -20 
-3 38 43 
49 -131 103 
61 7 -47 
-89 145 -35 
41 -43 77 
61 25 -11 
-27 93 9 
19 -63 44 
25 0 -25 
-44 63 -19 
39 62 67 
84 56 28 
45 50 73 
2 246 -26 
46 74 102 
174 -98 146 
21 80 4 
18 35 52 
66 -10 49 
46 -159 125 
83 4 -75 
-117 167 -38 
89 -125 105 
39 23 7 
-59 171 -43 
9 32 16 
26 19 12 
22 6 29 
10 248 -42 
20 72 124 
186 -104 134 
26 22 42 
46 30 14 
18 38 34 
78 -36 105 
76 49 22 
-7 134 20 
46 -23 31 
3 18 33 
5 59 -10 
10 136 25 
72 57 42 
89 -22 104 
4 72 8 
32 28 24 
48 -16 52 
15 -97 94 
83 4 -75 
-86 105 -7 
80 -38 84 
46 42 38 
0 122 4 
9 261 -51 
13 73 133 
197 -115 137 
71 13 93 
81 59 37 
25 105 47 
71 -45 49 
3 25 47 
1 95 -21 
83 -180 97 
14 0 -14 
-97 180 -83 
2 232 -54 
4 60 116 
174 -112 118 
35 -45 58 
39 16 -7 
-26 77 -3 
64 26 57 
42 49 56 
41 72 34 
40 68 27 
32 45 58 
63 22 50 
9 129 18 
61 52 43 
86 -25 95 
22 23 51 
61 32 3 
13 41 42 
21 184 11 
62 72 82 
133 -40 123 
57 -23 71 
49 35 21 
-1 93 13 
89 -214 134 
48 3 -42 
-128 220 -83 
71 -140 102 
42 11 -20 
-80 162 -49 
19 74 27 
48 40 32 
53 6 61 
1 224 -45 
14 60 106 
165 -104 119 
69 69 69 
69 69 69 
69 69 69 
63 151 -1 
7 71 135 
143 -9 79 
85 -191 121 
41 5 -31 
-111 201 -75 
50 -77 78 
45 17 -11 
-44 111 -16 
87 73 29 
5 63 121 
97 53 39 
57 -73 106 
79 30 -19 
-46 133 3 
54 -112 76 
28 6 -16 
-64 124 -42 
16 200 -12 
40 68 96 
148 -64 120 
7 199 7 
71 71 71 
135 -57 135 
12 4 11 
8 9 10 
7 14 6 
74 -88 113 
72 33 -6 
-47 154 -8 
69 -134 125 
76 20 -36 
-85 174 -29 
58 133 1 
7 64 121 
127 -5 70 
69 13 62 
41 48 55 
34 83 27 
29 183 25 
75 79 83 
133 -25 129 
16 56 30 
48 34 20 
38 12 52 
73 -121 87 
27 13 -1 
-61 147 -47 
64 -132 125 
80 19 -42 
-87 170 -26 
44 -166 128 
86 2 -82 
-124 170 -40 
37 -147 110 
73 0 -73 
-110 147 -37 
54 31 26 
9 37 65 
48 43 20 
90 146 13 
6 83 160 
153 20 76 
59 48 55 
50 54 58 
53 60 49 
21 91 47 
79 53 27 
59 15 85 
34 161 36 
79 77 75 
118 -7 120 
41 189 16 
57 82 107 
148 -25 123 
15 178 -1 
48 64 80 
129 -50 113 
82 -227 151 
71 2 -67 
-147 231 -78 
35 219 -32 
7 74 141 
180 -71 113 
48 83 10 
9 47 85 
84 11 46 
18 163 -16 
21 55 89 
126 -53 92 
14 12 25 
28 17 6 
9 22 20 
32 20 17 
8 23 38 
29 26 14 
11 18 13 
16 14 12 
15 10 17 
79 145 37 
45 87 129 
137 29 95 
89 -244 161 
74 2 -70 
-157 248 -85 
86 -44 102 
64 48 32 
-6 140 10 
20 57 43 
63 40 17 
37 23 60 
12 130 32 
78 58 38 
84 -14 104 
35 -85 104 
87 18 -51 
-68 121 1 
47 11 50 
39 36 33 
22 61 25 
90 -54 114 
74 50 26 
-14 154 10 
48 148 44 
76 80 84 
116 12 112 
80 130 39 
42 83 124 
127 36 86 
60 -154 94 
34 0 -34 
-94 154 -60 
0 126 21 
70 49 28 
77 -28 98 
7 62 33 
60 34 8 
35 6 61 
20 248 -43 
12 75 138 
193 -98 130 
0 280 -58 
16 74 132 
206 -132 148 
74 -173 111 
41 4 -33 
-103 181 -66 
11 301 -51 
25 87 149 
225 -127 163 
58 227 -18 
13 89 165 
196 -49 120 
11 -19 68 
77 20 -37 
-28 59 29 
74 -122 123 
74 25 -24 
-73 172 -24 
1 23 18 
31 14 -3 
10 5 27 
34 -103 84 
55 5 -45 
-74 113 -24 
15 273 -39 
29 83 137 
205 -107 151 
1 127 -2 
39 42 45 
86 -43 83 
13 263 -57 
3 73 143 
203 -117 133 
72 -143 107 
47 12 -23 
-83 167 -48 
81 166 23 
32 90 148 
157 14 99 
30 50 52 
66 44 22 
36 38 58 
53 112 3 
6 56 106 
109 0 59 
5 47 44 
71 32 -7 
20 17 59 
11 133 15 
57 53 49 
91 -27 95 
50 120 4 
12 58 104 
112 -4 66 
42 37 77 
87 52 17 
27 67 62 
48 104 61 
84 71 58 
81 38 94 
14 208 -3 
56 73 90 
149 -62 132 
21 227 -29 
23 73 123 
175 -81 125 
82 20 39 
4 47 90 
55 74 12 
15 140 -23 
6 44 82 
111 -52 73 
87 45 84 
69 72 75 
60 99 57 
29 87 37 
59 51 43 
65 15 73 
66 -125 131 
89 24 -41 
-83 173 -18 
42 -10 85 
82 39 -4 
-7 88 36 
81 -242 164 
84 1 -82 
-162 244 -79 
35 175 -3 
31 69 107 
141 -37 103 
8 176 -37 
4 49 94 
135 -78 90 
63 138 0 
4 67 130 
134 -4 71 
60 114 15 
18 63 108 
111 12 66 
2 126 25 
74 51 28 
77 -24 100 
40 163 19 
53 74 95 
129 -15 108 
54 53 28 
19 45 71 
62 37 36 
76 -139 90 
23 9 -5 
-72 157 -58 
37 -33 68 
55 24 -7 
-20 81 11 
44 191 11 
49 82 115 
153 -27 120 
82 -125 73 
1 10 19 
-53 145 -62 
17 22 66 
84 35 -14 
4 48 53 
39 18 33 
24 30 36 
27 42 21 
75 -182 134 
68 9 -50 
-116 200 -57 
24 146 28 
70 66 62 
104 -14 108 
62 -90 118 
86 30 -26 
-58 150 -2 
13 119 24 
63 52 41 
80 -15 91 
83 112 48 
46 81 116 
114 50 79 
88 -59 94 
47 41 35 
-12 141 -6 
52 -88 81 
44 15 -14 
-51 118 -22 
68 109 63 
75 80 85 
97 51 92 
76 34 43 
18 51 84 
59 68 26 
4 225 -10 
59 73 87 
156 -79 142 
0 165 -3 
51 54 57 
111 -57 108 
24 182 28 
82 78 74 
128 -26 132 
39 1 86 
89 42 -5 
-2 83 45 
26 -43 50 
35 11 -13 
-28 65 -4 
72 -49 49 
1 24 47 
-1 97 -24 
45 138 9 
28 64 100 
119 -10 83 
64 -84 56 
4 12 20 
-32 108 -40 
0 234 -15 
58 73 88 
161 -88 146 
23 111 -14 
3 40 77 
94 -31 57 
5 100 0 
30 35 40 
70 -30 65 
31 279 -49 
7 87 167 
223 -105 143 
57 27 42 
27 42 57 
42 57 27 
23 1 60 
65 28 -9 
-4 55 33 
69 3 81 
63 51 39 
21 99 33 
47 78 67 
84 64 44 
61 50 81 
0 -23 38 
43 5 -33 
-28 33 10 
24 195 12 
65 77 89 
142 -41 130 
0 132 -12 
28 40 52 
92 -52 80 
59 95 8 
3 54 105 
100 13 49 
39 248 -35 
10 84 158 
203 -80 129 
84 165 12 
15 87 159 
162 9 90 
78 0 51 
16 43 70 
35 86 8 
50 78 19 
18 49 80 
79 20 48 
36 125 -2 
15 53 91 
108 -19 70 
90 -141 96 
21 15 9 
-66 171 -60 
27 185 -17 
21 65 109 
147 -55 103 
60 85 47 
51 64 77 
81 43 68 
7 21 62 
85 30 -25 
-2 39 53 
77 53 80 
73 70 67 
60 87 63 
43 166 -11 
12 66 120 
143 -34 89 
66 160 23 
40 83 126 
143 6 100 
80 -149 141 
85 24 -37 
-93 197 -32 
63 -7 82 
65 46 27 
10 99 29 
60 -90 96 
58 22 -14 
-52 134 -16 
7 49 -8 
1 16 31 
40 -17 25 
86 -140 90 
16 12 8 
-66 164 -62 
80 -154 95 
22 7 -8 
-81 168 -66 
49 32 36 
26 39 52 
42 46 29 
64 -169 114 
53 3 -47 
-108 175 -58 
76 -178 120 
50 6 -38 
-108 190 -64 
13 197 -3 
53 69 85 
141 -59 125 
35 -14 72 
68 31 -6 
-10 76 27 
51 36 69 
70 52 34 
35 68 53 
9 -83 77 
69 1 -67 
-75 85 -7 
19 33 2 
1 18 35 
34 3 17 
29 201 31 
89 87 85 
143 -27 145 
78 -15 105 
83 56 29 
7 127 34 
43 84 44 
58 57 56 
70 30 71 
20 3 13 
5 12 19 
11 21 4 
8 237 4 
79 83 87 
162 -71 158 
1 286 -65 
8 74 140 
213 -138 147 
24 -46 37 
18 5 -8 
-27 56 -14 
31 -5 82 
87 36 -15 
-10 77 41 
41 273 -47 
1 89 177 
225 -95 137 
56 -13 86 
73 43 13 
0 99 30 
85 -162 92 
12 5 -2 
-82 172 -75 
17 63 34 
55 38 21 
42 13 59 
68 204 -8 
12 88 164 
184 -28 108 
90 6 105 
82 67 52 
29 128 44 
64 55 73 
73 64 55 
55 73 64 
89 -60 100 
54 43 32 
-14 146 -3 
12 236 -14 
52 78 104 
170 -80 144 
24 -31 52 
43 15 -13 
-22 61 6 
27 -23 26 
9 10 11 
-6 43 -7 
87 -6 75 
40 52 64 
29 110 17 
25 -59 76 
65 14 -37 
-48 87 3 
67 -30 95 
72 44 16 
-7 118 21 
62 -99 76 
27 13 -1 
-50 125 -36 
85 142 10 
4 79 154 
148 16 73 
39 228 -9 
38 86 134 
181 -56 133 
26 -46 38 
18 6 -6 
-26 58 -14 
2 202 -12 
50 64 78 
140 -74 126 
0 170 -32 
14 46 78 
124 -78 92 
60 -29 89 
69 40 11 
-9 109 20 
87 -104 74 
6 19 32 
-36 142 -49 
27 0 60 
62 29 -4 
-2 58 31 
8 -68 78 
76 6 -64 
-66 80 4 
71 107 50 
55 76 97 
102 45 81 
15 275 -29 
43 87 131 
203 -101 159 
32 106 -9 
2 43 84 
95 -20 54 
42 227 -11 
33 86 139 
183 -55 130 
23 -44 57 
46 12 -22 
-33 68 1 
81 -186 150 
84 15 -54 
-120 216 -51 
17 171 1 
47 63 79 
125 -45 109 
57 -59 68 
33 22 11 
-24 103 -13 
19 136 16 
54 57 60 
98 -22 95 
50 -147 115 
71 6 -59 
-103 159 -38 
44 -138 103 
62 3 -56 
-97 144 -38 
23 40 18 
22 27 32 
36 14 31 
22 91 34 
61 49 37 
64 7 76 
54 97 50 
63 67 71 
84 37 80 
32 44 71 
88 49 10 
27 54 66 
17 41 53 
73 37 1 
21 33 57 
59 28 24 
2 37 72 
50 46 15 
14 55 60 
89 43 -3 
26 31 72 
85 -1 54 
15 46 77 
38 93 7 
35 77 8 
13 40 67 
72 3 45 
88 -173 97 
13 4 -5 
-89 181 -80 
20 133 9 
43 54 65 
99 -25 88 
28 222 -13 
38 79 120 
171 -64 130 
22 136 -14 
12 48 84 
110 -40 74 
81 -12 75 
42 48 54 
21 108 15 
24 -55 61 
47 10 -27 
-41 75 -4 
47 95 11 
15 51 87 
91 7 55 
66 -27 93 
71 44 17 
-5 115 22 
15 -1 37 
39 17 -5 
-3 35 19 
77 -68 69 
18 26 34 
-17 120 -25 
42 209 4 
47 85 123 
166 -39 128 
2 283 -48 
29 79 129 
206 -125 156 
48 107 64 
89 73 57 
82 39 98 
35 208 -33 
2 70 138 
173 -68 105 
8 127 24 
69 53 37 
82 -21 98 
66 -163 106 
43 3 -37 
-100 169 -60 
24 144 6 
40 58 76 
110 -28 92 
18 288 -60 
4 82 160 
224 -124 146 
89 -155 138 
73 24 -25 
-90 203 -41 
57 -54 93 
68 32 -4 
-29 118 7 
10 35 27 
41 24 7 
21 13 38 
43 -13 75 
67 35 3 
-5 83 27 
42 -87 90 
63 15 -33 
-60 117 -12 
66 148 11 
20 75 130 
139 2 84 
89 139 12 
3 80 157 
148 21 71 
86 48 52 
28 62 96 
72 76 38 
9 40 29 
46 26 6 
23 12 43 
26 42 16 
18 28 38 
40 14 30 
60 8 79 
68 49 30 
19 90 38 
13 299 -45 
31 89 147 
223 -121 165 
70 119 6 
1 65 129 
124 11 60 
64 18 77 
66 53 40 
29 88 42 
16 -14 19 
10 7 4 
-5 28 -2 
45 -80 56 
18 7 -4 
-42 94 -31 
35 143 44 
83 74 65 
104 5 113 
55 3 74 
63 44 25 
14 85 33 
37 156 26 
62 73 84 
120 -10 109 
75 125 10 
5 70 135 
130 15 65 
36 13 20 
7 23 39 
26 33 10 
6 149 22 
75 59 43 
96 -31 112 
74 -177 121 
53 6 -41 
-109 189 -62 
68 -168 139 
84 13 -58 
-113 194 -42 
40 209 6 
51 85 119 
164 -39 130 
57 -32 86 
66 37 8 
-12 106 17 
33 -13 73 
71 31 -9 
-11 75 29 
12 177 21 
79 70 61 
119 -37 128 
0 5 7 
11 4 -3 
1 3 8 
51 0 72 
62 41 20 
10 82 31 
17 322 -72 
0 89 178 
250 -144 161 
79 -36 62 
18 35 52 
8 106 -9 
58 83 45 
49 62 75 
79 41 66 
75 126 54 
64 85 106 
116 44 95 
35 -117 109 
83 9 -65 
-91 135 -17 
82 41 48 
23 57 91 
66 73 32 
63 -32 83 
58 38 18 
-7 108 13 
6 198 3 
66 69 72 
135 -60 132 
28 -61 93 
85 20 -45 
-53 101 12 
43 12 77 
78 44 10 
11 76 45 
23 124 42 
82 63 44 
84 2 103 
86 98 68 
66 84 102 
100 70 82 
24 243 -36 
17 77 137 
190 -89 130 
8 -20 21 
16 3 -10 
-15 26 -2 
40 5 51 
43 32 21 
13 59 24 
88 -23 106 
75 57 39 
8 137 26 
79 -97 93 
39 25 11 
-43 147 -29 
54 1 71 
59 42 25 
13 83 30 
59 11 38 
15 36 57 
34 61 13 
60 111 18 
21 63 105 
108 15 66 
80 -67 83 
35 32 29 
-19 131 -16 
9 84 39 
74 44 14 
49 4 79 
85 -126 89 
20 16 12 
-57 158 -53 
70 -33 110 
89 49 9 
-12 131 28 
6 184 -28 
20 54 88 
136 -76 102 
10 140 0 
40 50 60 
100 -40 90 
28 -36 56 
44 16 -12 
-24 68 4 
37 26 51 
52 38 24 
25 50 39 
45 -105 75 
35 5 -25 
-65 115 -35 
9 32 16 
26 19 12 
22 6 29 
59 202 0 
28 87 146 
174 -28 115 
75 -158 143 
88 20 -48 
-103 198 -35 
50 -174 130 
82 2 -78 
-126 178 -46 
15 255 -9 
63 87 111 
183 -81 159 
63 -133 70 
7 0 -7 
-70 133 -63 
57 -110 98 
56 15 -26 
-68 140 -27 
16 29 9 
11 18 25 
27 7 20 
44 -168 124 
80 0 -80 
-124 168 -44 
76 -85 126 
89 39 -11 
-48 163 2 
67 50 21 
0 46 92 
71 42 25 
16 -23 64 
67 19 -29 
-26 61 22 
48 60 33 
32 47 62 
61 34 46 
75 -70 94 
52 33 14 
-28 136 -9 
28 60 56 
76 48 20 
40 36 68 
83 129 55 
61 89 117 
123 49 95 
76 37 67 
51 60 69 
53 83 44 
50 -83 108 
83 25 -33 
-58 133 0 
46 24 65 
64 45 26 
25 66 44 
25 6 68 
76 33 -10 
-2 60 41 
45 2 88 
88 45 2 
2 88 45 
50 182 5 
34 79 124 
153 -24 108 
11 248 5 
82 88 94 
171 -72 165 
1 211 -29 
31 61 91 
151 -89 121 
69 16 44 
18 43 68 
42 70 17 
16 66 47 
74 43 12 
39 20 70 
28 55 49 
65 44 23 
39 33 60 
24 9 39 
39 24 9 
9 39 24 
32 -79 86 
67 13 -41 
-60 105 -6 
51 -4 58 
42 35 28 
12 74 19 
4 -32 58 
64 10 -44 
-38 52 16 
32 -101 75 
45 2 -41 
-71 105 -28 
36 66 39 
50 47 44 
55 28 58 
74 -166 131 
70 13 -44 
-105 192 -48 
83 41 47 
21 57 93 
67 73 31 
37 212 -33 
2 72 142 
177 -68 107 
2 275 -13 
73 88 103 
189 -99 174 
56 -183 139 
87 4 -79 
-131 191 -48 
70 153 29 
43 84 125 
139 15 98 
84 114 69 
74 89 104 
109 64 94 
46 75 38 
45 53 61 
68 31 60 
45 -146 125 
88 8 -72 
-109 162 -29 
55 168 11 
34 78 122 
145 -12 101 
55 97 49 
61 67 73 
85 37 79 
74 -182 135 
70 9 -52 
-117 200 -56 
7 45 32 
53 28 3 
24 11 49 
7 71 39 
71 39 7 
39 7 71 
33 -51 60 
41 14 -13 
-32 79 -5 
1 257 0 
85 86 87 
172 -85 171 
52 -67 87 
59 24 -11 
-39 115 -4 
0 200 -29 
28 57 86 
143 -86 114 
89 -104 129 
78 38 -2 
-53 180 -13 
39 94 53 
76 62 48 
71 30 85 
18 119 10 
41 49 57 
88 -21 80 
84 -202 139 
62 7 -48 
-125 216 -70 
46 55 55 
61 52 43 
49 49 58 
77 -143 78 
5 4 3 
-70 151 -69 
54 -37 61 
33 26 19 
-9 89 -2 
73 -39 50 
5 28 51 
6 95 -17 
44 161 26 
59 77 95 
128 -7 110 
37 207 8 
55 84 113 
160 -39 131 
33 -108 81 
50 2 -46 
-77 112 -29 
6 207 -39 
13 58 103 
155 -91 110 
87 -108 123 
70 34 -2 
-55 176 -19 
11 -27 43 
41 9 -23 
-25 45 7 
11 262 -21 
52 84 116 
189 -94 157 
14 240 -20 
44 78 112 
176 -84 142 
23 133 -9 
17 49 81 
107 -35 75 
12 134 -11 
22 45 68 
101 -44 78 
2 39 10 
25 17 9 
24 -5 32 
74 -97 110 
65 29 -7 
-52 155 -16 
30 118 29 
58 59 60 
89 0 88 
58 -2 82 
70 46 22 
10 94 34 
66 69 18 
3 51 99 
84 33 36 
19 220 -11 
46 76 106 
163 -68 133 
79 -117 101 
43 21 -1 
-59 159 -37 
54 -22 76 
58 36 14 
-4 94 18 
17 105 37 
73 53 33 
69 1 89 
76 62 39 
22 59 96 
79 56 42 
72 -6 90 
70 52 34 
14 110 32 
18 24 30 
36 24 12 
18 24 30 
35 148 45 
86 76 66 
107 4 117 
9 227 -35 
23 67 111 
169 -93 125 
78 -107 80 
19 17 15 
-46 141 -44 
61 -13 48 
19 32 45 
16 77 3 
59 -122 78 
24 5 -14 
-68 132 -49 
17 218 -34 
16 67 118 
168 -84 117 
28 -3 20 
7 15 23 
10 33 2 
24 239 -5 
57 86 115 
177 -67 148 
35 28 72 
82 45 8 
18 62 55 
56 -6 61 
42 37 32 
13 80 18 
46 205 -2 
35 83 131 
168 -39 120 
86 -217 131 
45 0 -45 
-131 217 -86 
2 291 -32 
53 87 121 
206 -117 172 
66 60 66 
64 64 64 
62 68 62 
43 -44 97 
86 32 -22 
-33 108 21 
31 103 -5 
7 43 79 
91 -17 55 
64 66 47 
42 59 76 
71 52 54 
13 -10 33 
32 12 -8 
-9 34 11 
34 209 -9 
35 78 121 
165 -53 122 
75 -164 104 
34 5 -24 
-94 174 -65 
78 53 79 
71 70 69 
61 87 62 
67 93 47 
49 69 89 
91 45 71 
4 2 54 
70 20 -30 
-14 38 36 
10 40 46 
68 32 -4 
18 24 54 
62 -146 84 
22 0 -22 
-84 146 -62 
35 -43 59 
41 17 -7 
-25 77 -1 
79 36 95 
86 70 54 
45 104 61 
76 15 95 
81 62 43 
29 109 48 
45 202 -22 
8 75 142 
172 -52 105 
79 -39 116 
89 52 15 
-12 143 25 
45 -62 92 
72 25 -22 
-42 112 5 
31 59 54 
71 48 25 
42 37 65 
76 -74 112 
74 38 2 
-36 150 0 
66 198 -15 
2 83 164 
181 -32 100 
27 282 -48 
12 87 162 
222 -108 147 
67 10 64 
44 47 50 
30 84 27 
23 59 53 
75 45 15 
37 31 67 
28 260 -24 
36 88 140 
200 -84 148 
32 147 16 
49 65 81 
114 -17 98 
89 95 59 
51 81 111 
103 67 73 
67 98 66 
76 77 78 
88 56 87 
27 128 16 
46 57 68 
98 -14 87 
62 -166 110 
50 2 -46 
-106 170 -58 
28 -80 85 
68 11 -46 
-63 102 -6 
51 3 66 
55 40 25 
14 77 29 
60 64 38 
32 54 76 
70 44 48 
17 80 14 
34 37 40 
60 -6 57 
15 245 7 
81 89 97 
171 -67 163 
83 62 35 
12 60 108 
85 58 37 
41 32 65 
70 46 22 
27 60 51 
50 -109 62 
13 1 -11 
-60 111 -48 
22 256 -26 
36 84 132 
194 -88 146 
76 160 34 
48 90 132 
146 20 104 
84 -189 147 
77 14 -49 
-119 217 -56 
57 45 30 
17 44 71 
58 43 31 
46 10 73 
70 43 16 
13 76 40 
18 141 24 
67 61 55 
98 -19 104 
21 64 23 
38 36 34 
49 8 51 
55 31 40 
27 42 57 
44 53 29 
27 -44 89 
86 24 -38 
-41 92 21 
38 26 68 
74 44 14 
20 62 50 
6 205 -34 
19 59 99 
152 -87 112 
35 -58 92 
80 23 -34 
-46 104 11 
42 -10 52 
38 28 18 
4 66 14 
87 73 59 
45 73 101 
87 73 59 
74 -129 91 
29 12 -5 
-67 153 -50 
51 -93 60 
15 6 -3 
-48 105 -39 
87 -179 110 
29 6 -17 
-98 191 -75 
14 2 68 
82 28 -26 
-12 54 42 
11 66 28 
52 35 18 
42 4 59 
80 -143 99 
31 12 -7 
-75 167 -56 
56 -148 101 
48 3 -42 
-95 154 -50 
4 48 41 
68 31 -6 
21 14 58 
85 58 76 
64 73 82 
70 88 61 
76 -153 134 
77 19 -39 
-96 191 -38 
44 45 16 
7 35 63 
54 25 26 
89 3 109 
87 67 47 
25 131 45 
54 -172 121 
68 1 -66 
-119 174 -52 
70 -101 67 
9 12 15 
-43 125 -46 
59 123 25 
35 69 103 
113 15 79 
32 91 9 
21 44 67 
79 -3 56 
58 -150 131 
86 13 -60 
-105 176 -32 
46 94 13 
18 51 84 
89 8 56 
69 -70 115 
84 38 -8 
-39 146 7 
63 122 13 
16 66 116 
119 10 69 
90 24 42 
4 52 100 
62 80 14 
57 196 14 
46 89 132 
164 -18 121 
50 56 47 
48 51 54 
55 46 52 
89 -131 87 
13 15 17 
-57 161 -59 
56 38 41 
30 45 60 
49 52 34 
18 225 -33 
19 70 121 
173 -85 122 
78 -32 47 
0 31 62 
15 94 -16 
30 -46 46 
26 10 -6 
-26 66 -10 
46 -62 40 
2 8 14 
-24 78 -30 
59 202 6 
36 89 142 
172 -24 119 
52 75 41 
45 56 67 
71 37 60 
18 161 7 
51 62 73 
117 -37 106 
46 -99 74 
35 7 -21 
-60 113 -32 
21 67 47 
71 45 19 
43 23 69 
36 174 39 
86 83 80 
127 -8 130 
46 99 14 
21 53 85 
92 7 60 
68 27 85 
77 60 43 
35 93 52 
59 188 14 
42 87 132 
160 -14 115 
77 -77 72 
19 24 29 
-24 125 -29 
65 97 9 
1 57 113 
105 17 49 
32 -64 95 
84 21 -42 
-53 106 10 
76 -105 77 
17 16 15 
-45 137 -44 
32 38 29 
30 33 36 
37 28 34 
86 -66 106 
62 42 22 
-22 150 -2 
24 259 -13 
53 90 127 
193 -79 156 
80 -28 95 
64 49 34 
3 126 18 
69 -99 84 
33 18 3 
-48 135 -33 
3 97 35 
77 45 13 
55 -7 87 
57 129 48 
69 78 87 
108 27 99 
47 41 62 
65 50 35 
38 59 53 
64 -61 51 
5 18 31 
-15 97 -28 
14 267 -56 
5 75 145 
206 -117 136 
62 -8 78 
60 44 28 
10 96 26 
1 196 -32 
22 55 88 
142 -86 109 
64 175 31 
57 90 123 
149 5 116 
15 33 45 
61 31 1 
17 29 47 
13 -43 72 
73 14 -45 
-44 71 15 
53 5 83 
77 47 17 
11 89 41 
26 215 -25 
21 72 123 
169 -71 118 
10 122 0 
34 44 54 
88 -34 78 
85 -188 139 
66 12 -42 
-115 212 -61 
8 139 15 
61 54 47 
93 -31 100 
74 -44 48 
0 26 52 
4 96 -22 
26 169 -27 
3 56 109 
139 -57 86 
46 30 29 
18 35 52 
41 40 24 
29 158 26 
68 71 74 
116 -16 113 
42 151 2 
25 65 105 
128 -21 88 
42 -88 79 
48 11 -26 
-57 110 -20 
3 206 -20 
40 63 86 
146 -80 123 
67 -172 138 
82 11 -60 
-116 194 -45 
61 168 2 
18 77 136 
152 -14 93 
55 91 10 
7 52 97 
94 13 49 
61 -194 139 
80 2 -76 
-135 198 -57 
85 169 10 
13 88 163 
166 7 91 
75 -34 64 
24 35 46 
6 104 -5 
56 121 3 
7 60 113 
117 -1 64 
23 99 25 
51 49 47 
73 -1 75 
90 100 80 
80 90 100 
100 80 90 
76 -118 96 
38 18 -2 
-60 154 -40 
31 247 -32 
19 82 145 
196 -83 133 
80 132 7 
0 73 146 
139 14 66 
58 62 72 
78 64 50 
56 66 70 
40 9 83 
87 44 1 
5 79 48 
42 -118 94 
58 6 -46 
-82 130 -30 
62 168 37 
64 89 114 
141 10 116 
72 94 74 
82 80 78 
86 66 88 
81 34 71 
52 62 72 
53 90 43 
88 -221 154 
73 7 -59 
-140 235 -74 
84 -161 104 
29 9 -11 
-86 179 -66 
35 12 16 
2 21 40 
26 30 7 
64 36 38 
20 46 72 
54 56 28 
26 161 2 
39 63 87 
124 -35 100 
46 201 -19 
11 76 141 
171 -49 106 
76 -23 52 
11 35 59 
18 93 -6 
50 -133 86 
37 1 -35 
-84 135 -48 
73 103 70 
79 82 85 
94 61 91 
76 -92 118 
76 34 -8 
-50 160 -8 
37 161 33 
73 77 81 
121 -7 117 
17 -60 70 
62 9 -44 
-52 78 1 
72 -139 85 
19 6 -7 
-73 151 -60 
62 10 69 
54 47 40 
25 84 32 
39 23 40 
35 34 33 
28 45 29 
35 -97 107 
87 15 -57 
-77 127 -5 
30 51 54 
69 45 21 
36 39 60 
21 52 17 
26 30 34 
43 8 39 
40 -109 69 
29 0 -29 
-69 109 -40 
83 -75 124 
85 44 3 
-36 163 5 
74 42 88 
82 68 54 
48 94 62 
76 74 33 
18 61 104 
89 48 46 
51 141 36 
61 76 91 
116 11 101 
80 -135 103 
39 16 -7 
-71 167 -48 
15 71 25 
47 37 27 
49 3 59 
83 28 39 
6 50 94 
61 72 17 
9 100 -4 
22 35 48 
74 -30 61 
33 38 73 
88 48 8 
23 58 63 
62 133 6 
11 67 123 
128 1 72 
44 -97 86 
53 11 -31 
-64 119 -22 
87 138 33 
32 86 140 
139 34 85 
2 266 -4 
82 88 94 
180 -90 174 
82 -162 119 
50 13 -24 
-93 188 -56 
75 98 37 
32 70 108 
103 42 65 
16 -89 91 
81 6 -69 
-79 101 -4 
61 225 -25 
1 87 173 
199 -51 113 
1 118 -5 
32 38 44 
81 -42 75 
2 78 16 
46 32 18 
48 -14 62 
19 -40 42 
30 7 -16 
-28 54 -5 
30 -112 82 
52 0 -52 
-82 112 -30 
84 -63 84 
35 35 35 
-14 133 -14 
56 -25 44 
13 25 37 
6 75 -6 
42 186 -18 
10 70 130 
158 -46 98 
44 206 -19 
14 77 140 
173 -52 110 
54 131 40 
61 75 89 
110 19 96 
67 -83 88 
45 24 3 
-40 131 -19 
73 33 74 
61 60 59 
46 87 47 
4 275 -33 
45 82 119 
197 -111 160 
14 47 50 
73 37 1 
24 27 60 
61 7 82 
71 50 29 
18 93 39 
84 -37 115 
85 54 23 
-7 145 24 
15 265 -34 
33 82 131 
198 -101 149 
37 -64 96 
82 23 -36 
-50 110 9 
85 -78 71 
12 26 40 
-19 130 -33 
70 -112 114 
68 24 -20 
-66 160 -22 
4 107 21 
61 44 27 
67 -19 84 
81 15 51 
19 49 79 
47 83 17 
33 225 -15 
33 81 129 
177 -63 129 
72 29 82 
71 61 51 
40 93 50 
61 -108 68 
14 7 0 
-54 122 -47 
27 126 -18 
0 45 90 
108 -36 63 
55 -38 55 
24 24 24 
-7 86 -7 
29 -55 77 
65 17 -31 
-43 89 5 
16 102 29 
62 49 36 
69 -4 82 
28 -72 89 
76 15 -46 
-59 102 2 
55 231 -28 
3 86 169 
200 -59 117 
55 -116 82 
34 7 -20 
-68 130 -41 
80 162 25 
34 89 144 
153 16 98 
85 101 72 
73 86 99 
100 71 87 
56 95 5 
1 52 103 
99 9 48 
10 266 -48 
18 76 134 
200 -114 142 
51 19 23 
3 31 59 
39 43 11 
66 131 43 
57 80 103 
117 29 94 
19 270 -28 
40 87 134 
202 -96 155 
52 138 17 
34 69 104 
121 0 86 
74 8 77 
56 53 50 
29 98 32 
75 52 65 
54 64 74 
63 76 53 
79 191 0 
11 90 169 
180 -11 101 
78 -48 60 
12 30 48 
0 108 -18 
72 -89 116 
77 33 -11 
-50 155 -6 
17 203 -31 
15 63 111 
157 -77 109 
74 185 8 
23 89 155 
170 -7 104 
44 4 63 
56 37 18 
11 70 30 
83 100 63 
62 82 102 
101 64 81 
11 260 -49 
14 74 134 
197 -112 137 
30 146 4 
34 60 86 
116 -26 90 
46 -44 70 
48 24 0 
-22 92 2 
13 125 0 
33 46 59 
92 -33 79 
62 18 70 
58 50 42 
30 82 38 
84 -117 90 
25 19 13 
-52 155 -46 
17 81 28 
53 42 31 
56 3 67 
81 28 62 
38 57 76 
52 86 33 
49 110 45 
64 68 72 
91 26 87 
42 -28 58 
40 24 8 
-10 76 6 
12 39 63 
89 38 -13 
13 37 64 
86 66 82 
74 78 82 
74 90 70 
44 29 23 
11 32 53 
41 35 20 
72 19 50 
25 47 69 
44 75 22 
43 78 23 
28 48 68 
73 18 53 
10 310 -68 
6 84 162 
236 -142 158 
0 -72 84 
88 4 -80 
-76 80 8 
77 21 79 
61 59 57 
39 97 41 
31 94 16 
32 47 62 
78 0 63 
52 -50 40 
2 14 26 
-12 78 -24 
26 272 -52 
4 82 160 
216 -108 138 
4 55 43 
73 34 -5 
25 13 64 
55 67 61 
67 61 55 
61 55 67 
51 48 15 
2 38 74 
61 28 25 
11 226 0 
68 79 90 
158 -68 147 
69 -123 90 
33 12 -9 
-66 147 -45 
39 6 36 
24 27 30 
18 48 15 
28 85 13 
27 42 57 
71 -1 56 
37 32 42 
42 37 32 
32 42 37 
58 69 74 
83 67 51 
60 65 76 
50 22 45 
34 39 44 
33 56 28 
26 43 33 
41 34 27 
35 25 42 
31 58 52 
68 47 26 
42 36 63 
41 200 23 
70 88 106 
153 -24 135 
43 -69 71 
43 15 -13 
-41 99 -13 
37 -18 62 
52 27 2 
-8 72 17 
29 126 -17 
0 46 92 
109 -34 63 
36 -38 71 
58 23 -12 
-25 84 10 
48 -112 85 
44 7 -30 
-71 126 -34 
83 -153 121 
55 17 -21 
-87 187 -49 
59 -139 89 
33 3 -27 
-83 145 -53 
75 -69 99 
59 35 11 
-29 139 -5 
18 1 38 
39 19 -1 
0 37 20 
45 122 13 
28 60 92 
107 -2 75 
15 39 63 
87 39 -9 
15 39 63 
45 102 57 
80 68 56 
79 34 91 
50 -60 67 
36 19 2 
-29 98 -12 
81 -226 157 
80 4 -72 
-149 234 -73 
8 128 -10 
24 42 60 
94 -44 76 
73 -104 109 
62 26 -10 
-57 156 -21 
53 -88 110 
82 25 -32 
-60 138 -3 
29 35 68 
83 44 5 
20 53 59 
82 -96 122 
76 36 -4 
-50 168 -10 
8 218 -28 
30 66 102 
160 -86 124 
43 91 7 
11 47 83 
87 3 51 
86 -87 94 
39 31 23 
-32 149 -24 
57 46 41 
32 48 64 
55 50 39 
15 57 51 
77 41 5 
31 25 67 
75 -50 83 
44 36 28 
-11 122 -3 
5 30 4 
12 13 14 
22 -4 21 
23 90 1 
16 38 60 
75 -14 53 
90 -130 145 
90 35 -20 
-75 200 -20 
3 -73 70 
67 0 -67 
-70 73 -3 
34 2 36 
26 24 22 
12 46 14 
33 -18 42 
28 19 10 
-4 56 5 
30 53 37 
47 40 33 
43 27 50 
82 -228 161 
84 5 -74 
-151 238 -72 
9 230 -41 
16 66 116 
173 -98 123 
42 61 56 
67 53 39 
50 45 64 
60 121 8 
11 63 115 
118 5 66 
25 157 25 
69 69 69 
113 -19 113 
57 125 49 
69 77 85 
105 29 97 
81 -58 76 
28 33 38 
-10 124 -15 
6 103 -1 
29 36 43 
73 -31 66 
61 116 36 
46 71 96 
106 26 81 
41 92 35 
50 56 62 
77 20 71 
36 129 15 
39 60 81 
105 -9 84 
42 -90 72 
38 8 -22 
-56 106 -26 
22 181 -17 
23 62 101 
141 -57 102 
37 122 -6 
8 51 94 
108 -20 65 
2 -50 72 
78 8 -62 
-56 66 14 
8 107 32 
73 49 25 
66 -9 90 
80 -56 66 
16 30 44 
-6 116 -20 
36 -46 70 
54 20 -14 
-30 86 4 
33 219 -3 
47 83 119 
169 -53 133 
13 246 -43 
16 72 128 
187 -102 131 
74 -128 72 
4 6 8 
-60 140 -62 
60 24 78 
72 54 36 
30 84 48 
4 282 -61 
10 75 140 
211 -132 146 
24 69 48 
71 47 23 
46 25 70 
1 233 -12 
61 74 87 
160 -85 147 
59 94 63 
76 72 68 
81 50 85 
84 -57 72 
21 33 45 
-6 123 -18 
30 -23 77 
75 28 -19 
-21 79 26 
68 85 63 
67 72 77 
81 59 76 
85 -70 75 
20 30 40 
-15 130 -25 
89 92 83 
82 88 94 
93 84 87 
29 -39 34 
13 8 3 
-18 55 -13 
59 -96 76 
30 13 -4 
-50 122 -33 
14 -15 40 
39 13 -13 
-14 41 12 
18 130 -4 
26 48 70 
100 -34 78 
7 -47 55 
53 5 -43 
-45 57 3 
76 -17 91 
65 50 35 
9 117 24 
41 -62 99 
84 26 -32 
-47 114 11 
11 100 33 
70 48 26 
63 -4 85 
81 141 27 
29 83 137 
139 25 85 
17 115 3 
31 45 59 
87 -25 73 
11 71 44 
75 42 9 
40 13 73 
81 12 81 
58 58 58 
35 104 35 
79 55 37 
15 57 99 
77 59 35 
82 -106 123 
74 33 -8 
-57 172 -16 
7 31 28 
43 22 1 
16 13 37 
54 -17 50 
25 29 33 
8 75 4 
3 164 28 
90 65 40 
102 -34 127 
28 129 2 
27 53 79 
104 -23 78 
88 57 77 
63 74 85 
71 91 60 
59 61 51 
49 57 65 
63 53 55 
2 247 -18 
57 77 97 
172 -93 152 
25 -55 90 
85 20 -45 
-50 95 15 
11 8 32 
38 17 -4 
2 26 23 
85 -133 120 
59 24 -11 
-72 181 -37 
44 60 64 
76 56 36 
48 52 68 
71 -170 102 
32 1 -30 
-100 172 -69 
0 192 -36 
16 52 88 
140 -88 104 
6 267 -6 
77 89 101 
184 -89 172 
90 -105 87 
21 24 27 
-39 153 -42 
10 15 32 
41 19 -3 
6 23 28 
9 -4 43 
50 16 -18 
-11 36 23 
76 166 16 
26 86 146 
156 6 96 
22 -99 86 
67 3 -61 
-80 105 -16 
72 -45 75 
37 34 31 
-7 113 -4 
20 39 25 
33 28 23 
31 17 36 
52 14 27 
6 31 56 
35 48 10 
13 120 5 
38 46 54 
87 -28 79 
67 202 -17 
0 84 168 
185 -34 101 
64 26 57 
42 49 56 
41 72 34 
63 25 38 
17 42 67 
46 59 21 
22 133 -5 
23 50 77 
105 -33 78 
36 -119 104 
75 7 -61 
-90 133 -22 
87 -255 174 
89 2 -85 
-170 259 -83 
1 51 14 
35 22 9 
30 -7 43 
57 168 42 
74 89 104 
136 10 121 
61 223 -14 
15 90 165 
194 -43 119 
71 -99 61 
1 11 21 
-39 121 -49 
31 246 -7 
52 90 128 
187 -66 149 
14 -37 80 
85 19 -47 
-42 75 24 
11 280 -30 
46 87 128 
204 -106 163 
8 -55 68 
67 7 -53 
-54 69 6 
44 151 51 
89 82 75 
113 13 120 
90 125 34 
27 83 139 
132 41 76 
72 -153 135 
81 18 -45 
-99 189 -36 
19 -31 30 
17 6 -5 
-18 43 -7 
10 235 -17 
49 76 103 
169 -83 142 
50 178 0 
26 76 126 
152 -26 102 
66 -62 86 
50 30 10 
-26 122 -6 
12 99 30 
65 47 29 
64 -5 82 
35 22 51 
52 36 20 
21 50 37 
70 58 31 
14 53 92 
75 48 36 
40 177 -10 
19 69 119 
148 -39 98 
47 234 -17 
24 88 152 
193 -58 129 
78 -124 112 
56 22 -12 
-68 168 -34 
73 -183 131 
65 7 -51 
-117 197 -59 
36 -91 88 
63 11 -41 
-66 113 -14 
52 6 65 
54 41 28 
17 76 30 
28 91 58 
89 59 29 
60 27 90 
54 52 62 
64 56 48 
50 60 58 
7 171 2 
55 60 65 
118 -51 113 
20 -30 43 
34 11 -12 
-21 52 2 
21 41 13 
17 25 33 
37 9 29 
50 -10 68 
54 36 18 
4 82 22 
78 -47 83 
43 38 33 
-7 123 -2 
52 179 21 
53 84 115 
147 -11 116 
68 -174 133 
74 9 -56 
-115 192 -50 
17 -27 70 
73 20 -33 
-30 67 23 
36 77 13 
19 42 65 
71 7 48 
56 -178 125 
70 1 -68 
-123 180 -54 
60 164 -5 
8 73 138 
151 -18 86 
74 169 18 
31 87 143 
156 5 100 
31 266 -36 
20 87 154 
210 -92 143 
64 -78 107 
74 31 -12 
-45 140 -2 
31 31 10 
3 24 45 
38 17 17 
4 177 20 
83 67 51 
114 -43 130 
32 125 -4 
15 51 87 
106 -23 70 
15 112 20 
54 49 44 
78 -14 83 
15 183 -30 
11 56 101 
142 -71 97 
40 -6 89 
90 41 -8 
-7 88 42 
51 174 21 
52 82 112 
143 -10 113 
39 128 19 
42 62 82 
105 -4 85 
32 94 48 
74 58 42 
68 22 84 
48 -72 72 
40 16 -8 
-40 104 -16 
27 206 -2 
48 77 106 
156 -52 127 
45 142 -13 
0 58 116 
129 -26 71 
11 285 -47 
25 83 141 
213 -119 155 
63 42 54 
44 53 62 
52 64 43 
43 -3 38 
21 26 31 
14 55 9 
52 70 40 
42 54 66 
68 38 56 
15 48 42 
62 35 8 
28 22 55 
69 57 87 
89 71 53 
55 85 73 
43 67 28 
31 46 61 
64 25 49 
18 10 11 
6 13 20 
15 16 8 
26 -80 90 
76 12 -52 
-66 104 -2 
8 225 13 
87 82 77 
151 -61 156 
48 76 38 
44 54 64 
70 32 60 
57 48 21 
6 42 78 
63 36 27 
8 69 22 
47 33 19 
44 -3 58 
20 189 -29 
11 60 109 
149 -69 100 
85 0 71 
38 52 66 
33 104 19 
35 -31 77 
69 27 -15 
-23 85 19 
71 -40 83 
50 38 26 
-7 116 5 
54 107 64 
85 75 65 
86 43 96 
40 194 0 
38 78 118 
156 -38 116 
3 159 18 
75 60 45 
102 -39 117 
2 26 59 
86 29 -28 
-1 32 56 
12 -22 76 
86 22 -42 
-32 66 32 
75 3 57 
27 45 63 
33 87 15 
52 69 65 
75 62 49 
59 55 72 
54 -98 56 
6 4 2 
-48 106 -46 
27 177 15 
61 73 85 
131 -31 119 
63 145 8 
17 72 127 
136 -1 81 
0 98 13 
50 37 24 
61 -24 74 
8 70 12 
34 30 26 
48 -10 52 
24 161 -14 
19 57 95 
128 -47 90 
78 82 35 
22 65 108 
95 48 52 
51 143 40 
67 78 89 
116 13 105 
38 -94 92 
66 12 -42 
-68 118 -14 
4 218 15 
90 79 68 
143 -60 154 
28 17 27 
23 24 25 
21 31 20 
46 -83 100 
75 21 -33 
-58 125 -4 
49 -60 65 
34 18 2 
-29 96 -13 
53 89 71 
89 71 53 
71 53 89 
42 -135 96 
55 1 -53 
-94 137 -40 
31 169 -14 
17 62 107 
138 -45 93 
69 109 8 
1 62 123 
116 15 55 
14 58 57 
86 43 0 
29 28 72 
7 231 -4 
67 78 89 
160 -75 149 
52 -142 105 
58 5 -48 
-95 152 -42 
49 159 32 
63 80 97 
128 1 111 
42 -83 95 
71 18 -35 
-59 119 -6 
27 -91 82 
61 6 -49 
-70 103 -15 
78 99 63 
65 80 95 
97 61 82 
84 95 19 
1 66 131 
113 37 48 
34 6 23 
10 21 32 
19 36 8 
76 -30 89 
58 45 32 
1 120 14 
1 112 -26 
2 29 56 
84 -54 57 
39 72 69 
90 60 30 
51 48 81 
57 14 61 
48 44 40 
27 74 31 
86 115 48 
45 83 121 
118 51 80 
3 -14 17 
16 2 -12 
-13 18 1 
88 50 99 
90 79 68 
59 108 70 
89 -94 131 
84 42 0 
-47 178 -5 
53 -20 33 
2 22 42 
11 64 -9 
35 56 41 
50 44 38 
47 32 53 
