78 107 82 
93 89 85 
96 71 100 
10 52 4 
16 22 28 
40 -8 34 
97 191 12 
15 100 185 
188 9 103 
54 -91 52 
3 5 7 
-42 101 -44 
65 41 26 
5 44 83 
62 47 23 
12 -56 89 
92 15 -62 
-59 86 18 
11 158 -7 
36 54 72 
115 -50 97 
66 -176 134 
76 8 -60 
-118 192 -50 
2 -4 29 
36 9 -18 
-11 22 16 
75 32 97 
90 68 46 
39 104 61 
76 -115 114 
63 25 -13 
-64 165 -26 
10 188 9 
68 69 70 
129 -50 128 
53 208 33 
78 98 118 
163 -12 143 
35 283 -48 
7 90 173 
228 -103 145 
99 -44 113 
70 56 42 
-1 156 13 
24 -13 49 
45 20 -5 
-9 53 16 
83 142 66 
80 97 114 
128 52 111 
81 75 51 
39 69 99 
87 63 57 
37 -69 56 
27 8 -11 
-40 85 -21 
78 -102 81 
22 19 16 
-43 140 -40 
60 -119 110 
67 17 -33 
-76 153 -26 
71 -82 95 
52 28 4 
-39 138 -15 
59 251 -19 
19 97 175 
213 -57 135 
41 -38 54 
32 19 6 
-16 76 -3 
27 85 65 
97 59 21 
53 33 91 
36 134 52 
90 74 58 
96 14 112 
0 9 45 
63 18 -27 
-9 27 36 
76 -47 70 
27 33 39 
-4 113 -10 
39 87 0 
3 42 81 
84 -3 45 
9 90 48 
88 49 10 
50 8 89 
93 32 106 
90 77 64 
48 122 61 
97 -177 104 
15 8 1 
-88 193 -81 
63 101 22 
21 62 103 
102 23 61 
85 -55 75 
25 35 45 
-5 125 -15 
30 58 38 
50 42 34 
46 26 54 
100 18 104 
78 74 70 
44 130 48 
2 251 2 
85 85 85 
168 -81 168 
6 165 -36 
3 45 87 
126 -75 84 
8 141 -26 
7 41 75 
108 -59 74 
34 183 5 
45 74 103 
143 -35 114 
85 -17 64 
23 44 65 
24 105 3 
58 168 32 
60 86 112 
140 4 114 
32 117 -8 
7 47 87 
102 -23 62 
7 306 -43 
40 90 140 
223 -126 173 
10 218 18 
90 82 74 
146 -54 154 
9 332 -53 
34 96 158 
245 -140 183 
48 -139 112 
71 7 -57 
-98 153 -34 
75 -24 84 
54 45 36 
6 114 15 
0 260 -8 
76 84 92 
176 -92 168 
98 168 25 
24 97 170 
169 26 96 
96 104 79 
76 93 110 
107 82 90 
8 327 -74 
5 87 169 
248 -153 166 
97 60 92 
78 83 88 
74 106 69 
31 240 -16 
38 85 132 
186 -70 139 
74 -3 43 
7 38 69 
33 79 2 
48 205 23 
67 92 117 
161 -21 136 
97 -9 80 
39 56 73 
32 121 15 
48 141 36 
63 75 87 
114 9 102 
16 27 17 
21 20 19 
23 13 24 
67 -21 98 
79 48 17 
-2 117 29 
38 187 42 
93 89 85 
136 -9 140 
82 26 39 
6 49 92 
59 72 16 
82 67 67 
57 72 87 
77 77 62 
84 106 47 
42 79 116 
111 52 74 
94 -167 106 
23 11 -1 
-84 189 -72 
89 61 66 
49 72 95 
78 83 55 
57 79 14 
7 50 93 
86 21 43 
11 67 3 
19 27 35 
51 -13 43 
27 174 30 
80 77 74 
124 -20 127 
1 168 -25 
22 48 74 
121 -72 95 
44 -33 64 
45 25 5 
-14 83 6 
65 -119 96 
45 14 -17 
-68 147 -37 
9 12 15 
18 12 6 
9 12 15 
3 263 -5 
79 87 95 
179 -89 171 
97 57 44 
13 66 119 
88 75 35 
1 -1 69 
91 23 -45 
-23 47 45 
26 176 44 
100 82 64 
120 -12 138 
86 79 60 
49 75 101 
90 71 64 
19 345 -70 
9 98 187 
266 -149 177 
11 149 2 
45 54 63 
106 -41 97 
78 -137 74 
1 5 9 
-64 147 -68 
66 -93 75 
25 16 7 
-43 125 -34 
64 108 5 
0 59 118 
113 10 54 
85 -155 130 
65 20 -25 
-90 195 -45 
78 108 78 
88 88 88 
98 68 98 
100 162 38 
38 100 162 
162 38 100 
40 209 39 
95 96 97 
153 -17 152 
53 -123 85 
37 5 -27 
-75 133 -43 
96 -194 131 
46 11 -24 
-109 216 -74 
5 -10 23 
24 6 -12 
-11 22 7 
24 18 24 
22 22 22 
20 26 20 
88 -15 80 
43 51 59 
22 117 14 
63 60 84 
90 69 48 
54 78 75 
14 44 32 
48 30 12 
28 16 46 
97 -118 84 
8 21 34 
-42 160 -55 
95 135 67 
71 99 127 
131 63 103 
90 147 39 
41 92 143 
145 37 94 
18 80 64 
100 54 8 
44 28 90 
14 -53 66 
61 9 -43 
-48 71 4 
91 -251 175 
89 5 -79 
-165 261 -81 
10 -60 68 
64 6 -52 
-56 72 2 
49 100 31 
42 60 78 
89 20 71 
71 146 53 
72 90 108 
127 34 109 
67 12 44 
18 41 64 
38 70 15 
84 113 28 
19 75 131 
122 37 66 
81 42 48 
24 57 90 
66 72 33 
9 272 -38 
34 81 128 
200 -110 153 
74 -186 133 
66 7 -52 
-119 200 -60 
54 -11 32 
3 25 47 
18 61 -4 
4 30 -4 
2 10 18 
24 -10 16 
10 36 5 
12 17 22 
29 -2 24 
7 306 -61 
16 84 152 
229 -138 161 
50 207 10 
49 89 129 
168 -29 128 
60 48 93 
100 67 34 
41 86 74 
87 -154 103 
28 12 -4 
-79 178 -63 
88 -40 78 
32 42 52 
6 124 -4 
63 -87 69 
21 15 9 
-39 117 -33 
78 31 38 
9 49 89 
60 67 20 
54 120 63 
88 79 70 
95 38 104 
47 222 22 
72 97 122 
172 -28 147 
82 -72 101 
56 37 18 
-27 146 -8 
41 276 -41 
10 92 174 
225 -92 143 
79 97 25 
13 67 121 
109 37 55 
99 51 75 
51 75 99 
75 99 51 
54 -73 79 
45 20 -5 
-39 113 -14 
70 220 -11 
12 93 174 
197 -34 116 
99 108 78 
74 95 116 
112 82 91 
71 -198 133 
64 2 -60 
-129 202 -67 
58 -5 73 
57 42 27 
11 89 26 
58 104 78 
100 80 60 
82 56 102 
15 126 9 
44 50 56 
91 -26 85 
73 -79 63 
9 19 29 
-25 117 -35 
70 47 42 
25 53 81 
64 59 36 
77 -36 49 
2 30 58 
11 96 -17 
98 88 102 
100 96 92 
90 104 94 
65 -32 48 
10 27 44 
6 86 -11 
41 127 45 
75 71 67 
97 15 101 
2 278 -28 
54 84 114 
196 -110 166 
99 120 72 
70 97 124 
122 74 95 
78 -145 118 
57 17 -23 
-84 179 -44 
9 217 -10 
53 72 91 
154 -73 135 
74 -58 89 
50 35 20 
-19 128 -4 
13 -51 80 
81 14 -53 
-52 79 15 
71 189 10 
29 90 151 
170 -9 109 
79 -87 77 
21 23 25 
-31 133 -33 
51 226 17 
64 98 132 
179 -30 145 
37 -140 106 
70 1 -68 
-104 142 -35 
39 127 8 
27 58 89 
108 -11 77 
74 154 24 
34 84 134 
144 14 94 
76 -197 133 
61 4 -53 
-125 205 -68 
33 169 8 
45 70 95 
132 -29 107 
3 283 -34 
47 84 121 
202 -115 165 
11 -25 83 
95 23 -49 
-37 71 35 
31 149 21 
57 67 77 
113 -15 103 
23 -28 44 
34 13 -8 
-18 54 3 
92 143 17 
9 84 159 
151 25 76 
90 -188 113 
28 5 -18 
-103 198 -80 
36 -29 86 
81 31 -19 
-24 91 26 
97 -246 179 
92 10 -72 
-159 266 -77 
64 100 37 
40 67 94 
97 34 70 
60 146 19 
34 75 116 
131 4 90 
84 -60 57 
0 27 54 
-3 114 -30 
71 163 12 
23 82 141 
152 1 93 
55 -92 94 
58 19 -20 
-56 130 -17 
62 77 62 
67 67 67 
72 57 72 
66 98 16 
10 60 110 
104 22 54 
48 -86 71 
34 11 -12 
-49 108 -26 
83 -133 89 
19 13 7 
-63 159 -57 
7 302 -15 
76 98 120 
211 -106 189 
44 47 71 
81 54 27 
37 61 64 
20 123 10 
41 51 61 
92 -21 82 
16 204 -31 
16 63 110 
157 -78 110 
6 132 -15 
20 41 62 
97 -50 76 
0 11 46 
65 19 -27 
-8 27 38 
82 89 90 
95 87 79 
84 85 92 
36 -23 71 
63 28 -7 
-15 79 20 
57 123 54 
75 78 81 
102 33 99 
36 241 -1 
55 92 129 
185 -57 148 
7 170 24 
84 67 50 
110 -36 127 
27 138 0 
28 55 82 
110 -28 83 
99 24 69 
34 64 94 
59 104 29 
39 127 47 
79 71 63 
95 15 103 
63 -194 137 
76 2 -72 
-133 198 -59 
95 -194 144 
64 15 -34 
-114 224 -65 
40 206 30 
82 92 102 
154 -22 144 
89 48 91 
78 76 74 
61 104 63 
98 -194 141 
58 15 -28 
-111 224 -68 
9 105 18 
53 44 35 
70 -17 79 
94 -211 141 
55 8 -39 
-125 227 -78 
44 125 8 
23 59 95 
110 -7 74 
15 -108 93 
78 0 -78 
-93 108 -15 
18 74 -2 
10 30 50 
62 -14 42 
76 38 39 
14 51 88 
63 64 26 
30 56 13 
16 33 50 
53 10 36 
95 -123 94 
21 22 23 
-50 167 -51 
61 -66 62 
20 19 18 
-24 104 -23 
44 93 19 
27 52 77 
85 11 60 
3 -93 93 
91 1 -89 
-91 95 -1 
78 -92 89 
36 25 14 
-39 142 -28 
86 -178 116 
38 8 -22 
-100 194 -70 
78 -167 110 
39 7 -25 
-96 181 -64 
19 9 65 
77 31 -15 
-3 53 43 
99 35 106 
87 80 73 
54 125 61 
44 -76 86 
60 18 -24 
-50 112 -8 
44 -68 81 
56 19 -18 
-43 106 -6 
76 -64 123 
92 45 -2 
-33 154 14 
43 -158 118 
76 1 -74 
-116 160 -41 
82 -206 148 
74 8 -58 
-132 222 -66 
32 96 28 
48 52 56 
76 8 72 
38 114 55 
86 69 52 
83 24 100 
84 -52 94 
52 42 32 
-10 136 0 
82 110 48 
46 80 114 
112 50 78 
0 384 -84 
16 100 184 
284 -184 200 
60 -132 87 
32 5 -22 
-77 142 -50 
39 198 27 
76 88 100 
149 -22 137 
92 -39 64 
11 39 67 
14 117 -14 
16 -78 89 
82 9 -64 
-71 96 2 
51 172 53 
94 92 90 
131 12 133 
62 80 50 
52 64 76 
78 48 66 
29 -103 104 
85 10 -65 
-84 123 -9 
38 -53 51 
25 12 -1 
-27 77 -14 
57 222 -15 
16 88 160 
191 -46 119 
28 221 -21 
27 76 125 
173 -69 124 
25 182 -24 
12 61 110 
146 -60 97 
61 -183 128 
69 2 -65 
-124 187 -57 
85 -33 113 
83 55 27 
-3 143 25 
83 198 4 
16 95 174 
186 -8 107 
81 -159 153 
97 25 -47 
-103 209 -31 
78 102 45 
42 75 108 
105 48 72 
51 208 23 
66 94 122 
165 -20 137 
14 -9 46 
49 17 -15 
-12 43 20 
95 -186 145 
68 18 -32 
-109 222 -59 
28 -139 117 
91 2 -87 
-113 143 -24 
63 114 39 
48 72 96 
105 30 81 
85 69 56 
41 70 99 
84 71 55 
88 -173 157 
93 24 -45 
-109 221 -40 
60 -13 34 
1 27 53 
20 67 -6 
3 96 12 
46 37 28 
62 -22 71 
99 -143 131 
61 29 -3 
-73 201 -41 
70 -115 120 
75 25 -25 
-70 165 -20 
78 14 67 
42 53 64 
39 92 28 
33 -12 75 
74 32 -10 
-11 76 31 
96 1 65 
23 54 85 
43 107 12 
52 263 -15 
33 100 167 
215 -63 148 
17 216 13 
78 82 86 
151 -52 147 
60 30 81 
78 57 36 
33 84 54 
58 225 -4 
31 93 155 
190 -39 128 
32 1 48 
43 27 11 
6 53 22 
50 110 38 
54 66 78 
94 22 82 
71 -216 154 
86 3 -80 
-148 222 -65 
49 178 13 
44 80 116 
147 -18 111 
71 -19 41 
1 31 61 
21 81 -9 
2 181 -33 
15 50 85 
133 -81 98 
61 55 85 
91 67 43 
49 79 73 
53 -177 124 
71 0 -71 
-124 177 -53 
80 25 72 
51 59 67 
46 93 38 
76 -130 138 
90 28 -34 
-82 186 -20 
79 -142 75 
0 4 8 
-67 150 -71 
80 -71 66 
11 25 39 
-16 121 -30 
76 -169 99 
25 2 -21 
-95 173 -72 
5 327 -35 
59 99 139 
233 -129 193 
81 25 44 
13 50 87 
56 75 19 
51 -31 46 
17 22 27 
-2 75 -7 
52 90 32 
38 58 78 
84 26 64 
26 -101 99 
81 8 -65 
-83 117 -10 
94 25 79 
51 66 81 
53 107 38 
13 -90 86 
76 3 -70 
-80 96 -7 
61 -37 51 
15 25 35 
-1 87 -11 
79 101 21 
9 67 125 
113 33 55 
51 -35 56 
29 24 19 
-8 83 -3 
36 282 -33 
26 95 164 
223 -92 154 
43 109 67 
97 73 49 
79 37 103 
15 332 -71 
6 92 178 
255 -148 169 
56 148 48 
76 84 92 
120 20 112 
58 -154 135 
90 13 -64 
-109 180 -32 
79 120 74 
86 91 96 
108 62 103 
14 112 -18 
4 36 68 
90 -40 58 
0 256 -4 
80 84 88 
172 -88 168 
37 9 74 
77 40 3 
6 71 43 
7 147 23 
75 59 43 
95 -29 111 
87 92 82 
82 87 92 
92 82 87 
45 210 -18 
16 79 142 
176 -52 113 
28 -102 92 
70 6 -58 
-80 114 -16 
76 -86 67 
10 19 28 
-29 124 -38 
49 79 61 
75 63 51 
65 47 77 
21 18 42 
48 27 6 
12 36 33 
37 -46 30 
0 7 14 
-16 60 -23 
16 308 -39 
40 95 150 
229 -118 174 
24 146 34 
78 68 58 
102 -10 112 
30 263 -20 
41 91 141 
202 -81 152 
7 284 -54 
18 79 140 
212 -126 151 
16 298 -65 
2 83 164 
231 -132 150 
0 277 -58 
15 73 131 
204 -131 146 
94 188 6 
8 96 184 
186 4 98 
10 293 -36 
43 89 135 
214 -115 168 
47 60 40 
42 49 56 
58 38 51 
57 -81 78 
39 18 -3 
-42 117 -21 
43 228 -13 
30 86 142 
185 -56 129 
81 -87 84 
29 26 23 
-32 139 -29 
53 -70 101 
76 28 -20 
-45 126 3 
47 263 -40 
3 90 177 
220 -83 133 
36 104 -2 
8 46 84 
94 -12 56 
59 -3 58 
37 38 39 
18 79 17 
96 65 70 
51 77 103 
84 89 58 
70 81 17 
3 56 109 
95 31 42 
57 94 56 
68 69 70 
82 44 81 
28 81 5 
15 38 61 
71 -5 48 
33 -40 55 
38 16 -6 
-23 72 -1 
33 -11 23 
5 15 25 
7 41 -3 
28 176 42 
96 82 68 
122 -12 136 
54 -18 66 
46 34 22 
2 86 14 
60 -115 133 
99 26 -47 
-81 167 -8 
21 254 16 
92 97 102 
178 -60 173 
100 -1 111 
81 70 59 
29 141 40 
18 272 -2 
76 96 116 
194 -80 174 
32 -67 56 
31 7 -17 
-42 81 -18 
80 85 90 
95 85 75 
80 85 90 
0 327 -75 
9 84 159 
243 -159 168 
54 17 52 
39 41 43 
30 65 28 
82 18 107 
94 69 44 
31 120 56 
48 -41 104 
93 37 -19 
-30 115 26 
57 -202 145 
88 0 -88 
-145 202 -57 
32 150 -8 
18 58 98 
124 -34 84 
16 93 -10 
7 33 59 
76 -27 50 
44 166 54 
98 88 78 
122 10 132 
53 105 28 
37 62 87 
96 19 71 
68 153 34 
51 85 119 
136 17 102 
45 164 1 
26 70 114 
139 -24 95 
58 23 48 
33 43 53 
38 63 28 
28 144 44 
88 72 56 
100 0 116 
48 -124 79 
32 1 -30 
-77 126 -46 
8 201 13 
79 74 69 
135 -53 140 
1 204 -43 
10 54 98 
151 -96 107 
35 8 83 
90 42 -6 
1 76 49 
19 -105 89 
71 1 -69 
-87 107 -17 
1 94 49 
96 48 0 
47 2 95 
61 -166 123 
68 6 -56 
-111 178 -49 
83 -191 108 
25 0 -25 
-108 191 -83 
60 -118 121 
82 21 -40 
-79 160 -18 
37 -90 80 
52 9 -34 
-62 108 -19 
10 101 0 
27 37 47 
74 -27 64 
47 134 -1 
12 60 108 
121 -14 73 
40 -23 97 
95 38 -19 
-21 99 36 
72 218 1 
26 97 168 
193 -24 122 
27 105 -3 
13 43 73 
89 -19 59 
90 28 68 
40 62 84 
56 96 34 
16 153 -10 
27 53 79 
116 -47 90 
76 -165 98 
25 3 -19 
-92 171 -70 
34 -127 114 
87 7 -73 
-100 141 -20 
54 82 23 
22 53 84 
83 24 52 
92 -222 145 
58 5 -48 
-135 232 -82 
46 187 43 
89 92 95 
141 -3 138 
73 -179 118 
49 4 -41 
-110 187 -65 
73 -123 119 
69 23 -23 
-73 169 -27 
17 261 -53 
5 75 145 
203 -111 133 
12 -20 44 
44 12 -20 
-20 44 12 
99 -58 124 
80 55 30 
-14 168 11 
64 201 32 
67 99 131 
166 -3 134 
65 86 23 
16 58 100 
93 30 51 
86 -61 119 
81 48 15 
-23 157 10 
74 227 -4 
21 99 177 
202 -29 124 
17 266 -58 
0 75 150 
208 -116 133 
68 246 -20 
10 98 186 
216 -50 128 
35 -100 80 
50 5 -40 
-70 110 -25 
80 -56 66 
16 30 44 
-6 116 -20 
32 141 10 
39 61 83 
112 -19 90 
70 -118 117 
70 23 -24 
-71 164 -24 
36 60 30 
36 42 48 
54 24 48 
18 235 -49 
1 68 135 
185 -99 118 
50 39 16 
1 35 69 
54 31 20 
63 -154 91 
28 0 -28 
-91 154 -63 
56 -182 144 
94 6 -82 
-132 194 -44 
85 -72 92 
42 35 28 
-22 142 -15 
93 -103 130 
77 40 3 
-50 183 -13 
88 149 60 
71 99 127 
138 49 110 
9 98 43 
84 50 16 
57 2 91 
87 -40 100 
62 49 36 
-2 138 11 
78 203 7 
25 96 167 
185 -11 114 
11 134 26 
72 57 42 
88 -20 103 
95 -45 82 
31 44 57 
6 133 -7 
35 161 -10 
17 62 107 
134 -37 89 
78 -12 57 
20 41 62 
25 94 4 
45 116 40 
62 67 72 
94 18 89 
17 187 33 
95 79 63 
125 -29 141 
30 -122 119 
98 9 -80 
-101 140 -12 
7 144 20 
70 57 44 
94 -30 107 
27 -23 80 
81 28 -25 
-24 79 29 
51 -158 116 
68 3 -62 
-110 164 -45 
33 -8 26 
10 17 24 
8 42 1 
63 38 73 
68 58 48 
43 78 53 
75 113 61 
69 83 97 
105 53 91 
6 314 -26 
66 98 130 
222 -118 190 
61 -120 89 
38 10 -18 
-69 140 -41 
1 -46 75 
84 10 -64 
-55 66 19 
85 -72 110 
66 41 16 
-28 154 -3 
65 -191 147 
89 7 -75 
-133 205 -51 
43 89 36 
49 56 63 
76 23 69 
73 -47 55 
9 27 45 
-1 101 -19 
57 168 42 
74 89 104 
136 10 121 
1 120 11 
54 44 34 
77 -32 87 
1 63 20 
47 28 9 
36 -7 55 
48 -55 40 
3 11 19 
-18 77 -26 
77 -187 116 
41 2 -37 
-112 191 -73 
73 56 54 
42 61 80 
68 66 49 
30 -90 96 
78 12 -54 
-72 114 -6 
83 45 55 
33 61 89 
67 77 39 
33 290 -23 
44 100 156 
223 -90 167 
98 26 68 
34 64 94 
60 102 30 
8 275 -52 
17 77 137 
206 -121 146 
50 166 15 
42 77 112 
139 -12 104 
28 -73 72 
53 9 -35 
-54 91 -10 
44 -113 99 
65 10 -45 
-79 133 -24 
61 21 77 
69 53 37 
29 85 45 
12 50 13 
26 25 24 
37 0 38 
18 36 30 
40 28 16 
26 20 38 
22 53 39 
55 38 21 
37 23 54 
20 266 -31 
34 85 136 
201 -96 150 
57 55 71 
75 61 47 
51 67 65 
82 -218 142 
62 2 -58 
-138 222 -78 
12 118 -4 
26 42 58 
88 -34 72 
68 74 80 
86 74 62 
68 74 80 
34 169 -23 
3 60 117 
143 -49 86 
23 12 79 
94 38 -18 
-3 64 53 
54 215 1 
37 90 143 
179 -35 126 
63 119 58 
75 80 85 
102 41 97 
91 -32 106 
70 55 40 
4 142 19 
83 -91 83 
25 25 25 
-33 141 -33 
100 -11 70 
23 53 83 
36 117 6 
29 119 -4 
15 48 81 
100 -23 67 
6 262 -16 
62 84 106 
184 -94 162 
90 -29 122 
93 61 29 
0 151 32 
40 211 -11 
29 80 131 
171 -51 120 
88 164 9 
8 87 166 
165 10 86 
48 214 14 
58 92 126 
170 -30 136 
44 14 65 
62 41 20 
17 68 38 
72 -95 119 
79 32 -15 
-55 159 -8 
5 64 24 
50 31 12 
38 -2 57 
19 48 32 
46 33 20 
34 18 47 
72 62 52 
42 62 82 
72 62 52 
13 166 -35 
0 48 96 
131 -70 83 
13 2 33 
36 16 -4 
-1 30 19 
17 222 -14 
44 75 106 
164 -72 133 
22 153 -4 
31 57 83 
118 -39 92 
45 -88 46 
2 1 0 
-44 90 -43 
22 120 53 
96 65 34 
77 10 108 
45 85 38 
49 56 63 
74 27 67 
90 120 57 
56 89 122 
121 58 88 
77 40 66 
50 61 72 
56 82 45 
31 244 -8 
50 89 128 
186 -66 147 
5 235 -45 
15 65 115 
175 -105 125 
12 1 80 
99 31 -37 
-18 61 50 
69 65 22 
5 52 99 
82 39 35 
82 -179 106 
27 3 -21 
-100 185 -76 
42 -90 111 
90 21 -48 
-69 132 0 
61 211 16 
51 96 141 
176 -19 131 
42 60 63 
76 55 34 
47 50 68 
14 -50 42 
30 2 -26 
-38 54 -10 
78 -78 114 
74 38 2 
-38 154 -2 
97 -122 139 
80 38 -4 
-63 198 -21 
29 131 32 
67 64 61 
96 -3 99 
84 128 19 
12 77 142 
135 26 70 
87 -250 178 
96 5 -86 
-168 260 -77 
97 -109 81 
7 23 39 
-35 155 -51 
42 1 53 
43 32 21 
11 63 22 
16 -70 66 
54 4 -46 
-58 78 -8 
15 247 -37 
23 75 127 
187 -97 135 
1 167 -12 
39 52 65 
116 -63 103 
32 -37 68 
57 21 -15 
-26 79 10 
12 -37 58 
57 11 -35 
-36 59 10 
41 57 25 
25 41 57 
57 25 41 
2 163 -3 
49 54 59 
111 -55 106 
13 243 17 
95 91 87 
165 -61 169 
34 207 26 
81 89 97 
152 -29 144 
8 239 11 
89 86 83 
161 -67 164 
14 161 32 
87 69 51 
106 -23 124 
14 -32 75 
80 19 -42 
-37 70 24 
93 -50 128 
92 57 22 
-14 164 21 
28 -47 76 
67 19 -29 
-38 85 10 
7 31 13 
23 17 11 
21 3 27 
49 47 75 
83 57 31 
39 67 65 
25 219 -13 
39 77 115 
167 -65 129 
23 275 -4 
71 98 125 
200 -79 173 
14 -6 28 
26 12 -2 
-4 30 10 
30 189 -6 
35 71 107 
148 -47 112 
68 189 37 
67 98 129 
159 7 128 
33 225 -30 
13 76 139 
182 -73 119 
46 -25 60 
41 27 13 
-6 79 8 
28 -77 82 
65 11 -43 
-60 99 -6 
19 192 -13 
34 66 98 
145 -60 113 
92 69 88 
79 83 87 
78 97 74 
6 289 -49 
27 82 137 
213 -125 158 
72 179 49 
77 100 123 
151 21 128 
3 306 -18 
76 97 118 
212 -112 191 
87 -51 69 
17 35 53 
1 121 -17 
50 10 75 
70 45 20 
15 80 40 
26 -104 114 
100 12 -76 
-90 128 -2 
56 244 -33 
0 89 178 
211 -66 122 
30 34 62 
74 42 10 
22 50 54 
13 133 -5 
29 47 65 
99 -39 81 
73 -44 67 
26 32 38 
-3 108 -9 
45 44 55 
58 48 38 
41 52 51 
11 245 2 
77 86 95 
170 -73 161 
53 -88 68 
26 11 -4 
-46 110 -31 
30 198 0 
46 76 106 
152 -46 122 
71 41 47 
29 53 77 
59 65 35 
31 24 62 
70 39 8 
16 54 47 
56 88 15 
12 53 94 
91 18 50 
65 243 -23 
7 95 183 
213 -53 125 
41 226 12 
64 93 122 
174 -40 145 
32 56 71 
92 53 14 
35 50 74 
40 132 44 
76 72 68 
100 12 104 
86 108 52 
48 82 116 
112 56 78 
41 -111 109 
81 13 -55 
-83 137 -15 
68 122 74 
94 88 82 
102 54 108 
22 1 58 
63 27 -9 
-4 53 32 
4 264 -4 
80 88 96 
180 -88 172 
68 8 71 
52 49 46 
27 90 30 
1 307 -23 
71 95 119 
213 -117 189 
27 151 -16 
11 54 97 
124 -43 81 
52 -32 34 
0 18 36 
2 68 -16 
30 71 58 
81 53 25 
48 35 76 
79 105 35 
29 73 117 
111 41 67 
92 98 65 
58 85 112 
105 72 78 
68 -56 54 
8 22 36 
-10 100 -24 
19 226 -2 
60 81 102 
164 -64 143 
36 150 27 
62 71 80 
115 -8 106 
29 -116 105 
82 6 -70 
-93 128 -17 
91 -169 96 
11 6 1 
-84 181 -79 
36 171 24 
65 77 89 
130 -17 118 
69 79 29 
19 59 99 
89 39 49 
86 -95 102 
47 31 15 
-40 157 -24 
65 2 65 
44 44 44 
23 86 23 
99 53 61 
33 71 109 
81 89 43 
17 106 42 
80 55 30 
68 4 93 
70 -183 131 
67 6 -55 
-119 195 -58 
100 73 100 
91 91 91 
82 109 82 
91 -58 111 
68 48 28 
-15 154 5 
46 33 80 
87 53 19 
26 73 60 
81 -174 126 
56 11 -34 
-104 196 -59 
81 -19 76 
41 46 51 
16 111 11 
100 -202 102 
2 0 -2 
-102 202 -100 
35 -61 74 
55 16 -23 
-42 93 -3 
54 108 30 
40 64 88 
98 20 74 
33 72 51 
70 52 34 
53 32 71 
72 -22 67 
34 39 44 
11 100 6 
7 341 -51 
41 99 157 
249 -143 191 
96 10 47 
2 51 100 
55 92 6 
11 56 8 
22 25 28 
42 -6 39 
75 113 40 
41 76 111 
112 39 77 
37 18 44 
40 33 26 
22 48 29 
43 -98 73 
36 6 -24 
-61 110 -31 
29 -67 104 
97 22 -53 
-60 111 15 
93 176 31 
38 100 162 
169 24 107 
2 -69 79 
81 4 -73 
-71 77 6 
35 -62 51 
24 8 -8 
-35 78 -19 
8 306 -65 
10 83 156 
231 -140 158 
40 224 30 
88 98 108 
166 -28 156 
29 -84 70 
46 5 -36 
-60 94 -19 
11 84 55 
94 50 6 
45 16 89 
12 204 -15 
40 67 94 
149 -70 122 
60 128 28 
40 72 104 
116 16 84 
12 -27 33 
27 6 -15 
-21 39 0 
36 136 29 
60 67 74 
105 -2 98 
41 119 -7 
3 51 99 
109 -17 61 
18 199 -40 
1 59 117 
158 -81 100 
22 -67 72 
59 9 -41 
-54 85 -4 
45 -62 92 
72 25 -22 
-42 112 5 
84 -2 74 
42 52 62 
30 106 20 
27 168 12 
54 69 84 
126 -30 111 
0 135 18 
69 51 33 
84 -33 102 
26 -7 59 
59 26 -7 
-7 59 26 
57 -87 75 
33 15 -3 
-45 117 -27 
32 140 38 
76 70 64 
102 0 108 
96 -146 131 
62 27 -8 
-77 200 -42 
10 318 -49 
34 93 152 
235 -132 176 
52 -134 130 
94 16 -62 
-98 166 -20 
47 216 -2 
38 87 136 
176 -42 127 
18 262 -7 
66 91 116 
189 -80 164 
53 184 -15 
6 74 142 
163 -36 95 
27 113 55 
93 65 37 
75 17 103 
64 55 67 
65 62 59 
57 69 60 
28 -90 80 
58 6 -46 
-68 102 -16 
22 208 1 
56 77 98 
153 -54 132 
14 112 -3 
24 41 58 
85 -30 68 
48 -40 58 
32 22 12 
-14 84 -4 
50 156 7 
28 71 114 
135 -14 92 
50 -27 40 
11 21 31 
2 69 -8 
16 244 7 
80 89 98 
171 -66 162 
44 -148 119 
80 5 -70 
-109 158 -34 
7 139 -11 
27 45 63 
101 -49 83 
12 302 -68 
2 82 162 
232 -138 152 
48 89 22 
27 53 79 
84 17 58 
42 114 48 
74 68 62 
88 22 94 
30 -115 115 
95 10 -75 
-95 135 -10 
52 44 36 
28 44 60 
52 44 36 
99 -254 155 
56 0 -56 
-155 254 -99 
2 341 -73 
15 90 165 
253 -161 178 
67 -119 121 
77 23 -31 
-75 165 -21 
19 231 -31 
23 73 123 
177 -85 127 
56 182 17 
46 85 124 
153 -12 114 
0 300 -18 
76 94 112 
206 -112 188 
16 291 -46 
25 87 149 
220 -117 158 
3 152 13 
66 56 46 
99 -40 109 
42 79 2 
1 41 81 
80 3 40 
84 -169 148 
85 21 -43 
-106 211 -42 
7 18 17 
24 14 4 
11 10 21 
96 34 47 
10 59 108 
71 84 22 
38 12 46 
40 32 24 
18 52 26 
53 233 2 
45 96 147 
190 -41 139 
64 119 51 
65 78 91 
105 37 92 
37 -22 24 
0 13 26 
2 48 -11 
81 107 61 
63 83 103 
105 59 85 
79 61 91 
89 77 65 
63 93 75 
60 73 53 
55 62 69 
71 51 64 
92 144 19 
12 85 158 
151 26 78 
99 -39 129 
93 63 33 
-3 165 27 
72 -36 75 
40 37 34 
-1 110 2 
94 -165 155 
89 28 -33 
-99 221 -38 
91 -146 145 
84 30 -24 
-85 206 -31 
47 -160 131 
90 6 -78 
-119 172 -35 
100 -187 123 
35 12 -11 
-99 211 -76 
40 -159 125 
87 2 -83 
-121 163 -36 
14 267 1 
81 94 107 
187 -79 174 
35 145 15 
45 65 85 
115 -15 95 
6 135 3 
45 48 51 
93 -39 90 
26 131 -1 
25 52 79 
105 -27 78 
79 -11 73 
41 47 53 
21 105 15 
57 -18 84 
68 41 14 
-2 100 25 
23 248 -46 
6 75 144 
196 -98 127 
6 290 -59 
14 79 144 
217 -132 152 
19 -119 106 
89 2 -85 
-102 123 -15 
18 300 -27 
52 97 142 
221 -106 176 
8 272 -58 
8 74 140 
206 -124 140 
61 -68 97 
66 30 -6 
-37 128 -1 
90 29 64 
35 61 87 
58 93 32 
10 -38 28 
18 0 -18 
-28 38 -10 
73 -148 81 
10 2 -6 
-77 152 -69 
79 137 45 
53 87 121 
129 37 95 
74 162 1 
6 79 152 
157 -4 84 
10 322 -68 
10 88 166 
244 -146 166 
35 -71 93 
77 19 -39 
-55 109 3 
7 165 -37 
1 45 89 
127 -75 83 
90 155 34 
37 93 149 
152 31 96 
25 260 -21 
42 88 134 
197 -84 151 
55 -108 128 
98 25 -48 
-78 158 -5 
52 95 45 
57 64 71 
83 33 76 
84 224 -11 
4 99 194 
209 -26 114 
90 32 109 
96 77 58 
45 122 64 
64 -85 87 
45 22 -1 
-43 129 -20 
19 157 31 
81 69 57 
107 -19 119 
72 124 29 
32 75 118 
121 26 78 
4 186 11 
74 67 60 
123 -52 130 
82 120 68 
76 90 104 
112 60 98 
45 -84 84 
54 15 -24 
-54 114 -15 
17 129 -23 
1 41 81 
105 -47 65 
69 63 81 
83 71 59 
61 79 73 
53 -66 88 
60 25 -10 
-38 116 -3 
57 98 34 
40 63 86 
92 28 69 
69 162 12 
24 81 138 
150 0 93 
11 118 36 
80 55 30 
74 -8 99 
40 112 19 
36 57 78 
95 2 74 
23 -93 79 
59 3 -53 
-73 99 -17 
75 -43 97 
65 43 21 
-11 129 11 
90 -193 163 
93 20 -53 
-123 233 -50 
45 119 37 
59 67 75 
97 15 89 
31 199 -17 
23 71 119 
159 -57 111 
48 267 -42 
1 91 181 
224 -85 134 
90 -33 114 
81 57 33 
0 147 24 
55 141 26 
45 74 103 
122 7 93 
11 -4 26 
26 11 -4 
-4 26 11 
4 -7 66 
83 21 -41 
-24 49 38 
52 158 54 
90 88 86 
122 18 124 
80 109 24 
15 71 127 
118 33 62 
97 -53 64 
3 36 69 
8 125 -25 
86 177 13 
19 92 165 
171 7 98 
65 228 -14 
14 93 172 
200 -42 121 
81 -151 106 
37 12 -13 
-82 175 -57 
73 -144 98 
34 9 -16 
-80 162 -55 
78 -129 72 
1 7 13 
-58 143 -64 
9 237 -30 
33 72 111 
174 -93 135 
75 138 39 
48 84 120 
129 30 93 
99 -92 116 
58 41 24 
-34 174 -17 
73 -210 161 
96 8 -80 
-145 226 -57 
48 82 50 
62 60 58 
70 38 72 
69 -66 63 
16 22 28 
-19 110 -25 
79 -104 79 
18 18 18 
-43 140 -43 
100 -55 69 
7 38 69 
7 131 -24 
51 118 29 
44 66 88 
103 14 81 
47 -52 95 
78 30 -18 
-35 112 13 
0 -85 85 
85 0 -85 
-85 85 0 
99 180 15 
14 98 182 
181 16 97 
10 232 -29 
32 71 110 
171 -90 132 
45 77 46 
57 56 55 
66 35 67 
48 88 5 
4 47 90 
89 6 46 
99 -37 106 
63 56 49 
6 149 13 
38 -36 34 
8 12 16 
-10 60 -14 
5 53 5 
21 21 21 
37 -11 37 
57 -148 139 
98 16 -66 
-107 180 -25 
3 -41 41 
39 1 -37 
-39 43 -1 
55 5 27 
1 29 57 
31 53 3 
38 -62 57 
30 11 -8 
-35 84 -16 
53 157 12 
33 74 115 
136 -9 95 
83 69 61 
49 71 93 
81 73 59 
90 -62 128 
90 52 14 
-24 166 14 
99 149 22 
13 90 167 
158 31 81 
76 -248 175 
100 1 -98 
-173 250 -74 
85 -173 133 
63 15 -33 
-103 203 -55 
25 5 54 
57 28 -1 
2 51 31 
94 -106 135 
82 41 0 
-53 188 -12 
84 -166 97 
18 5 -8 
-87 176 -74 
51 -75 87 
57 21 -15 
-45 117 -9 
37 10 52 
48 33 18 
14 56 29 
8 56 17 
36 27 18 
37 -2 46 
79 87 38 
27 68 109 
98 49 57 
5 59 44 
75 36 -3 
28 13 67 
56 -127 95 
47 8 -31 
-79 143 -40 
82 -144 107 
40 15 -10 
-77 174 -52 
15 103 11 
39 43 47 
75 -17 71 
22 32 33 
40 29 18 
25 26 36 
56 75 25 
21 52 83 
79 29 48 
6 -18 57 
66 15 -36 
-27 48 24 
93 -79 133 
89 49 9 
-35 177 5 
3 110 -8 
24 35 46 
78 -40 67 
98 139 63 
65 100 135 
137 61 102 
45 50 70 
80 55 30 
40 60 65 
44 -22 98 
94 40 -14 
-18 102 36 
60 178 11 
34 83 132 
155 -12 106 
30 187 38 
93 85 77 
132 -17 140 
45 34 50 
48 43 38 
36 52 41 
17 55 51 
75 41 7 
31 27 65 
95 -204 166 
90 19 -52 
-128 242 -57 
44 67 39 
45 50 55 
61 33 56 
8 66 34 
62 36 10 
38 6 64 
86 15 79 
53 60 67 
41 105 34 
75 95 25 
15 65 115 
105 35 55 
95 -218 159 
76 12 -52 
-135 242 -71 
80 -157 113 
45 12 -21 
-89 181 -56 
94 151 31 
29 92 155 
153 33 90 
42 24 21 
8 29 50 
37 34 16 
15 243 -24 
39 78 117 
180 -87 141 
62 168 -11 
0 73 146 
157 -22 84 
48 19 41 
29 36 43 
31 53 24 
55 30 29 
12 38 64 
47 46 21 
6 134 -5 
34 45 56 
95 -44 84 
2 12 19 
28 11 -6 
3 10 20 
64 18 101 
98 61 24 
21 104 58 
43 -51 104 
93 32 -29 
-40 115 21 
39 -142 121 
88 6 -76 
-109 154 -27 
61 25 91 
89 59 29 
27 93 57 
86 -114 112 
54 28 2 
-56 170 -30 
8 322 -72 
6 86 166 
244 -150 164 
4 -27 26 
23 1 -21 
-24 29 -2 
64 217 19 
55 100 145 
181 -17 136 
73 -72 59 
6 20 34 
-19 112 -33 
5 121 -21 
9 35 61 
91 -51 65 
92 70 60 
42 74 106 
88 78 56 
99 -195 171 
97 25 -47 
-121 245 -49 
75 -43 88 
53 40 27 
-8 123 5 
51 -55 43 
5 13 21 
-17 81 -25 
47 31 63 
63 47 31 
31 63 47 
92 204 -5 
0 97 194 
199 -10 102 
84 -180 150 
84 18 -48 
-114 216 -48 
34 85 16 
27 45 63 
74 5 56 
60 -74 62 
18 16 14 
-30 106 -28 
81 177 39 
57 99 141 
159 21 117 
11 201 19 
85 77 69 
135 -47 143 
29 234 31 
100 98 96 
165 -38 167 
64 114 23 
26 67 108 
111 20 70 
80 43 42 
17 55 93 
68 67 30 
45 195 36 
83 92 101 
148 -11 139 
54 -155 119 
71 6 -59 
-107 167 -42 
51 30 72 
72 51 30 
30 72 51 
98 63 91 
77 84 91 
77 105 70 
77 104 38 
34 73 112 
108 42 69 
31 225 -31 
13 75 137 
181 -75 119 
21 98 31 
60 50 40 
69 2 79 
70 135 74 
97 93 89 
112 51 116 
12 -88 94 
88 6 -76 
-82 100 0 
25 60 50 
70 45 20 
40 30 65 
96 183 12 
13 97 181 
182 11 98 
70 -217 147 
77 0 -77 
-147 217 -70 
7 314 -24 
68 99 130 
222 -116 191 
82 -141 140 
85 27 -31 
-86 195 -28 
6 104 25 
64 45 26 
65 -14 84 
9 186 24 
88 73 58 
122 -40 137 
5 44 23 
42 24 6 
25 4 43 
7 233 -15 
53 75 97 
165 -83 143 
17 200 2 
58 73 88 
144 -54 129 
88 28 94 
76 70 64 
46 112 52 
9 -79 82 
77 4 -69 
-74 87 -1 
38 80 29 
40 49 58 
69 18 60 
72 -136 82 
16 6 -4 
-70 148 -60 
20 54 55 
78 43 8 
31 32 66 
22 -13 51 
49 20 -9 
-11 53 18 
99 106 23 
0 76 152 
129 46 53 
77 118 12 
4 69 134 
126 20 61 
37 90 38 
56 55 54 
72 20 73 
5 173 29 
93 69 45 
109 -35 133 
80 -118 80 
14 14 14 
-52 146 -52 
36 112 29 
52 59 66 
89 6 82 
2 44 20 
40 22 4 
24 0 42 
72 -216 144 
72 0 -72 
-144 216 -72 
84 70 98 
98 84 70 
70 98 84 
38 167 23 
61 76 91 
129 -15 114 
45 -15 39 
17 23 29 
7 61 1 
64 -39 86 
59 37 15 
-12 113 10 
3 152 13 
66 56 46 
99 -40 109 
46 235 1 
49 94 139 
187 -47 142 
46 109 49 
71 68 65 
87 27 90 
88 -40 66 
16 38 60 
10 116 -12 
9 213 -12 
49 70 91 
152 -73 131 
62 -44 84 
56 34 12 
-16 112 6 
51 -90 66 
24 9 -6 
-48 108 -33 
76 0 98 
80 58 36 
18 116 40 
54 -142 91 
38 1 -36 
-89 144 -52 
23 70 39 
60 44 28 
49 18 65 
2 359 -76 
17 95 173 
266 -169 188 
89 32 104 
90 75 60 
46 118 61 
61 138 20 
32 73 114 
126 8 85 
100 -214 147 
58 11 -36 
-125 236 -78 
2 -75 76 
75 1 -73 
-74 77 0 
58 171 29 
57 86 115 
143 1 114 
81 7 110 
95 66 37 
22 125 51 
73 38 27 
0 46 92 
65 54 19 
83 -172 110 
34 7 -20 
-96 186 -69 
18 132 15 
52 55 58 
95 -22 92 
57 46 77 
80 60 40 
43 74 63 
4 212 3 
72 73 74 
143 -66 142 
8 230 11 
86 83 80 
155 -64 158 
72 -42 102 
74 44 14 
-14 130 16 
60 1 62 
43 41 39 
20 81 22 
93 -34 118 
84 59 34 
0 152 25 
23 348 -71 
6 100 194 
271 -148 177 
56 220 -24 
4 84 164 
192 -52 112 
54 -128 80 
28 2 -24 
-76 132 -50 
5 310 -45 
40 90 140 
225 -130 175 
26 66 16 
26 36 46 
56 6 46 
82 38 93 
82 71 60 
49 104 60 
100 55 103 
89 86 83 
69 117 72 
72 53 82 
79 69 59 
56 85 66 
52 -77 103 
77 26 -25 
-51 129 0 
94 165 11 
7 90 173 
169 15 86 
48 282 -45 
2 95 188 
235 -92 142 
79 -184 159 
98 18 -62 
-123 220 -43 
20 276 -59 
0 79 158 
217 -118 138 
60 -99 60 
7 7 7 
-46 113 -46 
40 146 57 
98 81 64 
105 16 122 
34 118 28 
54 60 66 
92 2 86 
10 118 -20 
6 36 66 
92 -46 62 
37 137 -15 
1 53 105 
121 -31 69 
98 99 76 
69 91 113 
106 83 84 
37 43 13 
7 31 55 
49 19 25 
0 333 -36 
63 99 135 
234 -135 198 
79 -157 108 
39 10 -19 
-88 177 -59 
25 283 -32 
35 92 149 
216 -99 159 
38 -151 128 
95 5 -85 
-118 161 -28 
19 21 71 
89 37 -15 
3 53 55 
92 -36 67 
16 41 66 
15 118 -10 
77 136 36 
42 83 124 
130 30 89 
49 208 -14 
18 81 144 
176 -46 113 
51 101 58 
77 70 63 
82 39 89 
63 -139 133 
89 19 -51 
-95 177 -25 
84 59 49 
29 64 99 
79 69 44 
22 239 -33 
21 76 131 
185 -87 130 
66 -113 119 
77 24 -29 
-71 161 -18 
0 238 5 
86 81 76 
157 -76 162 
46 13 76 
75 45 15 
14 77 44 
86 -60 106 
64 44 24 
-18 148 2 
90 -254 176 
90 4 -82 
-168 262 -82 
30 -72 72 
52 10 -32 
-52 92 -10 
43 103 64 
91 70 49 
76 37 97 
61 76 19 
10 52 94 
85 28 43 
6 -4 55 
68 19 -30 
-17 42 32 
93 7 95 
67 65 63 
35 123 37 
62 -11 75 
55 42 29 
9 95 22 
88 113 72 
75 91 107 
110 69 94 
4 146 12 
62 54 46 
96 -38 104 
68 166 54 
82 96 110 
138 26 124 
49 265 -20 
29 98 167 
216 -69 147 
9 -42 39 
32 2 -28 
-35 46 -5 
49 101 9 
13 53 93 
97 5 57 
30 -83 92 
75 13 -49 
-66 109 -4 
22 -20 91 
100 31 -38 
-29 82 40 
32 117 49 
83 66 49 
83 15 100 
66 169 53 
83 96 109 
139 23 126 
21 -32 68 
66 19 -28 
-30 70 17 
31 145 10 
41 62 83 
114 -21 93 
61 -146 139 
96 18 -60 
-103 182 -25 
29 89 62 
93 60 27 
58 31 91 
11 105 49 
93 55 17 
61 5 99 
91 55 40 
11 62 113 
84 69 33 
52 -108 122 
92 22 -48 
-78 152 -8 
75 54 60 
48 63 78 
66 72 51 
66 175 59 
93 100 107 
141 25 134 
53 77 80 
97 70 43 
60 63 87 
15 259 -43 
19 77 135 
197 -105 139 
79 -156 134 
74 19 -36 
-96 194 -41 
58 -22 54 
26 30 34 
6 82 2 
26 232 3 
64 87 110 
171 -58 148 
24 -30 21 
2 5 8 
-11 40 -14 
77 -86 102 
56 31 6 
-40 148 -15 
44 -66 100 
82 26 -30 
-48 118 8 
11 139 21 
67 57 47 
93 -25 103 
92 140 44 
44 92 140 
140 44 92 
69 8 55 
30 44 58 
33 80 19 
12 74 -11 
2 25 48 
61 -24 38 
41 209 2 
45 84 123 
166 -41 127 
2 182 -10 
46 58 70 
126 -66 114 
4 -102 98 
94 0 -94 
-98 102 -4 
22 4 76 
88 34 -20 
-8 64 46 
20 323 -55 
21 96 171 
247 -131 172 
15 160 35 
90 70 50 
105 -20 125 
97 -115 129 
69 37 5 
-55 189 -23 
77 -85 110 
67 34 1 
-42 153 -9 
2 18 31 
46 17 -12 
3 16 32 
75 -14 65 
32 42 52 
19 98 9 
40 -35 52 
31 19 7 
-14 73 -2 
24 45 15 
19 28 37 
41 11 32 
71 -180 130 
66 7 -52 
-116 194 -57 
66 -108 105 
60 21 -18 
-63 150 -24 
97 -213 164 
83 16 -51 
-132 245 -65 
1 335 -57 
35 93 151 
243 -149 185 
35 65 5 
5 35 65 
65 5 35 
66 39 81 
77 62 47 
43 85 58 
94 -48 62 
4 36 68 
10 120 -22 
88 -162 98 
18 8 -2 
-82 178 -72 
69 93 63 
69 75 81 
87 57 81 
24 140 37 
80 67 54 
97 -6 110 
67 -182 139 
80 8 -64 
-123 198 -51 
19 -53 73 
67 13 -41 
-47 79 7 
60 -114 108 
66 18 -30 
-72 150 -24 
15 361 -82 
1 98 195 
278 -165 181 
98 -11 120 
91 69 47 
18 149 40 
97 -32 103 
62 56 50 
9 144 15 
84 -85 103 
53 34 15 
-35 153 -16 
63 93 45 
49 67 85 
89 41 71 
53 98 44 
56 65 74 
86 32 77 
6 -3 36 
43 13 -17 
-10 29 20 
1 118 25 
72 48 24 
71 -22 95 
50 183 -17 
5 72 139 
161 -39 94 
11 49 30 
49 30 11 
30 11 49 
46 -81 68 
33 11 -11 
-46 103 -24 
21 68 46 
70 45 20 
44 22 69 
66 51 87 
89 68 47 
49 85 70 
79 -90 89 
36 26 16 
-37 142 -27 
97 -16 93 
54 58 62 
23 132 19 
17 48 25 
38 30 22 
35 12 43 
88 -196 108 
20 0 -20 
-108 196 -88 
58 106 10 
10 58 106 
106 10 58 
79 135 74 
91 96 101 
118 57 113 
52 -49 57 
25 20 15 
-17 89 -12 
44 -80 75 
44 13 -18 
-49 106 -18 
94 127 25 
13 82 151 
139 37 70 
18 27 69 
89 38 -13 
7 49 58 
57 -56 92 
66 31 -4 
-30 118 5 
78 11 106 
93 65 37 
24 119 52 
31 230 -39 
4 74 144 
187 -82 117 
14 126 -20 
6 40 74 
100 -46 66 
5 241 -42 
21 68 115 
178 -105 131 
65 -52 65 
26 26 26 
-13 104 -13 
35 181 -6 
29 70 111 
146 -41 105 
100 -14 94 
54 60 66 
26 134 20 
10 264 -34 
36 80 124 
194 -104 150 
1 55 16 
39 24 9 
32 -7 47 
75 -43 67 
25 33 41 
-1 109 -9 
37 166 31 
72 78 84 
125 -10 119 
43 -63 47 
13 9 5 
-29 81 -25 
48 199 26 
69 91 113 
156 -17 134 
7 -4 24 
26 9 -8 
-6 22 11 
45 -27 84 
73 34 -5 
-16 95 23 
31 105 -10 
1 42 83 
94 -21 53 
30 -26 41 
26 15 4 
-11 56 0 
36 -82 112 
98 22 -54 
-68 126 8 
30 75 63 
89 56 23 
49 37 82 
61 -112 132 
98 27 -44 
-78 166 -7 
18 92 25 
52 45 38 
65 -2 72 
70 118 16 
14 68 122 
120 18 66 
77 119 29 
27 75 123 
121 31 73 
12 56 -8 
0 20 40 
48 -16 28 
10 -59 67 
63 6 -51 
-55 71 2 
71 13 105 
97 63 29 
21 113 55 
31 -24 89 
90 32 -26 
-25 88 33 
83 -2 87 
60 56 52 
25 114 29 
61 -166 108 
48 1 -46 
-106 168 -59 
26 217 -6 
47 79 111 
164 -59 132 
91 175 16 
19 94 169 
172 13 97 
36 40 80 
96 52 8 
24 64 68 
89 36 40 
6 55 104 
70 74 21 
24 199 32 
93 85 77 
138 -29 146 
93 -110 98 
32 27 22 
-44 164 -39 
92 -96 109 
52 35 18 
-39 166 -22 
80 -163 113 
43 10 -23 
-93 183 -60 
94 116 24 
8 78 148 
132 40 62 
11 -44 54 
50 7 -36 
-40 58 3 
70 -98 109 
66 27 -12 
-55 152 -16 
88 34 61 
34 61 88 
61 88 34 
74 8 59 
32 47 62 
35 86 20 
1 175 -20 
31 52 73 
124 -71 103 
18 247 8 
81 91 101 
174 -65 164 
83 132 46 
50 87 124 
128 42 91 
